1669331260754 inf [app] Launch
1669331260820 inf [scene] Bridge initialize
1669331260829 inf [scene] Scene open
1669331260837 inf [scene] Scene create
1669331260851 inf [scene] Scene loading
1669331260857 inf [app] Checking for update
1669331261128 inf [app] Update for version 1.23.1 is not available (latest version: 1.23.1, downgrade is disallowed).
1669331261617 inf [scene] Browser loaded
1669331261621 inf [scene] Bridge loaded
1669331261633 inf [tracker] Listening on port: 8003
1669331263754 inf [api] < Service core/authentication/token/generate
1669331263755 inf [network] > Http https://wapi.winamax.fr/core/authentication/token/generate post
1669331263929 inf [network] > Http https://wapi.winamax.fr/core/authentication/token/generate ok
1669331263930 inf [api] > Service core/authentication/token/generate
1669331263931 inf [api] < Service poker/public/config/preauth {"client":"poker","application":"desktop","opid":"wam","device":"electron","ver":"1.23.1.1668699491","os":"win32","cid":"b94b276db79aabbcbfbe64cabbfea685"}
1669331263932 inf [network] > Http https://api.winamax.fr/poker/public/config/preauth?client=poker&application=desktop&opid=wam&device=electron&ver=1.23.1.1668699491&os=win32&cid=b94b276db79aabbcbfbe64cabbfea685 get
1669331264153 inf [network] > Http https://api.winamax.fr/poker/public/config/preauth?client=poker&application=desktop&opid=wam&device=electron&ver=1.23.1.1668699491&os=win32&cid=b94b276db79aabbcbfbe64cabbfea685 ok
1669331264157 inf [api] > Service poker/public/config/preauth {"core":{"type":"wss","retry":{"count":3,"timeout":10000,"delay":2000,"random":1000},"hosts":["wapi.winamax.fr:443/poker/front/ws/websocket"],"enable":true,"zombie":{"duration":45000},"socket":{"sleep":10,"buffer":16384}},"features":{"vm":false,"playground":{"threshold":1000},"time":{"duration":10}},"serverstatus":{"status":"up","polling":300,"i18n":{"de_DE":{"title":"","info":"Alle Dienste sind verfügbar"},"fr_FR":{"title":"","info":"Tous les services sont fonctionnels"},"en_GB":{"title":"","info":"All services are operational."},"*":{"title":"","info":"All services are operational."},"en_US":{"title":"","info":"All services are operational."},"es_ES":{"title":"","info":"All services are operational."},"pt_PT":{"title":"","info":"All services are operational."}}},"auth":{"version":2,"timeout":6000,"refresh":{"count":3,"delay":2500}}}
1669331264177 inf [network] Registering channel prefs
1669331264180 inf [network] Enqueuing AUTH:SIGNIN
1669331264181 inf [network] Creating socket wss://wapi.winamax.fr:443/poker/front/ws/websocket
1669331264182 inf [network] Connection status: 1
1669331264386 inf [network] Socket opened
1669331264386 inf [network] Connection status: 2
1669331264387 inf [network] Connection status: 3
1669331264388 inf [network] < prefs AUTH:SIGNIN
1669331264666 inf [network] > prefs AUTH:SIGNIN_OK
1669331264667 inf [network] Connection status: 4
1669331264669 inf [network] > prefs NOTIFICATION:POST_INFO
1669331264670 inf [network] < prefs TIME:GET
1669331264673 inf [network] < prefs GAMESTATS:JOIN
1669331264724 inf [network] > prefs TIME:GET_OK
1669331264731 inf [api] < Service poker/client/prefs
1669331264731 inf [network] > Http https://wapi.winamax.fr/poker/client/prefs post
1669331264786 inf [network] > prefs GAMESTATS:JOIN_OK
1669331264891 inf [network] > Http https://wapi.winamax.fr/poker/client/prefs ok
1669331264891 inf [api] > Service poker/client/prefs
1669331264898 inf [router] Execute: wam://preload-ok
1669331264899 inf [router] Navigate: wam://lobbies
1669331264902 inf [network] > Http https://dl.winamax.fr/client/attr/settings/wam/config.1624292306 get
1669331264903 inf [network] > Http https://dl.winamax.fr/client/attr/settings/wam/ressource.1624283658 get
1669331264906 inf [router] Navigation done: wam://lobbies
1669331264906 inf [router] Execution done: wam://preload-ok
1669331264907 inf [network] Registering channel subscriptions
1669331264908 inf [api] < Service operator/userdata
1669331264908 inf [network] > Http https://wapi.winamax.fr/operator/userdata post
1669331264910 inf [api] < Service operator/winamax-tv/public
1669331264910 inf [network] > Http https://wapi.winamax.fr/operator/winamax-tv/public post
1669331264911 inf [network] < prefs SRM:JOIN
1669331264912 inf [network] < prefs NEWS:GET
1669331264912 inf [network] < prefs DATA:GET
1669331264913 inf [network] < prefs BUDDY:GET
1669331264913 inf [network] < prefs BUDDYROOM:JOIN
1669331264915 inf [network] < prefs TIME:GET
1669331264916 inf [network] < prefs CASHIER:GET
1669331264916 inf [network] < prefs CASHIER:LIST
1669331264917 inf [network] < prefs CASHIER:GET
1669331264917 inf [network] < prefs CASHIER:LIST
1669331264919 inf [network] < subscriptions FILTERLIST:CREATE
1669331264920 inf [network] < subscriptions FILTERLIST:CREATE
1669331264920 inf [network] < subscriptions FILTERLIST:CREATE
1669331264980 inf [network] > prefs TIME:GET_OK
1669331264985 inf [network] > prefs SRM:JOIN_OK
1669331264986 inf [network] > prefs BUDDYROOM:JOIN_OK
1669331264987 inf [network] > prefs CASHIER:GET_OK
1669331264988 inf [network] > prefs CASHIER:LIST_OK
1669331264989 inf [network] > prefs CASHIER:GET_OK
1669331265002 inf [network] > prefs CASHIER:LIST_OK
1669331265016 inf [network] > subscriptions FILTERLIST:CREATE_OK
1669331265017 inf [network] > subscriptions FILTERLIST:CREATE_OK
1669331265019 inf [network] > subscriptions FILTERLIST:SET
1669331265019 inf [network] > subscriptions FILTERLIST:SET
1669331265020 inf [network] > subscriptions FILTERLIST:CREATE_OK
1669331265021 inf [network] > subscriptions FILTERLIST:SET
1669331265024 inf [network] > prefs NEWS:GET_OK
1669331265025 inf [network] > prefs DATA:GET_ERR
1669331265041 inf [network] Registering channel wam.general.t1
1669331265042 inf [network] < wam.general.t1 CHATROOM:JOIN
1669331265095 inf [network] > prefs BUDDY:GET_OK
1669331265096 inf [network] > wam.general.t1 CHATROOM:JOIN_OK
1669331265097 inf [network] < prefs BUDDYROOM:JOIN
1669331265101 inf [network] > Http https://dl.winamax.fr/client/attr/settings/wam/ressource.1624283658 ok
1669331265195 inf [network] > Http https://wapi.winamax.fr/operator/winamax-tv/public ok
1669331265195 inf [api] > Service operator/winamax-tv/public
1669331265197 inf [network] > Http https://dl.winamax.fr/client/attr/settings/wam/config.1624292306 ok
1669331265272 inf [network] > prefs BUDDYROOM:JOIN_OK
1669331265278 inf [network] > Http https://wapi.winamax.fr/operator/userdata ok
1669331265279 inf [api] > Service operator/userdata
1669331265280 inf [network] > prefs BUDDYROOM:JOIN_INFO
1669331266902 inf [api] < Service poker/client/prefs
1669331266902 inf [network] > Http https://wapi.winamax.fr/poker/client/prefs post
1669331267098 inf [network] > Http https://wapi.winamax.fr/poker/client/prefs ok
1669331267098 inf [api] > Service poker/client/prefs
1669331268570 inf [router] Navigate: wam://lobby-expresso
1669331268571 inf [router] Navigation done: wam://lobby-expresso
1669331271450 inf [router] Execute: wam://srm?action=create&template=expresso_nlhe&context=lo&withTicket=&buyin=1&money=real&attrsonly[]=exp&attrsonly[]=expstd
1669331271452 inf [network] < prefs SRM:ADD_RULE
1669331271582 inf [network] > prefs SRM:ADD_RULE_OK
1669331271583 inf [network] > prefs NOTIFICATION:POST_INFO
1669331271584 inf [network] > prefs SRM:UPDATE_RULE_INFO
1669331271584 inf [router] Navigate: wam://table?hash=220090927%400&label=Expresso&playgroundId=
1669331271587 inf [scene] Scene open
1669331271587 inf [scene] Scene create
1669331271595 inf [scene] Scene loading
1669331271599 inf [router] Navigation done: wam://table?hash=220090927%400&label=Expresso&playgroundId=
1669331271599 inf [router] Execution done: wam://srm?action=create&template=expresso_nlhe&context=lo&withTicket=&buyin=1&money=real&attrsonly[]=exp&attrsonly[]=expstd
1669331271617 inf [network] Registering channel tt7.ttmgr.tt7_1.t604484840
1669331271622 inf [network] < tt7.ttmgr.tt7_1.t604484840 TOURNAMENT:JOIN
1669331271714 inf [network] > tt7.ttmgr.tt7_1.t604484840 TOURNAMENT:JOIN_OK
1669331271716 inf [network] > tt7.ttmgr.tt7_1.t604484840 CHATROOM:JOIN_OK
1669331271723 inf [network] < tt7.ttmgr.tt7_1.t604484840 TOURNAMENT:CONFIGURE
1669331271773 inf [network] > tt7.ttmgr.tt7_1.t604484840 TOURNAMENT:CONFIGURE_OK
1669331271786 inf [network] < tt7.ttmgr.tt7_1.t604484840 TOURNAMENT:CONFIGURE
1669331271862 inf [network] > tt7.ttmgr.tt7_1.t604484840 TOURNAMENT:CONFIGURE_OK
1669331271938 inf [scene] Browser loaded
1669331271944 inf [scene] Bridge loaded
1669331271958 inf [network] > tt7.ttmgr.tt7_1.t604484840 TOURNAMENT:STATUS
1669331271960 inf [network] > tt7.ttmgr.tt7_1.t604484840 TOURNAMENT:STATUS
1669331271961 inf [network] > tt7.ttmgr.tt7_1.t604484840 TOURNAMENT:RUN
1669331271962 inf [network] > tt7.ttmgr.tt7_1.t604484840 TOURNAMENT:STATUS
1669331271967 inf [network] Registering channel tt7.tamgr.tt7_1.t1169583
1669331271972 inf [network] < tt7.tamgr.tt7_1.t1169583 TABLE:JOIN
1669331272017 inf [network] > prefs NOTIFICATION:POST_INFO
1669331272024 inf [network] > tt7.tamgr.tt7_1.t1169583 TABLE:JOIN_OK
1669331272064 inf [network] > tt7.tamgr.tt7_1.t1169583 CHATROOM:JOIN_OK
1669331272100 inf [network] > subscriptions FILTERLIST:UPDATE
1669331272112 inf [network] < subscriptions FILTERLIST:CHANGE
1669331272179 inf [network] > subscriptions FILTERLIST:SET
1669331272181 inf [network] > subscriptions FILTERLIST:CHANGE_OK
1669331272191 inf [router] Execute: wam://table-open?rid=220090927&tblrk=tt7.tamgr.tt7_1.t1169583&ttrk=tt7.ttmgr.tt7_1.t604484840&gfsid=
1669331272193 inf [router] Execution done: wam://table-open?rid=220090927&tblrk=tt7.tamgr.tt7_1.t1169583&ttrk=tt7.ttmgr.tt7_1.t604484840&gfsid=
1669331279704 inf [network] > wam.general.t1 CHATROOM:POST_INFO
1669331283066 inf [network] > tt7.ttmgr.tt7_1.t604484840 TOURNAMENT:STATUS
1669331284903 inf [network] < prefs CLIENT:PING_OK
1669331284903 inf [network] > prefs CLIENT:PING
1669331285062 inf [network] > tt7.tamgr.tt7_1.t1169583 TABLE:STATUS
1669331287634 inf [network] > tt7.tamgr.tt7_1.t1169583 TABLE:POST_INFO
1669331287636 inf [network] > tt7.tamgr.tt7_1.t1169583 TABLE:POST_INFO
1669331287637 inf [network] > tt7.tamgr.tt7_1.t1169583 TABLE:CARDS
1669331287638 inf [network] > tt7.tamgr.tt7_1.t1169583 TABLE:STATUS
1669331287638 inf [network] > tt7.tamgr.tt7_1.t1169583 TABLE:PREACTION_LIST
1669331287639 inf [table] 1 tt7.tamgr.tt7_1.t1169583 hand 2596242618727792641-1-1669331287
1669331287639 inf [table] 1 tt7.tamgr.tt7_1.t1169583 action SB login="django_vj" amount="10"
1669331287640 inf [table] 1 tt7.tamgr.tt7_1.t1169583 action BB login="YL_ML_GL_42" amount="20"
1669331287641 inf [table] 1 tt7.tamgr.tt7_1.t1169583 cards login="YL_ML_GL_42" 3d,2d
1669331287642 inf [table] 1 tt7.tamgr.tt7_1.t1169583 round pre-flop pot="0" totalPot="30"
1669331289545 inf [network] > tt7.tamgr.tt7_1.t1169583 TABLE:ACTION_INFO
1669331289545 inf [network] > tt7.tamgr.tt7_1.t1169583 TABLE:PREACTION_LIST
1669331289546 inf [table] 1 tt7.tamgr.tt7_1.t1169583 action fold login="Little Boy"
1669331291871 inf [network] > tt7.tamgr.tt7_1.t1169583 TABLE:ACTION_INFO
1669331291872 inf [network] > tt7.tamgr.tt7_1.t1169583 TABLE:ACTIONSET
1669331291873 inf [table] 1 tt7.tamgr.tt7_1.t1169583 action call login="django_vj" amount="20"
1669331292180 inf [network] > wam.general.t1 CHATROOM:POST_INFO
1669331293387 inf [network] < tt7.tamgr.tt7_1.t1169583 TABLE:ACTION
1669331293437 inf [network] > tt7.tamgr.tt7_1.t1169583 TABLE:ACTION_OK
1669331293440 inf [network] > tt7.tamgr.tt7_1.t1169583 TABLE:ACTION_INFO
1669331293440 inf [network] > tt7.tamgr.tt7_1.t1169583 TABLE:CARDS
1669331293441 inf [network] > tt7.tamgr.tt7_1.t1169583 TABLE:STATUS
1669331293441 inf [network] > tt7.tamgr.tt7_1.t1169583 TABLE:PREACTION_LIST
1669331293442 inf [table] 1 tt7.tamgr.tt7_1.t1169583 action check login="YL_ML_GL_42" amount="20"
1669331293443 inf [table] 1 tt7.tamgr.tt7_1.t1169583 round flop board="5s,4s,2h" pot="40" totalPot="0"
1669331295545 inf [network] > tt7.tamgr.tt7_1.t1169583 TABLE:ACTION_INFO
1669331295545 inf [network] > tt7.tamgr.tt7_1.t1169583 TABLE:ACTIONSET
1669331295546 inf [table] 1 tt7.tamgr.tt7_1.t1169583 action bet login="django_vj" amount="20"
1669331299902 inf [network] < tt7.tamgr.tt7_1.t1169583 TABLE:ACTION
1669331299965 inf [network] > tt7.tamgr.tt7_1.t1169583 TABLE:ACTION_OK
1669331299966 inf [network] > tt7.tamgr.tt7_1.t1169583 TABLE:ACTION_INFO
1669331299980 inf [table] 1 tt7.tamgr.tt7_1.t1169583 action raise login="YL_ML_GL_42" amount="100"
1669331300183 inf [network] > wam.general.t1 CHATROOM:POST_INFO
1669331302346 inf [network] > tt7.tamgr.tt7_1.t1169583 TABLE:ACTION_INFO
1669331302346 inf [network] > tt7.tamgr.tt7_1.t1169583 TABLE:CARDS
1669331302347 inf [network] > tt7.tamgr.tt7_1.t1169583 TABLE:STATUS
1669331302347 inf [network] > tt7.tamgr.tt7_1.t1169583 TABLE:PREACTION_LIST
1669331302348 inf [table] 1 tt7.tamgr.tt7_1.t1169583 action call login="django_vj" amount="100"
1669331302349 inf [table] 1 tt7.tamgr.tt7_1.t1169583 round turn board="5s,4s,2h,6d" pot="240" totalPot="0"
1669331305393 inf [network] > tt7.tamgr.tt7_1.t1169583 TABLE:ACTION_INFO
1669331305394 inf [network] > tt7.tamgr.tt7_1.t1169583 TABLE:ACTIONSET
1669331305394 inf [table] 1 tt7.tamgr.tt7_1.t1169583 action check login="django_vj"
1669331307260 inf [network] < tt7.tamgr.tt7_1.t1169583 TABLE:ACTION
1669331307464 inf [network] > tt7.tamgr.tt7_1.t1169583 TABLE:ACTION_OK
1669331307464 inf [network] > tt7.tamgr.tt7_1.t1169583 TABLE:ACTION_INFO
1669331307465 inf [network] > tt7.tamgr.tt7_1.t1169583 TABLE:CARDS
1669331307465 inf [network] > tt7.tamgr.tt7_1.t1169583 TABLE:STATUS
1669331307466 inf [network] > tt7.tamgr.tt7_1.t1169583 TABLE:PREACTION_LIST
1669331307467 inf [table] 1 tt7.tamgr.tt7_1.t1169583 action check login="YL_ML_GL_42"
1669331307467 inf [table] 1 tt7.tamgr.tt7_1.t1169583 round river board="5s,4s,2h,6d,Th" pot="240" totalPot="0"
1669331312263 inf [network] > tt7.tamgr.tt7_1.t1169583 TABLE:ACTION_INFO
1669331312264 inf [network] > tt7.tamgr.tt7_1.t1169583 TABLE:ACTIONSET
1669331312265 inf [table] 1 tt7.tamgr.tt7_1.t1169583 action bet login="django_vj" amount="380"
1669331313843 inf [network] < tt7.tamgr.tt7_1.t1169583 TABLE:ACTION
1669331313901 inf [network] > tt7.tamgr.tt7_1.t1169583 TABLE:ACTION_OK
1669331313902 inf [network] > tt7.tamgr.tt7_1.t1169583 TABLE:ACTION_INFO
1669331313903 inf [network] > tt7.tamgr.tt7_1.t1169583 TABLE:STATUS
1669331313904 inf [table] 1 tt7.tamgr.tt7_1.t1169583 action call login="YL_ML_GL_42" amount="380"
1669331315543 inf [network] > tt7.tamgr.tt7_1.t1169583 TABLE:SHOWDOWN_INFO
1669331315544 inf [network] > tt7.tamgr.tt7_1.t1169583 TABLE:SHOWCARDS_INFO
1669331318514 inf [network] > tt7.tamgr.tt7_1.t1169583 TABLE:SHOWDOWN_INFO
1669331318515 inf [network] > tt7.tamgr.tt7_1.t1169583 TABLE:RESULT
1669331318516 inf [network] > tt7.tamgr.tt7_1.t1169583 TRACKER:GET_INFO
1669331318516 inf [network] > tt7.tamgr.tt7_1.t1169583 TABLE:SHOWCARDS_OK
1669331318517 inf [table] 1 tt7.tamgr.tt7_1.t1169583 showdown login="django_vj" cards="7s,3c" board="5s,4s,2h,6d,Th"
1669331318518 inf [table] 1 tt7.tamgr.tt7_1.t1169583 showdown login="YL_ML_GL_42" cards="3d,2d" board="5s,4s,2h,6d,Th"
1669331318518 inf [table] 1 tt7.tamgr.tt7_1.t1169583 gain login="django_vj" amount="1000"
1669331318994 inf [network] > wam.general.t1 CHATROOM:POST_INFO
1669331320592 inf [network] > tt7.tamgr.tt7_1.t1169583 TABLE:STATUS
1669331320593 inf [network] > tt7.ttmgr.tt7_1.t604484840 TOURNAMENT:STATUS
1669331320594 inf [network] > tt7.ttmgr.tt7_1.t604484840 TOURNAMENT:STATUS
1669331320631 inf [network] > tt7.ttmgr.tt7_1.t604484840 TRACKER:GET_INFO
1669331320631 inf [network] > tt7.tamgr.tt7_1.t1169583 TABLE:CHAT_INFO
1669331320632 inf [network] > tt7.ttmgr.tt7_1.t604484840 TOURNAMENT:RESULT
1669331320633 inf [network] > tt7.ttmgr.tt7_1.t604484840 TOURNAMENT:STATUS
1669331320633 inf [network] > prefs SRM:UPDATE_RULE_INFO
1669331320634 inf [network] > prefs GAMESTATS:INFO
1669331320635 inf [network] > prefs NOTIFICATION:POST_INFO
1669331320636 inf [router] Navigate: wam://popup?type=tournament-result&ttid=1
1669331320636 inf [router] Navigation done: wam://popup?type=tournament-result&ttid=1
1669331322268 inf [network] > subscriptions FILTERLIST:UPDATE
1669331322551 inf [network] > tt7.tamgr.tt7_1.t1169583 TABLE:POST_INFO
1669331322552 inf [network] > tt7.tamgr.tt7_1.t1169583 TABLE:POST_INFO
1669331322553 inf [network] > tt7.tamgr.tt7_1.t1169583 TABLE:STATUS
1669331322553 inf [table] 1 tt7.tamgr.tt7_1.t1169583 hand 2596242618727792641-2-1669331322
1669331322554 inf [table] 1 tt7.tamgr.tt7_1.t1169583 action SB login="Little Boy" amount="10"
1669331322554 inf [table] 1 tt7.tamgr.tt7_1.t1169583 action BB login="django_vj" amount="20"
1669331322563 inf [table] 1 tt7.tamgr.tt7_1.t1169583 round pre-flop pot="0" totalPot="30"
1669331324305 inf [router] Execute: wam://table-close?tblid=1
1669331324307 inf [router] Execution done: wam://table-close?tblid=1
1669331324309 inf [network] < tt7.tamgr.tt7_1.t1169583 TABLE:LEAVE
1669331324310 inf [network] Leaving channel tt7.tamgr.tt7_1.t1169583
1669331324311 inf [network] < tt7.ttmgr.tt7_1.t604484840 TOURNAMENT:LEAVE
1669331324311 inf [network] Leaving channel tt7.ttmgr.tt7_1.t604484840
1669331324915 inf [network] < prefs TIME:GET
1669331325102 inf [network] > prefs TIME:GET_OK
1669331325775 inf [router] Execute: wam://playground-close?id=1
1669331325776 inf [router] Execution done: wam://playground-close?id=1
1669331325777 inf [router] Execute: wam://playground-close?id=1&scene=2
1669331325778 inf [router] Execution done: wam://playground-close?id=1&scene=2
1669331330591 inf [router] Navigate: wam://contacts?tab=buddies
1669331330592 inf [router] Navigation done: wam://contacts?tab=buddies
1669331331767 inf [network] < prefs FILTERLIST:FIND
1669331331768 inf [network] < prefs FILTERLIST:FIND
1669331331768 inf [network] < prefs FILTERLIST:FIND
1669331331769 inf [network] < prefs FILTERLIST:FIND
1669331331769 inf [network] < prefs FILTERLIST:FIND
1669331331769 inf [network] < prefs FILTERLIST:FIND
1669331331824 inf [network] > prefs FILTERLIST:FIND_OK
1669331331831 inf [network] > prefs FILTERLIST:FIND_OK
1669331331903 inf [network] > prefs FILTERLIST:FIND_OK
1669331331904 inf [network] > prefs FILTERLIST:FIND_OK
1669331331904 inf [network] > prefs FILTERLIST:FIND_OK
1669331331904 inf [network] > prefs FILTERLIST:FIND_OK
1669331332802 inf [router] Navigate: wam://tournament?ttrk=tt7.ttmgr.tt7_9.t593811771&name=UPPERCUT
1669331332803 inf [router] Navigation done: wam://tournament?ttrk=tt7.ttmgr.tt7_9.t593811771&name=UPPERCUT
1669331332805 inf [network] Registering channel tt7.ttmgr.tt7_9.t593811771
1669331332810 inf [network] < tt7.ttmgr.tt7_9.t593811771 TOURNAMENT:JOIN
1669331332933 inf [network] > tt7.ttmgr.tt7_9.t593811771 TOURNAMENT:JOIN_OK
1669331332935 inf [network] > tt7.ttmgr.tt7_9.t593811771 CHATROOM:JOIN_OK
1669331332966 inf [network] < tt7.ttmgr.tt7_9.t593811771 FILTERLIST:CREATE
1669331333016 inf [network] > tt7.ttmgr.tt7_9.t593811771 FILTERLIST:CREATE_OK
1669331333190 inf [network] > tt7.ttmgr.tt7_9.t593811771 FILTERLIST:SET
1669331334245 inf [network] > tt7.ttmgr.tt7_9.t593811771 FILTERLIST:SET
1669331344349 inf [network] > tt7.ttmgr.tt7_9.t593811771 FILTERLIST:SET
1669331344900 inf [network] < prefs CLIENT:PING_OK
1669331344900 inf [network] > prefs CLIENT:PING
1669331347321 inf [network] < tt7.ttmgr.tt7_9.t593811771 FILTERLIST:CHANGE
1669331347428 inf [network] > tt7.ttmgr.tt7_9.t593811771 FILTERLIST:CHANGE_OK
1669331347609 inf [network] > tt7.ttmgr.tt7_9.t593811771 FILTERLIST:SET
1669331347725 inf [network] < tt7.ttmgr.tt7_9.t593811771 FILTERLIST:CHANGE
1669331347788 inf [network] > tt7.ttmgr.tt7_9.t593811771 FILTERLIST:CHANGE_OK
1669331347968 inf [network] > tt7.ttmgr.tt7_9.t593811771 FILTERLIST:SET
1669331348210 inf [network] < tt7.ttmgr.tt7_9.t593811771 FILTERLIST:CHANGE
1669331348267 inf [network] > tt7.ttmgr.tt7_9.t593811771 FILTERLIST:CHANGE_OK
1669331348939 inf [network] > tt7.ttmgr.tt7_9.t593811771 FILTERLIST:SET
1669331349331 inf [network] < tt7.ttmgr.tt7_9.t593811771 FILTERLIST:CHANGE
1669331349493 inf [network] > tt7.ttmgr.tt7_9.t593811771 FILTERLIST:CHANGE_OK
1669331349720 inf [network] > tt7.ttmgr.tt7_9.t593811771 FILTERLIST:SET
1669331353062 inf [network] > tt7.ttmgr.tt7_9.t593811771 TOURNAMENT:STATUS
1669331354348 inf [network] > tt7.ttmgr.tt7_9.t593811771 FILTERLIST:SET
1669331355219 inf [network] > tt7.ttmgr.tt7_9.t593811771 TOURNAMENT:STATUS
1669331355245 inf [router] Execute: wam://tournament-close?ttid=2
1669331355246 inf [router] Execution done: wam://tournament-close?ttid=2
1669331355247 inf [network] < tt7.ttmgr.tt7_9.t593811771 TOURNAMENT:LEAVE
1669331355248 inf [network] Leaving channel tt7.ttmgr.tt7_9.t593811771
1669331355248 inf [network] Registering channel tt7.ttmgr.tt7_9.t593811771
1669331355249 inf [network] < tt7.ttmgr.tt7_9.t593811771 FILTERLIST:DELETE
1669331355265 inf [tracker] Closed
1669331355268 inf [network] Registering channel subscriptions
