1672395702863 inf [app] Launch
1672395703027 inf [scene] Bridge initialize
1672395703041 inf [scene] Scene open
1672395703059 inf [scene.1] Scene create
1672395703097 inf [scene.1] Scene loading
1672395703111 inf [app] Checking for update
1672395703291 inf [app] Update for version 1.26.3 is not available (latest version: 1.26.3, downgrade is disallowed).
1672395704472 inf [scene.1] Browser loaded
1672395704485 inf [scene.1] Scene bridge loaded
1672395704592 inf [tracker] Listening on port: 8003
1672395707181 inf [api] < Service core/authentication/token/generate
1672395707183 inf [network] > Http https://wapi.winamax.fr/core/authentication/token/generate post
1672395707326 inf [network] > Http https://wapi.winamax.fr/core/authentication/token/generate ok
1672395707329 inf [api] > Service core/authentication/token/generate
1672395707331 inf [api] < Service poker/public/config/preauth {"client":"poker","application":"desktop","opid":"wam","device":"electron","ver":"1.26.3.1671552372","os":"win32","cid":"b94b276db79aabbcbfbe64cabbfea685"}
1672395707333 inf [network] > Http https://api.winamax.fr/poker/public/config/preauth?client=poker&application=desktop&opid=wam&device=electron&ver=1.26.3.1671552372&os=win32&cid=b94b276db79aabbcbfbe64cabbfea685 get
1672395707490 inf [network] > Http https://api.winamax.fr/poker/public/config/preauth?client=poker&application=desktop&opid=wam&device=electron&ver=1.26.3.1671552372&os=win32&cid=b94b276db79aabbcbfbe64cabbfea685 ok
1672395707495 inf [api] > Service poker/public/config/preauth {"core":{"type":"wss","retry":{"count":3,"timeout":10000,"delay":2000,"random":1000},"hosts":["wapi.winamax.fr:443/poker/front/ws/websocket"],"enable":true,"zombie":{"duration":45000},"socket":{"sleep":10,"buffer":16384},"monitor":{"interrupted":true}},"features":{"vm":false,"playground":{"threshold":1000},"time":{"duration":10}},"serverstatus":{"status":"up","polling":300,"i18n":{"de_DE":{"title":"","info":"Alle Dienste sind verfügbar"},"fr_FR":{"title":"","info":"Tous les services sont fonctionnels"},"en_GB":{"title":"","info":"All services are operational."},"*":{"title":"","info":"All services are operational."},"en_US":{"title":"","info":"All services are operational."},"es_ES":{"title":"","info":"All services are operational."},"pt_PT":{"title":"","info":"All services are operational."}}},"auth":{"version":2,"timeout":6000,"refresh":{"count":3,"delay":2500}}}
1672395707499 inf [network] Registering channel prefs
1672395707501 inf [network] Enqueuing AUTH:SIGNIN
1672395707503 inf [network] Creating socket wss://wapi.winamax.fr:443/poker/front/ws/websocket
1672395707505 inf [network] Connection status: 1
1672395707605 inf [network] Socket opened
1672395707607 inf [network] Connection status: 2
1672395707610 inf [network] Connection status: 3
1672395707614 inf [network] < prefs AUTH:SIGNIN
1672395707901 inf [network] > prefs AUTH:SIGNIN_OK
1672395707903 inf [network] Connection status: 4
1672395707908 inf [network] > prefs NOTIFICATION:POST_INFO
1672395707911 inf [network] < prefs TIME:GET
1672395707921 inf [network] < prefs GAMESTATS:JOIN
1672395707929 inf [network] > prefs TIME:GET_OK
1672395707950 inf [api] < Service poker/client/prefs
1672395707951 inf [network] > Http https://wapi.winamax.fr/poker/client/prefs post
1672395707989 inf [network] > prefs GAMESTATS:JOIN_OK
1672395708037 inf [network] > Http https://wapi.winamax.fr/poker/client/prefs ok
1672395708038 inf [api] > Service poker/client/prefs
1672395708059 inf [router] Execute: wam://preload-ok
1672395708062 inf [router] Navigate: wam://lobbies
1672395708065 inf [network] > Http https://dl.winamax.fr/client/attr/settings/wam/config.1624292306 get
1672395708067 inf [network] > Http https://dl.winamax.fr/client/attr/settings/wam/ressource.1624283658 get
1672395708071 inf [router] Navigation done: wam://lobbies
1672395708073 inf [router] Execution done: wam://preload-ok
1672395708076 inf [network] Registering channel subscriptions
1672395708078 inf [api] < Service operator/userdata
1672395708078 inf [network] > Http https://wapi.winamax.fr/operator/userdata post
1672395708080 inf [api] < Service operator/winamax-tv/public
1672395708081 inf [network] > Http https://wapi.winamax.fr/operator/winamax-tv/public post
1672395708086 inf [network] < prefs SRM:JOIN
1672395708088 inf [network] < prefs NEWS:GET
1672395708089 inf [network] < prefs DATA:GET
1672395708090 inf [network] < prefs BUDDY:GET
1672395708092 inf [network] < prefs BUDDYROOM:JOIN
1672395708097 inf [network] < prefs TIME:GET
1672395708099 inf [network] < prefs CASHIER:GET
1672395708101 inf [network] < prefs CASHIER:LIST
1672395708103 inf [network] < prefs CASHIER:GET
1672395708105 inf [network] < prefs CASHIER:LIST
1672395708108 inf [network] < subscriptions FILTERLIST:CREATE
1672395708110 inf [network] < subscriptions FILTERLIST:CREATE
1672395708112 inf [network] < subscriptions FILTERLIST:CREATE
1672395708115 inf [network] > prefs SRM:JOIN_OK
1672395708117 inf [network] > prefs BUDDYROOM:JOIN_OK
1672395708126 inf [network] > prefs TIME:GET_OK
1672395708130 inf [network] > prefs CASHIER:GET_OK
1672395708131 inf [network] > prefs CASHIER:LIST_OK
1672395708132 inf [network] > prefs CASHIER:GET_OK
1672395708152 inf [network] > prefs CASHIER:LIST_OK
1672395708160 inf [network] > subscriptions FILTERLIST:CREATE_OK
1672395708161 inf [network] > subscriptions FILTERLIST:SET
1672395708162 inf [network] > subscriptions FILTERLIST:CREATE_OK
1672395708163 inf [network] > subscriptions FILTERLIST:SET
1672395708163 inf [network] > subscriptions FILTERLIST:CREATE_OK
1672395708164 inf [network] > subscriptions FILTERLIST:SET
1672395708166 inf [network] > prefs DATA:GET_ERR
1672395708168 inf [network] > prefs NEWS:GET_OK
1672395708169 inf [network] > prefs BUDDY:GET_OK
1672395708174 inf [network] < prefs BUDDYROOM:JOIN
1672395708197 inf [network] > prefs BUDDYROOM:JOIN_OK
1672395708219 inf [network] > Http https://dl.winamax.fr/client/attr/settings/wam/ressource.1624283658 ok
1672395708227 inf [network] > Http https://dl.winamax.fr/client/attr/settings/wam/config.1624292306 ok
1672395708238 inf [network] > Http https://wapi.winamax.fr/operator/winamax-tv/public ok
1672395708239 inf [api] > Service operator/winamax-tv/public
1672395708299 inf [network] Registering channel wam.general.t1
1672395708300 inf [network] < wam.general.t1 CHATROOM:JOIN
1672395708324 inf [network] > wam.general.t1 CHATROOM:JOIN_OK
1672395708352 inf [network] > Http https://wapi.winamax.fr/operator/userdata ok
1672395708354 inf [api] > Service operator/userdata
1672395710061 inf [api] < Service poker/client/prefs
1672395710062 inf [network] > Http https://wapi.winamax.fr/poker/client/prefs post
1672395710116 inf [network] > Http https://wapi.winamax.fr/poker/client/prefs ok
1672395710117 inf [api] > Service poker/client/prefs
1672395718072 inf [network] < prefs TIME:GET
1672395718101 inf [network] > prefs TIME:GET_OK
1672395719457 inf [router] Navigate: wam://contacts?tab=buddies
1672395719460 inf [router] Navigation done: wam://contacts?tab=buddies
1672395721227 inf [network] < prefs FILTERLIST:FIND
1672395721228 inf [network] < prefs FILTERLIST:FIND
1672395721229 inf [network] < prefs FILTERLIST:FIND
1672395721230 inf [network] < prefs FILTERLIST:FIND
1672395721230 inf [network] < prefs FILTERLIST:FIND
1672395721232 inf [network] < prefs FILTERLIST:FIND
1672395721274 inf [network] > prefs FILTERLIST:FIND_OK
1672395721276 inf [network] > prefs FILTERLIST:FIND_OK
1672395721277 inf [network] > prefs FILTERLIST:FIND_OK
1672395721278 inf [network] > prefs FILTERLIST:FIND_OK
1672395721279 inf [network] > prefs FILTERLIST:FIND_OK
1672395721280 inf [network] > prefs FILTERLIST:FIND_OK
1672395723404 inf [app] Exit
1672395723411 inf [tracker] Closed
