1669239938214 inf [app] Launch
1669239938352 inf [scene] Bridge initialize
1669239938366 inf [scene] Scene open
1669239938380 inf [scene] Scene create
1669239938412 inf [scene] Scene loading
1669239938423 inf [app] Checking for update
1669239938798 inf [app] Update for version 1.23.1 is not available (latest version: 1.23.1, downgrade is disallowed).
1669239939516 inf [scene] Browser loaded
1669239939521 inf [scene] Bridge loaded
1669239939551 inf [tracker] Listening on port: 8003
1669239943521 inf [api] < Service core/authentication/token/generate
1669239943522 inf [network] > Http https://wapi.winamax.fr/core/authentication/token/generate post
1669239943748 inf [network] > Http https://wapi.winamax.fr/core/authentication/token/generate ok
1669239943750 inf [api] > Service core/authentication/token/generate
1669239943752 inf [api] < Service poker/public/config/preauth {"client":"poker","application":"desktop","opid":"wam","device":"electron","ver":"1.23.1.1668699491","os":"win32","cid":"b94b276db79aabbcbfbe64cabbfea685"}
1669239943753 inf [network] > Http https://api.winamax.fr/poker/public/config/preauth?client=poker&application=desktop&opid=wam&device=electron&ver=1.23.1.1668699491&os=win32&cid=b94b276db79aabbcbfbe64cabbfea685 get
1669239944054 inf [network] > Http https://api.winamax.fr/poker/public/config/preauth?client=poker&application=desktop&opid=wam&device=electron&ver=1.23.1.1668699491&os=win32&cid=b94b276db79aabbcbfbe64cabbfea685 ok
1669239944056 inf [api] > Service poker/public/config/preauth {"core":{"type":"wss","retry":{"count":3,"timeout":10000,"delay":2000,"random":1000},"hosts":["wapi.winamax.fr:443/poker/front/ws/websocket"],"enable":true,"zombie":{"duration":45000},"socket":{"sleep":10,"buffer":16384}},"features":{"vm":false,"playground":{"threshold":1000}},"serverstatus":{"status":"up","polling":300,"i18n":{"de_DE":{"title":"","info":"Alle Dienste sind verfügbar"},"fr_FR":{"title":"","info":"Tous les services sont fonctionnels"},"en_GB":{"title":"","info":"All services are operational."},"*":{"title":"","info":"All services are operational."},"en_US":{"title":"","info":"All services are operational."},"es_ES":{"title":"","info":"All services are operational."},"pt_PT":{"title":"","info":"All services are operational."}}},"auth":{"version":2,"timeout":6000,"refresh":{"count":3,"delay":2500}}}
1669239944076 inf [network] Registering channel prefs
1669239944078 inf [network] Enqueuing AUTH:SIGNIN
1669239944079 inf [network] Creating socket wss://wapi.winamax.fr:443/poker/front/ws/websocket
1669239944080 inf [network] Connection status: 1
1669239944251 inf [network] Socket opened
1669239944252 inf [network] Connection status: 2
1669239944253 inf [network] Connection status: 3
1669239944254 inf [network] < prefs AUTH:SIGNIN
1669239944491 inf [network] > prefs AUTH:SIGNIN_OK
1669239944494 inf [network] Connection status: 4
1669239944499 inf [network] < prefs TIME:GET
1669239944509 inf [network] < prefs GAMESTATS:JOIN
1669239944525 inf [network] > prefs NOTIFICATION:POST_INFO
1669239944554 inf [network] > prefs TIME:GET_OK
1669239944559 inf [network] < prefs DATA:GET
1669239944602 inf [network] > prefs GAMESTATS:JOIN_OK
1669239944720 inf [network] > prefs DATA:BINARY
1669239944729 inf [network] < prefs DATA:GET
1669239944821 inf [network] > prefs DATA:BINARY
1669239944829 inf [api] < Service poker/client/prefs
1669239944830 inf [network] > Http https://wapi.winamax.fr/poker/client/prefs post
1669239945004 inf [network] > Http https://wapi.winamax.fr/poker/client/prefs ok
1669239945005 inf [api] > Service poker/client/prefs
1669239945019 inf [router] Execute: wam://preload-ok
1669239945020 inf [router] Navigate: wam://lobbies
1669239945023 inf [network] > Http https://dl.winamax.fr/client/attr/settings/wam/config.1624292306 get
1669239945025 inf [network] > Http https://dl.winamax.fr/client/attr/settings/wam/ressource.1624283658 get
1669239945029 inf [router] Navigation done: wam://lobbies
1669239945030 inf [router] Execution done: wam://preload-ok
1669239945033 inf [network] Registering channel subscriptions
1669239945034 inf [api] < Service operator/userdata
1669239945035 inf [network] > Http https://wapi.winamax.fr/operator/userdata post
1669239945038 inf [api] < Service operator/winamax-tv/public
1669239945038 inf [network] > Http https://wapi.winamax.fr/operator/winamax-tv/public post
1669239945040 inf [network] < prefs SRM:JOIN
1669239945042 inf [network] < prefs NEWS:GET
1669239945044 inf [network] < prefs DATA:GET
1669239945044 inf [network] < prefs BUDDY:GET
1669239945045 inf [network] < prefs BUDDYROOM:JOIN
1669239945047 inf [network] < prefs TIME:GET
1669239945048 inf [network] < prefs CASHIER:GET
1669239945049 inf [network] < prefs CASHIER:LIST
1669239945050 inf [network] < prefs CASHIER:GET
1669239945051 inf [network] < prefs CASHIER:LIST
1669239945053 inf [network] < subscriptions FILTERLIST:CREATE
1669239945055 inf [network] < subscriptions FILTERLIST:CREATE
1669239945056 inf [network] < subscriptions FILTERLIST:CREATE
1669239945092 inf [network] > prefs SRM:JOIN_OK
1669239945094 inf [network] > prefs TIME:GET_OK
1669239945118 inf [network] > prefs BUDDYROOM:JOIN_OK
1669239945119 inf [network] > prefs CASHIER:GET_OK
1669239945120 inf [network] > prefs CASHIER:LIST_OK
1669239945120 inf [network] > prefs CASHIER:GET_OK
1669239945121 inf [network] > subscriptions FILTERLIST:CREATE_OK
1669239945121 inf [network] > subscriptions FILTERLIST:CREATE_OK
1669239945123 inf [network] > prefs CASHIER:LIST_OK
1669239945124 inf [network] > subscriptions FILTERLIST:SET
1669239945125 inf [network] > subscriptions FILTERLIST:SET
1669239945128 inf [network] > subscriptions FILTERLIST:CREATE_OK
1669239945128 inf [network] > subscriptions FILTERLIST:SET
1669239945130 inf [network] > prefs NEWS:GET_OK
1669239945131 inf [network] > prefs DATA:GET_ERR
1669239945172 inf [network] > prefs BUDDY:GET_OK
1669239945188 inf [network] < prefs BUDDYROOM:JOIN
1669239945196 inf [network] > Http https://dl.winamax.fr/client/attr/settings/wam/ressource.1624283658 ok
1669239945235 inf [network] Registering channel wam.general.t1
1669239945237 inf [network] < wam.general.t1 CHATROOM:JOIN
1669239945238 inf [network] > Http https://dl.winamax.fr/client/attr/settings/wam/config.1624292306 ok
1669239945257 inf [network] > prefs BUDDYROOM:JOIN_OK
1669239945264 inf [network] > Http https://wapi.winamax.fr/operator/winamax-tv/public ok
1669239945264 inf [api] > Service operator/winamax-tv/public
1669239945300 inf [network] > wam.general.t1 CHATROOM:JOIN_OK
1669239945312 inf [network] > prefs BUDDYROOM:JOIN_INFO
1669239945322 inf [network] > Http https://wapi.winamax.fr/operator/userdata ok
1669239945324 inf [api] > Service operator/userdata
1669239947022 inf [api] < Service poker/client/prefs
1669239947023 inf [network] > Http https://wapi.winamax.fr/poker/client/prefs post
1669239947225 inf [network] > Http https://wapi.winamax.fr/poker/client/prefs ok
1669239947227 inf [api] > Service poker/client/prefs
1669239951755 inf [router] Navigate: wam://shop
1669239951758 inf [network] < prefs OPTOKEN:GET
1669239951882 inf [network] > prefs OPTOKEN:GET_OK
1669239951884 inf [router] Open: https://www.winamax.fr/poker/redirect.php?service=shop&token=51113d2125160103890e73da03d4a92fcaa0c553&client=electron&ver=1.23.1&oid=b94b276db79aabbcbfbe64cabbfea685&os=win32&opid=wam&lang=en_US&store=winamax&store_id=main&embed=false&pokerClient=web
1669239951884 inf [router] Navigation done: https://www.winamax.fr/poker/redirect.php?service=shop&token={$token}
1669239964505 inf [network] < prefs CLIENT:PING_OK
1669239964507 inf [network] > prefs CLIENT:PING
1669239964901 inf [network] > wam.general.t1 CHATROOM:POST_INFO
1669239971937 inf [network] > prefs NOTIFICATION:POST_INFO
1669239971942 inf [network] > prefs NOTIFICATION:POST_INFO
1669239974997 inf [network] > wam.general.t1 CHATROOM:POST_INFO
1669239983555 inf [network] > wam.general.t1 CHATROOM:POST_INFO
1669239984596 inf [network] < prefs CLIENT:PING_OK
1669239984598 inf [network] > prefs CLIENT:PING
1669239985391 inf [network] > wam.general.t1 CHATROOM:POST_INFO
1669239987123 inf [network] > wam.general.t1 CHATROOM:POST_INFO
1669239989459 inf [network] > wam.general.t1 CHATROOM:POST_INFO
1669239997280 inf [network] > wam.general.t1 CHATROOM:POST_INFO
1669240004547 inf [network] < prefs CLIENT:PING_OK
1669240004549 inf [network] > prefs CLIENT:PING
1669240005037 inf [network] < prefs TIME:GET
1669240005191 inf [network] > prefs TIME:GET_OK
1669240005556 inf [network] > wam.general.t1 CHATROOM:POST_INFO
1669240011377 inf [network] > wam.general.t1 CHATROOM:POST_INFO
1669240014376 inf [network] > wam.general.t1 CHATROOM:POST_INFO
1669240016170 inf [network] > wam.general.t1 CHATROOM:POST_INFO
1669240017890 inf [network] > wam.general.t1 CHATROOM:POST_INFO
1669240021710 inf [network] > wam.general.t1 CHATROOM:POST_INFO
1669240024482 inf [network] < prefs CLIENT:PING_OK
1669240024483 inf [network] > prefs CLIENT:PING
1669240031470 inf [network] > wam.general.t1 CHATROOM:POST_INFO
1669240031701 inf [network] > wam.general.t1 CHATROOM:POST_INFO
1669240034979 inf [router] Navigate: wam://contacts?tab=buddies
1669240034981 inf [router] Navigation done: wam://contacts?tab=buddies
1669240036415 inf [network] < prefs FILTERLIST:FIND
1669240036416 inf [network] < prefs FILTERLIST:FIND
1669240036417 inf [network] < prefs FILTERLIST:FIND
1669240036417 inf [network] < prefs FILTERLIST:FIND
1669240036418 inf [network] < prefs FILTERLIST:FIND
1669240036418 inf [network] < prefs FILTERLIST:FIND
1669240036465 inf [network] > prefs FILTERLIST:FIND_OK
1669240036466 inf [network] > prefs FILTERLIST:FIND_OK
1669240036472 inf [network] > prefs FILTERLIST:FIND_OK
1669240036474 inf [network] > prefs FILTERLIST:FIND_OK
1669240036475 inf [network] > prefs FILTERLIST:FIND_OK
1669240036508 inf [network] > prefs FILTERLIST:FIND_OK
1669240037956 inf [network] < prefs FILTERLIST:FIND
1669240037957 inf [network] < prefs FILTERLIST:FIND
1669240037958 inf [network] < prefs FILTERLIST:FIND
1669240038003 inf [network] > prefs FILTERLIST:FIND_OK
1669240038011 inf [network] > prefs FILTERLIST:FIND_OK
1669240038013 inf [network] > prefs FILTERLIST:FIND_OK
1669240041779 inf [router] Navigate: wam://lobby-expresso
1669240041782 inf [router] Navigation done: wam://lobby-expresso
1669240046933 inf [router] Execute: wam://srm?action=create&template=expresso_nlhe&context=lo&withTicket=&buyin=5&money=real&attrsonly[]=exp&attrsonly[]=expstd
1669240046938 inf [network] < prefs SRM:ADD_RULE
1669240047314 inf [network] > prefs SRM:ADD_RULE_OK
1669240047316 inf [network] > prefs SRM:UPDATE_RULE_INFO
1669240047316 inf [router] Navigate: wam://table?hash=218720980%400&label=Expresso&playgroundId=
1669240047320 inf [scene] Scene open
1669240047320 inf [scene] Scene create
1669240047336 inf [scene] Scene loading
1669240047358 inf [router] Navigation done: wam://table?hash=218720980%400&label=Expresso&playgroundId=
1669240047359 inf [router] Execution done: wam://srm?action=create&template=expresso_nlhe&context=lo&withTicket=&buyin=5&money=real&attrsonly[]=exp&attrsonly[]=expstd
1669240047874 inf [scene] Browser loaded
1669240047917 inf [scene] Bridge loaded
1669240049284 inf [network] > wam.general.t1 CHATROOM:POST_INFO
1669240050567 inf [router] Execute: wam://table-close?tblid=1
1669240050574 inf [router] Execution done: wam://table-close?tblid=1
1669240051521 inf [network] > wam.general.t1 CHATROOM:POST_INFO
1669240052784 inf [network] > wam.general.t1 CHATROOM:POST_INFO
1669240054465 inf [network] > wam.general.t1 CHATROOM:POST_INFO
1669240058036 inf [router] Execute: wam://srm?action=create&template=expresso_nlhe&context=lo&withTicket=true&buyin=0.25&money=real&attrsonly[]=exp&attrsonly[]=expstd
1669240058039 inf [network] < prefs SRM:ADD_RULE
1669240058094 inf [network] > prefs SRM:ADD_RULE_OK
1669240058101 inf [router] Navigate: wam://table?hash=218721303%400&label=Expresso&playgroundId=
1669240058110 inf [router] Navigation done: wam://table?hash=218721303%400&label=Expresso&playgroundId=
1669240058111 inf [router] Execution done: wam://srm?action=create&template=expresso_nlhe&context=lo&withTicket=true&buyin=0.25&money=real&attrsonly[]=exp&attrsonly[]=expstd
1669240058181 inf [network] > prefs NOTIFICATION:POST_INFO
1669240058183 inf [network] > prefs NOTIFICATION:POST_INFO
1669240058184 inf [network] > prefs SRM:UPDATE_RULE_INFO
1669240058185 inf [network] > prefs TOURNAMENT:RUN
1669240058185 inf [network] > prefs NOTIFICATION:POST_INFO
1669240058195 inf [network] Registering channel tt2.ttmgr.tt2_3.t604083218
1669240058229 inf [network] < tt2.ttmgr.tt2_3.t604083218 TOURNAMENT:JOIN
1669240058361 inf [network] > tt2.ttmgr.tt2_3.t604083218 TOURNAMENT:JOIN_OK
1669240058363 inf [network] > tt2.ttmgr.tt2_3.t604083218 CHATROOM:JOIN_OK
1669240058364 inf [network] Registering channel tt2.tamgr.tt2_3.t1161457
1669240058365 inf [network] < tt2.ttmgr.tt2_3.t604083218 TOURNAMENT:CONFIGURE
1669240058396 inf [network] < tt2.tamgr.tt2_3.t1161457 TABLE:JOIN
1669240058441 inf [network] > tt2.ttmgr.tt2_3.t604083218 TOURNAMENT:CONFIGURE_OK
1669240058454 inf [network] < tt2.ttmgr.tt2_3.t604083218 TOURNAMENT:CONFIGURE
1669240058456 inf [network] > tt2.tamgr.tt2_3.t1161457 TABLE:JOIN_OK
1669240058493 inf [network] > tt2.tamgr.tt2_3.t1161457 CHATROOM:JOIN_OK
1669240058517 inf [network] > tt2.ttmgr.tt2_3.t604083218 TOURNAMENT:CONFIGURE_OK
1669240058594 inf [network] > wam.general.t1 CHATROOM:POST_INFO
1669240060782 inf [network] > wam.general.t1 CHATROOM:POST_INFO
1669240061024 inf [network] > subscriptions FILTERLIST:UPDATE
1669240061029 inf [network] < subscriptions FILTERLIST:CHANGE
1669240061077 inf [network] > subscriptions FILTERLIST:SET
1669240061079 inf [network] > subscriptions FILTERLIST:CHANGE_OK
1669240061090 inf [router] Execute: wam://table-open?rid=218721303&tblrk=tt2.tamgr.tt2_3.t1161457&ttrk=tt2.ttmgr.tt2_3.t604083218&gfsid=
1669240061093 inf [router] Execution done: wam://table-open?rid=218721303&tblrk=tt2.tamgr.tt2_3.t1161457&ttrk=tt2.ttmgr.tt2_3.t604083218&gfsid=
1669240065034 inf [network] < prefs TIME:GET
1669240065084 inf [network] > prefs TIME:GET_OK
1669240066358 inf [network] > wam.general.t1 CHATROOM:POST_INFO
1669240069126 inf [network] > tt2.ttmgr.tt2_3.t604083218 TOURNAMENT:STATUS
1669240071156 inf [network] > tt2.tamgr.tt2_3.t1161457 TABLE:STATUS
1669240071720 inf [network] > wam.general.t1 CHATROOM:POST_INFO
1669240073686 inf [network] > tt2.tamgr.tt2_3.t1161457 TABLE:POST_INFO
1669240073689 inf [network] > tt2.tamgr.tt2_3.t1161457 TABLE:POST_INFO
1669240073691 inf [table] 2 tt2.tamgr.tt2_3.t1161457 hand 2594517665372438529-1-1669240072
1669240073692 inf [table] 2 tt2.tamgr.tt2_3.t1161457 action SB login="Babalzax" amount="10"
1669240073694 inf [table] 2 tt2.tamgr.tt2_3.t1161457 action BB login="Bidou1977" amount="20"
1669240073696 inf [network] > tt2.tamgr.tt2_3.t1161457 TABLE:CARDS
1669240073697 inf [network] > tt2.tamgr.tt2_3.t1161457 TABLE:STATUS
1669240073697 inf [network] > tt2.tamgr.tt2_3.t1161457 TABLE:ACTIONSET
1669240073699 inf [table] 2 tt2.tamgr.tt2_3.t1161457 cards login="YL_ML_GL_42" 7c,7h
1669240073700 inf [table] 2 tt2.tamgr.tt2_3.t1161457 round pre-flop pot="0" totalPot="30"
1669240076029 inf [network] < tt2.tamgr.tt2_3.t1161457 TABLE:ACTION
1669240076060 inf [network] > tt2.tamgr.tt2_3.t1161457 TABLE:ACTION_OK
1669240076062 inf [network] > tt2.tamgr.tt2_3.t1161457 TABLE:ACTION_INFO
1669240076064 inf [table] 2 tt2.tamgr.tt2_3.t1161457 action raise login="YL_ML_GL_42" amount="500"
1669240079431 inf [network] > wam.general.t1 CHATROOM:POST_INFO
1669240083516 inf [network] > tt2.tamgr.tt2_3.t1161457 TABLE:ACTION_INFO
1669240083517 inf [table] 2 tt2.tamgr.tt2_3.t1161457 action fold login="Babalzax" amount="10"
1669240086083 inf [network] > tt2.tamgr.tt2_3.t1161457 TABLE:ACTION_INFO
1669240086086 inf [network] > tt2.tamgr.tt2_3.t1161457 TABLE:STATUS
1669240086089 inf [table] 2 tt2.tamgr.tt2_3.t1161457 action call login="Bidou1977" amount="500"
1669240087601 inf [network] > tt2.tamgr.tt2_3.t1161457 TABLE:CARDS
1669240087604 inf [network] > tt2.tamgr.tt2_3.t1161457 TABLE:STATUS
1669240087607 inf [table] 2 tt2.tamgr.tt2_3.t1161457 round flop board="Qs,3s,Tc" pot="1010" totalPot="0"
1669240089115 inf [network] > tt2.tamgr.tt2_3.t1161457 TABLE:CARDS
1669240089122 inf [network] > tt2.tamgr.tt2_3.t1161457 TABLE:STATUS
1669240089124 inf [table] 2 tt2.tamgr.tt2_3.t1161457 round turn board="Qs,3s,Tc,Ad" pot="1010" totalPot="0"
1669240090608 inf [network] > tt2.tamgr.tt2_3.t1161457 TABLE:CARDS
1669240090609 inf [network] > tt2.tamgr.tt2_3.t1161457 TABLE:STATUS
1669240090611 inf [table] 2 tt2.tamgr.tt2_3.t1161457 round river board="Qs,3s,Tc,Ad,5d" pot="1010" totalPot="0"
1669240092126 inf [network] > tt2.tamgr.tt2_3.t1161457 TABLE:RESULT
1669240092127 inf [network] > tt2.tamgr.tt2_3.t1161457 TRACKER:GET_INFO
1669240092128 inf [table] 2 tt2.tamgr.tt2_3.t1161457 showdown login="Bidou1977" cards="Qh,Qd" board="Qs,3s,Tc,Ad,5d"
1669240092128 inf [table] 2 tt2.tamgr.tt2_3.t1161457 showdown login="YL_ML_GL_42" cards="7c,7h" board="Qs,3s,Tc,Ad,5d"
1669240092128 inf [table] 2 tt2.tamgr.tt2_3.t1161457 gain login="Bidou1977" amount="1010"
1669240092150 inf [network] > wam.general.t1 CHATROOM:POST_INFO
1669240092611 inf [network] > prefs NOTIFICATION:POST_INFO
1669240092619 inf [network] > prefs NOTIFICATION:POST_INFO
1669240093038 inf [network] > wam.general.t1 CHATROOM:POST_INFO
1669240094117 inf [network] > tt2.tamgr.tt2_3.t1161457 TABLE:STATUS
1669240094119 inf [network] > tt2.ttmgr.tt2_3.t604083218 TOURNAMENT:STATUS
1669240094129 inf [network] > tt2.ttmgr.tt2_3.t604083218 TOURNAMENT:STATUS
1669240094140 inf [network] > tt2.ttmgr.tt2_3.t604083218 TRACKER:GET_INFO
1669240094141 inf [network] > tt2.tamgr.tt2_3.t1161457 TABLE:CHAT_INFO
1669240094141 inf [network] > tt2.ttmgr.tt2_3.t604083218 TOURNAMENT:RESULT
1669240094142 inf [network] > tt2.ttmgr.tt2_3.t604083218 TOURNAMENT:STATUS
1669240094143 inf [network] > prefs SRM:UPDATE_RULE_INFO
1669240094146 inf [router] Navigate: wam://popup?type=tournament-result&ttid=1
1669240094147 inf [router] Navigation done: wam://popup?type=tournament-result&ttid=1
1669240094151 inf [network] > prefs NOTIFICATION:POST_INFO
1669240094164 inf [network] > prefs GAMESTATS:INFO
1669240094493 inf [network] < prefs CLIENT:PING_OK
1669240094494 inf [network] > prefs CLIENT:PING
1669240095301 inf [router] Execute: wam://playground-close?id=1
1669240095306 inf [router] Execution done: wam://playground-close?id=1
1669240095307 inf [router] Execute: wam://table-close?tblid=2
1669240095308 inf [router] Execution done: wam://table-close?tblid=2
1669240095309 inf [network] < tt2.tamgr.tt2_3.t1161457 TABLE:LEAVE
1669240095310 inf [network] Leaving channel tt2.tamgr.tt2_3.t1161457
1669240095313 inf [router] Execute: wam://playground-close?id=1&scene=2
1669240095313 inf [router] Execution done: wam://playground-close?id=1&scene=2
1669240095475 inf [network] Leaving channel tt2.tamgr.tt2_3.t1161457
1669240095477 inf [network] > tt2.tamgr.tt2_3.t1161457 TABLE:LEAVE_OK
1669240096036 inf [network] > subscriptions FILTERLIST:UPDATE
1669240096043 inf [network] < tt2.ttmgr.tt2_3.t604083218 TOURNAMENT:LEAVE
1669240096044 inf [network] Leaving channel tt2.ttmgr.tt2_3.t604083218
1669240096091 inf [network] > tt2.ttmgr.tt2_3.t604083218 TOURNAMENT:LEAVE_OK
1669240096938 inf [tracker] Closed
1669240096945 inf [network] Registering channel subscriptions
