1669285736760 inf [app] Launch
1669285736824 inf [scene] Bridge initialize
1669285736846 inf [scene] Scene open
1669285736856 inf [scene] Scene create
1669285736886 inf [scene] Scene loading
1669285736901 inf [app] Checking for update
1669285737224 inf [app] Update for version 1.23.1 is not available (latest version: 1.23.1, downgrade is disallowed).
1669285737818 inf [scene] Browser loaded
1669285737836 inf [scene] Bridge loaded
1669285737870 inf [tracker] Listening on port: 8003
1669285740357 inf [api] < Service core/authentication/token/generate
1669285740358 inf [network] > Http https://wapi.winamax.fr/core/authentication/token/generate post
1669285740553 inf [network] > Http https://wapi.winamax.fr/core/authentication/token/generate ok
1669285740555 inf [api] > Service core/authentication/token/generate
1669285740557 inf [api] < Service poker/public/config/preauth {"client":"poker","application":"desktop","opid":"wam","device":"electron","ver":"1.23.1.1668699491","os":"win32","cid":"b94b276db79aabbcbfbe64cabbfea685"}
1669285740558 inf [network] > Http https://api.winamax.fr/poker/public/config/preauth?client=poker&application=desktop&opid=wam&device=electron&ver=1.23.1.1668699491&os=win32&cid=b94b276db79aabbcbfbe64cabbfea685 get
1669285740831 inf [network] > Http https://api.winamax.fr/poker/public/config/preauth?client=poker&application=desktop&opid=wam&device=electron&ver=1.23.1.1668699491&os=win32&cid=b94b276db79aabbcbfbe64cabbfea685 ok
1669285740838 inf [api] > Service poker/public/config/preauth {"core":{"type":"wss","retry":{"count":3,"timeout":10000,"delay":2000,"random":1000},"hosts":["wapi.winamax.fr:443/poker/front/ws/websocket"],"enable":true,"zombie":{"duration":45000},"socket":{"sleep":10,"buffer":16384}},"features":{"vm":false,"playground":{"threshold":1000}},"serverstatus":{"status":"up","polling":300,"i18n":{"de_DE":{"title":"","info":"Alle Dienste sind verfügbar"},"fr_FR":{"title":"","info":"Tous les services sont fonctionnels"},"en_GB":{"title":"","info":"All services are operational."},"*":{"title":"","info":"All services are operational."},"en_US":{"title":"","info":"All services are operational."},"es_ES":{"title":"","info":"All services are operational."},"pt_PT":{"title":"","info":"All services are operational."}}},"auth":{"version":2,"timeout":6000,"refresh":{"count":3,"delay":2500}}}
1669285740856 inf [network] Registering channel prefs
1669285740857 inf [network] Enqueuing AUTH:SIGNIN
1669285740857 inf [network] Creating socket wss://wapi.winamax.fr:443/poker/front/ws/websocket
1669285740858 inf [network] Connection status: 1
1669285741102 inf [network] Socket opened
1669285741103 inf [network] Connection status: 2
1669285741105 inf [network] Connection status: 3
1669285741106 inf [network] < prefs AUTH:SIGNIN
1669285741322 inf [network] > prefs AUTH:SIGNIN_OK
1669285741323 inf [network] Connection status: 4
1669285741328 inf [network] < prefs TIME:GET
1669285741333 inf [network] < prefs GAMESTATS:JOIN
1669285741342 inf [network] > prefs NOTIFICATION:POST_INFO
1669285741503 inf [network] > prefs TIME:GET_OK
1669285741516 inf [api] < Service poker/client/prefs
1669285741517 inf [network] > Http https://wapi.winamax.fr/poker/client/prefs post
1669285741520 inf [network] > prefs GAMESTATS:JOIN_OK
1669285741969 inf [network] > Http https://wapi.winamax.fr/poker/client/prefs ok
1669285741971 inf [api] > Service poker/client/prefs
1669285741988 inf [router] Execute: wam://preload-ok
1669285741990 inf [router] Navigate: wam://lobbies
1669285741993 inf [network] > Http https://dl.winamax.fr/client/attr/settings/wam/config.1624292306 get
1669285741995 inf [network] > Http https://dl.winamax.fr/client/attr/settings/wam/ressource.1624283658 get
1669285741997 inf [router] Navigation done: wam://lobbies
1669285741999 inf [router] Execution done: wam://preload-ok
1669285742000 inf [network] Registering channel subscriptions
1669285742002 inf [api] < Service operator/userdata
1669285742002 inf [network] > Http https://wapi.winamax.fr/operator/userdata post
1669285742006 inf [api] < Service operator/winamax-tv/public
1669285742006 inf [network] > Http https://wapi.winamax.fr/operator/winamax-tv/public post
1669285742007 inf [network] < prefs SRM:JOIN
1669285742008 inf [network] < prefs NEWS:GET
1669285742009 inf [network] < prefs DATA:GET
1669285742009 inf [network] < prefs BUDDY:GET
1669285742010 inf [network] < prefs BUDDYROOM:JOIN
1669285742011 inf [network] < prefs TIME:GET
1669285742012 inf [network] < prefs CASHIER:GET
1669285742012 inf [network] < prefs CASHIER:LIST
1669285742012 inf [network] < prefs CASHIER:GET
1669285742013 inf [network] < prefs CASHIER:LIST
1669285742014 inf [network] < subscriptions FILTERLIST:CREATE
1669285742015 inf [network] < subscriptions FILTERLIST:CREATE
1669285742016 inf [network] < subscriptions FILTERLIST:CREATE
1669285742136 inf [network] > prefs SRM:JOIN_OK
1669285742141 inf [network] > prefs TIME:GET_OK
1669285742143 inf [network] > prefs CASHIER:GET_OK
1669285742144 inf [network] > prefs CASHIER:LIST_OK
1669285742145 inf [network] > prefs CASHIER:GET_OK
1669285742146 inf [network] > prefs BUDDYROOM:JOIN_OK
1669285742150 inf [network] > prefs CASHIER:LIST_OK
1669285742153 inf [network] > subscriptions FILTERLIST:CREATE_OK
1669285742154 inf [network] > subscriptions FILTERLIST:SET
1669285742155 inf [network] > subscriptions FILTERLIST:CREATE_OK
1669285742156 inf [network] > subscriptions FILTERLIST:SET
1669285742156 inf [network] > subscriptions FILTERLIST:CREATE_OK
1669285742157 inf [network] > subscriptions FILTERLIST:SET
1669285742158 inf [network] > prefs DATA:GET_ERR
1669285742159 inf [network] > prefs NEWS:GET_OK
1669285742160 inf [network] > prefs BUDDY:GET_OK
1669285742165 inf [network] < prefs BUDDYROOM:JOIN
1669285742232 inf [network] Registering channel wam.general.t1
1669285742233 inf [network] < wam.general.t1 CHATROOM:JOIN
1669285742293 inf [network] > Http https://wapi.winamax.fr/operator/winamax-tv/public ok
1669285742294 inf [api] > Service operator/winamax-tv/public
1669285742296 inf [network] > prefs BUDDYROOM:JOIN_OK
1669285742339 inf [network] > Http https://wapi.winamax.fr/operator/userdata ok
1669285742341 inf [api] > Service operator/userdata
1669285742344 inf [network] > wam.general.t1 CHATROOM:JOIN_OK
1669285742346 inf [network] > Http https://dl.winamax.fr/client/attr/settings/wam/ressource.1624283658 ok
1669285742378 inf [network] > Http https://dl.winamax.fr/client/attr/settings/wam/config.1624292306 ok
1669285743991 inf [api] < Service poker/client/prefs
1669285743992 inf [network] > Http https://wapi.winamax.fr/poker/client/prefs post
1669285744184 inf [network] > Http https://wapi.winamax.fr/poker/client/prefs ok
1669285744185 inf [api] > Service poker/client/prefs
1669285748502 inf [router] Navigate: wam://contacts?tab=buddies
1669285748504 inf [router] Navigation done: wam://contacts?tab=buddies
1669285749689 inf [network] < prefs FILTERLIST:FIND
1669285749690 inf [network] < prefs FILTERLIST:FIND
1669285749691 inf [network] < prefs FILTERLIST:FIND
1669285749692 inf [network] < prefs FILTERLIST:FIND
1669285749693 inf [network] < prefs FILTERLIST:FIND
1669285749693 inf [network] < prefs FILTERLIST:FIND
1669285749769 inf [network] > prefs FILTERLIST:FIND_OK
1669285749771 inf [network] > prefs FILTERLIST:FIND_OK
1669285749775 inf [network] > prefs FILTERLIST:FIND_OK
1669285749776 inf [network] > prefs FILTERLIST:FIND_OK
1669285749777 inf [network] > prefs FILTERLIST:FIND_OK
1669285749778 inf [network] > prefs FILTERLIST:FIND_OK
1669285750646 inf [network] < prefs FILTERLIST:FIND
1669285750648 inf [network] < prefs FILTERLIST:FIND
1669285750650 inf [network] < prefs FILTERLIST:FIND
1669285750704 inf [network] > prefs FILTERLIST:FIND_OK
1669285750706 inf [network] > prefs FILTERLIST:FIND_OK
1669285750707 inf [network] > prefs FILTERLIST:FIND_OK
1669285750790 inf [network] < prefs FILTERLIST:FIND
1669285750792 inf [network] < prefs FILTERLIST:FIND
1669285750792 inf [network] < prefs FILTERLIST:FIND
1669285750867 inf [network] > prefs FILTERLIST:FIND_OK
1669285750869 inf [network] > prefs FILTERLIST:FIND_OK
1669285750870 inf [network] > prefs FILTERLIST:FIND_OK
1669285750943 inf [network] < prefs FILTERLIST:FIND
1669285750945 inf [network] < prefs FILTERLIST:FIND
1669285750946 inf [network] < prefs FILTERLIST:FIND
1669285751023 inf [network] > prefs FILTERLIST:FIND_OK
1669285751066 inf [network] > prefs FILTERLIST:FIND_OK
1669285751095 inf [network] > prefs FILTERLIST:FIND_OK
1669285753661 inf [router] Navigate: wam://lobby-mtt
1669285753663 inf [router] Navigation done: wam://lobby-mtt
1669285753714 inf [network] Registering channel lo
1669285753715 inf [router] Execute: wam://lobby-preview?rk=&type=
1669285753716 inf [router] Execution done: wam://lobby-preview?rk=&type=
1669285753745 inf [network] < lo FILTERLIST:CREATE
1669285753830 inf [network] > lo FILTERLIST:CREATE_OK
1669285753887 inf [network] > lo FILTERLIST:SET
1669285753901 inf [router] Execute: wam://lobby-preview?rk=tt.ttmgr.tt_9.t593811038&type=tournament
1669285753903 inf [router] Execution done: wam://lobby-preview?rk=tt.ttmgr.tt_9.t593811038&type=tournament
1669285753904 inf [network] Registering channel tt.ttmgr.tt_9.t593811038
1669285753918 inf [network] < tt.ttmgr.tt_9.t593811038 TOURNAMENT:JOIN
1669285753998 inf [network] > tt.ttmgr.tt_9.t593811038 TOURNAMENT:JOIN_OK
1669285754002 inf [network] > tt.ttmgr.tt_9.t593811038 CHATROOM:JOIN_OK
1669285757941 inf [network] > lo FILTERLIST:UPDATE
1669285759328 inf [network] < lo FILTERLIST:CHANGE
1669285759385 inf [network] > lo FILTERLIST:CHANGE_OK
1669285759406 inf [network] > lo FILTERLIST:SET
1669285761302 inf [network] < lo FILTERLIST:CHANGE
1669285761348 inf [network] > lo FILTERLIST:CHANGE_OK
1669285761376 inf [network] > lo FILTERLIST:SET
1669285762821 inf [network] < lo FILTERLIST:CHANGE
1669285762866 inf [network] > lo FILTERLIST:CHANGE_OK
1669285762906 inf [network] > lo FILTERLIST:SET
1669285763399 inf [network] < lo FILTERLIST:CHANGE
1669285763477 inf [network] > lo FILTERLIST:CHANGE_OK
1669285763539 inf [network] > lo FILTERLIST:SET
1669285768002 inf [network] > lo FILTERLIST:UPDATE
1669285774049 inf [network] < lo FILTERLIST:CHANGE
1669285774103 inf [network] > lo FILTERLIST:CHANGE_OK
1669285774150 inf [network] > lo FILTERLIST:SET
1669285791386 inf [network] < prefs CLIENT:PING_OK
1669285791388 inf [network] > prefs CLIENT:PING
1669285802015 inf [network] < prefs TIME:GET
1669285802062 inf [network] > prefs TIME:GET_OK
1669285808006 inf [network] > lo FILTERLIST:SET
1669285818827 inf [network] > wam.general.t1 CHATROOM:POST_INFO
1669285821386 inf [network] < prefs CLIENT:PING_OK
1669285821388 inf [network] > prefs CLIENT:PING
1669285827989 inf [network] > lo FILTERLIST:UPDATE
1669285841385 inf [network] < prefs CLIENT:PING_OK
1669285841387 inf [network] > prefs CLIENT:PING
1669285844267 inf [network] > wam.general.t1 CHATROOM:POST_INFO
1669285861375 inf [network] < prefs CLIENT:PING_OK
1669285861377 inf [network] > prefs CLIENT:PING
1669285862021 inf [network] < prefs TIME:GET
1669285862065 inf [network] > prefs TIME:GET_OK
1669285868072 inf [network] > lo FILTERLIST:SET
1669285881383 inf [network] < prefs CLIENT:PING_OK
1669285881386 inf [network] > prefs CLIENT:PING
1669285882905 inf [network] > wam.general.t1 CHATROOM:POST_INFO
1669285896070 inf [network] > wam.general.t1 CHATROOM:POST_INFO
1669285901384 inf [network] < prefs CLIENT:PING_OK
1669285901386 inf [network] > prefs CLIENT:PING
1669285921378 inf [network] < prefs CLIENT:PING_OK
1669285921380 inf [network] > prefs CLIENT:PING
1669285922012 inf [network] < prefs TIME:GET
1669285922057 inf [network] > prefs TIME:GET_OK
1669285928147 inf [network] > lo FILTERLIST:UPDATE
1669285938190 inf [network] > lo FILTERLIST:UPDATE
1669285941375 inf [network] < prefs CLIENT:PING_OK
1669285941377 inf [network] > prefs CLIENT:PING
1669285943772 inf [network] > wam.general.t1 CHATROOM:POST_INFO
1669285950194 inf [network] > tt.ttmgr.tt_9.t593811038 TOURNAMENT:STATUS
1669285952331 inf [network] > tt.ttmgr.tt_9.t593811038 TOURNAMENT:STATUS
1669285958192 inf [network] > lo FILTERLIST:UPDATE
1669285961235 inf [network] > wam.general.t1 CHATROOM:POST_INFO
1669285961397 inf [network] < prefs CLIENT:PING_OK
1669285961399 inf [network] > prefs CLIENT:PING
1669285975572 inf [network] > tt.ttmgr.tt_9.t593811038 TOURNAMENT:STATUS
1669285978037 inf [network] > tt.ttmgr.tt_9.t593811038 TOURNAMENT:STATUS
1669285981378 inf [network] < prefs CLIENT:PING_OK
1669285981380 inf [network] > prefs CLIENT:PING
1669285982039 inf [network] < prefs TIME:GET
1669285982093 inf [network] > prefs TIME:GET_OK
1669285993919 inf [network] > tt.ttmgr.tt_9.t593811038 TOURNAMENT:PAYOUTS
1669285993921 inf [network] > tt.ttmgr.tt_9.t593811038 TOURNAMENT:STATUS
1669285996068 inf [network] > tt.ttmgr.tt_9.t593811038 TOURNAMENT:STATUS
1669285998296 inf [network] > lo FILTERLIST:SET
1669286000017 inf [network] > tt.ttmgr.tt_9.t593811038 TOURNAMENT:STATUS
1669286001383 inf [network] < prefs CLIENT:PING_OK
1669286001384 inf [network] > prefs CLIENT:PING
1669286021427 inf [network] < prefs CLIENT:PING_OK
1669286021429 inf [network] > prefs CLIENT:PING
1669286031184 inf [network] > tt.ttmgr.tt_9.t593811038 TOURNAMENT:STATUS
1669286041467 inf [network] < prefs CLIENT:PING_OK
1669286041469 inf [network] > prefs CLIENT:PING
1669286042040 inf [network] < prefs TIME:GET
1669286042105 inf [network] > prefs TIME:GET_OK
1669286061389 inf [network] < prefs CLIENT:PING_OK
1669286061391 inf [network] > prefs CLIENT:PING
1669286068380 inf [network] > tt.ttmgr.tt_9.t593811038 TOURNAMENT:STATUS
1669286071068 inf [network] > tt.ttmgr.tt_9.t593811038 TOURNAMENT:STATUS
1669286078454 inf [network] > lo FILTERLIST:UPDATE
1669286081471 inf [network] < prefs CLIENT:PING_OK
1669286081472 inf [network] > prefs CLIENT:PING
1669286100950 inf [network] > wam.general.t1 CHATROOM:POST_INFO
1669286101477 inf [network] < prefs CLIENT:PING_OK
1669286101479 inf [network] > prefs CLIENT:PING
1669286102049 inf [network] < prefs TIME:GET
1669286102124 inf [network] > prefs TIME:GET_OK
1669286121386 inf [network] < prefs CLIENT:PING_OK
1669286121387 inf [network] > prefs CLIENT:PING
1669286122432 inf [network] > wam.general.t1 CHATROOM:POST_INFO
1669286125803 inf [tracker] Closed
1669286125822 inf [network] Registering channel subscriptions
1669286125824 inf [network] Registering channel lo
1669286125824 inf [network] Registering channel tt.ttmgr.tt_9.t593811038
1669286125825 inf [network] Leaving channel tt.ttmgr.tt_9.t593811038
