1671564052903 inf [app] Launch
1671564052972 inf [scene] Bridge initialize
1671564052982 inf [scene] Scene open
1671564052990 inf [scene.1] Scene create
1671564053006 inf [scene.1] Scene loading
1671564053012 inf [app] Checking for update
1671564053359 inf [app] Update for version 1.26.3 is not available (latest version: 1.26.3, downgrade is disallowed).
1671564053588 inf [scene.1] Browser loaded
1671564053596 inf [scene.1] Scene bridge loaded
1671564053635 inf [tracker] Listening on port: 8003
1671564056114 inf [api] < Service core/authentication/token/generate
1671564056115 inf [network] > Http https://wapi.winamax.fr/core/authentication/token/generate post
1671564056369 inf [network] > Http https://wapi.winamax.fr/core/authentication/token/generate ok
1671564056370 inf [api] > Service core/authentication/token/generate
1671564056371 inf [api] < Service poker/public/config/preauth {"client":"poker","application":"desktop","opid":"wam","device":"electron","ver":"1.26.3.1671552372","os":"win32","cid":"b94b276db79aabbcbfbe64cabbfea685"}
1671564056372 inf [network] > Http https://api.winamax.fr/poker/public/config/preauth?client=poker&application=desktop&opid=wam&device=electron&ver=1.26.3.1671552372&os=win32&cid=b94b276db79aabbcbfbe64cabbfea685 get
1671564056652 inf [network] > Http https://api.winamax.fr/poker/public/config/preauth?client=poker&application=desktop&opid=wam&device=electron&ver=1.26.3.1671552372&os=win32&cid=b94b276db79aabbcbfbe64cabbfea685 ok
1671564056653 inf [api] > Service poker/public/config/preauth {"core":{"type":"wss","retry":{"count":3,"timeout":10000,"delay":2000,"random":1000},"hosts":["wapi.winamax.fr:443/poker/front/ws/websocket"],"enable":true,"zombie":{"duration":45000},"socket":{"sleep":10,"buffer":16384},"monitor":{"interrupted":true}},"features":{"vm":false,"playground":{"threshold":1000},"time":{"duration":10}},"serverstatus":{"status":"up","polling":300,"i18n":{"pt_PT":{"title":"","info":"All services are operational."},"es_ES":{"title":"","info":"All services are operational."},"*":{"title":"","info":"All services are operational."},"en_US":{"title":"","info":"All services are operational."},"en_GB":{"title":"","info":"All services are operational."},"fr_FR":{"title":"","info":"Tous les services sont fonctionnels"},"de_DE":{"title":"","info":"Alle Dienste sind verfügbar"}}},"auth":{"version":2,"timeout":6000,"refresh":{"count":3,"delay":2500}}}
1671564056660 inf [network] Registering channel prefs
1671564056661 inf [network] Enqueuing AUTH:SIGNIN
1671564056662 inf [network] Creating socket wss://wapi.winamax.fr:443/poker/front/ws/websocket
1671564056663 inf [network] Connection status: 1
1671564056847 inf [network] Socket opened
1671564056848 inf [network] Connection status: 2
1671564056849 inf [network] Connection status: 3
1671564056849 inf [network] < prefs AUTH:SIGNIN
1671564057107 inf [network] > prefs AUTH:SIGNIN_OK
1671564057108 inf [network] Connection status: 4
1671564057112 inf [network] < prefs TIME:GET
1671564057115 inf [network] < prefs GAMESTATS:JOIN
1671564057149 inf [network] > prefs NOTIFICATION:POST_INFO
1671564057164 inf [network] > prefs TIME:GET_OK
1671564057172 inf [api] < Service poker/client/prefs
1671564057173 inf [network] > Http https://wapi.winamax.fr/poker/client/prefs post
1671564057218 inf [network] > prefs GAMESTATS:JOIN_OK
1671564057420 inf [network] > Http https://wapi.winamax.fr/poker/client/prefs ok
1671564057420 inf [api] > Service poker/client/prefs
1671564057428 inf [router] Execute: wam://preload-ok
1671564057430 inf [router] Navigate: wam://lobbies
1671564057432 inf [network] > Http https://dl.winamax.fr/client/attr/settings/wam/config.1624292306 get
1671564057433 inf [network] > Http https://dl.winamax.fr/client/attr/settings/wam/ressource.1624283658 get
1671564057435 inf [router] Navigation done: wam://lobbies
1671564057436 inf [router] Execution done: wam://preload-ok
1671564057437 inf [network] Registering channel subscriptions
1671564057438 inf [api] < Service operator/userdata
1671564057439 inf [network] > Http https://wapi.winamax.fr/operator/userdata post
1671564057441 inf [api] < Service operator/winamax-tv/public
1671564057441 inf [network] > Http https://wapi.winamax.fr/operator/winamax-tv/public post
1671564057443 inf [network] < prefs SRM:JOIN
1671564057443 inf [network] < prefs NEWS:GET
1671564057444 inf [network] < prefs DATA:GET
1671564057444 inf [network] < prefs BUDDY:GET
1671564057445 inf [network] < prefs BUDDYROOM:JOIN
1671564057449 inf [network] < prefs TIME:GET
1671564057450 inf [network] < prefs CASHIER:GET
1671564057450 inf [network] < prefs CASHIER:LIST
1671564057451 inf [network] < prefs CASHIER:GET
1671564057452 inf [network] < prefs CASHIER:LIST
1671564057453 inf [network] < subscriptions FILTERLIST:CREATE
1671564057454 inf [network] < subscriptions FILTERLIST:CREATE
1671564057454 inf [network] < subscriptions FILTERLIST:CREATE
1671564057507 inf [network] > prefs SRM:JOIN_OK
1671564057510 inf [network] > prefs TIME:GET_OK
1671564057519 inf [network] > prefs CASHIER:GET_OK
1671564057522 inf [network] > prefs CASHIER:LIST_OK
1671564057523 inf [network] > prefs BUDDYROOM:JOIN_OK
1671564057525 inf [network] > prefs CASHIER:GET_OK
1671564057572 inf [network] Registering channel wam.general.t1
1671564057573 inf [network] < wam.general.t1 CHATROOM:JOIN
1671564057583 inf [network] > prefs CASHIER:LIST_OK
1671564057584 inf [network] > subscriptions FILTERLIST:CREATE_OK
1671564057585 inf [network] > subscriptions FILTERLIST:SET
1671564057586 inf [network] > subscriptions FILTERLIST:CREATE_OK
1671564057587 inf [network] > subscriptions FILTERLIST:SET
1671564057590 inf [network] > subscriptions FILTERLIST:CREATE_OK
1671564057591 inf [network] > subscriptions FILTERLIST:SET
1671564057592 inf [network] > prefs BUDDY:GET_OK
1671564057593 inf [network] > prefs DATA:GET_ERR
1671564057594 inf [network] > prefs NEWS:GET_OK
1671564057600 inf [network] < prefs BUDDYROOM:JOIN
1671564057654 inf [network] > wam.general.t1 CHATROOM:JOIN_OK
1671564057680 inf [network] > prefs BUDDYROOM:JOIN_OK
1671564057705 inf [network] > Http https://dl.winamax.fr/client/attr/settings/wam/config.1624292306 ok
1671564057712 inf [network] > Http https://wapi.winamax.fr/operator/winamax-tv/public ok
1671564057713 inf [api] > Service operator/winamax-tv/public
1671564057761 inf [network] > Http https://dl.winamax.fr/client/attr/settings/wam/ressource.1624283658 ok
1671564057806 inf [network] > Http https://wapi.winamax.fr/operator/userdata ok
1671564057807 inf [api] > Service operator/userdata
1671564059441 inf [api] < Service poker/client/prefs
1671564059442 inf [network] > Http https://wapi.winamax.fr/poker/client/prefs post
1671564059652 inf [network] > Http https://wapi.winamax.fr/poker/client/prefs ok
1671564059652 inf [api] > Service poker/client/prefs
1671564061471 inf [router] Navigate: wam://contacts?tab=buddies
1671564061472 inf [router] Navigation done: wam://contacts?tab=buddies
1671564063383 inf [network] < prefs FILTERLIST:FIND
1671564063384 inf [network] < prefs FILTERLIST:FIND
1671564063384 inf [network] < prefs FILTERLIST:FIND
1671564063385 inf [network] < prefs FILTERLIST:FIND
1671564063385 inf [network] < prefs FILTERLIST:FIND
1671564063385 inf [network] < prefs FILTERLIST:FIND
1671564063451 inf [network] > prefs FILTERLIST:FIND_OK
1671564063452 inf [network] > prefs FILTERLIST:FIND_OK
1671564063490 inf [network] > prefs FILTERLIST:FIND_OK
1671564063491 inf [network] > prefs FILTERLIST:FIND_OK
1671564063492 inf [network] > prefs FILTERLIST:FIND_OK
1671564063492 inf [network] > prefs FILTERLIST:FIND_OK
1671564064450 inf [network] < prefs FILTERLIST:FIND
1671564064450 inf [network] < prefs FILTERLIST:FIND
1671564064451 inf [network] < prefs FILTERLIST:FIND
1671564064564 inf [network] > prefs FILTERLIST:FIND_OK
1671564064565 inf [network] > prefs FILTERLIST:FIND_OK
1671564064565 inf [network] > prefs FILTERLIST:FIND_OK
1671564064600 inf [network] < prefs FILTERLIST:FIND
1671564064601 inf [network] < prefs FILTERLIST:FIND
1671564064601 inf [network] < prefs FILTERLIST:FIND
1671564064659 inf [network] > prefs FILTERLIST:FIND_OK
1671564064659 inf [network] > prefs FILTERLIST:FIND_OK
1671564064660 inf [network] > prefs FILTERLIST:FIND_OK
1671564064808 inf [network] < prefs FILTERLIST:FIND
1671564064809 inf [network] < prefs FILTERLIST:FIND
1671564064809 inf [network] < prefs FILTERLIST:FIND
1671564064878 inf [network] > prefs FILTERLIST:FIND_OK
1671564064879 inf [network] > prefs FILTERLIST:FIND_OK
1671564064927 inf [network] > prefs FILTERLIST:FIND_OK
1671564066592 inf [app] Exit
1671564066594 inf [tracker] Closed
