1672431817854 inf [app] Launch
1672431817976 inf [scene] Bridge initialize
1672431817992 inf [scene] Scene open
1672431818004 inf [scene.1] Scene create
1672431818039 inf [scene.1] Scene loading
1672431818050 inf [app] Checking for update
1672431818262 inf [app] Update for version 1.26.3 is not available (latest version: 1.26.3, downgrade is disallowed).
1672431818937 inf [scene.1] Browser loaded
1672431818946 inf [scene.1] Scene bridge loaded
1672431819049 inf [tracker] Listening on port: 8003
1672431820556 inf [api] < Service core/authentication/token/generate
1672431820558 inf [network] > Http https://wapi.winamax.fr/core/authentication/token/generate post
1672431820647 inf [network] > Http https://wapi.winamax.fr/core/authentication/token/generate ok
1672431820649 inf [api] > Service core/authentication/token/generate
1672431820650 inf [api] < Service poker/public/config/preauth {"client":"poker","application":"desktop","opid":"wam","device":"electron","ver":"1.26.3.1671552372","os":"win32","cid":"b94b276db79aabbcbfbe64cabbfea685"}
1672431820652 inf [network] > Http https://api.winamax.fr/poker/public/config/preauth?client=poker&application=desktop&opid=wam&device=electron&ver=1.26.3.1671552372&os=win32&cid=b94b276db79aabbcbfbe64cabbfea685 get
1672431820744 inf [network] > Http https://api.winamax.fr/poker/public/config/preauth?client=poker&application=desktop&opid=wam&device=electron&ver=1.26.3.1671552372&os=win32&cid=b94b276db79aabbcbfbe64cabbfea685 ok
1672431820747 inf [api] > Service poker/public/config/preauth {"core":{"type":"wss","retry":{"count":3,"timeout":10000,"delay":2000,"random":1000},"hosts":["wapi.winamax.fr:443/poker/front/ws/websocket"],"enable":true,"zombie":{"duration":45000},"socket":{"sleep":10,"buffer":16384},"monitor":{"interrupted":true}},"features":{"vm":false,"playground":{"threshold":1000},"time":{"duration":10}},"serverstatus":{"status":"up","polling":300,"i18n":{"de_DE":{"title":"","info":"Alle Dienste sind verfügbar"},"fr_FR":{"title":"","info":"Tous les services sont fonctionnels"},"en_GB":{"title":"","info":"All services are operational."},"*":{"title":"","info":"All services are operational."},"en_US":{"title":"","info":"All services are operational."},"es_ES":{"title":"","info":"All services are operational."},"pt_PT":{"title":"","info":"All services are operational."}}},"auth":{"version":2,"timeout":6000,"refresh":{"count":3,"delay":2500}}}
1672431820753 inf [network] Registering channel prefs
1672431820753 inf [network] Enqueuing AUTH:SIGNIN
1672431820755 inf [network] Creating socket wss://wapi.winamax.fr:443/poker/front/ws/websocket
1672431820756 inf [network] Connection status: 1
1672431820879 inf [network] Socket opened
1672431820880 inf [network] Connection status: 2
1672431820881 inf [network] Connection status: 3
1672431820883 inf [network] < prefs AUTH:SIGNIN
1672431821036 inf [network] > prefs AUTH:SIGNIN_OK
1672431821037 inf [network] Connection status: 4
1672431821043 inf [network] < prefs TIME:GET
1672431821050 inf [network] < prefs GAMESTATS:JOIN
1672431821061 inf [network] > prefs TIME:GET_OK
1672431821072 inf [api] < Service poker/client/prefs
1672431821072 inf [network] > Http https://wapi.winamax.fr/poker/client/prefs post
1672431821075 inf [network] > prefs NOTIFICATION:POST_INFO
1672431821128 inf [network] > prefs GAMESTATS:JOIN_OK
1672431821146 inf [network] > Http https://wapi.winamax.fr/poker/client/prefs ok
1672431821146 inf [api] > Service poker/client/prefs
1672431821157 inf [router] Execute: wam://preload-ok
1672431821159 inf [router] Navigate: wam://lobbies
1672431821162 inf [network] > Http https://dl.winamax.fr/client/attr/settings/wam/config.1624292306 get
1672431821164 inf [network] > Http https://dl.winamax.fr/client/attr/settings/wam/ressource.1624283658 get
1672431821168 inf [router] Navigation done: wam://lobbies
1672431821171 inf [router] Execution done: wam://preload-ok
1672431821172 inf [network] Registering channel subscriptions
1672431821173 inf [api] < Service operator/userdata
1672431821173 inf [network] > Http https://wapi.winamax.fr/operator/userdata post
1672431821177 inf [api] < Service operator/winamax-tv/public
1672431821178 inf [network] > Http https://wapi.winamax.fr/operator/winamax-tv/public post
1672431821180 inf [network] < prefs SRM:JOIN
1672431821181 inf [network] < prefs NEWS:GET
1672431821182 inf [network] < prefs DATA:GET
1672431821183 inf [network] < prefs BUDDY:GET
1672431821184 inf [network] < prefs BUDDYROOM:JOIN
1672431821189 inf [network] < prefs TIME:GET
1672431821190 inf [network] < prefs CASHIER:GET
1672431821191 inf [network] < prefs CASHIER:LIST
1672431821191 inf [network] < prefs CASHIER:GET
1672431821192 inf [network] < prefs CASHIER:LIST
1672431821195 inf [network] < subscriptions FILTERLIST:CREATE
1672431821196 inf [network] < subscriptions FILTERLIST:CREATE
1672431821197 inf [network] < subscriptions FILTERLIST:CREATE
1672431821205 inf [network] > prefs SRM:JOIN_OK
1672431821207 inf [network] > prefs TIME:GET_OK
1672431821214 inf [network] > prefs BUDDYROOM:JOIN_OK
1672431821216 inf [network] > prefs CASHIER:GET_OK
1672431821219 inf [network] > prefs CASHIER:LIST_OK
1672431821220 inf [network] > prefs CASHIER:GET_OK
1672431821229 inf [network] > prefs CASHIER:LIST_OK
1672431821230 inf [network] > subscriptions FILTERLIST:CREATE_OK
1672431821231 inf [network] > subscriptions FILTERLIST:SET
1672431821233 inf [network] > subscriptions FILTERLIST:CREATE_OK
1672431821234 inf [network] > subscriptions FILTERLIST:SET
1672431821235 inf [network] > subscriptions FILTERLIST:CREATE_OK
1672431821235 inf [network] > subscriptions FILTERLIST:SET
1672431821237 inf [network] > prefs NEWS:GET_OK
1672431821242 inf [network] > Http https://dl.winamax.fr/client/attr/settings/wam/config.1624292306 ok
1672431821246 inf [network] > prefs DATA:GET_ERR
1672431821248 inf [network] > Http https://dl.winamax.fr/client/attr/settings/wam/ressource.1624283658 ok
1672431821275 inf [network] > Http https://wapi.winamax.fr/operator/winamax-tv/public ok
1672431821276 inf [api] > Service operator/winamax-tv/public
1672431821284 inf [network] > prefs BUDDY:GET_OK
1672431821292 inf [network] < prefs BUDDYROOM:JOIN
1672431821300 inf [network] Registering channel wam.general.t1
1672431821301 inf [network] < wam.general.t1 CHATROOM:JOIN
1672431821315 inf [network] > prefs BUDDYROOM:JOIN_OK
1672431821326 inf [network] > wam.general.t1 CHATROOM:JOIN_OK
1672431821341 inf [network] > Http https://wapi.winamax.fr/operator/userdata ok
1672431821342 inf [api] > Service operator/userdata
1672431823161 inf [api] < Service poker/client/prefs
1672431823162 inf [network] > Http https://wapi.winamax.fr/poker/client/prefs post
1672431823232 inf [network] > Http https://wapi.winamax.fr/poker/client/prefs ok
1672431823232 inf [api] > Service poker/client/prefs
1672431825650 inf [app] Exit
1672431825656 inf [tracker] Closed
