1673573141567 inf [app] Launch
1673573141617 inf [scene] Bridge initialize
1673573141628 inf [scene] Scene open
1673573141635 inf [scene.1] Scene create
1673573141666 inf [scene.1] Scene loading
1673573141674 inf [app] Checking for update
1673573141827 inf [app] Update for version 1.26.3 is not available (latest version: 1.26.3, downgrade is disallowed).
1673573142194 inf [scene.1] Browser loaded
1673573142204 inf [scene.1] Scene bridge loaded
1673573142324 inf [tracker] Listening on port: 8003
1673573144120 inf [api] < Service core/authentication/token/generate
1673573144121 inf [network] > Http https://wapi.winamax.fr/core/authentication/token/generate post
1673573144212 inf [network] > Http https://wapi.winamax.fr/core/authentication/token/generate ok
1673573144215 inf [api] > Service core/authentication/token/generate
1673573144218 inf [api] < Service poker/public/config/preauth {"client":"poker","application":"desktop","opid":"wam","device":"electron","ver":"1.26.3.1671552372","os":"win32","cid":"b94b276db79aabbcbfbe64cabbfea685"}
1673573144219 inf [network] > Http https://api.winamax.fr/poker/public/config/preauth?client=poker&application=desktop&opid=wam&device=electron&ver=1.26.3.1671552372&os=win32&cid=b94b276db79aabbcbfbe64cabbfea685 get
1673573144306 inf [network] > Http https://api.winamax.fr/poker/public/config/preauth?client=poker&application=desktop&opid=wam&device=electron&ver=1.26.3.1671552372&os=win32&cid=b94b276db79aabbcbfbe64cabbfea685 ok
1673573144309 inf [api] > Service poker/public/config/preauth {"core":{"type":"wss","retry":{"count":3,"timeout":10000,"delay":2000,"random":1000},"hosts":["wapi.winamax.fr:443/poker/front/ws/websocket"],"enable":true,"zombie":{"duration":45000},"socket":{"sleep":10,"buffer":16384},"monitor":{"interrupted":true}},"features":{"vm":false,"playground":{"threshold":1000},"time":{"duration":10}},"serverstatus":{"status":"up","polling":300,"i18n":{"de_DE":{"title":"","info":"Alle Dienste sind verfügbar"},"fr_FR":{"title":"","info":"Tous les services sont fonctionnels"},"en_GB":{"title":"","info":"All services are operational."},"*":{"title":"","info":"All services are operational."},"en_US":{"title":"","info":"All services are operational."},"es_ES":{"title":"","info":"All services are operational."},"pt_PT":{"title":"","info":"All services are operational."}}},"auth":{"version":2,"timeout":6000,"refresh":{"count":3,"delay":2500}},"wspush":{"connection":{"interval":31000,"timeout":25000},"request":{"retry":{"count":0},"timeout":5000},"monitor":{"interrupted":true}},"updater":{"download":{"delay":120000}}}
1673573144326 inf [network] Registering channel prefs
1673573144327 inf [network] Enqueuing AUTH:SIGNIN
1673573144328 inf [network] Creating socket wss://wapi.winamax.fr:443/poker/front/ws/websocket
1673573144331 inf [network] Connection status: 1
1673573144416 inf [network] Socket opened
1673573144417 inf [network] Connection status: 2
1673573144419 inf [network] Connection status: 3
1673573144421 inf [network] < prefs AUTH:SIGNIN
1673573144694 inf [network] > prefs AUTH:SIGNIN_OK
1673573144695 inf [network] Connection status: 4
1673573144699 inf [network] > prefs NOTIFICATION:POST_INFO
1673573144701 inf [network] < prefs TIME:GET
1673573144704 inf [network] < prefs GAMESTATS:JOIN
1673573144718 inf [network] > prefs TIME:GET_OK
1673573144727 inf [api] < Service poker/client/prefs
1673573144728 inf [network] > Http https://wapi.winamax.fr/poker/client/prefs post
1673573144778 inf [network] > prefs GAMESTATS:JOIN_OK
1673573144806 inf [network] > Http https://wapi.winamax.fr/poker/client/prefs ok
1673573144807 inf [api] > Service poker/client/prefs
1673573144820 inf [router] Execute: wam://preload-ok
1673573144821 inf [router] Navigate: wam://lobbies
1673573144823 inf [network] > Http https://dl.winamax.fr/client/attr/settings/wam/config.1624292306 get
1673573144825 inf [network] > Http https://dl.winamax.fr/client/attr/settings/wam/ressource.1624283658 get
1673573144829 inf [router] Navigation done: wam://lobbies
1673573144831 inf [router] Execution done: wam://preload-ok
1673573144832 inf [network] Registering channel subscriptions
1673573144833 inf [api] < Service operator/userdata
1673573144834 inf [network] > Http https://wapi.winamax.fr/operator/userdata post
1673573144838 inf [api] < Service operator/winamax-tv/public
1673573144839 inf [network] > Http https://wapi.winamax.fr/operator/winamax-tv/public post
1673573144841 inf [network] < prefs SRM:JOIN
1673573144842 inf [network] < prefs NEWS:GET
1673573144843 inf [network] < prefs DATA:GET
1673573144845 inf [network] < prefs BUDDY:GET
1673573144847 inf [network] < prefs BUDDYROOM:JOIN
1673573144852 inf [network] < prefs TIME:GET
1673573144853 inf [network] < prefs CASHIER:GET
1673573144854 inf [network] < prefs CASHIER:LIST
1673573144855 inf [network] < prefs CASHIER:GET
1673573144855 inf [network] < prefs CASHIER:LIST
1673573144857 inf [network] < subscriptions FILTERLIST:CREATE
1673573144858 inf [network] < subscriptions FILTERLIST:CREATE
1673573144859 inf [network] < subscriptions FILTERLIST:CREATE
1673573144862 inf [network] > prefs SRM:JOIN_OK
1673573144872 inf [network] > prefs BUDDYROOM:JOIN_OK
1673573144874 inf [network] > prefs TIME:GET_OK
1673573144885 inf [network] > prefs CASHIER:GET_OK
1673573144887 inf [network] > prefs CASHIER:LIST_OK
1673573144889 inf [network] > prefs CASHIER:GET_OK
1673573144902 inf [network] > prefs CASHIER:LIST_OK
1673573144903 inf [network] > subscriptions FILTERLIST:CREATE_OK
1673573144906 inf [network] > subscriptions FILTERLIST:SET
1673573144907 inf [network] > subscriptions FILTERLIST:CREATE_OK
1673573144907 inf [network] > subscriptions FILTERLIST:SET
1673573144908 inf [network] > subscriptions FILTERLIST:CREATE_OK
1673573144909 inf [network] > subscriptions FILTERLIST:SET
1673573144913 inf [network] > prefs DATA:GET_ERR
1673573144920 inf [network] > Http https://dl.winamax.fr/client/attr/settings/wam/config.1624292306 ok
1673573144921 inf [network] > Http https://dl.winamax.fr/client/attr/settings/wam/ressource.1624283658 ok
1673573144929 inf [network] > Http https://wapi.winamax.fr/operator/winamax-tv/public ok
1673573144930 inf [api] > Service operator/winamax-tv/public
1673573144939 inf [network] > prefs NEWS:GET_OK
1673573144940 inf [network] > prefs BUDDY:GET_OK
1673573144942 inf [network] < prefs BUDDYROOM:JOIN
1673573144963 inf [network] > prefs BUDDYROOM:JOIN_OK
1673573145024 inf [network] Registering channel wam.general.t1
1673573145024 inf [network] < wam.general.t1 CHATROOM:JOIN
1673573145030 inf [network] > Http https://wapi.winamax.fr/operator/userdata ok
1673573145031 inf [api] > Service operator/userdata
1673573145046 inf [network] > wam.general.t1 CHATROOM:JOIN_OK
1673573146824 inf [api] < Service poker/client/prefs
1673573146825 inf [network] > Http https://wapi.winamax.fr/poker/client/prefs post
1673573146920 inf [network] > Http https://wapi.winamax.fr/poker/client/prefs ok
1673573146921 inf [api] > Service poker/client/prefs
1673573152045 inf [network] > wam.general.t1 CHATROOM:POST_INFO
1673573154826 inf [network] < prefs TIME:GET
1673573154861 inf [network] > prefs TIME:GET_OK
1673573164835 inf [network] < prefs TIME:GET
1673573164852 inf [network] > prefs TIME:GET_OK
1673573170916 inf [network] > wam.general.t1 CHATROOM:POST_INFO
1673573174835 inf [network] < prefs TIME:GET
1673573174855 inf [network] > prefs TIME:GET_OK
1673573184828 inf [network] < prefs TIME:GET
1673573184849 inf [network] > prefs TIME:GET_OK
1673573194835 inf [network] < prefs TIME:GET
1673573194852 inf [network] > prefs TIME:GET_OK
1673573204837 inf [network] < prefs TIME:GET
1673573204857 inf [network] > prefs TIME:GET_OK
1673573214837 inf [network] < prefs TIME:GET
1673573214857 inf [network] > prefs TIME:GET_OK
1673573224847 inf [network] < prefs TIME:GET
1673573224866 inf [network] > prefs TIME:GET_OK
1673573234847 inf [network] < prefs TIME:GET
1673573234868 inf [network] > prefs TIME:GET_OK
1673573241051 inf [network] > wam.general.t1 CHATROOM:POST_INFO
1673573244847 inf [network] < prefs TIME:GET
1673573244867 inf [network] > prefs TIME:GET_OK
1673573253236 inf [network] > wam.general.t1 CHATROOM:POST_INFO
1673573254847 inf [network] < prefs TIME:GET
1673573254867 inf [network] > prefs TIME:GET_OK
1673573264856 inf [network] < prefs TIME:GET
1673573264877 inf [network] > prefs TIME:GET_OK
1673573268083 inf [network] > wam.general.t1 CHATROOM:POST_INFO
1673573274857 inf [network] < prefs TIME:GET
1673573274877 inf [network] > prefs TIME:GET_OK
1673573283190 inf [router] Navigate: wam://lobby-home
1673573283193 inf [router] Navigation done: wam://lobby-home
1673573284866 inf [network] < prefs TIME:GET
1673573284885 inf [network] > prefs TIME:GET_OK
1673573285368 inf [router] Navigate: wam://lobby-mtt
1673573285370 inf [router] Navigation done: wam://lobby-mtt
1673573285406 inf [network] Registering channel lo
1673573285407 inf [router] Execute: wam://lobby-preview?rk=&type=
1673573285408 inf [router] Execution done: wam://lobby-preview?rk=&type=
1673573285426 inf [network] < lo FILTERLIST:CREATE
1673573285452 inf [network] > lo FILTERLIST:CREATE_OK
1673573285472 inf [network] > lo FILTERLIST:SET
1673573285486 inf [router] Execute: wam://lobby-preview?rk=tt6.ttmgr.tt6_8.t611295438&type=tournament
1673573285489 inf [router] Execution done: wam://lobby-preview?rk=tt6.ttmgr.tt6_8.t611295438&type=tournament
1673573285490 inf [network] Registering channel tt6.ttmgr.tt6_8.t611295438
1673573285506 inf [network] < tt6.ttmgr.tt6_8.t611295438 TOURNAMENT:JOIN
1673573285533 inf [network] > tt6.ttmgr.tt6_8.t611295438 TOURNAMENT:JOIN_OK
1673573285534 inf [network] > tt6.ttmgr.tt6_8.t611295438 CHATROOM:JOIN_OK
1673573289856 inf [network] < lo FILTERLIST:CHANGE
1673573289880 inf [network] > lo FILTERLIST:CHANGE_OK
1673573289888 inf [network] > lo FILTERLIST:SET
1673573292086 inf [network] < lo FILTERLIST:CHANGE
1673573292108 inf [network] > lo FILTERLIST:CHANGE_OK
1673573292116 inf [network] > lo FILTERLIST:SET
1673573292751 inf [network] > wam.general.t1 CHATROOM:POST_INFO
1673573293686 inf [network] < lo FILTERLIST:CHANGE
1673573293707 inf [network] > lo FILTERLIST:CHANGE_OK
1673573293718 inf [network] > lo FILTERLIST:SET
1673573294856 inf [network] < prefs TIME:GET
1673573294875 inf [network] > prefs TIME:GET_OK
1673573295116 inf [network] < lo FILTERLIST:CHANGE
1673573295139 inf [network] > lo FILTERLIST:CHANGE_OK
1673573295147 inf [network] > lo FILTERLIST:SET
1673573298088 inf [network] > tt6.ttmgr.tt6_8.t611295438 TOURNAMENT:STATUS
1673573298483 inf [network] < lo FILTERLIST:CHANGE
1673573298506 inf [network] > lo FILTERLIST:CHANGE_OK
1673573298513 inf [network] > lo FILTERLIST:SET
1673573299930 inf [network] > wam.general.t1 CHATROOM:POST_INFO
1673573300416 inf [network] < lo FILTERLIST:CHANGE
1673573300440 inf [network] > lo FILTERLIST:CHANGE_OK
1673573300444 inf [network] > lo FILTERLIST:SET
1673573300543 inf [network] > tt6.ttmgr.tt6_8.t611295438 TOURNAMENT:STATUS
1673573302456 inf [network] < lo FILTERLIST:CHANGE
1673573302479 inf [network] > lo FILTERLIST:CHANGE_OK
1673573302488 inf [network] > lo FILTERLIST:SET
1673573303938 inf [network] < lo FILTERLIST:CHANGE
1673573303958 inf [network] > lo FILTERLIST:CHANGE_OK
1673573303966 inf [network] > lo FILTERLIST:SET
1673573304866 inf [network] < prefs TIME:GET
1673573304884 inf [network] > prefs TIME:GET_OK
1673573305282 inf [network] < lo FILTERLIST:CHANGE
1673573305341 inf [network] > lo FILTERLIST:CHANGE_OK
1673573305350 inf [network] > lo FILTERLIST:SET
1673573306388 inf [network] < lo FILTERLIST:CHANGE
1673573306409 inf [network] > lo FILTERLIST:CHANGE_OK
1673573306418 inf [network] > lo FILTERLIST:SET
1673573309676 inf [network] < lo FILTERLIST:CHANGE
1673573309700 inf [network] > lo FILTERLIST:CHANGE_OK
1673573309705 inf [network] > lo FILTERLIST:SET
1673573310878 inf [network] < lo FILTERLIST:CHANGE
1673573310903 inf [network] > lo FILTERLIST:CHANGE_OK
1673573310911 inf [network] > lo FILTERLIST:SET
1673573312026 inf [network] < lo FILTERLIST:CHANGE
1673573312048 inf [network] > lo FILTERLIST:CHANGE_OK
1673573312053 inf [network] > lo FILTERLIST:SET
1673573313006 inf [network] < lo FILTERLIST:CHANGE
1673573313029 inf [network] > lo FILTERLIST:CHANGE_OK
1673573313038 inf [network] > lo FILTERLIST:SET
1673573314032 inf [network] < lo FILTERLIST:CHANGE
1673573314054 inf [network] > lo FILTERLIST:CHANGE_OK
1673573314061 inf [network] > lo FILTERLIST:SET
1673573314472 inf [network] > wam.general.t1 CHATROOM:POST_INFO
1673573314876 inf [network] < prefs TIME:GET
1673573314895 inf [network] > prefs TIME:GET_OK
1673573315488 inf [network] < lo FILTERLIST:CHANGE
1673573315511 inf [network] > lo FILTERLIST:CHANGE_OK
1673573315518 inf [network] > lo FILTERLIST:SET
1673573315785 inf [network] < lo FILTERLIST:CHANGE
1673573315810 inf [network] > lo FILTERLIST:CHANGE_OK
1673573315814 inf [network] > lo FILTERLIST:SET
1673573319008 inf [network] < lo FILTERLIST:CHANGE
1673573319031 inf [network] > lo FILTERLIST:CHANGE_OK
1673573319038 inf [network] > lo FILTERLIST:SET
1673573319607 inf [network] < lo FILTERLIST:CHANGE
1673573319639 inf [network] > lo FILTERLIST:CHANGE_OK
1673573319641 inf [network] > lo FILTERLIST:SET
1673573321651 inf [router] Execute: wam://lobby-preview?rk=tt.ttmgr.tt_1.t611664425&type=tournament
1673573321653 inf [router] Execution done: wam://lobby-preview?rk=tt.ttmgr.tt_1.t611664425&type=tournament
1673573321654 inf [network] Registering channel tt.ttmgr.tt_1.t611664425
1673573321668 inf [network] < tt.ttmgr.tt_1.t611664425 TOURNAMENT:JOIN
1673573321695 inf [network] > tt.ttmgr.tt_1.t611664425 TOURNAMENT:JOIN_OK
1673573321696 inf [network] > tt.ttmgr.tt_1.t611664425 CHATROOM:JOIN_OK
1673573324667 inf [network] < tt6.ttmgr.tt6_8.t611295438 TOURNAMENT:LEAVE
1673573324669 inf [network] Leaving channel tt6.ttmgr.tt6_8.t611295438
1673573324857 inf [network] < prefs TIME:GET
1673573324892 inf [network] > prefs TIME:GET_OK
1673573326171 inf [router] Navigate: wam://tournament?ttrk=tt.ttmgr.tt_1.t611664425&name=GUERILLA
1673573326173 inf [router] Navigation done: wam://tournament?ttrk=tt.ttmgr.tt_1.t611664425&name=GUERILLA
1673573326224 inf [network] < tt.ttmgr.tt_1.t611664425 FILTERLIST:CREATE
1673573326249 inf [network] > tt.ttmgr.tt_1.t611664425 FILTERLIST:CREATE_OK
1673573326250 inf [network] > tt.ttmgr.tt_1.t611664425 FILTERLIST:SET
1673573328561 inf [router] Navigate: https://www.winamax.fr/les-tournois_tous-les-tournois_tournois-knockout
1673573328563 inf [router] Open: https://www.winamax.fr/les-tournois_tous-les-tournois_tournois-knockout
1673573328564 inf [router] Navigation done: https://www.winamax.fr/les-tournois_tous-les-tournois_tournois-knockout
1673573334439 inf [network] > wam.general.t1 CHATROOM:POST_INFO
1673573334867 inf [network] < prefs TIME:GET
1673573334886 inf [network] > prefs TIME:GET_OK
1673573344857 inf [network] < prefs TIME:GET
1673573344874 inf [network] > prefs TIME:GET_OK
1673573346237 inf [network] < lo FILTERLIST:DELETE
1673573346239 inf [router] Execute: wam://lobby-preview?rk=&type=
1673573346241 inf [router] Execution done: wam://lobby-preview?rk=&type=
1673573346258 inf [network] > lo FILTERLIST:DELETE_OK
1673573354867 inf [network] < prefs TIME:GET
1673573354892 inf [network] > prefs TIME:GET_OK
1673573364877 inf [network] < prefs TIME:GET
1673573364895 inf [network] > prefs TIME:GET_OK
1673573371557 inf [network] > wam.general.t1 CHATROOM:POST_INFO
1673573374877 inf [network] < prefs TIME:GET
1673573374897 inf [network] > prefs TIME:GET_OK
1673573384876 inf [network] < prefs TIME:GET
1673573384897 inf [network] > prefs TIME:GET_OK
1673573385748 inf [network] > wam.general.t1 CHATROOM:POST_INFO
1673573392294 inf [network] > wam.general.t1 CHATROOM:POST_INFO
1673573394877 inf [network] < prefs TIME:GET
1673573394896 inf [network] > prefs TIME:GET_OK
1673573403560 inf [network] > wam.general.t1 CHATROOM:POST_INFO
1673573404888 inf [network] < prefs TIME:GET
1673573404908 inf [network] > prefs TIME:GET_OK
1673573410419 inf [network] > wam.general.t1 CHATROOM:POST_INFO
1673573414887 inf [network] < prefs TIME:GET
1673573414905 inf [network] > prefs TIME:GET_OK
1673573424887 inf [network] < prefs TIME:GET
1673573424907 inf [network] > prefs TIME:GET_OK
1673573434897 inf [network] < prefs TIME:GET
1673573434915 inf [network] > prefs TIME:GET_OK
1673573441752 inf [network] > wam.general.t1 CHATROOM:POST_INFO
1673573444906 inf [network] < prefs TIME:GET
1673573444926 inf [network] > prefs TIME:GET_OK
1673573454897 inf [network] < prefs TIME:GET
1673573454917 inf [network] > prefs TIME:GET_OK
1673573462540 inf [network] > wam.general.t1 CHATROOM:POST_INFO
1673573463872 inf [network] > wam.general.t1 CHATROOM:POST_INFO
1673573464906 inf [network] < prefs TIME:GET
1673573464928 inf [network] > prefs TIME:GET_OK
1673573465664 inf [network] > wam.general.t1 CHATROOM:POST_INFO
1673573474926 inf [network] < prefs TIME:GET
1673573474946 inf [network] > prefs TIME:GET_OK
1673573475852 inf [network] > wam.general.t1 CHATROOM:POST_INFO
1673573479333 inf [network] > wam.general.t1 CHATROOM:POST_INFO
1673573481688 inf [network] > wam.general.t1 CHATROOM:POST_INFO
1673573482785 inf [network] > wam.general.t1 CHATROOM:POST_INFO
1673573484920 inf [network] < prefs TIME:GET
1673573484943 inf [network] > prefs TIME:GET_OK
1673573494937 inf [network] < prefs TIME:GET
1673573494957 inf [network] > prefs TIME:GET_OK
1673573496128 inf [network] > wam.general.t1 CHATROOM:POST_INFO
1673573504927 inf [network] < prefs TIME:GET
1673573504948 inf [network] > prefs TIME:GET_OK
1673573509238 inf [network] > wam.general.t1 CHATROOM:POST_INFO
1673573514938 inf [network] < prefs TIME:GET
1673573514958 inf [network] > prefs TIME:GET_OK
1673573524937 inf [network] < prefs TIME:GET
1673573524959 inf [network] > prefs TIME:GET_OK
1673573526336 inf [network] > wam.general.t1 CHATROOM:POST_INFO
1673573531438 inf [network] > wam.general.t1 CHATROOM:POST_INFO
1673573534946 inf [network] < prefs TIME:GET
1673573534966 inf [network] > prefs TIME:GET_OK
1673573539239 inf [network] > wam.general.t1 CHATROOM:POST_INFO
1673573544947 inf [network] < prefs TIME:GET
1673573544967 inf [network] > prefs TIME:GET_OK
1673573554956 inf [network] < prefs TIME:GET
1673573554977 inf [network] > prefs TIME:GET_OK
1673573556954 inf [network] > wam.general.t1 CHATROOM:POST_INFO
1673573564957 inf [network] < prefs TIME:GET
1673573564975 inf [network] > prefs TIME:GET_OK
1673573569958 inf [network] > wam.general.t1 CHATROOM:POST_INFO
1673573570035 inf [network] > wam.general.t1 CHATROOM:POST_INFO
1673573574947 inf [network] < prefs TIME:GET
1673573574967 inf [network] > prefs TIME:GET_OK
1673573576843 inf [network] > wam.general.t1 CHATROOM:POST_INFO
1673573584947 inf [network] < prefs TIME:GET
1673573584967 inf [network] > prefs TIME:GET_OK
1673573594955 inf [network] < prefs TIME:GET
1673573594976 inf [network] > prefs TIME:GET_OK
1673573604956 inf [network] < prefs TIME:GET
1673573604984 inf [network] > prefs TIME:GET_OK
1673573609279 inf [network] > wam.general.t1 CHATROOM:POST_INFO
1673573614504 inf [network] > wam.general.t1 CHATROOM:POST_INFO
1673573614966 inf [network] < prefs TIME:GET
1673573614986 inf [network] > prefs TIME:GET_OK
1673573618598 inf [network] > wam.general.t1 CHATROOM:POST_INFO
1673573618905 inf [network] > wam.general.t1 CHATROOM:POST_INFO
1673573619648 inf [network] > wam.general.t1 CHATROOM:POST_INFO
1673573624966 inf [network] < prefs TIME:GET
1673573624986 inf [network] > prefs TIME:GET_OK
1673573634959 inf [network] < prefs TIME:GET
1673573634982 inf [network] > prefs TIME:GET_OK
1673573636007 inf [network] > wam.general.t1 CHATROOM:POST_INFO
1673573644957 inf [network] < prefs TIME:GET
1673573644978 inf [network] > prefs TIME:GET_OK
1673573649626 inf [network] > wam.general.t1 CHATROOM:POST_INFO
1673573651367 inf [network] > wam.general.t1 CHATROOM:POST_INFO
1673573654977 inf [network] < prefs TIME:GET
1673573654996 inf [network] > prefs TIME:GET_OK
1673573664978 inf [network] < prefs TIME:GET
1673573664999 inf [network] > prefs TIME:GET_OK
1673573674986 inf [network] < prefs TIME:GET
1673573675007 inf [network] > prefs TIME:GET_OK
1673573684986 inf [network] < prefs TIME:GET
1673573685006 inf [network] > prefs TIME:GET_OK
1673573691712 inf [network] > wam.general.t1 CHATROOM:POST_INFO
1673573695006 inf [network] < prefs TIME:GET
1673573695023 inf [network] > prefs TIME:GET_OK
1673573698450 inf [network] > wam.general.t1 CHATROOM:POST_INFO
1673573698986 inf [network] > wam.general.t1 CHATROOM:POST_INFO
1673573705006 inf [network] < prefs TIME:GET
1673573705026 inf [network] > prefs TIME:GET_OK
1673573715016 inf [network] < prefs TIME:GET
1673573715036 inf [network] > prefs TIME:GET_OK
1673573718950 inf [network] > wam.general.t1 CHATROOM:POST_INFO
1673573725017 inf [network] < prefs TIME:GET
1673573725038 inf [network] > prefs TIME:GET_OK
1673573735026 inf [network] < prefs TIME:GET
1673573735047 inf [network] > prefs TIME:GET_OK
1673573744827 inf [api] < Service operator/userdata
1673573744829 inf [network] > Http https://wapi.winamax.fr/operator/userdata post
1673573744834 inf [network] < prefs CASHIER:GET
1673573744835 inf [network] < prefs CASHIER:LIST
1673573744837 inf [network] < prefs CASHIER:GET
1673573744838 inf [network] < prefs CASHIER:LIST
1673573744859 inf [network] > prefs CASHIER:GET_OK
1673573744861 inf [network] > prefs CASHIER:LIST_OK
1673573744862 inf [network] > prefs CASHIER:GET_OK
1673573744870 inf [network] > prefs CASHIER:LIST_OK
1673573745018 inf [network] < prefs TIME:GET
1673573745052 inf [network] > prefs TIME:GET_OK
1673573745071 inf [network] > Http https://wapi.winamax.fr/operator/userdata ok
1673573745073 inf [api] > Service operator/userdata
1673573749299 inf [network] > wam.general.t1 CHATROOM:POST_INFO
1673573755032 inf [network] < prefs TIME:GET
1673573755050 inf [network] > prefs TIME:GET_OK
1673573765038 inf [network] < prefs TIME:GET
1673573765097 inf [network] > prefs TIME:GET_OK
1673573773735 inf [network] > wam.general.t1 CHATROOM:POST_INFO
1673573775038 inf [network] < prefs TIME:GET
1673573775058 inf [network] > prefs TIME:GET_OK
1673573785038 inf [network] < prefs TIME:GET
1673573785055 inf [network] > prefs TIME:GET_OK
1673573785512 inf [network] > wam.general.t1 CHATROOM:POST_INFO
1673573795038 inf [network] < prefs TIME:GET
1673573795059 inf [network] > prefs TIME:GET_OK
1673573802817 inf [network] > wam.general.t1 CHATROOM:POST_INFO
1673573805047 inf [network] < prefs TIME:GET
1673573805069 inf [network] > prefs TIME:GET_OK
1673573808816 inf [network] > wam.general.t1 CHATROOM:POST_INFO
1673573809319 inf [network] > wam.general.t1 CHATROOM:POST_INFO
1673573815047 inf [network] < prefs TIME:GET
1673573815065 inf [network] > prefs TIME:GET_OK
1673573816726 inf [network] > wam.general.t1 CHATROOM:POST_INFO
1673573819228 inf [network] > wam.general.t1 CHATROOM:POST_INFO
1673573819530 inf [network] > wam.general.t1 CHATROOM:POST_INFO
1673573823082 inf [network] > wam.general.t1 CHATROOM:POST_INFO
1673573825046 inf [network] < prefs TIME:GET
1673573825065 inf [network] > prefs TIME:GET_OK
1673573828188 inf [network] > wam.general.t1 CHATROOM:POST_INFO
1673573835047 inf [network] < prefs TIME:GET
1673573835067 inf [network] > prefs TIME:GET_OK
1673573844595 inf [network] > wam.general.t1 CHATROOM:POST_INFO
1673573845046 inf [network] < prefs TIME:GET
1673573845068 inf [network] > prefs TIME:GET_OK
1673573852176 inf [network] > wam.general.t1 CHATROOM:POST_INFO
1673573855058 inf [network] < prefs TIME:GET
1673573855078 inf [network] > prefs TIME:GET_OK
1673573859853 inf [network] > wam.general.t1 CHATROOM:POST_INFO
1673573861798 inf [network] > wam.general.t1 CHATROOM:POST_INFO
1673573864870 inf [network] > wam.general.t1 CHATROOM:POST_INFO
1673573865057 inf [network] < prefs TIME:GET
1673573865077 inf [network] > prefs TIME:GET_OK
1673573875058 inf [network] < prefs TIME:GET
1673573875064 inf [network] > wam.general.t1 CHATROOM:POST_INFO
1673573875078 inf [network] > prefs TIME:GET_OK
1673573875998 inf [network] > wam.general.t1 CHATROOM:POST_INFO
1673573885055 inf [network] < prefs TIME:GET
1673573885074 inf [network] > prefs TIME:GET_OK
1673573888524 inf [network] > wam.general.t1 CHATROOM:POST_INFO
1673573895053 inf [network] < prefs TIME:GET
1673573895071 inf [network] > prefs TIME:GET_OK
1673573897373 inf [network] > wam.general.t1 CHATROOM:POST_INFO
1673573904908 inf [network] > wam.general.t1 CHATROOM:POST_INFO
1673573905058 inf [network] < prefs TIME:GET
1673573905077 inf [network] > prefs TIME:GET_OK
1673573908389 inf [network] > wam.general.t1 CHATROOM:POST_INFO
1673573912281 inf [network] > wam.general.t1 CHATROOM:POST_INFO
1673573915068 inf [network] < prefs TIME:GET
1673573915088 inf [network] > prefs TIME:GET_OK
1673573925068 inf [network] < prefs TIME:GET
1673573925088 inf [network] > prefs TIME:GET_OK
1673573925798 inf [network] > wam.general.t1 CHATROOM:POST_INFO
1673573932252 inf [network] > wam.general.t1 CHATROOM:POST_INFO
1673573933787 inf [network] > wam.general.t1 CHATROOM:POST_INFO
1673573934708 inf [network] > wam.general.t1 CHATROOM:POST_INFO
1673573935068 inf [network] < prefs TIME:GET
1673573935089 inf [network] > prefs TIME:GET_OK
1673573938907 inf [network] > wam.general.t1 CHATROOM:POST_INFO
1673573945077 inf [network] < prefs TIME:GET
1673573945099 inf [network] > prefs TIME:GET_OK
1673573946072 inf [network] > wam.general.t1 CHATROOM:POST_INFO
1673573952628 inf [network] > wam.general.t1 CHATROOM:POST_INFO
1673573953553 inf [network] > wam.general.t1 CHATROOM:POST_INFO
1673573955078 inf [network] < prefs TIME:GET
1673573955097 inf [network] > prefs TIME:GET_OK
1673573958194 inf [network] > wam.general.t1 CHATROOM:POST_INFO
1673573965077 inf [network] < prefs TIME:GET
1673573965097 inf [network] > prefs TIME:GET_OK
1673573971911 inf [network] > wam.general.t1 CHATROOM:POST_INFO
1673573975077 inf [network] < prefs TIME:GET
1673573975098 inf [network] > prefs TIME:GET_OK
1673573978740 inf [network] > wam.general.t1 CHATROOM:POST_INFO
1673573981822 inf [network] > wam.general.t1 CHATROOM:POST_INFO
1673573985068 inf [network] < prefs TIME:GET
1673573985089 inf [network] > prefs TIME:GET_OK
1673573995076 inf [network] < prefs TIME:GET
1673573995096 inf [network] > prefs TIME:GET_OK
1673574000346 inf [network] > wam.general.t1 CHATROOM:POST_INFO
1673574005078 inf [network] < prefs TIME:GET
1673574005098 inf [network] > prefs TIME:GET_OK
1673574012942 inf [network] > wam.general.t1 CHATROOM:POST_INFO
1673574014387 inf [network] > wam.general.t1 CHATROOM:POST_INFO
1673574015087 inf [network] < prefs TIME:GET
1673574015107 inf [network] > prefs TIME:GET_OK
1673574020826 inf [network] > wam.general.t1 CHATROOM:POST_INFO
1673574024103 inf [network] > wam.general.t1 CHATROOM:POST_INFO
1673574025087 inf [network] < prefs TIME:GET
1673574025107 inf [network] > prefs TIME:GET_OK
1673574035087 inf [network] < prefs TIME:GET
1673574035108 inf [network] > prefs TIME:GET_OK
1673574038950 inf [network] > wam.general.t1 CHATROOM:POST_INFO
1673574039564 inf [network] > wam.general.t1 CHATROOM:POST_INFO
1673574041305 inf [network] > wam.general.t1 CHATROOM:POST_INFO
1673574044838 inf [api] < Service operator/winamax-tv/public
1673574044839 inf [network] > Http https://wapi.winamax.fr/operator/winamax-tv/public post
1673574044847 inf [network] > wam.general.t1 CHATROOM:POST_INFO
1673574044952 inf [network] > Http https://wapi.winamax.fr/operator/winamax-tv/public ok
1673574044954 inf [api] > Service operator/winamax-tv/public
1673574045096 inf [network] < prefs TIME:GET
1673574045114 inf [network] > prefs TIME:GET_OK
1673574053390 inf [network] > wam.general.t1 CHATROOM:POST_INFO
1673574055107 inf [network] < prefs TIME:GET
1673574055129 inf [network] > prefs TIME:GET_OK
1673574062361 inf [network] > wam.general.t1 CHATROOM:POST_INFO
1673574065102 inf [network] < prefs TIME:GET
1673574065119 inf [network] > prefs TIME:GET_OK
1673574075107 inf [network] < prefs TIME:GET
1673574075128 inf [network] > prefs TIME:GET_OK
1673574085118 inf [network] < prefs TIME:GET
1673574085141 inf [network] > prefs TIME:GET_OK
1673574089640 inf [network] > wam.general.t1 CHATROOM:POST_INFO
1673574095108 inf [network] < prefs TIME:GET
1673574095128 inf [network] > prefs TIME:GET_OK
1673574105126 inf [network] < prefs TIME:GET
1673574105146 inf [network] > prefs TIME:GET_OK
1673574115126 inf [network] < prefs TIME:GET
1673574115147 inf [network] > prefs TIME:GET_OK
1673574115484 inf [network] > wam.general.t1 CHATROOM:POST_INFO
1673574121738 inf [network] > wam.general.t1 CHATROOM:POST_INFO
1673574125126 inf [network] < prefs TIME:GET
1673574125145 inf [network] > prefs TIME:GET_OK
1673574129447 inf [network] > wam.general.t1 CHATROOM:POST_INFO
1673574132550 inf [network] > wam.general.t1 CHATROOM:POST_INFO
1673574135117 inf [network] < prefs TIME:GET
1673574135134 inf [network] > prefs TIME:GET_OK
1673574136309 inf [network] > wam.general.t1 CHATROOM:POST_INFO
1673574145126 inf [network] < prefs TIME:GET
1673574145147 inf [network] > prefs TIME:GET_OK
1673574153526 inf [network] > wam.general.t1 CHATROOM:POST_INFO
1673574155126 inf [network] < prefs TIME:GET
1673574155146 inf [network] > prefs TIME:GET_OK
1673574159681 inf [network] > wam.general.t1 CHATROOM:POST_INFO
1673574159683 inf [network] > wam.general.t1 CHATROOM:POST_INFO
1673574165126 inf [network] < prefs TIME:GET
1673574165146 inf [network] > prefs TIME:GET_OK
1673574167693 inf [network] > wam.general.t1 CHATROOM:POST_INFO
1673574173401 inf [network] > wam.general.t1 CHATROOM:POST_INFO
1673574175126 inf [network] < prefs TIME:GET
1673574175146 inf [network] > prefs TIME:GET_OK
1673574185117 inf [network] < prefs TIME:GET
1673574185137 inf [network] > prefs TIME:GET_OK
1673574195127 inf [network] < prefs TIME:GET
1673574195153 inf [network] > prefs TIME:GET_OK
1673574197056 inf [network] > wam.general.t1 CHATROOM:POST_INFO
1673574205136 inf [network] < prefs TIME:GET
1673574205158 inf [network] > prefs TIME:GET_OK
1673574206578 inf [network] > wam.general.t1 CHATROOM:POST_INFO
1673574215136 inf [network] < prefs TIME:GET
1673574215155 inf [network] > prefs TIME:GET_OK
1673574216100 inf [network] > wam.general.t1 CHATROOM:POST_INFO
1673574225138 inf [network] < prefs TIME:GET
1673574225155 inf [network] > prefs TIME:GET_OK
1673574231721 inf [network] > wam.general.t1 CHATROOM:POST_INFO
1673574235136 inf [network] < prefs TIME:GET
1673574235155 inf [network] > prefs TIME:GET_OK
1673574236177 inf [network] > wam.general.t1 CHATROOM:POST_INFO
1673574245137 inf [network] < prefs TIME:GET
1673574245159 inf [network] > prefs TIME:GET_OK
1673574251839 inf [network] > wam.general.t1 CHATROOM:POST_INFO
1673574254194 inf [network] > wam.general.t1 CHATROOM:POST_INFO
1673574255136 inf [network] < prefs TIME:GET
1673574255158 inf [network] > prefs TIME:GET_OK
1673574259502 inf [network] > wam.general.t1 CHATROOM:POST_INFO
1673574265137 inf [network] < prefs TIME:GET
1673574265157 inf [network] > prefs TIME:GET_OK
1673574269862 inf [network] > wam.general.t1 CHATROOM:POST_INFO
1673574273959 inf [network] > wam.general.t1 CHATROOM:POST_INFO
1673574275128 inf [network] < prefs TIME:GET
1673574275148 inf [network] > prefs TIME:GET_OK
1673574279780 inf [network] > wam.general.t1 CHATROOM:POST_INFO
1673574285139 inf [network] < prefs TIME:GET
1673574285158 inf [network] > prefs TIME:GET_OK
1673574290342 inf [network] > wam.general.t1 CHATROOM:POST_INFO
1673574295128 inf [network] < prefs TIME:GET
1673574295145 inf [network] > prefs TIME:GET_OK
1673574296998 inf [network] > wam.general.t1 CHATROOM:POST_INFO
1673574299662 inf [network] > wam.general.t1 CHATROOM:POST_INFO
1673574301197 inf [network] > wam.general.t1 CHATROOM:POST_INFO
1673574305137 inf [network] < prefs TIME:GET
1673574305157 inf [network] > prefs TIME:GET_OK
1673574308263 inf [network] > wam.general.t1 CHATROOM:POST_INFO
1673574311948 inf [network] > wam.general.t1 CHATROOM:POST_INFO
1673574313077 inf [network] > wam.general.t1 CHATROOM:POST_INFO
1673574315135 inf [network] < prefs TIME:GET
1673574315153 inf [network] > prefs TIME:GET_OK
1673574325138 inf [network] < prefs TIME:GET
1673574335147 inf [network] < prefs TIME:GET
1673574338772 inf [network] > wam.general.t1 CHATROOM:POST_INFO
1673574338774 inf [network] > wam.general.t1 CHATROOM:POST_INFO
1673574338775 inf [network] > wam.general.t1 CHATROOM:POST_INFO
1673574338777 inf [network] > wam.general.t1 CHATROOM:POST_INFO
1673574338778 inf [network] > prefs TIME:GET_OK
1673574338779 inf [network] > prefs TIME:GET_OK
1673574338781 inf [network] > wam.general.t1 CHATROOM:POST_INFO
1673574344826 inf [api] < Service operator/userdata
1673574344828 inf [network] > Http https://wapi.winamax.fr/operator/userdata post
1673574344832 inf [network] < prefs CASHIER:GET
1673574344834 inf [network] < prefs CASHIER:LIST
1673574344835 inf [network] < prefs CASHIER:GET
1673574344837 inf [network] < prefs CASHIER:LIST
1673574344854 inf [network] > prefs CASHIER:GET_OK
1673574344857 inf [network] > prefs CASHIER:LIST_OK
1673574344858 inf [network] > prefs CASHIER:GET_OK
1673574344874 inf [network] > prefs CASHIER:LIST_OK
1673574345127 inf [network] > Http https://wapi.winamax.fr/operator/userdata ok
1673574345129 inf [api] > Service operator/userdata
1673574345147 inf [network] < prefs TIME:GET
1673574345165 inf [network] > prefs TIME:GET_OK
1673574348301 inf [network] > wam.general.t1 CHATROOM:POST_INFO
1673574355147 inf [network] < prefs TIME:GET
1673574355171 inf [network] > prefs TIME:GET_OK
1673574365146 inf [network] < prefs TIME:GET
1673574365165 inf [network] > prefs TIME:GET_OK
1673574375147 inf [network] < prefs TIME:GET
1673574375166 inf [network] > prefs TIME:GET_OK
1673574376538 inf [network] > wam.general.t1 CHATROOM:POST_INFO
1673574385156 inf [network] < prefs TIME:GET
1673574385175 inf [network] > prefs TIME:GET_OK
1673574395158 inf [network] < prefs TIME:GET
1673574395177 inf [network] > prefs TIME:GET_OK
1673574401650 inf [network] > wam.general.t1 CHATROOM:POST_INFO
1673574401957 inf [network] > wam.general.t1 CHATROOM:POST_INFO
1673574402982 inf [network] > wam.general.t1 CHATROOM:POST_INFO
1673574405157 inf [network] < prefs TIME:GET
1673574405170 inf [network] > wam.general.t1 CHATROOM:POST_INFO
1673574405185 inf [network] > prefs TIME:GET_OK
1673574406361 inf [network] > prefs NOTIFICATION:POST_INFO
1673574415166 inf [network] < prefs TIME:GET
1673574415186 inf [network] > prefs TIME:GET_OK
1673574425167 inf [network] < prefs TIME:GET
1673574425185 inf [network] > prefs TIME:GET_OK
1673574428197 inf [network] > wam.general.t1 CHATROOM:POST_INFO
1673574435157 inf [network] < prefs TIME:GET
1673574435175 inf [network] > prefs TIME:GET_OK
1673574444557 inf [network] > wam.general.t1 CHATROOM:POST_INFO
1673574445157 inf [network] < prefs TIME:GET
1673574445177 inf [network] > prefs TIME:GET_OK
1673574454427 inf [network] > wam.general.t1 CHATROOM:POST_INFO
1673574455166 inf [network] < prefs TIME:GET
1673574455186 inf [network] > prefs TIME:GET_OK
1673574459200 inf [network] > wam.general.t1 CHATROOM:POST_INFO
1673574459508 inf [network] > wam.general.t1 CHATROOM:POST_INFO
1673574465157 inf [network] < prefs TIME:GET
1673574465177 inf [network] > prefs TIME:GET_OK
1673574475157 inf [network] < prefs TIME:GET
1673574475178 inf [network] > prefs TIME:GET_OK
1673574475481 inf [network] > wam.general.t1 CHATROOM:POST_INFO
1673574483878 inf [network] > wam.general.t1 CHATROOM:POST_INFO
1673574485157 inf [network] < prefs TIME:GET
1673574485178 inf [network] > prefs TIME:GET_OK
1673574486953 inf [network] > wam.general.t1 CHATROOM:POST_INFO
1673574487019 inf [network] > wam.general.t1 CHATROOM:POST_INFO
1673574491701 inf [network] > wam.general.t1 CHATROOM:POST_INFO
1673574492538 inf [network] > wam.general.t1 CHATROOM:POST_INFO
1673574494125 inf [network] > wam.general.t1 CHATROOM:POST_INFO
1673574495157 inf [network] < prefs TIME:GET
1673574495178 inf [network] > prefs TIME:GET_OK
1673574502373 inf [network] > wam.general.t1 CHATROOM:POST_INFO
1673574505167 inf [network] < prefs TIME:GET
1673574505188 inf [network] > prefs TIME:GET_OK
1673574505590 inf [network] > wam.general.t1 CHATROOM:POST_INFO
1673574507345 inf [network] > wam.general.t1 CHATROOM:POST_INFO
1673574512577 inf [network] > wam.general.t1 CHATROOM:POST_INFO
1673574515177 inf [network] < prefs TIME:GET
1673574515195 inf [network] > prefs TIME:GET_OK
1673574522408 inf [network] > wam.general.t1 CHATROOM:POST_INFO
1673574525176 inf [network] < prefs TIME:GET
1673574525195 inf [network] > prefs TIME:GET_OK
1673574531699 inf [network] > wam.general.t1 CHATROOM:POST_INFO
1673574535176 inf [network] < prefs TIME:GET
1673574535196 inf [network] > prefs TIME:GET_OK
1673574545167 inf [network] < prefs TIME:GET
1673574545398 inf [network] > prefs TIME:GET_OK
1673574555176 inf [network] < prefs TIME:GET
1673574555197 inf [network] > prefs TIME:GET_OK
1673574565177 inf [network] < prefs TIME:GET
1673574565206 inf [network] > prefs TIME:GET_OK
1673574569177 inf [network] > wam.general.t1 CHATROOM:POST_INFO
1673574575176 inf [network] < prefs TIME:GET
1673574575196 inf [network] > prefs TIME:GET_OK
1673574578129 inf [network] > wam.general.t1 CHATROOM:POST_INFO
1673574579315 inf [network] > wam.general.t1 CHATROOM:POST_INFO
1673574585176 inf [network] < prefs TIME:GET
1673574585202 inf [network] > prefs TIME:GET_OK
1673574587099 inf [network] > wam.general.t1 CHATROOM:POST_INFO
1673574592011 inf [network] > wam.general.t1 CHATROOM:POST_INFO
1673574592216 inf [network] > wam.general.t1 CHATROOM:POST_INFO
1673574595187 inf [network] < prefs TIME:GET
1673574595207 inf [network] > prefs TIME:GET_OK
1673574602152 inf [network] > wam.general.t1 CHATROOM:POST_INFO
1673574605187 inf [network] < prefs TIME:GET
1673574605205 inf [network] > prefs TIME:GET_OK
1673574613823 inf [network] > wam.general.t1 CHATROOM:POST_INFO
1673574615186 inf [network] < prefs TIME:GET
1673574615382 inf [network] > prefs TIME:GET_OK
1673574625186 inf [network] < prefs TIME:GET
1673574625207 inf [network] > prefs TIME:GET_OK
1673574634508 inf [network] > wam.general.t1 CHATROOM:POST_INFO
1673574635186 inf [network] < prefs TIME:GET
1673574635208 inf [network] > prefs TIME:GET_OK
1673574641163 inf [network] > wam.general.t1 CHATROOM:POST_INFO
1673574644747 inf [network] > wam.general.t1 CHATROOM:POST_INFO
1673574645187 inf [network] < prefs TIME:GET
1673574645207 inf [network] > prefs TIME:GET_OK
1673574647614 inf [network] > wam.general.t1 CHATROOM:POST_INFO
1673574651607 inf [network] > wam.general.t1 CHATROOM:POST_INFO
1673574655189 inf [network] < prefs TIME:GET
1673574655208 inf [network] > prefs TIME:GET_OK
1673574657649 inf [network] > wam.general.t1 CHATROOM:POST_INFO
1673574659903 inf [network] > wam.general.t1 CHATROOM:POST_INFO
1673574663897 inf [network] > wam.general.t1 CHATROOM:POST_INFO
1673574665197 inf [network] < prefs TIME:GET
1673574665217 inf [network] > prefs TIME:GET_OK
1673574675206 inf [network] < prefs TIME:GET
1673574675226 inf [network] > prefs TIME:GET_OK
1673574685216 inf [network] < prefs TIME:GET
1673574685237 inf [network] > prefs TIME:GET_OK
1673574686016 inf [network] > wam.general.t1 CHATROOM:POST_INFO
1673574689071 inf [network] > wam.general.t1 CHATROOM:POST_INFO
1673574695216 inf [network] < prefs TIME:GET
1673574695233 inf [network] > prefs TIME:GET_OK
1673574701868 inf [network] > wam.general.t1 CHATROOM:POST_INFO
1673574705217 inf [network] < prefs TIME:GET
1673574705236 inf [network] > prefs TIME:GET_OK
1673574706624 inf [network] > wam.general.t1 CHATROOM:POST_INFO
1673574711427 inf [network] > wam.general.t1 CHATROOM:POST_INFO
1673574715216 inf [network] < prefs TIME:GET
1673574715237 inf [network] > prefs TIME:GET_OK
1673574716326 inf [network] > wam.general.t1 CHATROOM:POST_INFO
1673574720932 inf [network] > wam.general.t1 CHATROOM:POST_INFO
1673574723082 inf [network] > wam.general.t1 CHATROOM:POST_INFO
1673574725216 inf [network] < prefs TIME:GET
1673574725234 inf [network] > prefs TIME:GET_OK
1673574726565 inf [network] > wam.general.t1 CHATROOM:POST_INFO
1673574732197 inf [network] > wam.general.t1 CHATROOM:POST_INFO
1673574732607 inf [network] > wam.general.t1 CHATROOM:POST_INFO
1673574734039 inf [network] > wam.general.t1 CHATROOM:POST_INFO
1673574735215 inf [network] < prefs TIME:GET
1673574735236 inf [network] > prefs TIME:GET_OK
1673574742305 inf [network] > wam.general.t1 CHATROOM:POST_INFO
1673574745220 inf [network] < prefs TIME:GET
1673574745240 inf [network] > prefs TIME:GET_OK
1673574755225 inf [network] < prefs TIME:GET
1673574755243 inf [network] > prefs TIME:GET_OK
1673574765238 inf [network] < prefs TIME:GET
1673574765258 inf [network] > prefs TIME:GET_OK
1673574775237 inf [network] < prefs TIME:GET
1673574775258 inf [network] > prefs TIME:GET_OK
1673574785228 inf [network] < prefs TIME:GET
1673574785249 inf [network] > prefs TIME:GET_OK
1673574788922 inf [network] > wam.general.t1 CHATROOM:POST_INFO
1673574795229 inf [network] < prefs TIME:GET
1673574795248 inf [network] > prefs TIME:GET_OK
1673574796979 inf [network] > wam.general.t1 CHATROOM:POST_INFO
1673574805237 inf [network] < prefs TIME:GET
1673574805441 inf [network] > prefs TIME:GET_OK
1673574812171 inf [network] > wam.general.t1 CHATROOM:POST_INFO
1673574815229 inf [network] < prefs TIME:GET
1673574815250 inf [network] > prefs TIME:GET_OK
1673574821492 inf [network] > wam.general.t1 CHATROOM:POST_INFO
1673574825246 inf [network] < prefs TIME:GET
1673574825253 inf [network] > wam.general.t1 CHATROOM:POST_INFO
1673574825267 inf [network] > prefs TIME:GET_OK
1673574833778 inf [network] > wam.general.t1 CHATROOM:POST_INFO
1673574835237 inf [network] < prefs TIME:GET
1673574835258 inf [network] > prefs TIME:GET_OK
1673574840632 inf [network] > wam.general.t1 CHATROOM:POST_INFO
1673574845257 inf [network] < prefs TIME:GET
1673574845278 inf [network] > prefs TIME:GET_OK
1673574845486 inf [network] > wam.general.t1 CHATROOM:POST_INFO
1673574850777 inf [network] > wam.general.t1 CHATROOM:POST_INFO
1673574853094 inf [network] > wam.general.t1 CHATROOM:POST_INFO
1673574855257 inf [network] < prefs TIME:GET
1673574855278 inf [network] > prefs TIME:GET_OK
1673574857126 inf [network] > wam.general.t1 CHATROOM:POST_INFO
1673574857739 inf [network] > wam.general.t1 CHATROOM:POST_INFO
1673574864398 inf [network] > wam.general.t1 CHATROOM:POST_INFO
1673574865257 inf [network] < prefs TIME:GET
1673574865277 inf [network] > prefs TIME:GET_OK
1673574867774 inf [network] > wam.general.t1 CHATROOM:POST_INFO
1673574875257 inf [network] < prefs TIME:GET
1673574875279 inf [network] > prefs TIME:GET_OK
1673574884874 inf [network] > wam.general.t1 CHATROOM:POST_INFO
1673574885266 inf [network] < prefs TIME:GET
1673574885286 inf [network] > prefs TIME:GET_OK
1673574893275 inf [network] > wam.general.t1 CHATROOM:POST_INFO
1673574895267 inf [network] < prefs TIME:GET
1673574895286 inf [network] > prefs TIME:GET_OK
1673574903511 inf [network] > wam.general.t1 CHATROOM:POST_INFO
1673574905276 inf [network] < prefs TIME:GET
1673574905295 inf [network] > prefs TIME:GET_OK
1673574906071 inf [network] > wam.general.t1 CHATROOM:POST_INFO
1673574906407 inf [network] > wam.general.t1 CHATROOM:POST_INFO
1673574910960 inf [network] > wam.general.t1 CHATROOM:POST_INFO
1673574912863 inf [network] > wam.general.t1 CHATROOM:POST_INFO
1673574915276 inf [network] < prefs TIME:GET
1673574915294 inf [network] > prefs TIME:GET_OK
1673574918976 inf [network] > wam.general.t1 CHATROOM:POST_INFO
1673574920099 inf [network] > wam.general.t1 CHATROOM:POST_INFO
1673574925266 inf [network] < prefs TIME:GET
1673574925276 inf [network] > wam.general.t1 CHATROOM:POST_INFO
1673574925288 inf [network] > prefs TIME:GET_OK
1673574935275 inf [network] < prefs TIME:GET
1673574935297 inf [network] > prefs TIME:GET_OK
1673574935645 inf [network] > wam.general.t1 CHATROOM:POST_INFO
1673574944575 inf [network] > wam.general.t1 CHATROOM:POST_INFO
1673574944828 inf [api] < Service operator/userdata
1673574944829 inf [network] > Http https://wapi.winamax.fr/operator/userdata post
1673574944833 inf [network] < prefs CASHIER:GET
1673574944835 inf [network] < prefs CASHIER:LIST
1673574944836 inf [network] < prefs CASHIER:GET
1673574944838 inf [network] < prefs CASHIER:LIST
1673574944841 inf [api] < Service operator/winamax-tv/public
1673574944841 inf [network] > Http https://wapi.winamax.fr/operator/winamax-tv/public post
1673574944854 inf [network] > prefs CASHIER:GET_OK
1673574944857 inf [network] > prefs CASHIER:LIST_OK
1673574944860 inf [network] > prefs CASHIER:GET_OK
1673574944869 inf [network] > prefs CASHIER:LIST_OK
1673574944958 inf [network] > Http https://wapi.winamax.fr/operator/winamax-tv/public ok
1673574944959 inf [api] > Service operator/winamax-tv/public
1673574945048 inf [network] > Http https://wapi.winamax.fr/operator/userdata ok
1673574945051 inf [api] > Service operator/userdata
1673574945277 inf [network] < prefs TIME:GET
1673574945298 inf [network] > prefs TIME:GET_OK
1673574947750 inf [network] > wam.general.t1 CHATROOM:POST_INFO
1673574955278 inf [network] < prefs TIME:GET
1673574955299 inf [network] > prefs TIME:GET_OK
1673574965287 inf [network] < prefs TIME:GET
1673574965306 inf [network] > prefs TIME:GET_OK
1673574970201 inf [network] > wam.general.t1 CHATROOM:POST_INFO
1673574975278 inf [network] < prefs TIME:GET
1673574975299 inf [network] > prefs TIME:GET_OK
1673574979844 inf [network] > wam.general.t1 CHATROOM:POST_INFO
1673574985278 inf [network] < prefs TIME:GET
1673574985300 inf [network] > prefs TIME:GET_OK
1673574995287 inf [network] < prefs TIME:GET
1673574995353 inf [network] > prefs TIME:GET_OK
1673574996185 inf [network] > wam.general.t1 CHATROOM:POST_INFO
1673575005287 inf [network] < prefs TIME:GET
1673575005307 inf [network] > prefs TIME:GET_OK
1673575006117 inf [network] > wam.general.t1 CHATROOM:POST_INFO
1673575014104 inf [network] > wam.general.t1 CHATROOM:POST_INFO
1673575015297 inf [network] < prefs TIME:GET
1673575015318 inf [network] > prefs TIME:GET_OK
1673575019326 inf [network] > wam.general.t1 CHATROOM:POST_INFO
1673575025297 inf [network] < prefs TIME:GET
1673575025317 inf [network] > prefs TIME:GET_OK
1673575033662 inf [network] > wam.general.t1 CHATROOM:POST_INFO
1673575035297 inf [network] < prefs TIME:GET
1673575035317 inf [network] > prefs TIME:GET_OK
1673575039399 inf [network] > wam.general.t1 CHATROOM:POST_INFO
1673575045307 inf [network] < prefs TIME:GET
1673575045327 inf [network] > prefs TIME:GET_OK
1673575055308 inf [network] < prefs TIME:GET
1673575055329 inf [network] > prefs TIME:GET_OK
1673575064140 inf [network] > wam.general.t1 CHATROOM:POST_INFO
1673575065317 inf [network] < prefs TIME:GET
1673575065335 inf [network] > prefs TIME:GET_OK
1673575075317 inf [network] < prefs TIME:GET
1673575075340 inf [network] > prefs TIME:GET_OK
1673575076670 inf [network] > wam.general.t1 CHATROOM:POST_INFO
1673575078412 inf [network] > wam.general.t1 CHATROOM:POST_INFO
1673575080971 inf [network] > wam.general.t1 CHATROOM:POST_INFO
1673575081689 inf [network] > wam.general.t1 CHATROOM:POST_INFO
1673575085311 inf [network] < prefs TIME:GET
1673575085331 inf [network] > prefs TIME:GET_OK
1673575086091 inf [network] > wam.general.t1 CHATROOM:POST_INFO
1673575090113 inf [network] > wam.general.t1 CHATROOM:POST_INFO
1673575092954 inf [network] > wam.general.t1 CHATROOM:POST_INFO
1673575093668 inf [network] > wam.general.t1 CHATROOM:POST_INFO
1673575095317 inf [network] < prefs TIME:GET
1673575095337 inf [network] > prefs TIME:GET_OK
1673575100685 inf [network] > wam.general.t1 CHATROOM:POST_INFO
1673575105327 inf [network] < prefs TIME:GET
1673575105347 inf [network] > prefs TIME:GET_OK
1673575115327 inf [network] < prefs TIME:GET
1673575115347 inf [network] > prefs TIME:GET_OK
1673575125326 inf [network] < prefs TIME:GET
1673575125347 inf [network] > prefs TIME:GET_OK
1673575135327 inf [network] < prefs TIME:GET
1673575135347 inf [network] > prefs TIME:GET_OK
1673575145327 inf [network] < prefs TIME:GET
1673575145348 inf [network] > prefs TIME:GET_OK
1673575155077 inf [router] Navigate: wam://popup?type=idle&expire=1673575160&delay=5
1673575155080 inf [router] Navigation done: wam://popup?type=idle&expire=1673575160&delay=5
1673575155336 inf [network] < prefs TIME:GET
1673575155354 inf [network] > prefs TIME:GET_OK
1673575161086 inf [router] Execute: wam://logout?reason=idle
1673575161094 inf [network] < prefs AUTH:SIGNOUT
1673575161115 inf [network] > prefs AUTH:SIGNOUT_OK
1673575161120 inf [network] Disconnecting
1673575161121 inf [network] Connection status: 7
1673575161124 inf [network] Connection status: 8
1673575161138 inf [router] Execution done: wam://logout?reason=idle
1673575161144 inf [network] Ignoring TOURNAMENT:LEAVE
1673575161145 inf [network] Ignoring FILTERLIST:DELETE
1673575161147 inf [router] Navigate: wam://popup?type=error&message=You%20have%20been%20disconnected%20due%20to%20inactivity.
1673575161148 inf [router] Navigation done: wam://popup?type=error&message=You%20have%20been%20disconnected%20due%20to%20inactivity.
1673576727112 inf [system] Suspended
1673600212526 inf [system] Screen locked
1673600212527 inf [app] Paused
1673600212528 inf [tracker] Closed
1673600213079 inf [system] Resumed
1673600220580 inf [system] Screen unlocked
1673600220582 inf [app] Resumed
1673600220600 inf [tracker] Listening on port: 8003
1673600228227 inf [app] Exit
1673600228232 inf [tracker] Closed
