1673094310015 inf [app] Launch
1673094310084 inf [scene] Bridge initialize
1673094310094 inf [scene] Scene open
1673094310104 inf [scene.1] Scene create
1673094310126 inf [scene.1] Scene loading
1673094310134 inf [app] Checking for update
1673094310409 inf [app] Update for version 1.26.3 is not available (latest version: 1.26.3, downgrade is disallowed).
1673094310811 inf [scene.1] Browser loaded
1673094310819 inf [scene.1] Scene bridge loaded
1673094310862 inf [tracker] Listening on port: 8003
1673094313085 inf [api] < Service core/authentication/token/generate
1673094313086 inf [network] > Http https://wapi.winamax.fr/core/authentication/token/generate post
1673094313460 inf [network] > Http https://wapi.winamax.fr/core/authentication/token/generate ok
1673094313462 inf [api] > Service core/authentication/token/generate
1673094313463 inf [api] < Service poker/public/config/preauth {"client":"poker","application":"desktop","opid":"wam","device":"electron","ver":"1.26.3.1671552372","os":"win32","cid":"b94b276db79aabbcbfbe64cabbfea685"}
1673094313463 inf [network] > Http https://api.winamax.fr/poker/public/config/preauth?client=poker&application=desktop&opid=wam&device=electron&ver=1.26.3.1671552372&os=win32&cid=b94b276db79aabbcbfbe64cabbfea685 get
1673094313954 inf [network] > Http https://api.winamax.fr/poker/public/config/preauth?client=poker&application=desktop&opid=wam&device=electron&ver=1.26.3.1671552372&os=win32&cid=b94b276db79aabbcbfbe64cabbfea685 ok
1673094313956 inf [api] > Service poker/public/config/preauth {"core":{"type":"wss","retry":{"count":3,"timeout":10000,"delay":2000,"random":1000},"hosts":["wapi.winamax.fr:443/poker/front/ws/websocket"],"enable":true,"zombie":{"duration":45000},"socket":{"sleep":10,"buffer":16384},"monitor":{"interrupted":true}},"features":{"vm":false,"playground":{"threshold":1000},"time":{"duration":10}},"serverstatus":{"status":"up","polling":300,"i18n":{"de_DE":{"title":"","info":"Alle Dienste sind verfügbar"},"fr_FR":{"title":"","info":"Tous les services sont fonctionnels"},"en_GB":{"title":"","info":"All services are operational."},"*":{"title":"","info":"All services are operational."},"en_US":{"title":"","info":"All services are operational."},"es_ES":{"title":"","info":"All services are operational."},"pt_PT":{"title":"","info":"All services are operational."}}},"auth":{"version":2,"timeout":6000,"refresh":{"count":3,"delay":2500}},"wspush":{"connection":{"interval":31000,"timeout":25000},"request":{"retry":{"count":0},"timeout":5000},"monitor":{"interrupted":false}},"updater":{"download":{"delay":120000}}}
1673094313963 inf [network] Registering channel prefs
1673094313964 inf [network] Enqueuing AUTH:SIGNIN
1673094313965 inf [network] Creating socket wss://wapi.winamax.fr:443/poker/front/ws/websocket
1673094313965 inf [network] Connection status: 1
1673094314517 inf [network] Socket opened
1673094314517 inf [network] Connection status: 2
1673094314518 inf [network] Connection status: 3
1673094314519 inf [network] < prefs AUTH:SIGNIN
1673094314781 inf [network] > prefs AUTH:SIGNIN_OK
1673094314782 inf [network] Connection status: 4
1673094314784 inf [network] > prefs NOTIFICATION:POST_INFO
1673094314785 inf [network] < prefs TIME:GET
1673094314797 inf [network] < prefs GAMESTATS:JOIN
1673094314903 inf [network] > prefs TIME:GET_OK
1673094314915 inf [api] < Service poker/client/prefs
1673094314916 inf [network] > Http https://wapi.winamax.fr/poker/client/prefs post
1673094314918 inf [network] > prefs GAMESTATS:JOIN_OK
1673094315188 inf [network] > Http https://wapi.winamax.fr/poker/client/prefs ok
1673094315189 inf [api] > Service poker/client/prefs
1673094315198 inf [router] Execute: wam://preload-ok
1673094315199 inf [router] Navigate: wam://lobbies
1673094315201 inf [network] > Http https://dl.winamax.fr/client/attr/settings/wam/config.1624292306 get
1673094315202 inf [network] > Http https://dl.winamax.fr/client/attr/settings/wam/ressource.1624283658 get
1673094315205 inf [router] Navigation done: wam://lobbies
1673094315206 inf [router] Execution done: wam://preload-ok
1673094315207 inf [network] Registering channel subscriptions
1673094315208 inf [api] < Service operator/userdata
1673094315209 inf [network] > Http https://wapi.winamax.fr/operator/userdata post
1673094315211 inf [api] < Service operator/winamax-tv/public
1673094315212 inf [network] > Http https://wapi.winamax.fr/operator/winamax-tv/public post
1673094315214 inf [network] < prefs SRM:JOIN
1673094315215 inf [network] < prefs NEWS:GET
1673094315215 inf [network] < prefs DATA:GET
1673094315216 inf [network] < prefs BUDDY:GET
1673094315221 inf [network] < prefs BUDDYROOM:JOIN
1673094315225 inf [network] < prefs TIME:GET
1673094315226 inf [network] < prefs CASHIER:GET
1673094315227 inf [network] < prefs CASHIER:LIST
1673094315227 inf [network] < prefs CASHIER:GET
1673094315228 inf [network] < prefs CASHIER:LIST
1673094315229 inf [network] < subscriptions FILTERLIST:CREATE
1673094315230 inf [network] < subscriptions FILTERLIST:CREATE
1673094315230 inf [network] < subscriptions FILTERLIST:CREATE
1673094315261 inf [network] > prefs SRM:JOIN_OK
1673094315303 inf [network] > prefs BUDDYROOM:JOIN_OK
1673094315304 inf [network] Registering channel wam.general.t1
1673094315304 inf [network] < wam.general.t1 CHATROOM:JOIN
1673094315318 inf [network] > prefs TIME:GET_OK
1673094315324 inf [network] > prefs CASHIER:GET_OK
1673094315325 inf [network] > prefs CASHIER:LIST_OK
1673094315326 inf [network] > prefs CASHIER:GET_OK
1673094315367 inf [network] > prefs CASHIER:LIST_OK
1673094315368 inf [network] > subscriptions FILTERLIST:CREATE_OK
1673094315369 inf [network] > subscriptions FILTERLIST:SET
1673094315370 inf [network] > subscriptions FILTERLIST:CREATE_OK
1673094315371 inf [network] > subscriptions FILTERLIST:SET
1673094315372 inf [network] > subscriptions FILTERLIST:CREATE_OK
1673094315372 inf [network] > subscriptions FILTERLIST:SET
1673094315373 inf [network] > prefs DATA:GET_ERR
1673094315375 inf [network] > prefs NEWS:GET_OK
1673094315376 inf [network] > prefs BUDDY:GET_OK
1673094315387 inf [network] < prefs BUDDYROOM:JOIN
1673094315389 inf [network] > wam.general.t1 CHATROOM:JOIN_OK
1673094315402 inf [network] > Http https://dl.winamax.fr/client/attr/settings/wam/ressource.1624283658 ok
1673094315471 inf [network] > Http https://dl.winamax.fr/client/attr/settings/wam/config.1624292306 ok
1673094315477 inf [network] > prefs BUDDYROOM:JOIN_OK
1673094315478 inf [network] > Http https://wapi.winamax.fr/operator/winamax-tv/public ok
1673094315478 inf [api] > Service operator/winamax-tv/public
1673094315519 inf [network] > Http https://wapi.winamax.fr/operator/userdata ok
1673094315520 inf [api] > Service operator/userdata
1673094317201 inf [api] < Service poker/client/prefs
1673094317202 inf [network] > Http https://wapi.winamax.fr/poker/client/prefs post
1673094317426 inf [network] > Http https://wapi.winamax.fr/poker/client/prefs ok
1673094317426 inf [api] > Service poker/client/prefs
1673094320242 inf [router] Navigate: wam://lobby-mtt
1673094320244 inf [router] Navigation done: wam://lobby-mtt
1673094320276 inf [network] Registering channel lo
1673094320277 inf [router] Execute: wam://lobby-preview?rk=&type=
1673094320278 inf [router] Execution done: wam://lobby-preview?rk=&type=
1673094320308 inf [network] < lo FILTERLIST:CREATE
1673094320390 inf [network] > lo FILTERLIST:CREATE_OK
1673094320520 inf [network] > lo FILTERLIST:SET
1673094320530 inf [router] Execute: wam://lobby-preview?rk=tt2.ttmgr.tt2_9.t609525458&type=tournament
1673094320531 inf [router] Execution done: wam://lobby-preview?rk=tt2.ttmgr.tt2_9.t609525458&type=tournament
1673094320532 inf [network] Registering channel tt2.ttmgr.tt2_9.t609525458
1673094320561 inf [network] < tt2.ttmgr.tt2_9.t609525458 TOURNAMENT:JOIN
1673094320677 inf [network] > lo FILTERLIST:UPDATE
1673094320855 inf [network] > tt2.ttmgr.tt2_9.t609525458 TOURNAMENT:JOIN_OK
1673094320856 inf [network] > tt2.ttmgr.tt2_9.t609525458 CHATROOM:JOIN_OK
1673094322656 inf [network] < lo FILTERLIST:CHANGE
1673094322836 inf [network] > lo FILTERLIST:SET
1673094322841 inf [network] > lo FILTERLIST:CHANGE_OK
1673094325198 inf [network] < lo FILTERLIST:CHANGE
1673094325214 inf [network] < prefs TIME:GET
1673094325245 inf [network] > lo FILTERLIST:CHANGE_OK
1673094325297 inf [network] > lo FILTERLIST:SET
1673094325298 inf [network] > prefs TIME:GET_OK
1673094327051 inf [network] < lo FILTERLIST:CHANGE
1673094327108 inf [network] > lo FILTERLIST:CHANGE_OK
1673094327139 inf [network] > lo FILTERLIST:SET
1673094328050 inf [network] < lo FILTERLIST:CHANGE
1673094328097 inf [network] > lo FILTERLIST:CHANGE_OK
1673094328131 inf [network] > lo FILTERLIST:SET
1673094329166 inf [network] < lo FILTERLIST:CHANGE
1673094329207 inf [network] > lo FILTERLIST:CHANGE_OK
1673094329254 inf [network] > lo FILTERLIST:SET
1673094330123 inf [network] < lo FILTERLIST:CHANGE
1673094330215 inf [network] > lo FILTERLIST:SET
1673094330215 inf [network] > lo FILTERLIST:CHANGE_OK
1673094330662 inf [network] > lo FILTERLIST:UPDATE
1673094331304 inf [network] > tt2.ttmgr.tt2_9.t609525458 TOURNAMENT:STATUS
1673094331547 inf [network] < lo FILTERLIST:CHANGE
1673094331622 inf [network] > lo FILTERLIST:CHANGE_OK
1673094331651 inf [network] > lo FILTERLIST:SET
1673094332306 inf [network] < lo FILTERLIST:CHANGE
1673094332367 inf [network] > lo FILTERLIST:CHANGE_OK
1673094332383 inf [network] > lo FILTERLIST:SET
1673094332943 inf [network] > tt2.ttmgr.tt2_9.t609525458 TOURNAMENT:PAYOUTS
1673094333235 inf [network] < lo FILTERLIST:CHANGE
1673094333318 inf [network] > lo FILTERLIST:SET
1673094333319 inf [network] > lo FILTERLIST:CHANGE_OK
1673094334265 inf [network] > tt2.ttmgr.tt2_9.t609525458 TOURNAMENT:STATUS
1673094335212 inf [network] < prefs TIME:GET
1673094335261 inf [network] > prefs TIME:GET_OK
1673094337222 inf [network] < lo FILTERLIST:CHANGE
1673094337300 inf [network] > lo FILTERLIST:CHANGE_OK
1673094337446 inf [network] > lo FILTERLIST:SET
1673094337729 inf [network] < lo FILTERLIST:CHANGE
1673094337838 inf [network] > lo FILTERLIST:SET
1673094337839 inf [network] > lo FILTERLIST:CHANGE_OK
1673094338730 inf [network] < lo FILTERLIST:CHANGE
1673094338871 inf [network] > lo FILTERLIST:CHANGE_OK
1673094338891 inf [network] > lo FILTERLIST:SET
1673094344388 inf [network] < lo FILTERLIST:CHANGE
1673094344613 inf [network] > lo FILTERLIST:SET
1673094344613 inf [network] > lo FILTERLIST:CHANGE_OK
1673094344822 inf [network] > wam.general.t1 CHATROOM:POST_INFO
1673094345035 inf [network] < lo FILTERLIST:CHANGE
1673094345114 inf [network] > lo FILTERLIST:CHANGE_OK
1673094345141 inf [network] > lo FILTERLIST:SET
1673094345241 inf [network] < prefs TIME:GET
1673094345307 inf [network] > prefs TIME:GET_OK
1673094345924 inf [network] < lo FILTERLIST:CHANGE
1673094345979 inf [network] > lo FILTERLIST:CHANGE_OK
1673094346003 inf [network] > lo FILTERLIST:SET
1673094347012 inf [network] < lo FILTERLIST:CHANGE
1673094347069 inf [network] > lo FILTERLIST:CHANGE_OK
1673094347093 inf [network] > lo FILTERLIST:SET
1673094347469 inf [network] < lo FILTERLIST:CHANGE
1673094347575 inf [network] > lo FILTERLIST:CHANGE_OK
1673094347607 inf [network] > lo FILTERLIST:SET
1673094348398 inf [network] < lo FILTERLIST:CHANGE
1673094348538 inf [network] > lo FILTERLIST:SET
1673094348538 inf [network] > lo FILTERLIST:CHANGE_OK
1673094349381 inf [network] < lo FILTERLIST:CHANGE
1673094349436 inf [network] > lo FILTERLIST:CHANGE_OK
1673094349463 inf [network] > lo FILTERLIST:SET
1673094351346 inf [network] < lo FILTERLIST:CHANGE
1673094351645 inf [network] > lo FILTERLIST:SET
1673094351651 inf [network] > lo FILTERLIST:CHANGE_OK
1673094352089 inf [network] < lo FILTERLIST:CHANGE
1673094352326 inf [network] < lo FILTERLIST:CHANGE
1673094352340 inf [network] > lo FILTERLIST:SET
1673094352341 inf [network] > lo FILTERLIST:CHANGE_OK
1673094352472 inf [network] > lo FILTERLIST:CHANGE_OK
1673094352476 inf [network] > lo FILTERLIST:SET
1673094353957 inf [network] < lo FILTERLIST:CHANGE
1673094354004 inf [network] > lo FILTERLIST:CHANGE_OK
1673094354049 inf [network] > lo FILTERLIST:SET
1673094355255 inf [network] < prefs TIME:GET
1673094355287 inf [network] < lo FILTERLIST:CHANGE
1673094355300 inf [network] > prefs TIME:GET_OK
1673094355340 inf [network] > lo FILTERLIST:CHANGE_OK
1673094355490 inf [network] > lo FILTERLIST:SET
1673094356232 inf [network] < lo FILTERLIST:CHANGE
1673094356824 inf [network] > lo FILTERLIST:SET
1673094356825 inf [network] > lo FILTERLIST:CHANGE_OK
1673094356871 inf [network] < lo FILTERLIST:CHANGE
1673094357252 inf [network] > lo FILTERLIST:CHANGE_OK
1673094357284 inf [network] > lo FILTERLIST:SET
1673094358912 inf [network] < lo FILTERLIST:CHANGE
1673094358972 inf [network] > lo FILTERLIST:CHANGE_OK
1673094359151 inf [network] < lo FILTERLIST:CHANGE
1673094359219 inf [network] > lo FILTERLIST:SET
1673094359350 inf [network] > lo FILTERLIST:SET
1673094359350 inf [network] > lo FILTERLIST:CHANGE_OK
1673094359452 inf [network] < lo FILTERLIST:CHANGE
1673094359583 inf [network] > lo FILTERLIST:CHANGE_OK
1673094359615 inf [network] > lo FILTERLIST:SET
1673094361394 inf [network] > tt2.ttmgr.tt2_9.t609525458 TOURNAMENT:STATUS
1673094361418 inf [network] < lo FILTERLIST:CHANGE
1673094361598 inf [network] > lo FILTERLIST:SET
1673094361598 inf [network] > lo FILTERLIST:CHANGE_OK
1673094364598 inf [network] < lo FILTERLIST:CHANGE
1673094364715 inf [network] > lo FILTERLIST:SET
1673094364715 inf [network] > lo FILTERLIST:CHANGE_OK
1673094365099 inf [network] < lo FILTERLIST:CHANGE
1673094365259 inf [network] < prefs TIME:GET
1673094365305 inf [network] > lo FILTERLIST:SET
1673094365306 inf [network] > lo FILTERLIST:CHANGE_OK
1673094365418 inf [network] < lo FILTERLIST:CHANGE
1673094365427 inf [network] > prefs TIME:GET_OK
1673094365556 inf [network] > lo FILTERLIST:SET
1673094365557 inf [network] > lo FILTERLIST:CHANGE_OK
1673094366639 inf [network] < lo FILTERLIST:CHANGE
1673094366716 inf [network] > lo FILTERLIST:CHANGE_OK
1673094366744 inf [network] > lo FILTERLIST:SET
1673094368072 inf [app] Exit
1673094368075 inf [tracker] Closed
1673094368081 inf [network] Registering channel lo
1673094368082 inf [network] Registering channel tt2.ttmgr.tt2_9.t609525458
1673094368083 inf [network] Leaving channel tt2.ttmgr.tt2_9.t609525458
