1670938531767 inf [app] Launch
1670938531867 inf [scene] Bridge initialize
1670938531881 inf [scene] Scene open
1670938531895 inf [scene] Scene create
1670938531924 inf [scene.1] Scene loading
1670938531934 inf [app] Checking for update
1670938532079 inf [app] Update for version 1.25.2 is not available (latest version: 1.25.2, downgrade is disallowed).
1670938532776 inf [scene.1] Browser loaded
1670938532786 inf [scene.1] Bridge loaded
1670938532826 inf [tracker] Listening on port: 8003
1670938535027 inf [api] < Service core/authentication/token/generate
1670938535028 inf [network] > Http https://wapi.winamax.fr/core/authentication/token/generate post
1670938535095 inf [network] > Http https://wapi.winamax.fr/core/authentication/token/generate ok
1670938535096 inf [api] > Service core/authentication/token/generate
1670938535097 inf [api] < Service poker/public/config/preauth {"client":"poker","application":"desktop","opid":"wam","device":"electron","ver":"1.25.2.1670589810","os":"win32","cid":"b94b276db79aabbcbfbe64cabbfea685"}
1670938535098 inf [network] > Http https://api.winamax.fr/poker/public/config/preauth?client=poker&application=desktop&opid=wam&device=electron&ver=1.25.2.1670589810&os=win32&cid=b94b276db79aabbcbfbe64cabbfea685 get
1670938535184 inf [network] > Http https://api.winamax.fr/poker/public/config/preauth?client=poker&application=desktop&opid=wam&device=electron&ver=1.25.2.1670589810&os=win32&cid=b94b276db79aabbcbfbe64cabbfea685 ok
1670938535187 inf [api] > Service poker/public/config/preauth {"core":{"type":"wss","retry":{"count":3,"timeout":10000,"delay":2000,"random":1000},"hosts":["wapi.winamax.fr:443/poker/front/ws/websocket"],"enable":true,"zombie":{"duration":45000},"socket":{"sleep":10,"buffer":16384},"monitor":{"interrupted":true}},"features":{"vm":false,"playground":{"threshold":1000},"time":{"duration":10}},"serverstatus":{"status":"up","polling":300,"i18n":{"de_DE":{"title":"","info":"Alle Dienste sind verfügbar"},"fr_FR":{"title":"","info":"Tous les services sont fonctionnels"},"en_GB":{"title":"","info":"All services are operational."},"*":{"title":"","info":"All services are operational."},"en_US":{"title":"","info":"All services are operational."},"es_ES":{"title":"","info":"All services are operational."},"pt_PT":{"title":"","info":"All services are operational."}}},"auth":{"version":2,"timeout":6000,"refresh":{"count":3,"delay":2500}}}
1670938535195 inf [network] Registering channel prefs
1670938535196 inf [network] Enqueuing AUTH:SIGNIN
1670938535197 inf [network] Creating socket wss://wapi.winamax.fr:443/poker/front/ws/websocket
1670938535198 inf [network] Connection status: 1
1670938535237 inf [network] Socket opened
1670938535238 inf [network] Connection status: 2
1670938535239 inf [network] Connection status: 3
1670938535240 inf [network] < prefs AUTH:SIGNIN
1670938535380 inf [network] > prefs AUTH:SIGNIN_OK
1670938535381 inf [network] Connection status: 4
1670938535398 inf [network] < prefs TIME:GET
1670938535399 inf [network] < prefs GAMESTATS:JOIN
1670938535409 inf [network] > prefs TIME:GET_OK
1670938535414 inf [network] < prefs DATA:GET
1670938535425 inf [network] > prefs NOTIFICATION:POST_INFO
1670938535441 inf [network] > prefs DATA:BINARY
1670938535445 inf [network] < prefs DATA:GET
1670938535453 inf [network] > prefs GAMESTATS:JOIN_OK
1670938535461 inf [network] > prefs DATA:BINARY
1670938535472 inf [api] < Service poker/client/prefs
1670938535473 inf [network] > Http https://wapi.winamax.fr/poker/client/prefs post
1670938535531 inf [network] > Http https://wapi.winamax.fr/poker/client/prefs ok
1670938535533 inf [api] > Service poker/client/prefs
1670938535544 inf [router] Execute: wam://preload-ok
1670938535545 inf [router] Navigate: wam://lobbies
1670938535549 inf [network] > Http https://dl.winamax.fr/client/attr/settings/wam/config.1624292306 get
1670938535551 inf [network] > Http https://dl.winamax.fr/client/attr/settings/wam/ressource.1624283658 get
1670938535554 inf [router] Navigation done: wam://lobbies
1670938535557 inf [router] Execution done: wam://preload-ok
1670938535558 inf [network] Registering channel subscriptions
1670938535559 inf [api] < Service operator/userdata
1670938535559 inf [network] > Http https://wapi.winamax.fr/operator/userdata post
1670938535562 inf [api] < Service operator/winamax-tv/public
1670938535562 inf [network] > Http https://wapi.winamax.fr/operator/winamax-tv/public post
1670938535565 inf [network] < prefs SRM:JOIN
1670938535566 inf [network] < prefs NEWS:GET
1670938535567 inf [network] < prefs DATA:GET
1670938535568 inf [network] < prefs BUDDY:GET
1670938535568 inf [network] < prefs BUDDYROOM:JOIN
1670938535574 inf [network] < prefs TIME:GET
1670938535576 inf [network] < prefs CASHIER:GET
1670938535577 inf [network] < prefs CASHIER:LIST
1670938535578 inf [network] < prefs CASHIER:GET
1670938535578 inf [network] < prefs CASHIER:LIST
1670938535581 inf [network] < subscriptions FILTERLIST:CREATE
1670938535582 inf [network] < subscriptions FILTERLIST:CREATE
1670938535583 inf [network] < subscriptions FILTERLIST:CREATE
1670938535588 inf [network] > prefs SRM:JOIN_OK
1670938535589 inf [network] > prefs BUDDYROOM:JOIN_OK
1670938535591 inf [network] > prefs TIME:GET_OK
1670938535599 inf [network] > prefs CASHIER:GET_OK
1670938535601 inf [network] > prefs CASHIER:LIST_OK
1670938535602 inf [network] > prefs CASHIER:GET_OK
1670938535615 inf [network] > prefs CASHIER:LIST_OK
1670938535616 inf [network] > subscriptions FILTERLIST:CREATE_OK
1670938535617 inf [network] > subscriptions FILTERLIST:SET
1670938535618 inf [network] > subscriptions FILTERLIST:CREATE_OK
1670938535619 inf [network] > subscriptions FILTERLIST:SET
1670938535621 inf [network] > subscriptions FILTERLIST:CREATE_OK
1670938535621 inf [network] > subscriptions FILTERLIST:SET
1670938535624 inf [network] > prefs NEWS:GET_OK
1670938535624 inf [network] > prefs DATA:GET_ERR
1670938535626 inf [network] > Http https://dl.winamax.fr/client/attr/settings/wam/ressource.1624283658 ok
1670938535628 inf [network] > Http https://dl.winamax.fr/client/attr/settings/wam/config.1624292306 ok
1670938535647 inf [network] > Http https://wapi.winamax.fr/operator/winamax-tv/public ok
1670938535648 inf [api] > Service operator/winamax-tv/public
1670938535662 inf [network] > prefs BUDDY:GET_OK
1670938535672 inf [network] < prefs BUDDYROOM:JOIN
1670938535686 inf [network] > prefs BUDDYROOM:JOIN_OK
1670938535717 inf [network] > Http https://wapi.winamax.fr/operator/userdata ok
1670938535718 inf [api] > Service operator/userdata
1670938535735 inf [network] Registering channel wam.general.t1
1670938535735 inf [network] < wam.general.t1 CHATROOM:JOIN
1670938535754 inf [network] > wam.general.t1 CHATROOM:JOIN_OK
1670938535949 inf [network] > prefs NOTIFICATION:POST_INFO
1670938535952 inf [network] > prefs NOTIFICATION:POST_INFO
1670938537549 inf [api] < Service poker/client/prefs
1670938537550 inf [network] > Http https://wapi.winamax.fr/poker/client/prefs post
1670938537595 inf [network] > Http https://wapi.winamax.fr/poker/client/prefs ok
1670938537596 inf [api] > Service poker/client/prefs
1670938545556 inf [network] < prefs TIME:GET
1670938545571 inf [network] > prefs TIME:GET_OK
1670938546750 inf [router] Navigate: wam://lobby-mtt
1670938546751 inf [router] Navigation done: wam://lobby-mtt
1670938546778 inf [network] Registering channel lo
1670938546779 inf [router] Execute: wam://lobby-preview?rk=&type=
1670938546780 inf [router] Execution done: wam://lobby-preview?rk=&type=
1670938546809 inf [network] < lo FILTERLIST:CREATE
1670938546826 inf [network] > lo FILTERLIST:CREATE_OK
1670938546832 inf [network] > lo FILTERLIST:SET
1670938546839 inf [router] Execute: wam://lobby-preview?rk=tt7.ttmgr.tt7_9.t600114969&type=tournament
1670938546842 inf [router] Execution done: wam://lobby-preview?rk=tt7.ttmgr.tt7_9.t600114969&type=tournament
1670938546843 inf [network] Registering channel tt7.ttmgr.tt7_9.t600114969
1670938546872 inf [network] < tt7.ttmgr.tt7_9.t600114969 TOURNAMENT:JOIN
1670938546895 inf [network] > tt7.ttmgr.tt7_9.t600114969 TOURNAMENT:JOIN_OK
1670938546897 inf [network] > tt7.ttmgr.tt7_9.t600114969 CHATROOM:JOIN_OK
1670938549605 inf [network] > lo FILTERLIST:UPDATE
1670938554532 inf [router] Navigate: wam://lobby-home
1670938554534 inf [router] Navigation done: wam://lobby-home
1670938555557 inf [network] < prefs TIME:GET
1670938555569 inf [network] > prefs TIME:GET_OK
1670938556063 inf [router] Navigate: wam://shop
1670938556067 inf [network] < prefs OPTOKEN:GET
1670938556113 inf [network] > prefs OPTOKEN:GET_OK
1670938556114 inf [router] Open: https://www.winamax.fr/poker/redirect.php?service=shop&token=0c4750e3071d2ecace051faaf3dfe94d75c3ce8a&client=electron&ver=1.25.2&oid=b94b276db79aabbcbfbe64cabbfea685&os=win32&opid=wam&lang=en_US&store=winamax&store_id=main&embed=false&pokerClient=web
1670938556114 inf [router] Navigation done: https://www.winamax.fr/poker/redirect.php?service=shop&token={$token}
1670938559619 inf [network] > lo FILTERLIST:UPDATE
1670938564693 inf [network] > wam.general.t1 CHATROOM:POST_INFO
1670938565582 inf [network] < prefs TIME:GET
1670938565593 inf [network] > prefs TIME:GET_OK
1670938569644 inf [network] > lo FILTERLIST:SET
1670938573473 inf [network] > prefs NOTIFICATION:POST_INFO
1670938573476 inf [network] > prefs NOTIFICATION:POST_INFO
1670938574582 inf [network] < lo FILTERLIST:DELETE
1670938574583 inf [router] Execute: wam://lobby-preview?rk=&type=
1670938574586 inf [router] Execution done: wam://lobby-preview?rk=&type=
1670938574588 inf [network] < tt7.ttmgr.tt7_9.t600114969 TOURNAMENT:LEAVE
1670938574590 inf [network] Leaving channel tt7.ttmgr.tt7_9.t600114969
1670938574596 inf [network] > lo FILTERLIST:DELETE_OK
1670938574602 inf [network] > tt7.ttmgr.tt7_9.t600114969 TOURNAMENT:LEAVE_OK
1670938575569 inf [network] < prefs TIME:GET
1670938575579 inf [network] > prefs TIME:GET_OK
1670938584473 inf [network] > wam.general.t1 CHATROOM:POST_INFO
1670938585573 inf [network] < prefs TIME:GET
1670938585584 inf [network] > prefs TIME:GET_OK
1670938585723 inf [router] Navigate: wam://lobby-expresso
1670938585724 inf [router] Navigation done: wam://lobby-expresso
1670938588721 inf [router] Execute: wam://srm?action=create&template=expresso_nlhe&context=lo&withTicket=true&buyin=0.25&money=real&attrsonly[]=exp&attrsonly[]=expnitro
1670938588723 inf [network] < prefs SRM:ADD_RULE
1670938588739 inf [network] > prefs SRM:ADD_RULE_OK
1670938588747 inf [router] Navigate: wam://table?hash=244068688%400&label=Expresso&playgroundId=
1670938588755 inf [scene] Scene open
1670938588758 inf [scene] Scene create
1670938588772 inf [scene.2] Scene loading
1670938588782 inf [router] Navigation done: wam://table?hash=244068688%400&label=Expresso&playgroundId=
1670938588783 inf [router] Execution done: wam://srm?action=create&template=expresso_nlhe&context=lo&withTicket=true&buyin=0.25&money=real&attrsonly[]=exp&attrsonly[]=expnitro
1670938588788 inf [network] > prefs NOTIFICATION:POST_INFO
1670938588790 inf [network] > prefs NOTIFICATION:POST_INFO
1670938588791 inf [network] > prefs SRM:UPDATE_RULE_INFO
1670938588799 inf [network] Registering channel tt6.ttmgr.tt6_1.t611423572
1670938588805 inf [network] < tt6.ttmgr.tt6_1.t611423572 TOURNAMENT:JOIN
1670938588827 inf [network] > tt6.ttmgr.tt6_1.t611423572 TOURNAMENT:JOIN_OK
1670938588829 inf [network] > tt6.ttmgr.tt6_1.t611423572 CHATROOM:JOIN_OK
1670938588830 inf [network] < tt6.ttmgr.tt6_1.t611423572 TOURNAMENT:CONFIGURE
1670938588845 inf [network] > tt6.ttmgr.tt6_1.t611423572 TOURNAMENT:CONFIGURE_OK
1670938588850 inf [network] < tt6.ttmgr.tt6_1.t611423572 TOURNAMENT:CONFIGURE
1670938588870 inf [network] > tt6.ttmgr.tt6_1.t611423572 TOURNAMENT:CONFIGURE_OK
1670938589218 inf [scene.2] Browser loaded
1670938589227 inf [scene.2] Bridge loaded
1670938589694 inf [network] > tt6.ttmgr.tt6_1.t611423572 TOURNAMENT:STATUS
1670938589699 inf [network] > tt6.ttmgr.tt6_1.t611423572 TOURNAMENT:STATUS
1670938592077 inf [network] > wam.general.t1 CHATROOM:POST_INFO
1670938593310 inf [network] > tt6.ttmgr.tt6_1.t611423572 TOURNAMENT:STATUS
1670938593315 inf [network] > tt6.ttmgr.tt6_1.t611423572 TOURNAMENT:STATUS
1670938593325 inf [network] > tt6.ttmgr.tt6_1.t611423572 TOURNAMENT:PAYOUTS
1670938593326 inf [network] > tt6.ttmgr.tt6_1.t611423572 TOURNAMENT:RUN
1670938593327 inf [network] > tt6.ttmgr.tt6_1.t611423572 TOURNAMENT:STATUS
1670938593345 inf [network] Registering channel tt6.tamgr.tt6_1.t1831067
1670938593360 inf [network] > prefs NOTIFICATION:POST_INFO
1670938593375 inf [network] < tt6.tamgr.tt6_1.t1831067 TABLE:JOIN
1670938593390 inf [network] > tt6.tamgr.tt6_1.t1831067 TABLE:JOIN_OK
1670938593445 inf [network] > tt6.tamgr.tt6_1.t1831067 CHATROOM:JOIN_OK
1670938593488 inf [network] > wam.general.t1 CHATROOM:POST_INFO
1670938593673 inf [network] > subscriptions FILTERLIST:UPDATE
1670938593686 inf [network] < subscriptions FILTERLIST:CHANGE
1670938593700 inf [network] > subscriptions FILTERLIST:CHANGE_OK
1670938593701 inf [network] > subscriptions FILTERLIST:SET
1670938593716 inf [router] Execute: wam://table-open?rid=244068688&tblrk=tt6.tamgr.tt6_1.t1831067&ttrk=tt6.ttmgr.tt6_1.t611423572&gfsid=
1670938593718 inf [router] Execution done: wam://table-open?rid=244068688&tblrk=tt6.tamgr.tt6_1.t1831067&ttrk=tt6.ttmgr.tt6_1.t611423572&gfsid=
1670938595592 inf [network] < prefs TIME:GET
1670938595606 inf [network] > prefs TIME:GET_OK
1670938602376 inf [network] > tt6.ttmgr.tt6_1.t611423572 TOURNAMENT:STATUS
1670938604389 inf [network] > tt6.tamgr.tt6_1.t1831067 TABLE:STATUS
1670938605606 inf [network] < prefs TIME:GET
1670938605617 inf [network] > prefs TIME:GET_OK
1670938606336 inf [network] > wam.general.t1 CHATROOM:POST_INFO
1670938606936 inf [network] > tt6.tamgr.tt6_1.t1831067 TABLE:POST_INFO
1670938606938 inf [network] > tt6.tamgr.tt6_1.t1831067 TABLE:POST_INFO
1670938606939 inf [network] > tt6.tamgr.tt6_1.t1831067 TABLE:CARDS
1670938606940 inf [table] 1 tt6.tamgr.tt6_1.t1831067 hand 2626044245743501313-1-1670938606
1670938606941 inf [table] 1 tt6.tamgr.tt6_1.t1831067 action SB login="jejenino" amount="10"
1670938606943 inf [table] 1 tt6.tamgr.tt6_1.t1831067 action BB login="Sobolan" amount="20"
1670938606944 inf [table] 1 tt6.tamgr.tt6_1.t1831067 cards login="YL_ML_GL_42" 8c,6s
1670938606946 inf [network] > tt6.tamgr.tt6_1.t1831067 TABLE:STATUS
1670938606946 inf [network] > tt6.tamgr.tt6_1.t1831067 TABLE:ACTIONSET
1670938606947 inf [table] 1 tt6.tamgr.tt6_1.t1831067 round pre-flop pot="0" totalPot="30"
1670938611304 inf [network] < tt6.tamgr.tt6_1.t1831067 TABLE:ACTION
1670938611322 inf [network] > tt6.tamgr.tt6_1.t1831067 TABLE:ACTION_OK
1670938611323 inf [network] > tt6.tamgr.tt6_1.t1831067 TABLE:ACTION_INFO
1670938611324 inf [table] 1 tt6.tamgr.tt6_1.t1831067 action fold login="YL_ML_GL_42"
1670938612574 inf [network] > tt6.tamgr.tt6_1.t1831067 TABLE:ACTION_INFO
1670938612580 inf [table] 1 tt6.tamgr.tt6_1.t1831067 action call login="jejenino" amount="20"
1670938615614 inf [network] < prefs TIME:GET
1670938615626 inf [network] > prefs TIME:GET_OK
1670938616296 inf [network] > tt6.tamgr.tt6_1.t1831067 TABLE:ACTION_INFO
1670938616297 inf [network] > tt6.tamgr.tt6_1.t1831067 TABLE:STATUS
1670938616299 inf [table] 1 tt6.tamgr.tt6_1.t1831067 action check login="Sobolan" amount="20"
1670938616300 inf [table] 1 tt6.tamgr.tt6_1.t1831067 round flop board="Ac,Kh,2d" pot="40" totalPot="0"
1670938618007 inf [network] > tt6.tamgr.tt6_1.t1831067 TABLE:ACTION_INFO
1670938618009 inf [table] 1 tt6.tamgr.tt6_1.t1831067 action bet login="jejenino" amount="26"
1670938625630 inf [network] < prefs TIME:GET
1670938625640 inf [network] > prefs TIME:GET_OK
1670938628024 inf [network] > tt6.tamgr.tt6_1.t1831067 TABLE:ACTION_INFO
1670938628025 inf [network] > tt6.tamgr.tt6_1.t1831067 TABLE:STATUS
1670938628027 inf [table] 1 tt6.tamgr.tt6_1.t1831067 action call login="Sobolan" amount="26"
1670938628027 inf [table] 1 tt6.tamgr.tt6_1.t1831067 round turn board="Ac,Kh,2d,3s" pot="92" totalPot="0"
1670938630796 inf [network] > tt6.tamgr.tt6_1.t1831067 TABLE:ACTION_INFO
1670938630797 inf [table] 1 tt6.tamgr.tt6_1.t1831067 action bet login="jejenino" amount="32"
1670938630912 inf [network] > wam.general.t1 CHATROOM:POST_INFO
1670938634468 inf [network] > wam.general.t1 CHATROOM:POST_INFO
1670938635644 inf [network] < prefs TIME:GET
1670938635659 inf [network] > prefs TIME:GET_OK
1670938640006 inf [network] > tt6.tamgr.tt6_1.t1831067 TABLE:ACTION_INFO
1670938640008 inf [network] > tt6.tamgr.tt6_1.t1831067 TABLE:STATUS
1670938640009 inf [table] 1 tt6.tamgr.tt6_1.t1831067 action call login="Sobolan" amount="32"
1670938640013 inf [table] 1 tt6.tamgr.tt6_1.t1831067 round river board="Ac,Kh,2d,3s,Qs" pot="156" totalPot="0"
1670938642237 inf [network] > tt6.tamgr.tt6_1.t1831067 TABLE:ACTION_INFO
1670938642238 inf [table] 1 tt6.tamgr.tt6_1.t1831067 action bet login="jejenino" amount="55"
1670938645645 inf [network] < prefs TIME:GET
1670938645656 inf [network] > prefs TIME:GET_OK
1670938646784 inf [network] > wam.general.t1 CHATROOM:POST_INFO
1670938651776 inf [network] > tt6.tamgr.tt6_1.t1831067 TABLE:ACTION_INFO
1670938651777 inf [network] > tt6.tamgr.tt6_1.t1831067 TABLE:SHOWDOWN_INFO
1670938651778 inf [network] > tt6.tamgr.tt6_1.t1831067 TABLE:SHOWDOWN_INFO
1670938651779 inf [network] > tt6.tamgr.tt6_1.t1831067 TABLE:RESULT
1670938651779 inf [network] > tt6.tamgr.tt6_1.t1831067 TRACKER:GET_INFO
1670938651780 inf [table] 1 tt6.tamgr.tt6_1.t1831067 action call login="Sobolan" amount="55"
1670938651782 inf [table] 1 tt6.tamgr.tt6_1.t1831067 showdown login="jejenino" cards="9d,7c" board="Ac,Kh,2d,3s,Qs"
1670938651782 inf [table] 1 tt6.tamgr.tt6_1.t1831067 showdown login="Sobolan" cards="2c,5d" board="Ac,Kh,2d,3s,Qs"
1670938651782 inf [table] 1 tt6.tamgr.tt6_1.t1831067 gain login="Sobolan" amount="266"
1670938655653 inf [network] < prefs TIME:GET
1670938655664 inf [network] > prefs TIME:GET_OK
1670938655913 inf [network] > tt6.tamgr.tt6_1.t1831067 TABLE:POST_INFO
1670938655914 inf [network] > tt6.tamgr.tt6_1.t1831067 TABLE:POST_INFO
1670938655915 inf [network] > tt6.tamgr.tt6_1.t1831067 TABLE:CARDS
1670938655916 inf [table] 1 tt6.tamgr.tt6_1.t1831067 hand 2626044245743501313-2-1670938655
1670938655916 inf [table] 1 tt6.tamgr.tt6_1.t1831067 action SB login="Sobolan" amount="10"
1670938655918 inf [table] 1 tt6.tamgr.tt6_1.t1831067 action BB login="YL_ML_GL_42" amount="20"
1670938655919 inf [table] 1 tt6.tamgr.tt6_1.t1831067 cards login="YL_ML_GL_42" 3h,8c
1670938655921 inf [network] > tt6.tamgr.tt6_1.t1831067 TABLE:STATUS
1670938655921 inf [network] > tt6.tamgr.tt6_1.t1831067 TABLE:PREACTION_LIST
1670938655922 inf [table] 1 tt6.tamgr.tt6_1.t1831067 round pre-flop pot="0" totalPot="30"
1670938657196 inf [network] > tt6.tamgr.tt6_1.t1831067 TABLE:ACTION_INFO
1670938657197 inf [network] > tt6.tamgr.tt6_1.t1831067 TABLE:PREACTION_LIST
1670938657198 inf [table] 1 tt6.tamgr.tt6_1.t1831067 action raise login="jejenino" amount="70"
1670938660065 inf [network] < tt6.tamgr.tt6_1.t1831067 TABLE:PREACTION
1670938660082 inf [network] > tt6.tamgr.tt6_1.t1831067 TABLE:PREACTION_OK
1670938662391 inf [network] > tt6.ttmgr.tt6_1.t611423572 TOURNAMENT:STATUS
1670938665654 inf [network] < prefs TIME:GET
1670938665667 inf [network] > prefs TIME:GET_OK
1670938667215 inf [network] > tt6.tamgr.tt6_1.t1831067 TABLE:ACTION_INFO
1670938667216 inf [network] > tt6.tamgr.tt6_1.t1831067 TABLE:ACTION_OK
1670938667217 inf [table] 1 tt6.tamgr.tt6_1.t1831067 action fold login="Sobolan" amount="10"
1670938667218 inf [network] > tt6.tamgr.tt6_1.t1831067 TABLE:ACTION_INFO
1670938667227 inf [table] 1 tt6.tamgr.tt6_1.t1831067 action fold login="YL_ML_GL_42" amount="20"
1670938668849 inf [network] > tt6.tamgr.tt6_1.t1831067 TABLE:SHOWDOWN_INFO
1670938668850 inf [network] > tt6.tamgr.tt6_1.t1831067 TABLE:RESULT
1670938668850 inf [network] > tt6.tamgr.tt6_1.t1831067 TRACKER:GET_INFO
1670938668851 inf [table] 1 tt6.tamgr.tt6_1.t1831067 showdown login="jejenino" mucks
1670938668852 inf [table] 1 tt6.tamgr.tt6_1.t1831067 gain login="jejenino" amount="100"
1670938670127 inf [network] > wam.general.t1 CHATROOM:POST_INFO
1670938670912 inf [network] > tt6.tamgr.tt6_1.t1831067 TABLE:POST_INFO
1670938670913 inf [network] > tt6.tamgr.tt6_1.t1831067 TABLE:POST_INFO
1670938670914 inf [table] 1 tt6.tamgr.tt6_1.t1831067 hand 2626044245743501313-3-1670938670
1670938670914 inf [table] 1 tt6.tamgr.tt6_1.t1831067 action SB login="YL_ML_GL_42" amount="15"
1670938670915 inf [network] > tt6.tamgr.tt6_1.t1831067 TABLE:CARDS
1670938670915 inf [network] > tt6.tamgr.tt6_1.t1831067 TABLE:STATUS
1670938670916 inf [network] > tt6.tamgr.tt6_1.t1831067 TABLE:PREACTION_LIST
1670938670917 inf [table] 1 tt6.tamgr.tt6_1.t1831067 action BB login="jejenino" amount="30"
1670938670917 inf [table] 1 tt6.tamgr.tt6_1.t1831067 cards login="YL_ML_GL_42" 3c,9c
1670938670918 inf [table] 1 tt6.tamgr.tt6_1.t1831067 round pre-flop pot="0" totalPot="45"
1670938675669 inf [network] < prefs TIME:GET
1670938675680 inf [network] > prefs TIME:GET_OK
1670938677536 inf [network] > tt6.tamgr.tt6_1.t1831067 TABLE:ACTION_INFO
1670938677537 inf [network] > tt6.tamgr.tt6_1.t1831067 TABLE:ACTIONSET
1670938677538 inf [table] 1 tt6.tamgr.tt6_1.t1831067 action fold login="Sobolan"
1670938680072 inf [network] < tt6.tamgr.tt6_1.t1831067 TABLE:ACTION
1670938680085 inf [network] > tt6.tamgr.tt6_1.t1831067 TABLE:ACTION_OK
1670938680086 inf [network] > tt6.tamgr.tt6_1.t1831067 TABLE:ACTION_INFO
1670938680088 inf [table] 1 tt6.tamgr.tt6_1.t1831067 action raise login="YL_ML_GL_42" amount="90"
1670938681637 inf [network] > tt6.tamgr.tt6_1.t1831067 TABLE:ACTION_INFO
1670938681638 inf [network] > tt6.tamgr.tt6_1.t1831067 TABLE:ACTIONSET
1670938681638 inf [table] 1 tt6.tamgr.tt6_1.t1831067 action raise login="jejenino" amount="197"
1670938682284 inf [network] > wam.general.t1 CHATROOM:POST_INFO
1670938682761 inf [network] < tt6.tamgr.tt6_1.t1831067 TABLE:ACTION
1670938682777 inf [network] > tt6.tamgr.tt6_1.t1831067 TABLE:ACTION_OK
1670938682779 inf [network] > tt6.tamgr.tt6_1.t1831067 TABLE:ACTION_INFO
1670938682781 inf [table] 1 tt6.tamgr.tt6_1.t1831067 action call login="YL_ML_GL_42" amount="197"
1670938682782 inf [network] > tt6.tamgr.tt6_1.t1831067 TABLE:STATUS
1670938684287 inf [network] > tt6.tamgr.tt6_1.t1831067 TABLE:CARDS
1670938684288 inf [network] > tt6.tamgr.tt6_1.t1831067 TABLE:STATUS
1670938684293 inf [table] 1 tt6.tamgr.tt6_1.t1831067 round flop board="Ad,Js,2s" pot="394" totalPot="0"
1670938685655 inf [network] < prefs TIME:GET
1670938685668 inf [network] > prefs TIME:GET_OK
1670938685791 inf [network] > tt6.tamgr.tt6_1.t1831067 TABLE:CARDS
1670938685791 inf [network] > tt6.tamgr.tt6_1.t1831067 TABLE:STATUS
1670938685797 inf [table] 1 tt6.tamgr.tt6_1.t1831067 round turn board="Ad,Js,2s,9h" pot="394" totalPot="0"
1670938687292 inf [network] > tt6.tamgr.tt6_1.t1831067 TABLE:CARDS
1670938687294 inf [network] > tt6.tamgr.tt6_1.t1831067 TABLE:STATUS
1670938687310 inf [table] 1 tt6.tamgr.tt6_1.t1831067 round river board="Ad,Js,2s,9h,Td" pot="394" totalPot="0"
1670938688380 inf [network] > wam.general.t1 CHATROOM:POST_INFO
1670938688801 inf [network] > tt6.tamgr.tt6_1.t1831067 TABLE:RESULT
1670938688802 inf [network] > tt6.tamgr.tt6_1.t1831067 TRACKER:GET_INFO
1670938688803 inf [table] 1 tt6.tamgr.tt6_1.t1831067 showdown login="YL_ML_GL_42" cards="3c,9c" board="Ad,Js,2s,9h,Td"
1670938688804 inf [table] 1 tt6.tamgr.tt6_1.t1831067 showdown login="jejenino" cards="Jd,6c" board="Ad,Js,2s,9h,Td"
1670938688804 inf [table] 1 tt6.tamgr.tt6_1.t1831067 gain login="jejenino" amount="394"
1670938692853 inf [network] > tt6.tamgr.tt6_1.t1831067 TABLE:POST_INFO
1670938692854 inf [network] > tt6.tamgr.tt6_1.t1831067 TABLE:POST_INFO
1670938692855 inf [network] > tt6.tamgr.tt6_1.t1831067 TABLE:CARDS
1670938692855 inf [network] > tt6.tamgr.tt6_1.t1831067 TABLE:STATUS
1670938692856 inf [network] > tt6.tamgr.tt6_1.t1831067 TABLE:ACTIONSET
1670938692856 inf [table] 1 tt6.tamgr.tt6_1.t1831067 hand 2626044245743501313-4-1670938692
1670938692857 inf [table] 1 tt6.tamgr.tt6_1.t1831067 action SB login="jejenino" amount="15"
1670938692857 inf [table] 1 tt6.tamgr.tt6_1.t1831067 action BB login="Sobolan" amount="30"
1670938692858 inf [table] 1 tt6.tamgr.tt6_1.t1831067 cards login="YL_ML_GL_42" 2s,6s
1670938692871 inf [table] 1 tt6.tamgr.tt6_1.t1831067 round pre-flop pot="0" totalPot="45"
1670938695681 inf [network] < prefs TIME:GET
1670938695691 inf [network] > prefs TIME:GET_OK
1670938695823 inf [network] < tt6.tamgr.tt6_1.t1831067 TABLE:ACTION
1670938695840 inf [network] > tt6.tamgr.tt6_1.t1831067 TABLE:ACTION_OK
1670938695841 inf [network] > tt6.tamgr.tt6_1.t1831067 TABLE:ACTION_INFO
1670938695842 inf [table] 1 tt6.tamgr.tt6_1.t1831067 action raise login="YL_ML_GL_42" amount="83"
1670938697269 inf [network] > tt6.tamgr.tt6_1.t1831067 TABLE:ACTION_INFO
1670938697269 inf [table] 1 tt6.tamgr.tt6_1.t1831067 action call login="jejenino" amount="83"
1670938697541 inf [network] > wam.general.t1 CHATROOM:POST_INFO
1670938703395 inf [network] > wam.general.t1 CHATROOM:POST_INFO
1670938705690 inf [network] < prefs TIME:GET
1670938705701 inf [network] > prefs TIME:GET_OK
1670938706953 inf [network] > tt6.tamgr.tt6_1.t1831067 TABLE:ACTION_INFO
1670938706955 inf [network] > tt6.tamgr.tt6_1.t1831067 TABLE:CARDS
1670938706956 inf [network] > tt6.tamgr.tt6_1.t1831067 TABLE:STATUS
1670938706957 inf [table] 1 tt6.tamgr.tt6_1.t1831067 action call login="Sobolan" amount="83"
1670938706968 inf [table] 1 tt6.tamgr.tt6_1.t1831067 round flop board="8d,8h,Ah" pot="249" totalPot="0"
1670938708928 inf [network] > tt6.tamgr.tt6_1.t1831067 TABLE:ACTION_INFO
1670938708930 inf [table] 1 tt6.tamgr.tt6_1.t1831067 action check login="jejenino"
1670938715690 inf [network] < prefs TIME:GET
1670938715702 inf [network] > prefs TIME:GET_OK
1670938718853 inf [network] > tt6.tamgr.tt6_1.t1831067 TABLE:ACTION_INFO
1670938718855 inf [network] > tt6.tamgr.tt6_1.t1831067 TABLE:CARDS
1670938718856 inf [network] > tt6.tamgr.tt6_1.t1831067 TABLE:STATUS
1670938718857 inf [table] 1 tt6.tamgr.tt6_1.t1831067 action check login="Sobolan"
1670938718858 inf [table] 1 tt6.tamgr.tt6_1.t1831067 round turn board="8d,8h,Ah,5d" pot="249" totalPot="0"
1670938720676 inf [router] Navigate: wam://table?tblid=1&scene=2
1670938720677 inf [router] Navigation done: wam://table?tblid=1&scene=2
1670938722035 inf [network] > tt6.tamgr.tt6_1.t1831067 TABLE:ACTION_INFO
1670938722049 inf [table] 1 tt6.tamgr.tt6_1.t1831067 action bet login="jejenino" amount="87"
1670938722409 inf [network] > tt6.ttmgr.tt6_1.t611423572 TOURNAMENT:STATUS
1670938725693 inf [network] < prefs TIME:GET
1670938725705 inf [network] > prefs TIME:GET_OK
1670938725757 inf [network] > wam.general.t1 CHATROOM:POST_INFO
1670938731888 inf [network] > tt6.tamgr.tt6_1.t1831067 TABLE:ACTION_INFO
1670938731889 inf [network] > tt6.tamgr.tt6_1.t1831067 TABLE:CARDS
1670938731889 inf [network] > tt6.tamgr.tt6_1.t1831067 TABLE:STATUS
1670938731890 inf [table] 1 tt6.tamgr.tt6_1.t1831067 action call login="Sobolan" amount="87"
1670938731907 inf [table] 1 tt6.tamgr.tt6_1.t1831067 round river board="8d,8h,Ah,5d,Jd" pot="423" totalPot="0"
1670938734425 inf [network] > tt6.tamgr.tt6_1.t1831067 TABLE:ACTION_INFO
1670938734434 inf [table] 1 tt6.tamgr.tt6_1.t1831067 action bet login="jejenino" amount="148"
1670938735683 inf [network] < prefs TIME:GET
1670938735695 inf [network] > prefs TIME:GET_OK
1670938743031 inf [router] Execute: wam://playground-close?id=1
1670938743033 inf [router] Execution done: wam://playground-close?id=1
1670938743794 inf [network] > tt6.tamgr.tt6_1.t1831067 TABLE:ACTION_INFO
1670938743795 inf [network] > tt6.tamgr.tt6_1.t1831067 TABLE:SHOWDOWN_INFO
1670938743797 inf [table] 1 tt6.tamgr.tt6_1.t1831067 action call login="Sobolan" amount="148"
1670938744579 inf [router] Execute: wam://playground-close?id=1&force=true&scene=2
1670938744582 inf [router] Execution done: wam://playground-close?id=1&force=true&scene=2
1670938744583 inf [router] Execute: wam://table-close?hash=244068688%400
1670938744584 inf [router] Execution done: wam://table-close?hash=244068688%400
1670938744585 inf [network] < tt6.tamgr.tt6_1.t1831067 TABLE:LEAVE
1670938744586 inf [network] Leaving channel tt6.tamgr.tt6_1.t1831067
1670938744587 inf [router] Execute: wam://playground-close?id=1&scene=2
1670938744587 inf [router] Execution done: wam://playground-close?id=1&scene=2
1670938745695 inf [network] < prefs TIME:GET
1670938745708 inf [network] > prefs TIME:GET_OK
1670938751833 inf [network] > tt6.ttmgr.tt6_1.t611423572 TOURNAMENT:STATUS
1670938751837 inf [network] > tt6.ttmgr.tt6_1.t611423572 TOURNAMENT:STATUS
1670938751840 inf [network] > tt6.ttmgr.tt6_1.t611423572 TRACKER:GET_INFO
1670938751841 inf [network] > tt6.ttmgr.tt6_1.t611423572 TOURNAMENT:RESULT
1670938751842 inf [network] > tt6.ttmgr.tt6_1.t611423572 TOURNAMENT:STATUS
1670938751843 inf [router] Navigate: wam://popup?type=tournament-result&ttid=2
1670938751844 inf [router] Navigation done: wam://popup?type=tournament-result&ttid=2
1670938751845 inf [network] Registering channel tt6.tamgr.tt6_1.t1831067
1670938751848 inf [network] > prefs SRM:UPDATE_RULE_INFO
1670938751849 inf [network] < tt6.tamgr.tt6_1.t1831067 TABLE:JOIN
1670938751862 inf [network] Leaving channel tt6.tamgr.tt6_1.t1831067
1670938751864 inf [network] > tt6.tamgr.tt6_1.t1831067 TABLE:JOIN_ERR
1670938751868 inf [router] Navigate: wam://popup?type=table-error&message=Access%20denied&tblid=2
1670938751870 inf [router] Navigation done: wam://popup?type=table-error&message=Access%20denied&tblid=2
1670938751921 inf [network] > prefs NOTIFICATION:POST_INFO
1670938751922 inf [network] > prefs GAMESTATS:INFO
1670938753062 inf [network] > wam.general.t1 CHATROOM:POST_INFO
1670938753663 inf [network] > subscriptions FILTERLIST:UPDATE
1670938754202 inf [app] Exit
1670938754206 inf [tracker] Closed
1670938754209 inf [network] Registering channel subscriptions
1670938754210 inf [network] Registering channel tt6.ttmgr.tt6_1.t611423572
1670938754210 inf [network] Leaving channel tt6.ttmgr.tt6_1.t611423572
