1671293003165 inf [app] Launch
1671293003235 inf [scene] Bridge initialize
1671293003246 inf [scene] Scene open
1671293003254 inf [scene] Scene create
1671293003268 inf [scene.1] Scene loading
1671293003275 inf [app] Checking for update
1671293003832 inf [scene.1] Browser loaded
1671293003840 inf [scene.1] Bridge loaded
1671293003873 inf [tracker] Listening on port: 8003
1671293007914 inf [app] Update for version 1.25.2 is not available (latest version: 1.25.2, downgrade is disallowed).
1671293027719 inf [api] < Service core/authentication/token/generate
1671293027720 inf [network] > Http https://wapi.winamax.fr/core/authentication/token/generate post
1671293034977 inf [api] < Service core/authentication/token/generate
1671293034978 inf [network] > Http https://wapi.winamax.fr/core/authentication/token/generate post
1671293036826 inf [network] > Http https://wapi.winamax.fr/core/authentication/token/generate ok
1671293036827 inf [api] > Service core/authentication/token/generate
1671293036828 inf [api] < Service poker/public/config/preauth {"client":"poker","application":"desktop","opid":"wam","device":"electron","ver":"1.25.2.1670589810","os":"win32","cid":"b94b276db79aabbcbfbe64cabbfea685"}
1671293036829 inf [network] > Http https://api.winamax.fr/poker/public/config/preauth?client=poker&application=desktop&opid=wam&device=electron&ver=1.25.2.1670589810&os=win32&cid=b94b276db79aabbcbfbe64cabbfea685 get
1671293040118 inf [network] > Http https://api.winamax.fr/poker/public/config/preauth?client=poker&application=desktop&opid=wam&device=electron&ver=1.25.2.1670589810&os=win32&cid=b94b276db79aabbcbfbe64cabbfea685 ok
1671293040120 inf [api] > Service poker/public/config/preauth {"core":{"type":"wss","retry":{"count":3,"timeout":10000,"delay":2000,"random":1000},"hosts":["wapi.winamax.fr:443/poker/front/ws/websocket"],"enable":true,"zombie":{"duration":45000},"socket":{"sleep":10,"buffer":16384},"monitor":{"interrupted":true}},"features":{"vm":false,"playground":{"threshold":1000},"time":{"duration":10}},"serverstatus":{"status":"up","polling":300,"i18n":{"de_DE":{"title":"","info":"Alle Dienste sind verfügbar"},"fr_FR":{"title":"","info":"Tous les services sont fonctionnels"},"en_GB":{"title":"","info":"All services are operational."},"*":{"title":"","info":"All services are operational."},"en_US":{"title":"","info":"All services are operational."},"es_ES":{"title":"","info":"All services are operational."},"pt_PT":{"title":"","info":"All services are operational."}}},"auth":{"version":2,"timeout":6000,"refresh":{"count":3,"delay":2500}}}
1671293040134 inf [network] Registering channel prefs
1671293040135 inf [network] Enqueuing AUTH:SIGNIN
1671293040136 inf [network] Creating socket wss://wapi.winamax.fr:443/poker/front/ws/websocket
1671293040137 inf [network] Connection status: 1
1671293046715 inf [network] Socket opened
1671293046715 inf [network] Connection status: 2
1671293046716 inf [network] Connection status: 3
1671293046717 inf [network] < prefs AUTH:SIGNIN
1671293048340 inf [network] > prefs AUTH:SIGNIN_OK
1671293048340 inf [network] Connection status: 4
1671293048359 inf [network] < prefs TIME:GET
1671293048360 inf [network] < prefs GAMESTATS:JOIN
1671293048458 inf [network] > prefs NOTIFICATION:POST_INFO
1671293051698 inf [network] > prefs TIME:GET_OK
1671293051700 inf [network] > prefs GAMESTATS:JOIN_OK
1671293051701 inf [network] < prefs DATA:GET
1671293055614 inf [network] > prefs DATA:BINARY
1671293055628 inf [network] < prefs DATA:GET
1671293056649 inf [network] > prefs DATA:BINARY
1671293056656 inf [api] < Service poker/client/prefs
1671293056657 inf [network] > Http https://wapi.winamax.fr/poker/client/prefs post
1671293058954 inf [network] > Http https://wapi.winamax.fr/poker/client/prefs ok
1671293058955 inf [api] > Service poker/client/prefs
1671293058962 inf [router] Execute: wam://preload-ok
1671293058963 inf [router] Navigate: wam://lobbies
1671293058967 inf [network] > Http https://dl.winamax.fr/client/attr/settings/wam/config.1624292306 get
1671293058968 inf [network] > Http https://dl.winamax.fr/client/attr/settings/wam/ressource.1624283658 get
1671293058970 inf [router] Navigation done: wam://lobbies
1671293058971 inf [router] Execution done: wam://preload-ok
1671293058972 inf [network] Registering channel subscriptions
1671293058972 inf [api] < Service operator/userdata
1671293058973 inf [network] > Http https://wapi.winamax.fr/operator/userdata post
1671293058975 inf [api] < Service operator/winamax-tv/public
1671293058975 inf [network] > Http https://wapi.winamax.fr/operator/winamax-tv/public post
1671293058977 inf [network] < prefs SRM:JOIN
1671293058978 inf [network] < prefs NEWS:GET
1671293058978 inf [network] < prefs DATA:GET
1671293058979 inf [network] < prefs BUDDY:GET
1671293058979 inf [network] < prefs BUDDYROOM:JOIN
1671293058981 inf [network] < prefs TIME:GET
1671293058982 inf [network] < prefs CASHIER:GET
1671293058982 inf [network] < prefs CASHIER:LIST
1671293058983 inf [network] < prefs CASHIER:GET
1671293058983 inf [network] < prefs CASHIER:LIST
1671293058984 inf [network] < subscriptions FILTERLIST:CREATE
1671293058984 inf [network] < subscriptions FILTERLIST:CREATE
1671293058985 inf [network] < subscriptions FILTERLIST:CREATE
1671293059086 inf [network] Registering channel wam.general.t1
1671293059087 inf [network] < wam.general.t1 CHATROOM:JOIN
1671293059458 inf [network] > prefs TIME:GET_OK
1671293059459 inf [network] > prefs SRM:JOIN_OK
1671293059460 inf [network] > prefs BUDDYROOM:JOIN_OK
1671293059653 inf [network] > prefs CASHIER:GET_OK
1671293059654 inf [network] > prefs CASHIER:LIST_OK
1671293059655 inf [network] > prefs CASHIER:GET_OK
1671293059815 inf [network] > prefs CASHIER:LIST_OK
1671293059816 inf [network] > subscriptions FILTERLIST:CREATE_OK
1671293059817 inf [network] > subscriptions FILTERLIST:SET
1671293059837 inf [network] > subscriptions FILTERLIST:CREATE_OK
1671293059838 inf [network] > subscriptions FILTERLIST:SET
1671293059839 inf [network] > subscriptions FILTERLIST:CREATE_OK
1671293059839 inf [network] > subscriptions FILTERLIST:SET
1671293059901 inf [network] > prefs NEWS:GET_OK
1671293059941 inf [network] > prefs BUDDY:GET_OK
1671293059942 inf [network] > prefs DATA:GET_ERR
1671293059949 inf [network] < prefs BUDDYROOM:JOIN
1671293060006 inf [network] > wam.general.t1 CHATROOM:JOIN_OK
1671293060521 inf [network] > prefs BUDDYROOM:JOIN_OK
1671293060972 inf [api] < Service poker/client/prefs
1671293060973 inf [network] > Http https://wapi.winamax.fr/poker/client/prefs post
1671293061678 inf [network] > Http https://dl.winamax.fr/client/attr/settings/wam/config.1624292306 ok
1671293061762 inf [network] > Http https://wapi.winamax.fr/operator/winamax-tv/public ok
1671293061763 inf [api] > Service operator/winamax-tv/public
1671293063243 inf [network] > Http https://dl.winamax.fr/client/attr/settings/wam/ressource.1624283658 ok
1671293063269 inf [network] > Http https://wapi.winamax.fr/operator/userdata ok
1671293063270 inf [api] > Service operator/userdata
1671293065124 inf [network] > Http https://wapi.winamax.fr/poker/client/prefs ok
1671293065125 inf [api] > Service poker/client/prefs
1671293068833 inf [network] < prefs FILTERLIST:CREATE
1671293068988 inf [network] < prefs TIME:GET
1671293070075 inf [network] > prefs FILTERLIST:CREATE_OK
1671293070076 inf [network] > prefs FILTERLIST:SET
1671293074988 inf [network] > prefs TIME:GET_OK
1671293076643 inf [network] < prefs FILTERLIST:DELETE
1671293077859 inf [network] > prefs FILTERLIST:DELETE_OK
1671293078023 inf [router] Navigate: wam://lobby-expresso
1671293078024 inf [router] Navigation done: wam://lobby-expresso
1671293078976 inf [network] < prefs TIME:GET
1671293080036 inf [network] > prefs TIME:GET_OK
1671293080207 inf [router] Navigate: wam://lobby-home
1671293080208 inf [router] Navigation done: wam://lobby-home
1671293082359 inf [router] Navigate: wam://shop
1671293082362 inf [network] < prefs OPTOKEN:GET
1671293083175 inf [network] > prefs OPTOKEN:GET_OK
1671293083176 inf [router] Open: https://www.winamax.fr/poker/redirect.php?service=shop&token=a44dd2e53ed92e6c85152ee4c7f64b9af122ca9d&client=electron&ver=1.25.2&oid=b94b276db79aabbcbfbe64cabbfea685&os=win32&opid=wam&lang=en_US&store=winamax&store_id=main&embed=false&pokerClient=web
1671293083176 inf [router] Navigation done: https://www.winamax.fr/poker/redirect.php?service=shop&token={$token}
1671293088994 inf [network] < prefs TIME:GET
1671293089683 inf [network] > prefs TIME:GET_OK
1671293098994 inf [network] < prefs TIME:GET
1671293100158 inf [network] > prefs TIME:GET_OK
1671293103167 inf [network] > wam.general.t1 CHATROOM:POST_INFO
1671293107343 inf [network] > wam.general.t1 CHATROOM:POST_INFO
1671293109003 inf [network] < prefs TIME:GET
1671293109559 inf [network] > prefs TIME:GET_OK
1671293118547 inf [network] > wam.general.t1 CHATROOM:POST_INFO
1671293119015 inf [network] < prefs TIME:GET
1671293119976 inf [network] > prefs TIME:GET_OK
1671293126288 inf [network] > prefs NOTIFICATION:POST_INFO
1671293126641 inf [network] > prefs NOTIFICATION:POST_INFO
1671293129020 inf [network] < prefs TIME:GET
1671293129353 inf [network] > prefs TIME:GET_OK
1671293139026 inf [network] < prefs TIME:GET
1671293139682 inf [network] > prefs TIME:GET_OK
1671293141262 inf [network] > wam.general.t1 CHATROOM:POST_INFO
1671293141652 inf [router] Navigate: wam://lobby-expresso
1671293141653 inf [router] Navigation done: wam://lobby-expresso
1671293144615 inf [router] Execute: wam://srm?action=create&template=expresso_nlhe&context=lo&withTicket=true&buyin=0.25&money=real&attrsonly[]=exp&attrsonly[]=expstd
1671293144618 inf [network] < prefs SRM:ADD_RULE
1671293145034 inf [network] > prefs SRM:ADD_RULE_OK
1671293145043 inf [router] Navigate: wam://table?hash=248937931%400&label=Expresso&playgroundId=
1671293145045 inf [scene] Scene open
1671293145046 inf [scene] Scene create
1671293145051 inf [scene.2] Scene loading
1671293145054 inf [router] Navigation done: wam://table?hash=248937931%400&label=Expresso&playgroundId=
1671293145055 inf [router] Execution done: wam://srm?action=create&template=expresso_nlhe&context=lo&withTicket=true&buyin=0.25&money=real&attrsonly[]=exp&attrsonly[]=expstd
1671293145393 inf [scene.2] Browser loaded
1671293145401 inf [scene.2] Bridge loaded
1671293145909 inf [network] > prefs NOTIFICATION:POST_INFO
1671293145977 inf [network] > prefs NOTIFICATION:POST_INFO
1671293145978 inf [network] > prefs SRM:UPDATE_RULE_INFO
1671293146007 inf [network] Registering channel tt2.ttmgr.tt2_4.t612818712
1671293146038 inf [network] < tt2.ttmgr.tt2_4.t612818712 TOURNAMENT:JOIN
1671293146937 inf [network] > tt2.ttmgr.tt2_4.t612818712 TOURNAMENT:JOIN_OK
1671293146939 inf [network] > tt2.ttmgr.tt2_4.t612818712 CHATROOM:JOIN_OK
1671293146939 inf [network] < tt2.ttmgr.tt2_4.t612818712 TOURNAMENT:CONFIGURE
1671293147636 inf [network] > tt2.ttmgr.tt2_4.t612818712 TOURNAMENT:CONFIGURE_OK
1671293147637 inf [network] < tt2.ttmgr.tt2_4.t612818712 TOURNAMENT:CONFIGURE
1671293148192 inf [network] > tt2.ttmgr.tt2_4.t612818712 TOURNAMENT:CONFIGURE_OK
1671293149030 inf [network] < prefs TIME:GET
1671293149800 inf [network] > prefs TIME:GET_OK
1671293149847 inf [network] > subscriptions FILTERLIST:UPDATE
1671293149869 inf [network] < subscriptions FILTERLIST:CHANGE
1671293150616 inf [network] > subscriptions FILTERLIST:SET
1671293150617 inf [network] > subscriptions FILTERLIST:CHANGE_OK
1671293152032 inf [network] > tt2.ttmgr.tt2_4.t612818712 TOURNAMENT:STATUS
1671293152072 inf [network] > tt2.ttmgr.tt2_4.t612818712 TOURNAMENT:STATUS
1671293152073 inf [network] > tt2.ttmgr.tt2_4.t612818712 TOURNAMENT:RUN
1671293152074 inf [network] > tt2.ttmgr.tt2_4.t612818712 TOURNAMENT:STATUS
1671293152079 inf [network] Registering channel tt2.tamgr.tt2_4.t1962162
1671293152079 inf [router] Execute: wam://table-open?rid=248937931&tblrk=tt2.tamgr.tt2_4.t1962162&ttrk=tt2.ttmgr.tt2_4.t612818712&gfsid=
1671293152080 inf [router] Execution done: wam://table-open?rid=248937931&tblrk=tt2.tamgr.tt2_4.t1962162&ttrk=tt2.ttmgr.tt2_4.t612818712&gfsid=
1671293152088 inf [network] < tt2.tamgr.tt2_4.t1962162 TABLE:JOIN
1671293152089 inf [network] > prefs NOTIFICATION:POST_INFO
1671293153184 inf [network] > tt2.tamgr.tt2_4.t1962162 TABLE:JOIN_OK
1671293153184 inf [network] > tt2.tamgr.tt2_4.t1962162 CHATROOM:JOIN_OK
1671293159041 inf [network] < prefs TIME:GET
1671293161268 inf [network] > prefs TIME:GET_OK
1671293161438 inf [network] > tt2.ttmgr.tt2_4.t612818712 TOURNAMENT:STATUS
1671293163934 inf [network] > tt2.tamgr.tt2_4.t1962162 TABLE:STATUS
1671293166698 inf [network] > tt2.tamgr.tt2_4.t1962162 TABLE:POST_INFO
1671293166699 inf [network] > tt2.tamgr.tt2_4.t1962162 TABLE:POST_INFO
1671293166699 inf [network] > tt2.tamgr.tt2_4.t1962162 TABLE:CARDS
1671293166700 inf [network] > tt2.tamgr.tt2_4.t1962162 TABLE:STATUS
1671293166700 inf [network] > tt2.tamgr.tt2_4.t1962162 TABLE:PREACTION_LIST
1671293166702 inf [table] 1 tt2.tamgr.tt2_4.t1962162 hand 2632036326416842753-1-1671293164
1671293166702 inf [table] 1 tt2.tamgr.tt2_4.t1962162 action SB login="YL_ML_GL_42" amount="10"
1671293166703 inf [table] 1 tt2.tamgr.tt2_4.t1962162 action BB login="ridethesnake" amount="20"
1671293166704 inf [table] 1 tt2.tamgr.tt2_4.t1962162 cards login="YL_ML_GL_42" 4s,Kh
1671293166705 inf [table] 1 tt2.tamgr.tt2_4.t1962162 round pre-flop pot="0" totalPot="30"
1671293168550 inf [network] > tt2.tamgr.tt2_4.t1962162 TABLE:ACTION_INFO
1671293168551 inf [network] > tt2.tamgr.tt2_4.t1962162 TABLE:ACTIONSET
1671293168551 inf [table] 1 tt2.tamgr.tt2_4.t1962162 action fold login="Elsannn"
1671293169055 inf [network] < prefs TIME:GET
1671293170439 inf [network] > prefs TIME:GET_OK
1671293175587 inf [network] < tt2.tamgr.tt2_4.t1962162 TABLE:ACTION
1671293176367 inf [network] > tt2.tamgr.tt2_4.t1962162 TABLE:ACTION_OK
1671293176368 inf [network] > tt2.tamgr.tt2_4.t1962162 TABLE:ACTION_INFO
1671293176382 inf [table] 1 tt2.tamgr.tt2_4.t1962162 action raise login="YL_ML_GL_42" amount="60"
1671293179068 inf [network] < prefs TIME:GET
1671293179845 inf [network] > prefs TIME:GET_OK
1671293183743 inf [network] > tt2.tamgr.tt2_4.t1962162 TABLE:ACTION_INFO
1671293183743 inf [network] > tt2.tamgr.tt2_4.t1962162 TABLE:CARDS
1671293183744 inf [network] > tt2.tamgr.tt2_4.t1962162 TABLE:STATUS
1671293183745 inf [table] 1 tt2.tamgr.tt2_4.t1962162 action call login="ridethesnake" amount="60"
1671293183760 inf [table] 1 tt2.tamgr.tt2_4.t1962162 round flop board="7s,3c,4h" pot="120" totalPot="0"
1671293184466 inf [network] > tt2.tamgr.tt2_4.t1962162 TABLE:ACTIONSET
1671293184466 inf [network] > wam.general.t1 CHATROOM:POST_INFO
1671293188429 inf [network] < tt2.tamgr.tt2_4.t1962162 TABLE:ACTION
1671293188601 inf [network] > tt2.tamgr.tt2_4.t1962162 TABLE:ACTION_OK
1671293188601 inf [network] > tt2.tamgr.tt2_4.t1962162 TABLE:ACTION_INFO
1671293188603 inf [table] 1 tt2.tamgr.tt2_4.t1962162 action bet login="YL_ML_GL_42" amount="96"
1671293189069 inf [network] < prefs TIME:GET
1671293189413 inf [network] > prefs TIME:GET_OK
1671293190603 inf [network] > tt2.tamgr.tt2_4.t1962162 TABLE:ACTION_INFO
1671293190604 inf [network] > tt2.tamgr.tt2_4.t1962162 TABLE:SHOWCARDS_INFO
1671293190605 inf [table] 1 tt2.tamgr.tt2_4.t1962162 action fold login="ridethesnake"
1671293190637 inf [network] < tt2.tamgr.tt2_4.t1962162 TABLE:SHOWCARDS
1671293190823 inf [network] > tt2.tamgr.tt2_4.t1962162 TABLE:SHOWDOWN_INFO
1671293190825 inf [network] > tt2.tamgr.tt2_4.t1962162 TABLE:RESULT
1671293190825 inf [network] > tt2.tamgr.tt2_4.t1962162 TRACKER:GET_INFO
1671293190825 inf [network] > tt2.tamgr.tt2_4.t1962162 TABLE:SHOWCARDS_OK
1671293190827 inf [table] 1 tt2.tamgr.tt2_4.t1962162 showdown login="YL_ML_GL_42" mucks
1671293190827 inf [table] 1 tt2.tamgr.tt2_4.t1962162 gain login="YL_ML_GL_42" amount="216"
1671293191359 inf [network] > prefs NOTIFICATION:POST_INFO
1671293191488 inf [network] > prefs NOTIFICATION:POST_INFO
1671293192843 inf [network] > tt2.tamgr.tt2_4.t1962162 TABLE:POST_INFO
1671293192844 inf [network] > tt2.tamgr.tt2_4.t1962162 TABLE:POST_INFO
1671293192845 inf [table] 1 tt2.tamgr.tt2_4.t1962162 hand 2632036326416842753-2-1671293191
1671293192845 inf [table] 1 tt2.tamgr.tt2_4.t1962162 action SB login="ridethesnake" amount="10"
1671293192845 inf [table] 1 tt2.tamgr.tt2_4.t1962162 action BB login="Elsannn" amount="20"
1671293192857 inf [network] > tt2.tamgr.tt2_4.t1962162 TABLE:CARDS
1671293192858 inf [network] > tt2.tamgr.tt2_4.t1962162 TABLE:STATUS
1671293192859 inf [network] > tt2.tamgr.tt2_4.t1962162 TABLE:ACTIONSET
1671293192859 inf [table] 1 tt2.tamgr.tt2_4.t1962162 cards login="YL_ML_GL_42" Td,8h
1671293192860 inf [table] 1 tt2.tamgr.tt2_4.t1962162 round pre-flop pot="0" totalPot="30"
1671293195819 inf [network] < tt2.tamgr.tt2_4.t1962162 TABLE:ACTION
1671293196320 inf [network] > tt2.tamgr.tt2_4.t1962162 TABLE:ACTION_OK
1671293196321 inf [network] > tt2.tamgr.tt2_4.t1962162 TABLE:ACTION_INFO
1671293196322 inf [table] 1 tt2.tamgr.tt2_4.t1962162 action raise login="YL_ML_GL_42" amount="60"
1671293199071 inf [network] < prefs TIME:GET
1671293199664 inf [network] > tt2.tamgr.tt2_4.t1962162 TABLE:ACTION_INFO
1671293199665 inf [network] > prefs TIME:GET_OK
1671293199666 inf [table] 1 tt2.tamgr.tt2_4.t1962162 action fold login="ridethesnake" amount="10"
1671293207242 inf [network] > tt2.tamgr.tt2_4.t1962162 TABLE:ACTION_INFO
1671293207242 inf [network] > tt2.tamgr.tt2_4.t1962162 TABLE:SHOWCARDS_INFO
1671293207243 inf [table] 1 tt2.tamgr.tt2_4.t1962162 action fold login="Elsannn" amount="20"
1671293207261 inf [network] < tt2.tamgr.tt2_4.t1962162 TABLE:SHOWCARDS
1671293208767 inf [network] > tt2.tamgr.tt2_4.t1962162 TABLE:SHOWDOWN_INFO
1671293208768 inf [network] > tt2.tamgr.tt2_4.t1962162 TABLE:RESULT
1671293208768 inf [network] > tt2.tamgr.tt2_4.t1962162 TRACKER:GET_INFO
1671293208769 inf [network] > tt2.tamgr.tt2_4.t1962162 TABLE:SHOWCARDS_OK
1671293208770 inf [table] 1 tt2.tamgr.tt2_4.t1962162 showdown login="YL_ML_GL_42" mucks
1671293208770 inf [table] 1 tt2.tamgr.tt2_4.t1962162 gain login="YL_ML_GL_42" amount="90"
1671293209074 inf [network] < prefs TIME:GET
1671293210200 inf [network] > prefs TIME:GET_OK
1671293210299 inf [network] > tt2.tamgr.tt2_4.t1962162 TABLE:POST_INFO
1671293210312 inf [table] 1 tt2.tamgr.tt2_4.t1962162 hand 2632036326416842753-3-1671293208
1671293210312 inf [table] 1 tt2.tamgr.tt2_4.t1962162 action SB login="Elsannn" amount="10"
1671293210345 inf [network] > tt2.tamgr.tt2_4.t1962162 TABLE:POST_INFO
1671293210345 inf [network] > tt2.tamgr.tt2_4.t1962162 TABLE:CARDS
1671293210346 inf [network] > tt2.tamgr.tt2_4.t1962162 TABLE:STATUS
1671293210346 inf [network] > tt2.tamgr.tt2_4.t1962162 TABLE:PREACTION_LIST
1671293210347 inf [table] 1 tt2.tamgr.tt2_4.t1962162 action BB login="YL_ML_GL_42" amount="20"
1671293210348 inf [table] 1 tt2.tamgr.tt2_4.t1962162 cards login="YL_ML_GL_42" 3h,4h
1671293210349 inf [table] 1 tt2.tamgr.tt2_4.t1962162 round pre-flop pot="0" totalPot="30"
1671293212347 inf [network] > tt2.tamgr.tt2_4.t1962162 TABLE:ACTION_INFO
1671293212348 inf [network] > tt2.tamgr.tt2_4.t1962162 TABLE:PREACTION_LIST
1671293212349 inf [table] 1 tt2.tamgr.tt2_4.t1962162 action raise login="ridethesnake" amount="50"
1671293214768 inf [network] > tt2.tamgr.tt2_4.t1962162 TABLE:ACTION_INFO
1671293214769 inf [network] > tt2.tamgr.tt2_4.t1962162 TABLE:ACTIONSET
1671293214770 inf [table] 1 tt2.tamgr.tt2_4.t1962162 action raise login="Elsannn" amount="480"
1671293216546 inf [network] < tt2.tamgr.tt2_4.t1962162 TABLE:ACTION
1671293216917 inf [network] > tt2.tamgr.tt2_4.t1962162 TABLE:ACTION_OK
1671293216918 inf [network] > tt2.tamgr.tt2_4.t1962162 TABLE:ACTION_INFO
1671293216919 inf [table] 1 tt2.tamgr.tt2_4.t1962162 action fold login="YL_ML_GL_42" amount="20"
1671293219080 inf [network] < prefs TIME:GET
1671293219846 inf [network] > prefs TIME:GET_OK
1671293225070 inf [network] > tt2.tamgr.tt2_4.t1962162 TABLE:ACTION_INFO
1671293225071 inf [network] > tt2.tamgr.tt2_4.t1962162 TABLE:SHOWDOWN_INFO
1671293225072 inf [network] > tt2.tamgr.tt2_4.t1962162 TABLE:RESULT
1671293225072 inf [network] > tt2.tamgr.tt2_4.t1962162 TRACKER:GET_INFO
1671293225073 inf [table] 1 tt2.tamgr.tt2_4.t1962162 action fold login="ridethesnake" amount="50"
1671293225074 inf [table] 1 tt2.tamgr.tt2_4.t1962162 showdown login="Elsannn" mucks
1671293225074 inf [table] 1 tt2.tamgr.tt2_4.t1962162 gain login="Elsannn" amount="550"
1671293227123 inf [network] > tt2.tamgr.tt2_4.t1962162 TABLE:POST_INFO
1671293227124 inf [network] > tt2.tamgr.tt2_4.t1962162 TABLE:POST_INFO
1671293227124 inf [network] > tt2.tamgr.tt2_4.t1962162 TABLE:CARDS
1671293227125 inf [network] > tt2.tamgr.tt2_4.t1962162 TABLE:STATUS
1671293227126 inf [network] > tt2.tamgr.tt2_4.t1962162 TABLE:PREACTION_LIST
1671293227126 inf [table] 1 tt2.tamgr.tt2_4.t1962162 hand 2632036326416842753-4-1671293226
1671293227127 inf [table] 1 tt2.tamgr.tt2_4.t1962162 action SB login="YL_ML_GL_42" amount="10"
1671293227127 inf [table] 1 tt2.tamgr.tt2_4.t1962162 action BB login="ridethesnake" amount="20"
1671293227128 inf [table] 1 tt2.tamgr.tt2_4.t1962162 cards login="YL_ML_GL_42" 9h,3c
1671293227128 inf [table] 1 tt2.tamgr.tt2_4.t1962162 round pre-flop pot="0" totalPot="30"
1671293229089 inf [network] < prefs TIME:GET
1671293229111 inf [network] > wam.general.t1 CHATROOM:POST_INFO
1671293229192 inf [network] > prefs TIME:GET_OK
1671293230758 inf [network] > tt2.tamgr.tt2_4.t1962162 TABLE:ACTION_INFO
1671293230759 inf [network] > tt2.tamgr.tt2_4.t1962162 TABLE:ACTIONSET
1671293230759 inf [table] 1 tt2.tamgr.tt2_4.t1962162 action raise login="Elsannn" amount="550"
1671293232041 inf [network] < tt2.tamgr.tt2_4.t1962162 TABLE:ACTION
1671293232096 inf [network] > tt2.tamgr.tt2_4.t1962162 TABLE:ACTION_OK
1671293232096 inf [network] > tt2.tamgr.tt2_4.t1962162 TABLE:ACTION_INFO
1671293232113 inf [table] 1 tt2.tamgr.tt2_4.t1962162 action fold login="YL_ML_GL_42" amount="10"
1671293239097 inf [network] < prefs TIME:GET
1671293239151 inf [network] > prefs TIME:GET_OK
1671293241295 inf [network] > tt2.tamgr.tt2_4.t1962162 TABLE:ACTION_INFO
1671293241296 inf [network] > tt2.tamgr.tt2_4.t1962162 TABLE:SHOWDOWN_INFO
1671293241296 inf [network] > tt2.tamgr.tt2_4.t1962162 TABLE:RESULT
1671293241297 inf [table] 1 tt2.tamgr.tt2_4.t1962162 action fold login="ridethesnake" amount="20"
1671293241303 inf [table] 1 tt2.tamgr.tt2_4.t1962162 showdown login="Elsannn" mucks
1671293241303 inf [table] 1 tt2.tamgr.tt2_4.t1962162 gain login="Elsannn" amount="580"
1671293241304 inf [network] > tt2.tamgr.tt2_4.t1962162 TRACKER:GET_INFO
1671293243067 inf [network] > tt2.tamgr.tt2_4.t1962162 TABLE:POST_INFO
1671293243068 inf [network] > tt2.tamgr.tt2_4.t1962162 TABLE:POST_INFO
1671293243068 inf [network] > tt2.tamgr.tt2_4.t1962162 TABLE:CARDS
1671293243069 inf [network] > tt2.tamgr.tt2_4.t1962162 TABLE:STATUS
1671293243069 inf [network] > tt2.tamgr.tt2_4.t1962162 TABLE:ACTIONSET
1671293243070 inf [table] 1 tt2.tamgr.tt2_4.t1962162 hand 2632036326416842753-5-1671293242
1671293243070 inf [table] 1 tt2.tamgr.tt2_4.t1962162 action SB login="ridethesnake" amount="10"
1671293243071 inf [table] 1 tt2.tamgr.tt2_4.t1962162 action BB login="Elsannn" amount="20"
1671293243071 inf [table] 1 tt2.tamgr.tt2_4.t1962162 cards login="YL_ML_GL_42" 4d,3c
1671293243072 inf [table] 1 tt2.tamgr.tt2_4.t1962162 round pre-flop pot="0" totalPot="30"
1671293249102 inf [network] < prefs TIME:GET
1671293249236 inf [network] > prefs TIME:GET_OK
1671293250867 inf [network] > tt2.ttmgr.tt2_4.t612818712 TOURNAMENT:STATUS
1671293252024 inf [network] < prefs CLIENT:PING_OK
1671293252025 inf [network] > prefs CLIENT:PING
1671293252564 inf [network] < tt2.tamgr.tt2_4.t1962162 TABLE:ACTION
1671293252626 inf [network] > tt2.tamgr.tt2_4.t1962162 TABLE:ACTION_OK
1671293252627 inf [network] > tt2.tamgr.tt2_4.t1962162 TABLE:ACTION_INFO
1671293252637 inf [table] 1 tt2.tamgr.tt2_4.t1962162 action fold login="YL_ML_GL_42"
1671293254305 inf [network] > tt2.tamgr.tt2_4.t1962162 TABLE:ACTION_INFO
1671293254320 inf [table] 1 tt2.tamgr.tt2_4.t1962162 action fold login="ridethesnake" amount="10"
1671293254321 inf [network] > tt2.tamgr.tt2_4.t1962162 TABLE:SHOWDOWN_INFO
1671293254322 inf [network] > tt2.tamgr.tt2_4.t1962162 TABLE:RESULT
1671293254322 inf [network] > tt2.tamgr.tt2_4.t1962162 TRACKER:GET_INFO
1671293254323 inf [table] 1 tt2.tamgr.tt2_4.t1962162 showdown login="Elsannn" mucks
1671293254323 inf [table] 1 tt2.tamgr.tt2_4.t1962162 gain login="Elsannn" amount="30"
1671293256252 inf [network] > tt2.tamgr.tt2_4.t1962162 TABLE:POST_INFO
1671293256253 inf [network] > tt2.tamgr.tt2_4.t1962162 TABLE:POST_INFO
1671293256253 inf [table] 1 tt2.tamgr.tt2_4.t1962162 hand 2632036326416842753-6-1671293255
1671293256254 inf [table] 1 tt2.tamgr.tt2_4.t1962162 action SB login="Elsannn" amount="15"
1671293256254 inf [table] 1 tt2.tamgr.tt2_4.t1962162 action BB login="YL_ML_GL_42" amount="30"
1671293256260 inf [network] > tt2.tamgr.tt2_4.t1962162 TABLE:CARDS
1671293256260 inf [network] > tt2.tamgr.tt2_4.t1962162 TABLE:STATUS
1671293256261 inf [network] > tt2.tamgr.tt2_4.t1962162 TABLE:PREACTION_LIST
1671293256261 inf [table] 1 tt2.tamgr.tt2_4.t1962162 cards login="YL_ML_GL_42" 6h,Qh
1671293256262 inf [table] 1 tt2.tamgr.tt2_4.t1962162 round pre-flop pot="0" totalPot="45"
1671293259113 inf [network] < prefs TIME:GET
1671293259163 inf [network] > prefs TIME:GET_OK
1671293268278 inf [network] > tt2.tamgr.tt2_4.t1962162 TABLE:CHAT_INFO
1671293268279 inf [network] > tt2.tamgr.tt2_4.t1962162 TABLE:STATUS
1671293269127 inf [network] < prefs TIME:GET
1671293269332 inf [network] > prefs TIME:GET_OK
1671293271913 inf [network] > tt2.tamgr.tt2_4.t1962162 TABLE:ACTION_INFO
1671293271914 inf [network] > tt2.tamgr.tt2_4.t1962162 TABLE:PREACTION_LIST
1671293271915 inf [table] 1 tt2.tamgr.tt2_4.t1962162 action raise login="ridethesnake" amount="75"
1671293274203 inf [network] > tt2.tamgr.tt2_4.t1962162 TABLE:ACTION_INFO
1671293274204 inf [network] > tt2.tamgr.tt2_4.t1962162 TABLE:ACTIONSET
1671293274205 inf [table] 1 tt2.tamgr.tt2_4.t1962162 action call login="Elsannn" amount="75"
1671293275672 inf [network] < tt2.tamgr.tt2_4.t1962162 TABLE:ACTION
1671293275729 inf [network] > tt2.tamgr.tt2_4.t1962162 TABLE:ACTION_OK
1671293275729 inf [network] > tt2.tamgr.tt2_4.t1962162 TABLE:ACTION_INFO
1671293275730 inf [table] 1 tt2.tamgr.tt2_4.t1962162 action call login="YL_ML_GL_42" amount="75"
1671293275731 inf [network] > tt2.tamgr.tt2_4.t1962162 TABLE:CARDS
1671293275732 inf [network] > tt2.tamgr.tt2_4.t1962162 TABLE:STATUS
1671293275732 inf [network] > tt2.tamgr.tt2_4.t1962162 TABLE:PREACTION_LIST
1671293275733 inf [table] 1 tt2.tamgr.tt2_4.t1962162 round flop board="3h,7s,8d" pot="225" totalPot="0"
1671293279140 inf [network] < prefs TIME:GET
1671293279348 inf [network] > prefs TIME:GET_OK
1671293282399 inf [network] > tt2.tamgr.tt2_4.t1962162 TABLE:ACTION_INFO
1671293282400 inf [network] > tt2.tamgr.tt2_4.t1962162 TABLE:ACTIONSET
1671293282401 inf [table] 1 tt2.tamgr.tt2_4.t1962162 action check login="Elsannn"
1671293285229 inf [network] < tt2.tamgr.tt2_4.t1962162 TABLE:ACTION
1671293285309 inf [network] > tt2.tamgr.tt2_4.t1962162 TABLE:ACTION_OK
1671293285310 inf [network] > tt2.tamgr.tt2_4.t1962162 TABLE:ACTION_INFO
1671293285311 inf [table] 1 tt2.tamgr.tt2_4.t1962162 action bet login="YL_ML_GL_42" amount="180"
1671293289147 inf [network] < prefs TIME:GET
1671293289189 inf [network] > prefs TIME:GET_OK
1671293297416 inf [network] > wam.general.t1 CHATROOM:POST_INFO
1671293297416 inf [network] > tt2.tamgr.tt2_4.t1962162 TABLE:CHAT_INFO
1671293297417 inf [network] > tt2.tamgr.tt2_4.t1962162 TABLE:STATUS
1671293298473 inf [network] > tt2.tamgr.tt2_4.t1962162 TABLE:ACTION_INFO
1671293298473 inf [network] > tt2.tamgr.tt2_4.t1962162 TABLE:PREACTION_LIST
1671293298474 inf [table] 1 tt2.tamgr.tt2_4.t1962162 action raise login="ridethesnake" amount="275"
1671293299163 inf [network] < prefs TIME:GET
1671293299378 inf [network] > prefs TIME:GET_OK
1671293301061 inf [network] < tt2.tamgr.tt2_4.t1962162 TABLE:PREACTION
1671293301145 inf [network] > tt2.tamgr.tt2_4.t1962162 TABLE:PREACTION_OK
1671293302202 inf [network] > tt2.tamgr.tt2_4.t1962162 TABLE:ACTION_INFO
1671293302209 inf [table] 1 tt2.tamgr.tt2_4.t1962162 action fold login="Elsannn"
1671293302210 inf [network] > tt2.tamgr.tt2_4.t1962162 TABLE:ACTION_OK
1671293302211 inf [network] > tt2.tamgr.tt2_4.t1962162 TABLE:ACTION_INFO
1671293302211 inf [network] > tt2.tamgr.tt2_4.t1962162 TABLE:STATUS
1671293302212 inf [table] 1 tt2.tamgr.tt2_4.t1962162 action call login="YL_ML_GL_42" amount="275"
1671293303744 inf [network] > tt2.tamgr.tt2_4.t1962162 TABLE:CARDS
1671293303745 inf [network] > tt2.tamgr.tt2_4.t1962162 TABLE:STATUS
1671293303746 inf [table] 1 tt2.tamgr.tt2_4.t1962162 round turn board="3h,7s,8d,2c" pot="775" totalPot="0"
1671293305356 inf [network] > tt2.tamgr.tt2_4.t1962162 TABLE:CARDS
1671293305357 inf [network] > tt2.tamgr.tt2_4.t1962162 TABLE:STATUS
1671293305371 inf [table] 1 tt2.tamgr.tt2_4.t1962162 round river board="3h,7s,8d,2c,Kh" pot="775" totalPot="0"
1671293306952 inf [network] > tt2.tamgr.tt2_4.t1962162 TABLE:RESULT
1671293306952 inf [network] > tt2.tamgr.tt2_4.t1962162 TRACKER:GET_INFO
1671293306953 inf [table] 1 tt2.tamgr.tt2_4.t1962162 showdown login="YL_ML_GL_42" cards="6h,Qh" board="3h,7s,8d,2c,Kh"
1671293306953 inf [table] 1 tt2.tamgr.tt2_4.t1962162 showdown login="ridethesnake" cards="8c,Jd" board="3h,7s,8d,2c,Kh"
1671293306953 inf [table] 1 tt2.tamgr.tt2_4.t1962162 gain login="ridethesnake" amount="775"
1671293309166 inf [network] < prefs TIME:GET
1671293309326 inf [network] > prefs TIME:GET_OK
1671293311356 inf [network] > tt2.tamgr.tt2_4.t1962162 TABLE:POST_INFO
1671293311357 inf [network] > tt2.tamgr.tt2_4.t1962162 TABLE:POST_INFO
1671293311357 inf [network] > tt2.tamgr.tt2_4.t1962162 TABLE:CARDS
1671293311358 inf [network] > tt2.tamgr.tt2_4.t1962162 TABLE:STATUS
1671293311358 inf [network] > tt2.tamgr.tt2_4.t1962162 TABLE:PREACTION_LIST
1671293311359 inf [table] 1 tt2.tamgr.tt2_4.t1962162 hand 2632036326416842753-7-1671293309
1671293311359 inf [table] 1 tt2.tamgr.tt2_4.t1962162 action SB login="YL_ML_GL_42" amount="15"
1671293311360 inf [table] 1 tt2.tamgr.tt2_4.t1962162 action BB login="ridethesnake" amount="30"
1671293311360 inf [table] 1 tt2.tamgr.tt2_4.t1962162 cards login="YL_ML_GL_42" Th,7c
1671293311361 inf [table] 1 tt2.tamgr.tt2_4.t1962162 round pre-flop pot="0" totalPot="45"
1671293314181 inf [network] > tt2.tamgr.tt2_4.t1962162 TABLE:ACTION_INFO
1671293314181 inf [network] > tt2.tamgr.tt2_4.t1962162 TABLE:ACTIONSET
1671293314182 inf [table] 1 tt2.tamgr.tt2_4.t1962162 action fold login="Elsannn"
1671293316840 inf [network] < tt2.tamgr.tt2_4.t1962162 TABLE:ACTION
1671293316951 inf [network] > tt2.tamgr.tt2_4.t1962162 TABLE:ACTION_OK
1671293316952 inf [network] > tt2.tamgr.tt2_4.t1962162 TABLE:ACTION_INFO
1671293316955 inf [table] 1 tt2.tamgr.tt2_4.t1962162 action raise login="YL_ML_GL_42" amount="210"
1671293319172 inf [network] < prefs TIME:GET
1671293319258 inf [network] > prefs TIME:GET_OK
1671293322476 inf [network] > tt2.tamgr.tt2_4.t1962162 TABLE:ACTION_INFO
1671293322478 inf [network] > tt2.tamgr.tt2_4.t1962162 TABLE:SHOWCARDS_INFO
1671293322479 inf [table] 1 tt2.tamgr.tt2_4.t1962162 action fold login="ridethesnake" amount="30"
1671293322487 inf [network] < tt2.tamgr.tt2_4.t1962162 TABLE:SHOWCARDS
1671293322548 inf [network] > tt2.tamgr.tt2_4.t1962162 TABLE:SHOWDOWN_INFO
1671293322548 inf [network] > tt2.tamgr.tt2_4.t1962162 TABLE:RESULT
1671293322550 inf [network] > tt2.tamgr.tt2_4.t1962162 TRACKER:GET_INFO
1671293322550 inf [network] > tt2.tamgr.tt2_4.t1962162 TABLE:SHOWCARDS_OK
1671293322551 inf [table] 1 tt2.tamgr.tt2_4.t1962162 showdown login="YL_ML_GL_42" mucks
1671293322551 inf [table] 1 tt2.tamgr.tt2_4.t1962162 gain login="YL_ML_GL_42" amount="240"
1671293324607 inf [network] > tt2.tamgr.tt2_4.t1962162 TABLE:POST_INFO
1671293324607 inf [network] > tt2.tamgr.tt2_4.t1962162 TABLE:POST_INFO
1671293324608 inf [table] 1 tt2.tamgr.tt2_4.t1962162 hand 2632036326416842753-8-1671293323
1671293324608 inf [table] 1 tt2.tamgr.tt2_4.t1962162 action SB login="ridethesnake" amount="15"
1671293324619 inf [table] 1 tt2.tamgr.tt2_4.t1962162 action BB login="Elsannn" amount="30"
1671293324620 inf [network] > tt2.tamgr.tt2_4.t1962162 TABLE:CARDS
1671293324621 inf [network] > tt2.tamgr.tt2_4.t1962162 TABLE:STATUS
1671293324621 inf [network] > tt2.tamgr.tt2_4.t1962162 TABLE:ACTIONSET
1671293324622 inf [table] 1 tt2.tamgr.tt2_4.t1962162 cards login="YL_ML_GL_42" Kh,5s
1671293324622 inf [table] 1 tt2.tamgr.tt2_4.t1962162 round pre-flop pot="0" totalPot="45"
1671293327520 inf [network] < tt2.tamgr.tt2_4.t1962162 TABLE:ACTION
1671293327580 inf [network] > tt2.tamgr.tt2_4.t1962162 TABLE:ACTION_OK
1671293327581 inf [network] > tt2.tamgr.tt2_4.t1962162 TABLE:ACTION_INFO
1671293327582 inf [table] 1 tt2.tamgr.tt2_4.t1962162 action raise login="YL_ML_GL_42" amount="240"
1671293329184 inf [network] < prefs TIME:GET
1671293329229 inf [network] > prefs TIME:GET_OK
1671293337078 inf [network] > tt2.tamgr.tt2_4.t1962162 TABLE:ACTION_INFO
1671293337079 inf [table] 1 tt2.tamgr.tt2_4.t1962162 action fold login="ridethesnake" amount="15"
1671293339192 inf [network] < prefs TIME:GET
1671293339276 inf [network] > prefs TIME:GET_OK
1671293340317 inf [network] > tt2.tamgr.tt2_4.t1962162 TABLE:ACTION_INFO
1671293340317 inf [table] 1 tt2.tamgr.tt2_4.t1962162 action call login="Elsannn" amount="240"
1671293340325 inf [network] > tt2.tamgr.tt2_4.t1962162 TABLE:STATUS
1671293340839 inf [network] > tt2.ttmgr.tt2_4.t612818712 TOURNAMENT:STATUS
1671293341814 inf [network] > tt2.tamgr.tt2_4.t1962162 TABLE:CARDS
1671293341831 inf [network] > tt2.tamgr.tt2_4.t1962162 TABLE:STATUS
1671293341832 inf [table] 1 tt2.tamgr.tt2_4.t1962162 round flop board="9c,3c,8d" pot="495" totalPot="0"
1671293343318 inf [network] > tt2.tamgr.tt2_4.t1962162 TABLE:CARDS
1671293343319 inf [network] > tt2.tamgr.tt2_4.t1962162 TABLE:STATUS
1671293343331 inf [table] 1 tt2.tamgr.tt2_4.t1962162 round turn board="9c,3c,8d,Jh" pot="495" totalPot="0"
1671293345279 inf [network] > wam.general.t1 CHATROOM:POST_INFO
1671293345420 inf [network] > tt2.tamgr.tt2_4.t1962162 TABLE:CARDS
1671293345421 inf [network] > tt2.tamgr.tt2_4.t1962162 TABLE:STATUS
1671293345422 inf [table] 1 tt2.tamgr.tt2_4.t1962162 round river board="9c,3c,8d,Jh,Td" pot="495" totalPot="0"
1671293346714 inf [network] > wam.general.t1 CHATROOM:POST_INFO
1671293347299 inf [network] > tt2.tamgr.tt2_4.t1962162 TABLE:RESULT
1671293347300 inf [network] > tt2.tamgr.tt2_4.t1962162 TRACKER:GET_INFO
1671293347301 inf [table] 1 tt2.tamgr.tt2_4.t1962162 showdown login="Elsannn" cards="Kc,Ad" board="9c,3c,8d,Jh,Td"
1671293347301 inf [table] 1 tt2.tamgr.tt2_4.t1962162 showdown login="YL_ML_GL_42" cards="Kh,5s" board="9c,3c,8d,Jh,Td"
1671293347301 inf [table] 1 tt2.tamgr.tt2_4.t1962162 gain login="Elsannn" amount="495"
1671293349207 inf [network] < prefs TIME:GET
1671293349237 inf [network] > tt2.tamgr.tt2_4.t1962162 TABLE:STATUS
1671293349238 inf [network] > tt2.ttmgr.tt2_4.t612818712 TOURNAMENT:STATUS
1671293349247 inf [network] > tt2.ttmgr.tt2_4.t612818712 TOURNAMENT:STATUS
1671293349273 inf [network] > tt2.ttmgr.tt2_4.t612818712 TRACKER:GET_INFO
1671293349274 inf [network] > tt2.tamgr.tt2_4.t1962162 TABLE:CHAT_INFO
1671293349286 inf [network] > tt2.ttmgr.tt2_4.t612818712 TOURNAMENT:RESULT
1671293349301 inf [router] Navigate: wam://popup?type=tournament-result&ttid=1
1671293349302 inf [router] Navigation done: wam://popup?type=tournament-result&ttid=1
1671293349314 inf [network] > tt2.ttmgr.tt2_4.t612818712 TOURNAMENT:STATUS
1671293349314 inf [network] > prefs SRM:UPDATE_RULE_INFO
1671293349374 inf [network] > prefs GAMESTATS:INFO
1671293349375 inf [network] > prefs NOTIFICATION:POST_INFO
1671293350719 inf [router] Execute: wam://playground-close?id=1
1671293350722 inf [router] Execution done: wam://playground-close?id=1
1671293350722 inf [router] Execute: wam://table-close?tblid=1
1671293350723 inf [router] Execution done: wam://table-close?tblid=1
1671293350723 inf [network] < tt2.tamgr.tt2_4.t1962162 TABLE:LEAVE
1671293350724 inf [network] Leaving channel tt2.tamgr.tt2_4.t1962162
1671293350725 inf [router] Execute: wam://playground-close?id=1&scene=2
1671293350725 inf [router] Execution done: wam://playground-close?id=1&scene=2
1671293350745 inf [network] > prefs NOTIFICATION:POST_INFO
1671293350748 inf [network] > prefs NOTIFICATION:POST_INFO
1671293350749 inf [network] > prefs TIME:GET_OK
1671293350749 inf [network] > subscriptions FILTERLIST:UPDATE
1671293350764 inf [network] < tt2.ttmgr.tt2_4.t612818712 TOURNAMENT:LEAVE
1671293350765 inf [network] Leaving channel tt2.ttmgr.tt2_4.t612818712
1671293350802 inf [network] > tt2.tamgr.tt2_4.t1962162 TABLE:POST_INFO
1671293350803 inf [network] > tt2.tamgr.tt2_4.t1962162 TABLE:POST_INFO
1671293350803 inf [network] > tt2.tamgr.tt2_4.t1962162 TABLE:STATUS
1671293354250 inf [network] > wam.general.t1 CHATROOM:POST_INFO
1671293356846 inf [network] > wam.general.t1 CHATROOM:POST_INFO
1671293357630 inf [network] > wam.general.t1 CHATROOM:POST_INFO
1671293359220 inf [network] < prefs TIME:GET
1671293359642 inf [network] > prefs TIME:GET_OK
1671293368070 inf [network] > wam.general.t1 CHATROOM:POST_INFO
1671293369219 inf [network] < prefs TIME:GET
1671293369776 inf [network] > prefs TIME:GET_OK
1671293379225 inf [network] < prefs TIME:GET
1671293380414 inf [network] > prefs TIME:GET_OK
1671293389236 inf [network] < prefs TIME:GET
1671293390051 inf [network] > prefs TIME:GET_OK
1671293399239 inf [network] < prefs TIME:GET
1671293399763 inf [network] > prefs TIME:GET_OK
1671293409250 inf [network] < prefs TIME:GET
1671293409671 inf [network] > prefs TIME:GET_OK
1671293415495 inf [network] > wam.general.t1 CHATROOM:POST_INFO
1671293419265 inf [network] < prefs TIME:GET
1671293419646 inf [network] > prefs TIME:GET_OK
1671293429280 inf [network] < prefs TIME:GET
1671293429412 inf [network] > prefs TIME:GET_OK
1671293439286 inf [network] < prefs TIME:GET
1671293439331 inf [network] > prefs TIME:GET_OK
1671293442484 inf [network] > wam.general.t1 CHATROOM:POST_INFO
1671293449297 inf [network] < prefs TIME:GET
1671293449354 inf [network] > prefs TIME:GET_OK
1671293459310 inf [network] < prefs TIME:GET
1671293459375 inf [network] > prefs TIME:GET_OK
1671293469320 inf [network] < prefs TIME:GET
1671293469429 inf [network] > prefs TIME:GET_OK
1671293479335 inf [network] < prefs TIME:GET
1671293479781 inf [network] > prefs TIME:GET_OK
1671293489344 inf [network] < prefs TIME:GET
1671293490041 inf [network] > prefs TIME:GET_OK
1671293499355 inf [network] < prefs TIME:GET
1671293499530 inf [network] > prefs TIME:GET_OK
1671293509357 inf [network] < prefs TIME:GET
1671293510697 inf [network] > prefs TIME:GET_OK
1671293519364 inf [network] < prefs TIME:GET
1671293519574 inf [network] > prefs TIME:GET_OK
1671293529366 inf [network] < prefs TIME:GET
1671293529644 inf [network] > prefs TIME:GET_OK
1671293539373 inf [network] < prefs TIME:GET
1671293540272 inf [network] > prefs TIME:GET_OK
1671293549375 inf [network] < prefs TIME:GET
1671293550316 inf [network] > prefs TIME:GET_OK
1671293557869 inf [network] > wam.general.t1 CHATROOM:POST_INFO
1671293559388 inf [network] < prefs TIME:GET
1671293559738 inf [network] > prefs TIME:GET_OK
1671293569398 inf [network] < prefs TIME:GET
1671293569993 inf [network] > prefs TIME:GET_OK
1671293579410 inf [network] < prefs TIME:GET
1671293580507 inf [network] > prefs TIME:GET_OK
1671293589421 inf [network] < prefs TIME:GET
1671293590249 inf [network] > prefs TIME:GET_OK
1671293590409 inf [network] > wam.general.t1 CHATROOM:POST_INFO
1671293595686 inf [network] > wam.general.t1 CHATROOM:POST_INFO
1671293599425 inf [network] < prefs TIME:GET
1671293600332 inf [network] > prefs TIME:GET_OK
1671293605541 inf [network] > wam.general.t1 CHATROOM:POST_INFO
1671293609437 inf [network] < prefs TIME:GET
1671293609687 inf [network] > prefs TIME:GET_OK
1671293614731 inf [network] > wam.general.t1 CHATROOM:POST_INFO
1671293619444 inf [network] < prefs TIME:GET
1671293619721 inf [network] > prefs TIME:GET_OK
1671293623046 inf [network] > wam.general.t1 CHATROOM:POST_INFO
1671293629457 inf [network] < prefs TIME:GET
1671293629843 inf [network] > prefs TIME:GET_OK
1671293629900 inf [network] > wam.general.t1 CHATROOM:POST_INFO
1671293639469 inf [network] < prefs TIME:GET
1671293640731 inf [network] > prefs TIME:GET_OK
1671293641313 inf [network] > wam.general.t1 CHATROOM:POST_INFO
1671293647711 inf [network] > wam.general.t1 CHATROOM:POST_INFO
1671293649482 inf [network] < prefs TIME:GET
1671293650025 inf [network] > prefs TIME:GET_OK
1671293652938 inf [network] > wam.general.t1 CHATROOM:POST_INFO
1671293658955 inf [network] > wam.general.t1 CHATROOM:POST_INFO
1671293658967 inf [api] < Service operator/userdata
1671293658968 inf [network] > Http https://wapi.winamax.fr/operator/userdata post
1671293658969 inf [network] < prefs CASHIER:GET
1671293658970 inf [network] < prefs CASHIER:LIST
1671293658970 inf [network] < prefs CASHIER:GET
1671293658971 inf [network] < prefs CASHIER:LIST
1671293659028 inf [network] > prefs CASHIER:GET_OK
1671293659059 inf [network] > prefs CASHIER:LIST_OK
1671293659060 inf [network] > prefs CASHIER:GET_OK
1671293659093 inf [network] > prefs CASHIER:LIST_OK
1671293659388 inf [network] > Http https://wapi.winamax.fr/operator/userdata ok
1671293659389 inf [api] > Service operator/userdata
1671293659480 inf [network] < prefs TIME:GET
1671293659592 inf [network] > prefs TIME:GET_OK
1671293662554 inf [network] > wam.general.t1 CHATROOM:POST_INFO
1671293669502 inf [network] < prefs TIME:GET
1671293670096 inf [network] > prefs TIME:GET_OK
1671293672937 inf [network] > wam.general.t1 CHATROOM:POST_INFO
1671293673272 inf [network] > wam.general.t1 CHATROOM:POST_INFO
1671293678223 inf [network] > wam.general.t1 CHATROOM:POST_INFO
1671293679517 inf [network] < prefs TIME:GET
1671293679657 inf [network] > prefs TIME:GET_OK
1671293689527 inf [network] < prefs TIME:GET
1671293689770 inf [network] > prefs TIME:GET_OK
1671293693732 inf [network] > wam.general.t1 CHATROOM:POST_INFO
1671293699526 inf [network] < prefs TIME:GET
1671293699675 inf [network] > prefs TIME:GET_OK
1671293702172 inf [network] > wam.general.t1 CHATROOM:POST_INFO
1671293702592 inf [network] > wam.general.t1 CHATROOM:POST_INFO
1671293705460 inf [network] > wam.general.t1 CHATROOM:POST_INFO
1671293709531 inf [network] < prefs TIME:GET
1671293710427 inf [network] > prefs TIME:GET_OK
1671293716066 inf [network] > wam.general.t1 CHATROOM:POST_INFO
1671293719535 inf [network] < prefs TIME:GET
1671293719665 inf [network] > prefs TIME:GET_OK
1671293729549 inf [network] < prefs TIME:GET
1671293729592 inf [network] > prefs TIME:GET_OK
1671293737032 inf [network] > wam.general.t1 CHATROOM:POST_INFO
1671293739559 inf [network] < prefs TIME:GET
1671293739658 inf [network] > prefs TIME:GET_OK
1671293744113 inf [network] > wam.general.t1 CHATROOM:POST_INFO
1671293749564 inf [network] < prefs TIME:GET
1671293749808 inf [network] > prefs TIME:GET_OK
1671293751997 inf [network] > wam.general.t1 CHATROOM:POST_INFO
1671293753749 inf [network] > wam.general.t1 CHATROOM:POST_INFO
1671293759572 inf [network] < prefs TIME:GET
1671293759959 inf [network] > prefs TIME:GET_OK
1671293769568 inf [network] < prefs TIME:GET
1671293770092 inf [network] > prefs TIME:GET_OK
1671293779585 inf [network] < prefs TIME:GET
1671293780692 inf [network] > prefs TIME:GET_OK
1671293789590 inf [network] < prefs TIME:GET
1671293789977 inf [network] > prefs TIME:GET_OK
1671293799600 inf [network] < prefs TIME:GET
1671293799959 inf [network] > prefs TIME:GET_OK
1671293809602 inf [network] < prefs TIME:GET
1671293811104 inf [network] > prefs TIME:GET_OK
1671293819615 inf [network] < prefs TIME:GET
1671293820223 inf [network] > prefs TIME:GET_OK
1671293829620 inf [network] < prefs TIME:GET
1671293830458 inf [network] > prefs TIME:GET_OK
1671293839633 inf [network] < prefs TIME:GET
1671293840389 inf [network] > prefs TIME:GET_OK
1671293849635 inf [network] < prefs TIME:GET
1671293850208 inf [network] > prefs TIME:GET_OK
1671293856361 inf [network] > wam.general.t1 CHATROOM:POST_INFO
1671293859644 inf [network] < prefs TIME:GET
1671293859991 inf [network] > prefs TIME:GET_OK
1671293869645 inf [network] < prefs TIME:GET
1671293870350 inf [network] > prefs TIME:GET_OK
1671293879638 inf [network] < prefs TIME:GET
1671293880074 inf [network] > prefs TIME:GET_OK
1671293880256 inf [network] > wam.general.t1 CHATROOM:POST_INFO
1671293889655 inf [network] < prefs TIME:GET
1671293890737 inf [network] > prefs TIME:GET_OK
1671293899658 inf [network] < prefs TIME:GET
1671293899869 inf [network] > prefs TIME:GET_OK
1671293909673 inf [network] < prefs TIME:GET
1671293910632 inf [network] > prefs TIME:GET_OK
1671293919675 inf [network] < prefs TIME:GET
1671293920056 inf [network] > prefs TIME:GET_OK
1671293929663 inf [network] < prefs TIME:GET
1671293930633 inf [network] > prefs TIME:GET_OK
1671293939687 inf [network] < prefs TIME:GET
1671293939851 inf [network] > prefs TIME:GET_OK
1671293949689 inf [network] < prefs TIME:GET
1671293949962 inf [network] > prefs TIME:GET_OK
1671293958968 inf [api] < Service operator/winamax-tv/public
1671293958968 inf [network] > Http https://wapi.winamax.fr/operator/winamax-tv/public post
1671293959627 inf [network] > Http https://wapi.winamax.fr/operator/winamax-tv/public ok
1671293959627 inf [api] > Service operator/winamax-tv/public
1671293959699 inf [network] < prefs TIME:GET
1671293959818 inf [network] > prefs TIME:GET_OK
1671293969706 inf [network] < prefs TIME:GET
1671293969753 inf [network] > prefs TIME:GET_OK
1671293979710 inf [network] < prefs TIME:GET
1671293979797 inf [network] > wam.general.t1 CHATROOM:POST_INFO
1671293980597 inf [network] > prefs TIME:GET_OK
1671293989705 inf [network] < prefs TIME:GET
1671293990038 inf [network] > prefs TIME:GET_OK
1671293994300 inf [network] > wam.general.t1 CHATROOM:POST_INFO
1671293999719 inf [network] < prefs TIME:GET
1671294000605 inf [network] > prefs TIME:GET_OK
1671294009728 inf [network] < prefs TIME:GET
1671294010871 inf [network] > prefs TIME:GET_OK
1671294019715 inf [network] < prefs TIME:GET
1671294020633 inf [network] > prefs TIME:GET_OK
1671294029733 inf [network] < prefs TIME:GET
1671294030944 inf [network] > prefs TIME:GET_OK
1671294031248 inf [network] > wam.general.t1 CHATROOM:POST_INFO
1671294036515 inf [network] > wam.general.t1 CHATROOM:POST_INFO
1671294039737 inf [network] < prefs TIME:GET
1671294040288 inf [network] > prefs TIME:GET_OK
1671294040813 inf [network] > wam.general.t1 CHATROOM:POST_INFO
1671294049393 inf [network] > wam.general.t1 CHATROOM:POST_INFO
1671294049745 inf [network] < prefs TIME:GET
1671294050306 inf [network] > prefs TIME:GET_OK
1671294057609 inf [network] > wam.general.t1 CHATROOM:POST_INFO
1671294059756 inf [network] < prefs TIME:GET
1671294059832 inf [network] > prefs TIME:GET_OK
1671294069747 inf [network] < prefs TIME:GET
1671294070050 inf [network] > prefs TIME:GET_OK
1671294075123 inf [network] > wam.general.t1 CHATROOM:POST_INFO
1671294079768 inf [network] < prefs TIME:GET
1671294080006 inf [network] > prefs TIME:GET_OK
1671294089768 inf [network] < prefs TIME:GET
1671294089812 inf [network] > prefs TIME:GET_OK
1671294099774 inf [network] < prefs TIME:GET
1671294100197 inf [network] > wam.general.t1 CHATROOM:POST_INFO
1671294100273 inf [network] > prefs TIME:GET_OK
1671294108861 inf [network] > wam.general.t1 CHATROOM:POST_INFO
1671294109589 inf [network] > wam.general.t1 CHATROOM:POST_INFO
1671294109788 inf [network] < prefs TIME:GET
1671294109898 inf [network] > prefs TIME:GET_OK
1671294119230 inf [network] > wam.general.t1 CHATROOM:POST_INFO
1671294119790 inf [network] < prefs TIME:GET
1671294119911 inf [network] > prefs TIME:GET_OK
1671294125165 inf [network] > wam.general.t1 CHATROOM:POST_INFO
1671294129793 inf [network] < prefs TIME:GET
1671294130190 inf [network] > prefs TIME:GET_OK
1671294135084 inf [network] > wam.general.t1 CHATROOM:POST_INFO
1671294136676 inf [network] > wam.general.t1 CHATROOM:POST_INFO
1671294139795 inf [network] < prefs TIME:GET
1671294141036 inf [network] > prefs TIME:GET_OK
1671294141968 inf [network] > wam.general.t1 CHATROOM:POST_INFO
1671294143995 inf [network] > wam.general.t1 CHATROOM:POST_INFO
1671294149805 inf [network] < prefs TIME:GET
1671294150360 inf [network] > prefs TIME:GET_OK
1671294151755 inf [network] > wam.general.t1 CHATROOM:POST_INFO
1671294152969 inf [network] > wam.general.t1 CHATROOM:POST_INFO
1671294157669 inf [network] > wam.general.t1 CHATROOM:POST_INFO
1671294159807 inf [network] < prefs TIME:GET
1671294160583 inf [network] > prefs TIME:GET_OK
1671294169815 inf [network] < prefs TIME:GET
1671294170844 inf [network] > prefs TIME:GET_OK
1671294177028 inf [network] > wam.general.t1 CHATROOM:POST_INFO
1671294177544 inf [network] > wam.general.t1 CHATROOM:POST_INFO
1671294177894 inf [network] > wam.general.t1 CHATROOM:POST_INFO
1671294179818 inf [network] < prefs TIME:GET
1671294180288 inf [network] > wam.general.t1 CHATROOM:POST_INFO
1671294180903 inf [network] > prefs TIME:GET_OK
1671294186491 inf [network] > wam.general.t1 CHATROOM:POST_INFO
1671294186545 inf [network] > wam.general.t1 CHATROOM:POST_INFO
1671294188580 inf [network] > wam.general.t1 CHATROOM:POST_INFO
1671294189830 inf [network] < prefs TIME:GET
1671294190668 inf [network] > prefs TIME:GET_OK
1671294193821 inf [network] > wam.general.t1 CHATROOM:POST_INFO
1671294199841 inf [network] < prefs TIME:GET
1671294200669 inf [network] > prefs TIME:GET_OK
1671294208664 inf [network] > wam.general.t1 CHATROOM:POST_INFO
1671294209854 inf [network] < prefs TIME:GET
1671294210346 inf [network] > prefs TIME:GET_OK
1671294215964 inf [network] > wam.general.t1 CHATROOM:POST_INFO
1671294219866 inf [network] < prefs TIME:GET
1671294220636 inf [network] > prefs TIME:GET_OK
1671294226232 inf [network] > wam.general.t1 CHATROOM:POST_INFO
1671294226754 inf [network] > wam.general.t1 CHATROOM:POST_INFO
1671294229879 inf [network] < prefs TIME:GET
1671294230625 inf [network] > prefs TIME:GET_OK
1671294233146 inf [network] > wam.general.t1 CHATROOM:POST_INFO
1671294236304 inf [network] > wam.general.t1 CHATROOM:POST_INFO
1671294239893 inf [network] < prefs TIME:GET
1671294240682 inf [network] > prefs TIME:GET_OK
1671294242068 inf [network] > wam.general.t1 CHATROOM:POST_INFO
1671294242515 inf [network] > wam.general.t1 CHATROOM:POST_INFO
1671294246771 inf [network] > wam.general.t1 CHATROOM:POST_INFO
1671294249897 inf [network] < prefs TIME:GET
1671294250451 inf [network] > prefs TIME:GET_OK
1671294252871 inf [network] > wam.general.t1 CHATROOM:POST_INFO
1671294253055 inf [network] > wam.general.t1 CHATROOM:POST_INFO
1671294256332 inf [network] > wam.general.t1 CHATROOM:POST_INFO
1671294258979 inf [api] < Service operator/userdata
1671294258980 inf [network] > Http https://wapi.winamax.fr/operator/userdata post
1671294258981 inf [network] < prefs CASHIER:GET
1671294258981 inf [network] < prefs CASHIER:LIST
1671294258982 inf [network] < prefs CASHIER:GET
1671294258982 inf [network] < prefs CASHIER:LIST
1671294259748 inf [network] > prefs CASHIER:GET_OK
1671294259749 inf [network] > prefs CASHIER:LIST_OK
1671294259750 inf [network] > prefs CASHIER:GET_OK
1671294259881 inf [network] > prefs CASHIER:LIST_OK
1671294259896 inf [network] < prefs TIME:GET
1671294260763 inf [network] > prefs TIME:GET_OK
1671294262419 inf [network] > Http https://wapi.winamax.fr/operator/userdata ok
1671294262420 inf [api] > Service operator/userdata
1671294265051 inf [network] > wam.general.t1 CHATROOM:POST_INFO
1671294269911 inf [network] < prefs TIME:GET
1671294270499 inf [network] > prefs TIME:GET_OK
1671294274536 inf [network] > wam.general.t1 CHATROOM:POST_INFO
1671294279911 inf [network] < prefs TIME:GET
1671294280018 inf [network] > wam.general.t1 CHATROOM:POST_INFO
1671294280371 inf [network] > prefs TIME:GET_OK
1671294283806 inf [network] > wam.general.t1 CHATROOM:POST_INFO
1671294289901 inf [network] < prefs TIME:GET
1671294290570 inf [network] > prefs TIME:GET_OK
1671294292258 inf [network] > prefs NOTIFICATION:POST_INFO
1671294296531 inf [network] > wam.general.t1 CHATROOM:POST_INFO
1671294299926 inf [network] < prefs TIME:GET
1671294300555 inf [network] > prefs TIME:GET_OK
1671294303435 inf [network] > wam.general.t1 CHATROOM:POST_INFO
1671294308388 inf [network] > wam.general.t1 CHATROOM:POST_INFO
1671294309929 inf [network] < prefs TIME:GET
1671294310839 inf [network] > wam.general.t1 CHATROOM:POST_INFO
1671294310923 inf [network] > prefs TIME:GET_OK
1671294316490 inf [network] > wam.general.t1 CHATROOM:POST_INFO
1671294319210 inf [network] > wam.general.t1 CHATROOM:POST_INFO
1671294319930 inf [network] < prefs TIME:GET
1671294320745 inf [network] > prefs TIME:GET_OK
1671294321956 inf [network] > wam.general.t1 CHATROOM:POST_INFO
1671294329944 inf [network] < prefs TIME:GET
1671294330109 inf [network] > prefs TIME:GET_OK
1671294339946 inf [network] < prefs TIME:GET
1671294340001 inf [network] > prefs TIME:GET_OK
1671294344106 inf [network] > wam.general.t1 CHATROOM:POST_INFO
1671294345807 inf [network] > wam.general.t1 CHATROOM:POST_INFO
1671294349792 inf [network] > wam.general.t1 CHATROOM:POST_INFO
1671294349952 inf [network] < prefs TIME:GET
1671294350715 inf [network] > prefs TIME:GET_OK
1671294359960 inf [network] < prefs TIME:GET
1671294360246 inf [network] > prefs TIME:GET_OK
1671294364356 inf [network] > wam.general.t1 CHATROOM:POST_INFO
1671294369962 inf [network] < prefs TIME:GET
1671294370211 inf [network] > prefs TIME:GET_OK
1671294379537 inf [network] > wam.general.t1 CHATROOM:POST_INFO
1671294379957 inf [network] < prefs TIME:GET
1671294380129 inf [network] > prefs TIME:GET_OK
1671294383601 inf [network] > wam.general.t1 CHATROOM:POST_INFO
1671294386564 inf [network] > wam.general.t1 CHATROOM:POST_INFO
1671294387042 inf [network] > wam.general.t1 CHATROOM:POST_INFO
1671294389978 inf [network] < prefs TIME:GET
1671294389997 inf [network] > wam.general.t1 CHATROOM:POST_INFO
1671294390139 inf [network] > prefs TIME:GET_OK
1671294393699 inf [network] > wam.general.t1 CHATROOM:POST_INFO
1671294399985 inf [network] < prefs TIME:GET
1671294400299 inf [network] > prefs TIME:GET_OK
1671294403403 inf [network] > wam.general.t1 CHATROOM:POST_INFO
1671294409122 inf [network] > wam.general.t1 CHATROOM:POST_INFO
1671294409998 inf [network] < prefs TIME:GET
1671294413693 inf [network] > prefs TIME:GET_OK
1671294413694 inf [network] > wam.general.t1 CHATROOM:POST_INFO
1671294413694 inf [network] > wam.general.t1 CHATROOM:POST_INFO
1671294415073 inf [network] > wam.general.t1 CHATROOM:POST_INFO
1671294419891 inf [network] > wam.general.t1 CHATROOM:POST_INFO
1671294419998 inf [network] < prefs TIME:GET
1671294421017 inf [network] > prefs TIME:GET_OK
1671294422825 inf [network] > wam.general.t1 CHATROOM:POST_INFO
1671294424642 inf [network] > wam.general.t1 CHATROOM:POST_INFO
1671294428492 inf [network] > wam.general.t1 CHATROOM:POST_INFO
1671294430013 inf [network] < prefs TIME:GET
1671294430378 inf [network] > prefs TIME:GET_OK
1671294432499 inf [network] > wam.general.t1 CHATROOM:POST_INFO
1671294432915 inf [network] > wam.general.t1 CHATROOM:POST_INFO
1671294433867 inf [network] > wam.general.t1 CHATROOM:POST_INFO
1671294434713 inf [network] > wam.general.t1 CHATROOM:POST_INFO
1671294440017 inf [network] < prefs TIME:GET
1671294440128 inf [network] > prefs TIME:GET_OK
1671294443226 inf [network] > wam.general.t1 CHATROOM:POST_INFO
1671294450029 inf [network] < prefs TIME:GET
1671294450966 inf [network] > prefs TIME:GET_OK
1671294456744 inf [network] > wam.general.t1 CHATROOM:POST_INFO
1671294457241 inf [network] > wam.general.t1 CHATROOM:POST_INFO
1671294460028 inf [network] < prefs TIME:GET
1671294461026 inf [network] > prefs TIME:GET_OK
1671294467067 inf [network] > wam.general.t1 CHATROOM:POST_INFO
1671294467219 inf [network] > wam.general.t1 CHATROOM:POST_INFO
1671294469127 inf [network] > wam.general.t1 CHATROOM:POST_INFO
1671294470036 inf [network] < prefs TIME:GET
1671294470536 inf [network] > prefs TIME:GET_OK
1671294471911 inf [network] > wam.general.t1 CHATROOM:POST_INFO
1671294480037 inf [network] < prefs TIME:GET
1671294480477 inf [network] > prefs TIME:GET_OK
1671294482621 inf [network] > wam.general.t1 CHATROOM:POST_INFO
1671294485866 inf [network] > wam.general.t1 CHATROOM:POST_INFO
1671294485979 inf [network] > wam.general.t1 CHATROOM:POST_INFO
1671294488818 inf [network] > wam.general.t1 CHATROOM:POST_INFO
1671294490049 inf [network] < prefs TIME:GET
1671294490093 inf [network] > prefs TIME:GET_OK
1671294492344 inf [network] > wam.general.t1 CHATROOM:POST_INFO
1671294494318 inf [network] > wam.general.t1 CHATROOM:POST_INFO
1671294499407 inf [network] > wam.general.t1 CHATROOM:POST_INFO
1671294499583 inf [network] > wam.general.t1 CHATROOM:POST_INFO
1671294500052 inf [network] < prefs TIME:GET
1671294500398 inf [network] > prefs TIME:GET_OK
1671294500890 inf [network] > wam.general.t1 CHATROOM:POST_INFO
1671294505316 inf [network] > wam.general.t1 CHATROOM:POST_INFO
1671294510062 inf [network] < prefs TIME:GET
1671294510113 inf [network] > prefs TIME:GET_OK
1671294510900 inf [network] > wam.general.t1 CHATROOM:POST_INFO
1671294512593 inf [network] > wam.general.t1 CHATROOM:POST_INFO
1671294513033 inf [network] > wam.general.t1 CHATROOM:POST_INFO
1671294517829 inf [network] > wam.general.t1 CHATROOM:POST_INFO
1671294520066 inf [network] < prefs TIME:GET
1671294520243 inf [network] > prefs TIME:GET_OK
1671294523751 inf [network] > wam.general.t1 CHATROOM:POST_INFO
1671294528438 inf [network] > wam.general.t1 CHATROOM:POST_INFO
1671294530071 inf [network] < prefs TIME:GET
1671294530136 inf [network] > prefs TIME:GET_OK
1671294533685 inf [network] > wam.general.t1 CHATROOM:POST_INFO
1671294535453 inf [network] > wam.general.t1 CHATROOM:POST_INFO
1671294540074 inf [network] < prefs TIME:GET
1671294540480 inf [network] > prefs TIME:GET_OK
1671294541131 inf [network] > wam.general.t1 CHATROOM:POST_INFO
1671294541132 inf [network] > wam.general.t1 CHATROOM:POST_INFO
1671294542101 inf [network] > wam.general.t1 CHATROOM:POST_INFO
1671294547530 inf [network] > wam.general.t1 CHATROOM:POST_INFO
1671294547866 inf [network] > wam.general.t1 CHATROOM:POST_INFO
1671294550075 inf [network] < prefs TIME:GET
1671294550309 inf [network] > prefs TIME:GET_OK
1671294550595 inf [network] > wam.general.t1 CHATROOM:POST_INFO
1671294555608 inf [network] > wam.general.t1 CHATROOM:POST_INFO
1671294557898 inf [network] > wam.general.t1 CHATROOM:POST_INFO
1671294560086 inf [network] < prefs TIME:GET
1671294560124 inf [network] > prefs TIME:GET_OK
1671294570081 inf [network] < prefs TIME:GET
1671294570082 inf [network] > wam.general.t1 CHATROOM:POST_INFO
1671294570123 inf [network] > prefs TIME:GET_OK
1671294576787 inf [network] > wam.general.t1 CHATROOM:POST_INFO
1671294577603 inf [network] > wam.general.t1 CHATROOM:POST_INFO
1671294580087 inf [network] < prefs TIME:GET
1671294580261 inf [network] > wam.general.t1 CHATROOM:POST_INFO
1671294580281 inf [network] > prefs TIME:GET_OK
1671294589769 inf [network] > wam.general.t1 CHATROOM:POST_INFO
1671294590088 inf [network] < prefs TIME:GET
1671294591236 inf [network] > prefs TIME:GET_OK
1671294593696 inf [network] > wam.general.t1 CHATROOM:POST_INFO
1671294597775 inf [network] > wam.general.t1 CHATROOM:POST_INFO
1671294599808 inf [network] > wam.general.t1 CHATROOM:POST_INFO
1671294600099 inf [network] < prefs TIME:GET
1671294600406 inf [network] > wam.general.t1 CHATROOM:POST_INFO
1671294600507 inf [network] > prefs TIME:GET_OK
1671294600778 inf [network] > wam.general.t1 CHATROOM:POST_INFO
1671294609918 inf [network] > wam.general.t1 CHATROOM:POST_INFO
1671294610052 inf [network] > wam.general.t1 CHATROOM:POST_INFO
1671294610107 inf [network] < prefs TIME:GET
1671294610159 inf [network] > wam.general.t1 CHATROOM:POST_INFO
1671294610346 inf [network] > wam.general.t1 CHATROOM:POST_INFO
1671294610347 inf [network] > prefs TIME:GET_OK
1671294620110 inf [network] < prefs TIME:GET
1671294620202 inf [network] > prefs TIME:GET_OK
1671294622198 inf [network] > wam.general.t1 CHATROOM:POST_INFO
1671294627359 inf [network] > wam.general.t1 CHATROOM:POST_INFO
1671294630111 inf [network] < prefs TIME:GET
1671294630152 inf [network] > prefs TIME:GET_OK
1671294630810 inf [network] > wam.general.t1 CHATROOM:POST_INFO
1671294634158 inf [network] > wam.general.t1 CHATROOM:POST_INFO
1671294635766 inf [network] > wam.general.t1 CHATROOM:POST_INFO
1671294640113 inf [network] < prefs TIME:GET
1671294640371 inf [network] > prefs TIME:GET_OK
1671294645317 inf [network] > wam.general.t1 CHATROOM:POST_INFO
1671294646159 inf [network] > wam.general.t1 CHATROOM:POST_INFO
1671294647711 inf [network] > wam.general.t1 CHATROOM:POST_INFO
1671294650116 inf [network] < prefs TIME:GET
1671294650120 inf [network] > wam.general.t1 CHATROOM:POST_INFO
1671294650154 inf [network] > prefs TIME:GET_OK
1671294651520 inf [network] > wam.general.t1 CHATROOM:POST_INFO
1671294660128 inf [network] < prefs TIME:GET
1671294660194 inf [network] > prefs TIME:GET_OK
1671294661433 inf [network] > wam.general.t1 CHATROOM:POST_INFO
1671294667850 inf [network] > wam.general.t1 CHATROOM:POST_INFO
1671294669407 inf [network] > wam.general.t1 CHATROOM:POST_INFO
1671294670140 inf [network] < prefs TIME:GET
1671294670616 inf [network] > prefs TIME:GET_OK
1671294671405 inf [network] > wam.general.t1 CHATROOM:POST_INFO
1671294673453 inf [network] > wam.general.t1 CHATROOM:POST_INFO
1671294679817 inf [network] > wam.general.t1 CHATROOM:POST_INFO
1671294680145 inf [network] < prefs TIME:GET
1671294680198 inf [network] > prefs TIME:GET_OK
1671294680359 inf [network] > wam.general.t1 CHATROOM:POST_INFO
1671294690159 inf [network] < prefs TIME:GET
1671294690384 inf [network] > prefs TIME:GET_OK
1671294694232 inf [network] > wam.general.t1 CHATROOM:POST_INFO
1671294694682 inf [network] > wam.general.t1 CHATROOM:POST_INFO
1671294700163 inf [network] < prefs TIME:GET
1671294700205 inf [network] > prefs TIME:GET_OK
1671294709749 inf [network] > wam.general.t1 CHATROOM:POST_INFO
1671294710165 inf [network] < prefs TIME:GET
1671294710580 inf [network] > prefs TIME:GET_OK
1671294712643 inf [network] > wam.general.t1 CHATROOM:POST_INFO
1671294713924 inf [network] > wam.general.t1 CHATROOM:POST_INFO
1671294720177 inf [network] < prefs TIME:GET
1671294720629 inf [network] > prefs TIME:GET_OK
1671294721044 inf [network] > wam.general.t1 CHATROOM:POST_INFO
1671294729141 inf [network] > wam.general.t1 CHATROOM:POST_INFO
1671294730188 inf [network] < prefs TIME:GET
1671294730260 inf [network] > prefs TIME:GET_OK
1671294730494 inf [network] > wam.general.t1 CHATROOM:POST_INFO
1671294731913 inf [network] > wam.general.t1 CHATROOM:POST_INFO
1671294734720 inf [network] > wam.general.t1 CHATROOM:POST_INFO
1671294740197 inf [network] < prefs TIME:GET
1671294740349 inf [network] > prefs TIME:GET_OK
1671294740367 inf [network] > wam.general.t1 CHATROOM:POST_INFO
1671294741463 inf [network] > wam.general.t1 CHATROOM:POST_INFO
1671294741923 inf [network] > wam.general.t1 CHATROOM:POST_INFO
1671294745986 inf [network] > wam.general.t1 CHATROOM:POST_INFO
1671294750209 inf [network] < prefs TIME:GET
1671294750245 inf [network] > prefs TIME:GET_OK
1671294758734 inf [network] > wam.general.t1 CHATROOM:POST_INFO
1671294758735 inf [network] > wam.general.t1 CHATROOM:POST_INFO
1671294760215 inf [network] < prefs TIME:GET
1671294760445 inf [network] > prefs TIME:GET_OK
1671294765890 inf [network] > wam.general.t1 CHATROOM:POST_INFO
1671294768798 inf [network] > wam.general.t1 CHATROOM:POST_INFO
1671294770220 inf [network] < prefs TIME:GET
1671294770271 inf [network] > prefs TIME:GET_OK
1671294770469 inf [network] > wam.general.t1 CHATROOM:POST_INFO
1671294775844 inf [network] > wam.general.t1 CHATROOM:POST_INFO
1671294780223 inf [network] < prefs TIME:GET
1671294780520 inf [network] > prefs TIME:GET_OK
1671294782959 inf [network] > wam.general.t1 CHATROOM:POST_INFO
1671294783125 inf [network] > wam.general.t1 CHATROOM:POST_INFO
1671294790234 inf [network] < prefs TIME:GET
1671294790287 inf [network] > prefs TIME:GET_OK
1671294791759 inf [network] > wam.general.t1 CHATROOM:POST_INFO
1671294797075 inf [network] > wam.general.t1 CHATROOM:POST_INFO
1671294799160 inf [network] > wam.general.t1 CHATROOM:POST_INFO
1671294800228 inf [network] < prefs TIME:GET
1671294800291 inf [network] > prefs TIME:GET_OK
1671294807551 inf [network] > wam.general.t1 CHATROOM:POST_INFO
1671294810250 inf [network] < prefs TIME:GET
1671294810440 inf [network] > prefs TIME:GET_OK
1671294813181 inf [network] > wam.general.t1 CHATROOM:POST_INFO
1671294820256 inf [network] < prefs TIME:GET
1671294821119 inf [network] > prefs TIME:GET_OK
1671294824078 inf [network] > wam.general.t1 CHATROOM:POST_INFO
1671294830257 inf [network] < prefs TIME:GET
1671294831011 inf [network] > prefs TIME:GET_OK
1671294831716 inf [network] > wam.general.t1 CHATROOM:POST_INFO
1671294836579 inf [network] > wam.general.t1 CHATROOM:POST_INFO
1671294837376 inf [network] > wam.general.t1 CHATROOM:POST_INFO
1671294840259 inf [network] < prefs TIME:GET
1671294841827 inf [network] > prefs TIME:GET_OK
1671294842751 inf [network] > wam.general.t1 CHATROOM:POST_INFO
1671294844833 inf [network] > wam.general.t1 CHATROOM:POST_INFO
1671294846173 inf [network] > wam.general.t1 CHATROOM:POST_INFO
1671294848714 inf [network] > wam.general.t1 CHATROOM:POST_INFO
1671294849179 inf [network] > wam.general.t1 CHATROOM:POST_INFO
1671294850261 inf [network] < prefs TIME:GET
1671294850895 inf [network] > prefs TIME:GET_OK
1671294858979 inf [api] < Service operator/winamax-tv/public
1671294858980 inf [network] > Http https://wapi.winamax.fr/operator/winamax-tv/public post
1671294858981 inf [api] < Service operator/userdata
1671294858982 inf [network] > Http https://wapi.winamax.fr/operator/userdata post
1671294858982 inf [network] < prefs CASHIER:GET
1671294858983 inf [network] < prefs CASHIER:LIST
1671294858983 inf [network] < prefs CASHIER:GET
1671294858984 inf [network] < prefs CASHIER:LIST
1671294859217 inf [network] > prefs CASHIER:GET_OK
1671294859218 inf [network] > prefs CASHIER:LIST_OK
1671294859218 inf [network] > prefs CASHIER:GET_OK
1671294859255 inf [network] > prefs CASHIER:LIST_OK
1671294860078 inf [network] > Http https://wapi.winamax.fr/operator/winamax-tv/public ok
1671294860079 inf [api] > Service operator/winamax-tv/public
1671294860235 inf [network] > Http https://wapi.winamax.fr/operator/userdata ok
1671294860236 inf [api] > Service operator/userdata
1671294860270 inf [network] < prefs TIME:GET
1671294860471 inf [network] > prefs TIME:GET_OK
1671294862058 inf [network] > wam.general.t1 CHATROOM:POST_INFO
1671294863370 inf [network] > wam.general.t1 CHATROOM:POST_INFO
1671294864357 inf [network] > wam.general.t1 CHATROOM:POST_INFO
1671294866990 inf [network] > wam.general.t1 CHATROOM:POST_INFO
1671294867064 inf [network] > wam.general.t1 CHATROOM:POST_INFO
1671294867707 inf [network] > wam.general.t1 CHATROOM:POST_INFO
1671294868103 inf [network] > wam.general.t1 CHATROOM:POST_INFO
1671294869074 inf [network] > wam.general.t1 CHATROOM:POST_INFO
1671294869734 inf [network] > wam.general.t1 CHATROOM:POST_INFO
1671294869962 inf [network] > wam.general.t1 CHATROOM:POST_INFO
1671294870280 inf [network] < prefs TIME:GET
1671294870423 inf [network] > wam.general.t1 CHATROOM:POST_INFO
1671294870519 inf [network] > prefs TIME:GET_OK
1671294873314 inf [network] > wam.general.t1 CHATROOM:POST_INFO
1671294873888 inf [network] > wam.general.t1 CHATROOM:POST_INFO
1671294880291 inf [network] < prefs TIME:GET
1671294880846 inf [network] > prefs TIME:GET_OK
1671294881547 inf [network] > wam.general.t1 CHATROOM:POST_INFO
1671294882382 inf [network] > wam.general.t1 CHATROOM:POST_INFO
1671294886409 inf [network] > wam.general.t1 CHATROOM:POST_INFO
1671294890295 inf [network] < prefs TIME:GET
1671294890514 inf [network] > wam.general.t1 CHATROOM:POST_INFO
1671294891489 inf [network] > prefs TIME:GET_OK
1671294898228 inf [network] > wam.general.t1 CHATROOM:POST_INFO
1671294900305 inf [network] < prefs TIME:GET
1671294900684 inf [network] > prefs TIME:GET_OK
1671294910307 inf [network] < prefs TIME:GET
1671294911568 inf [network] > prefs TIME:GET_OK
1671294920319 inf [network] < prefs TIME:GET
1671294920917 inf [network] > prefs TIME:GET_OK
1671294930333 inf [network] < prefs TIME:GET
1671294931104 inf [network] > prefs TIME:GET_OK
1671294940347 inf [network] < prefs TIME:GET
1671294940412 inf [network] > prefs TIME:GET_OK
1671294941703 inf [network] > wam.general.t1 CHATROOM:POST_INFO
1671294943314 inf [network] > wam.general.t1 CHATROOM:POST_INFO
1671294944475 inf [network] > wam.general.t1 CHATROOM:POST_INFO
1671294944991 inf [network] > wam.general.t1 CHATROOM:POST_INFO
1671294950149 inf [network] > wam.general.t1 CHATROOM:POST_INFO
1671294950353 inf [network] < prefs TIME:GET
1671294951087 inf [network] > prefs TIME:GET_OK
1671294956162 inf [network] > wam.general.t1 CHATROOM:POST_INFO
1671294960361 inf [network] < prefs TIME:GET
1671294960408 inf [network] > prefs TIME:GET_OK
1671294962334 inf [network] > wam.general.t1 CHATROOM:POST_INFO
1671294969450 inf [network] > wam.general.t1 CHATROOM:POST_INFO
1671294970376 inf [network] < prefs TIME:GET
1671294970653 inf [network] > prefs TIME:GET_OK
1671294979720 inf [network] > wam.general.t1 CHATROOM:POST_INFO
1671294979931 inf [network] > wam.general.t1 CHATROOM:POST_INFO
1671294980386 inf [network] < prefs TIME:GET
1671294980682 inf [network] > prefs TIME:GET_OK
1671294981093 inf [network] > wam.general.t1 CHATROOM:POST_INFO
1671294984793 inf [network] > wam.general.t1 CHATROOM:POST_INFO
1671294990395 inf [network] < prefs TIME:GET
1671294991658 inf [network] > prefs TIME:GET_OK
1671294995711 inf [network] > wam.general.t1 CHATROOM:POST_INFO
1671294998570 inf [network] > wam.general.t1 CHATROOM:POST_INFO
1671295000406 inf [network] < prefs TIME:GET
1671295000916 inf [network] > prefs TIME:GET_OK
1671295009379 inf [network] > wam.general.t1 CHATROOM:POST_INFO
1671295010417 inf [network] < prefs TIME:GET
1671295010631 inf [network] > prefs TIME:GET_OK
1671295020430 inf [network] < prefs TIME:GET
1671295020803 inf [network] > prefs TIME:GET_OK
1671295023331 inf [network] > wam.general.t1 CHATROOM:POST_INFO
1671295030441 inf [network] < prefs TIME:GET
1671295030957 inf [network] > prefs TIME:GET_OK
1671295033968 inf [network] > wam.general.t1 CHATROOM:POST_INFO
1671295038314 inf [network] > prefs NOTIFICATION:POST_INFO
1671295040447 inf [network] < prefs TIME:GET
1671295041268 inf [network] > prefs TIME:GET_OK
1671295048885 inf [network] > wam.general.t1 CHATROOM:POST_INFO
1671295049990 inf [network] > wam.general.t1 CHATROOM:POST_INFO
1671295050454 inf [network] < prefs TIME:GET
1671295050497 inf [network] > prefs TIME:GET_OK
1671295059690 inf [network] > wam.general.t1 CHATROOM:POST_INFO
1671295060469 inf [network] < prefs TIME:GET
1671295060610 inf [network] > prefs TIME:GET_OK
1671295063761 inf [network] > wam.general.t1 CHATROOM:POST_INFO
1671295070475 inf [network] < prefs TIME:GET
1671295070822 inf [network] > prefs TIME:GET_OK
1671295080486 inf [network] < prefs TIME:GET
1671295080824 inf [network] > prefs TIME:GET_OK
1671295080974 inf [network] > wam.general.t1 CHATROOM:POST_INFO
1671295090493 inf [network] < prefs TIME:GET
1671295090571 inf [network] > prefs TIME:GET_OK
1671295098118 inf [network] > wam.general.t1 CHATROOM:POST_INFO
1671295100501 inf [network] < prefs TIME:GET
1671295100561 inf [network] > prefs TIME:GET_OK
1671295110506 inf [network] < prefs TIME:GET
1671295111477 inf [network] > prefs TIME:GET_OK
1671295118210 inf [network] > wam.general.t1 CHATROOM:POST_INFO
1671295120507 inf [network] < prefs TIME:GET
1671295121612 inf [network] > prefs TIME:GET_OK
1671295126454 inf [network] > wam.general.t1 CHATROOM:POST_INFO
1671295130519 inf [network] < prefs TIME:GET
1671295130789 inf [network] > prefs TIME:GET_OK
1671295140526 inf [network] < prefs TIME:GET
1671295140668 inf [network] > prefs TIME:GET_OK
1671295150529 inf [network] < prefs TIME:GET
1671295150569 inf [network] > prefs TIME:GET_OK
1671295152820 inf [network] > wam.general.t1 CHATROOM:POST_INFO
1671295157803 inf [network] > wam.general.t1 CHATROOM:POST_INFO
1671295159430 inf [router] Navigate: wam://popup?type=idle&expire=1671295164&delay=5
1671295159431 inf [router] Navigation done: wam://popup?type=idle&expire=1671295164&delay=5
1671295160537 inf [network] < prefs TIME:GET
1671295161393 inf [network] > prefs TIME:GET_OK
1671295165437 inf [router] Execute: wam://logout?reason=idle
1671295165452 inf [network] < prefs AUTH:SIGNOUT
1671295165510 inf [network] > prefs AUTH:SIGNOUT_OK
1671295165512 inf [network] Disconnecting
1671295165512 inf [network] Connection status: 7
1671295165513 inf [network] Connection status: 8
1671295165517 inf [router] Execution done: wam://logout?reason=idle
1671295165518 inf [router] Navigate: wam://popup?type=error&message=You%20have%20been%20disconnected%20due%20to%20inactivity.
1671295165518 inf [router] Navigation done: wam://popup?type=error&message=You%20have%20been%20disconnected%20due%20to%20inactivity.
1671296211557 inf [app] Exit
1671296211560 inf [tracker] Closed
