1671619496768 inf [app] Launch
1671619496834 inf [scene] Bridge initialize
1671619496847 inf [scene] Scene open
1671619496861 inf [scene.1] Scene create
1671619496885 inf [scene.1] Scene loading
1671619496898 inf [app] Checking for update
1671619497219 inf [app] Update for version 1.26.3 is not available (latest version: 1.26.3, downgrade is disallowed).
1671619497880 inf [scene.1] Browser loaded
1671619497887 inf [scene.1] Scene bridge loaded
1671619497957 inf [tracker] Listening on port: 8003
1671619500981 inf [api] < Service core/authentication/token/generate
1671619500984 inf [network] > Http https://wapi.winamax.fr/core/authentication/token/generate post
1671619501225 inf [network] > Http https://wapi.winamax.fr/core/authentication/token/generate ok
1671619501228 inf [api] > Service core/authentication/token/generate
1671619501230 inf [api] < Service poker/public/config/preauth {"client":"poker","application":"desktop","opid":"wam","device":"electron","ver":"1.26.3.1671552372","os":"win32","cid":"b94b276db79aabbcbfbe64cabbfea685"}
1671619501232 inf [network] > Http https://api.winamax.fr/poker/public/config/preauth?client=poker&application=desktop&opid=wam&device=electron&ver=1.26.3.1671552372&os=win32&cid=b94b276db79aabbcbfbe64cabbfea685 get
1671619501438 inf [network] > Http https://api.winamax.fr/poker/public/config/preauth?client=poker&application=desktop&opid=wam&device=electron&ver=1.26.3.1671552372&os=win32&cid=b94b276db79aabbcbfbe64cabbfea685 ok
1671619501440 inf [api] > Service poker/public/config/preauth {"core":{"type":"wss","retry":{"count":3,"timeout":10000,"delay":2000,"random":1000},"hosts":["wapi.winamax.fr:443/poker/front/ws/websocket"],"enable":true,"zombie":{"duration":45000},"socket":{"sleep":10,"buffer":16384},"monitor":{"interrupted":true}},"features":{"vm":false,"playground":{"threshold":1000},"time":{"duration":10}},"serverstatus":{"status":"up","polling":300,"i18n":{"pt_PT":{"title":"","info":"All services are operational."},"es_ES":{"title":"","info":"All services are operational."},"*":{"title":"","info":"All services are operational."},"en_US":{"title":"","info":"All services are operational."},"en_GB":{"title":"","info":"All services are operational."},"fr_FR":{"title":"","info":"Tous les services sont fonctionnels"},"de_DE":{"title":"","info":"Alle Dienste sind verfügbar"}}},"auth":{"version":2,"timeout":6000,"refresh":{"count":3,"delay":2500}}}
1671619501444 inf [network] Registering channel prefs
1671619501444 inf [network] Enqueuing AUTH:SIGNIN
1671619501446 inf [network] Creating socket wss://wapi.winamax.fr:443/poker/front/ws/websocket
1671619501447 inf [network] Connection status: 1
1671619501621 inf [network] Socket opened
1671619501622 inf [network] Connection status: 2
1671619501623 inf [network] Connection status: 3
1671619501624 inf [network] < prefs AUTH:SIGNIN
1671619501838 inf [network] > prefs AUTH:SIGNIN_OK
1671619501840 inf [network] Connection status: 4
1671619501846 inf [network] < prefs TIME:GET
1671619501846 inf [network] < prefs GAMESTATS:JOIN
1671619501858 inf [network] > prefs NOTIFICATION:POST_INFO
1671619501905 inf [network] > prefs TIME:GET_OK
1671619501922 inf [api] < Service poker/client/prefs
1671619501922 inf [network] > Http https://wapi.winamax.fr/poker/client/prefs post
1671619501951 inf [network] > prefs GAMESTATS:JOIN_OK
1671619502119 inf [network] > Http https://wapi.winamax.fr/poker/client/prefs ok
1671619502120 inf [api] > Service poker/client/prefs
1671619502135 inf [router] Execute: wam://preload-ok
1671619502137 inf [router] Navigate: wam://lobbies
1671619502139 inf [network] > Http https://dl.winamax.fr/client/attr/settings/wam/config.1624292306 get
1671619502141 inf [network] > Http https://dl.winamax.fr/client/attr/settings/wam/ressource.1624283658 get
1671619502143 inf [router] Navigation done: wam://lobbies
1671619502145 inf [router] Execution done: wam://preload-ok
1671619502147 inf [network] Registering channel subscriptions
1671619502148 inf [api] < Service operator/userdata
1671619502149 inf [network] > Http https://wapi.winamax.fr/operator/userdata post
1671619502153 inf [api] < Service operator/winamax-tv/public
1671619502153 inf [network] > Http https://wapi.winamax.fr/operator/winamax-tv/public post
1671619502156 inf [network] < prefs SRM:JOIN
1671619502158 inf [network] < prefs NEWS:GET
1671619502159 inf [network] < prefs DATA:GET
1671619502160 inf [network] < prefs BUDDY:GET
1671619502161 inf [network] < prefs BUDDYROOM:JOIN
1671619502167 inf [network] < prefs TIME:GET
1671619502169 inf [network] < prefs CASHIER:GET
1671619502170 inf [network] < prefs CASHIER:LIST
1671619502171 inf [network] < prefs CASHIER:GET
1671619502172 inf [network] < prefs CASHIER:LIST
1671619502174 inf [network] < subscriptions FILTERLIST:CREATE
1671619502175 inf [network] < subscriptions FILTERLIST:CREATE
1671619502176 inf [network] < subscriptions FILTERLIST:CREATE
1671619502210 inf [network] > prefs SRM:JOIN_OK
1671619502215 inf [network] > prefs TIME:GET_OK
1671619502221 inf [network] > prefs CASHIER:GET_OK
1671619502222 inf [network] > prefs CASHIER:LIST_OK
1671619502223 inf [network] > prefs CASHIER:GET_OK
1671619502224 inf [network] > prefs BUDDYROOM:JOIN_OK
1671619502256 inf [network] > prefs CASHIER:LIST_OK
1671619502259 inf [network] > subscriptions FILTERLIST:CREATE_OK
1671619502260 inf [network] > subscriptions FILTERLIST:SET
1671619502261 inf [network] > subscriptions FILTERLIST:CREATE_OK
1671619502262 inf [network] > subscriptions FILTERLIST:SET
1671619502263 inf [network] > subscriptions FILTERLIST:CREATE_OK
1671619502264 inf [network] > subscriptions FILTERLIST:SET
1671619502269 inf [network] > prefs NEWS:GET_OK
1671619502287 inf [network] Registering channel wam.general.t1
1671619502287 inf [network] < wam.general.t1 CHATROOM:JOIN
1671619502301 inf [network] > prefs BUDDY:GET_OK
1671619502302 inf [network] > prefs DATA:GET_ERR
1671619502313 inf [network] < prefs BUDDYROOM:JOIN
1671619502325 inf [network] > Http https://dl.winamax.fr/client/attr/settings/wam/ressource.1624283658 ok
1671619502330 inf [network] > wam.general.t1 CHATROOM:JOIN_OK
1671619502340 inf [network] > Http https://dl.winamax.fr/client/attr/settings/wam/config.1624292306 ok
1671619502352 inf [network] > Http https://wapi.winamax.fr/operator/winamax-tv/public ok
1671619502352 inf [api] > Service operator/winamax-tv/public
1671619502373 inf [network] > prefs BUDDYROOM:JOIN_OK
1671619502513 inf [network] > Http https://wapi.winamax.fr/operator/userdata ok
1671619502514 inf [api] > Service operator/userdata
1671619504133 inf [api] < Service poker/client/prefs
1671619504134 inf [network] > Http https://wapi.winamax.fr/poker/client/prefs post
1671619504384 inf [network] > Http https://wapi.winamax.fr/poker/client/prefs ok
1671619504386 inf [api] > Service poker/client/prefs
1671619509138 inf [app] Exit
1671619509142 inf [tracker] Closed
