1671555284285 inf [app] Launch
1671555284350 inf [scene] Bridge initialize
1671555284360 inf [scene] Scene open
1671555284367 inf [scene] Scene create
1671555284382 inf [scene.1] Scene loading
1671555284388 inf [app] Checking for update
1671555284827 inf [app] Found version 1.26.3 (url: winamax-setup-1.26.3.exe)
1671555284841 inf [router] Navigate: wam://popup?type=update
1671555284842 inf [router] Navigation done: wam://popup?type=update
1671555285120 inf [scene.1] Browser loaded
1671555285126 inf [scene.1] Bridge loaded
1671555285164 inf [tracker] Listening on port: 8003
1671555287903 inf [router] Execute: wam://updater-download?background=true
1671555287905 inf [app] Download
1671555287906 inf [app] Downloading update from winamax-setup-1.26.3.exe
1671555287907 inf [router] Execution done: wam://updater-download?background=true
1671555287916 inf [app] Cached update sha512 checksum doesn't match the latest available update. New update must be downloaded. Cached: UOmzX/yk+la2Gsgqopl3zTyiIS6Alzb7rVTk3tKLq3tufxuwbjs8fuAfAf2O9dT5DwoMfBHRLR74UR2tM6POvw==, expected: GxI9ghgaRCTdwzThniRmfMu5pKTbbUO2BIxVSbm+dbI7GCwsjxk2zxqeULBXh4QWzn0pB9m9trnMHyQj174vWw==. Directory for cached update will be cleaned
1671555287918 inf [app] Download block maps (old: "https://dl.winamax.fr/client/electron/win/all/winamax-setup-1.26.2.exe.blockmap", new: https://dl.winamax.fr/client/electron/win/all/winamax-setup-1.26.3.exe.blockmap)
1671555288813 inf [app] File has 197 changed blocks
1671555288823 inf [app] Full: 351,475.14 KB, To download: 4,026.58 KB (1%)
1671555288956 inf [api] < Service core/authentication/token/generate
1671555288957 inf [network] > Http https://wapi.winamax.fr/core/authentication/token/generate post
1671555289175 inf [network] > Http https://wapi.winamax.fr/core/authentication/token/generate ok
1671555289176 inf [api] > Service core/authentication/token/generate
1671555289177 inf [api] < Service poker/public/config/preauth {"client":"poker","application":"desktop","opid":"wam","device":"electron","ver":"1.26.2.1671440127","os":"win32","cid":"b94b276db79aabbcbfbe64cabbfea685"}
1671555289178 inf [network] > Http https://api.winamax.fr/poker/public/config/preauth?client=poker&application=desktop&opid=wam&device=electron&ver=1.26.2.1671440127&os=win32&cid=b94b276db79aabbcbfbe64cabbfea685 get
1671555289411 inf [network] > Http https://api.winamax.fr/poker/public/config/preauth?client=poker&application=desktop&opid=wam&device=electron&ver=1.26.2.1671440127&os=win32&cid=b94b276db79aabbcbfbe64cabbfea685 ok
1671555289413 inf [api] > Service poker/public/config/preauth {"core":{"type":"wss","retry":{"count":3,"timeout":10000,"delay":2000,"random":1000},"hosts":["wapi.winamax.fr:443/poker/front/ws/websocket"],"enable":true,"zombie":{"duration":45000},"socket":{"sleep":10,"buffer":16384},"monitor":{"interrupted":true}},"features":{"vm":false,"playground":{"threshold":1000},"time":{"duration":10}},"serverstatus":{"status":"up","polling":300,"i18n":{"pt_PT":{"title":"","info":"All services are operational."},"es_ES":{"title":"","info":"All services are operational."},"*":{"title":"","info":"All services are operational."},"en_US":{"title":"","info":"All services are operational."},"en_GB":{"title":"","info":"All services are operational."},"fr_FR":{"title":"","info":"Tous les services sont fonctionnels"},"de_DE":{"title":"","info":"Alle Dienste sind verfügbar"}}},"auth":{"version":2,"timeout":6000,"refresh":{"count":3,"delay":2500}}}
1671555289421 inf [network] Registering channel prefs
1671555289422 inf [network] Enqueuing AUTH:SIGNIN
1671555289423 inf [network] Creating socket wss://wapi.winamax.fr:443/poker/front/ws/websocket
1671555289424 inf [network] Connection status: 1
1671555289602 inf [network] Socket opened
1671555289603 inf [network] Connection status: 2
1671555289603 inf [network] Connection status: 3
1671555289605 inf [network] < prefs AUTH:SIGNIN
1671555289820 inf [network] > prefs AUTH:SIGNIN_OK
1671555289821 inf [network] Connection status: 4
1671555289831 inf [network] < prefs TIME:GET
1671555289832 inf [network] < prefs GAMESTATS:JOIN
1671555289847 inf [network] > prefs NOTIFICATION:POST_INFO
1671555289891 inf [network] > prefs TIME:GET_OK
1671555289900 inf [api] < Service poker/client/prefs
1671555289900 inf [network] > Http https://wapi.winamax.fr/poker/client/prefs post
1671555289927 inf [network] > prefs GAMESTATS:JOIN_OK
1671555290095 inf [network] > Http https://wapi.winamax.fr/poker/client/prefs ok
1671555290096 inf [api] > Service poker/client/prefs
1671555290102 inf [router] Execute: wam://preload-ok
1671555290103 inf [router] Navigate: wam://lobbies
1671555290105 inf [network] > Http https://dl.winamax.fr/client/attr/settings/wam/config.1624292306 get
1671555290106 inf [network] > Http https://dl.winamax.fr/client/attr/settings/wam/ressource.1624283658 get
1671555290108 inf [router] Navigation done: wam://lobbies
1671555290109 inf [router] Execution done: wam://preload-ok
1671555290110 inf [network] Registering channel subscriptions
1671555290111 inf [api] < Service operator/userdata
1671555290111 inf [network] > Http https://wapi.winamax.fr/operator/userdata post
1671555290113 inf [api] < Service operator/winamax-tv/public
1671555290114 inf [network] > Http https://wapi.winamax.fr/operator/winamax-tv/public post
1671555290115 inf [network] < prefs SRM:JOIN
1671555290116 inf [network] < prefs NEWS:GET
1671555290116 inf [network] < prefs DATA:GET
1671555290117 inf [network] < prefs BUDDY:GET
1671555290117 inf [network] < prefs BUDDYROOM:JOIN
1671555290121 inf [network] < prefs TIME:GET
1671555290121 inf [network] < prefs CASHIER:GET
1671555290122 inf [network] < prefs CASHIER:LIST
1671555290123 inf [network] < prefs CASHIER:GET
1671555290123 inf [network] < prefs CASHIER:LIST
1671555290127 inf [network] < subscriptions FILTERLIST:CREATE
1671555290128 inf [network] < subscriptions FILTERLIST:CREATE
1671555290129 inf [network] < subscriptions FILTERLIST:CREATE
1671555290173 inf [network] > prefs TIME:GET_OK
1671555290174 inf [network] > prefs SRM:JOIN_OK
1671555290174 inf [network] > prefs CASHIER:GET_OK
1671555290199 inf [network] > prefs CASHIER:LIST_OK
1671555290200 inf [network] > prefs CASHIER:GET_OK
1671555290208 inf [network] > prefs CASHIER:LIST_OK
1671555290208 inf [network] > prefs BUDDYROOM:JOIN_OK
1671555290209 inf [network] > subscriptions FILTERLIST:CREATE_OK
1671555290210 inf [network] > subscriptions FILTERLIST:SET
1671555290212 inf [network] > subscriptions FILTERLIST:CREATE_OK
1671555290212 inf [network] > subscriptions FILTERLIST:SET
1671555290213 inf [network] > subscriptions FILTERLIST:CREATE_OK
1671555290213 inf [network] > subscriptions FILTERLIST:SET
1671555290214 inf [network] > prefs NEWS:GET_OK
1671555290218 inf [network] Registering channel wam.general.t1
1671555290218 inf [network] < wam.general.t1 CHATROOM:JOIN
1671555290250 inf [network] > prefs DATA:GET_ERR
1671555290251 inf [network] > prefs BUDDY:GET_OK
1671555290255 inf [network] < prefs BUDDYROOM:JOIN
1671555290285 inf [network] > Http https://dl.winamax.fr/client/attr/settings/wam/ressource.1624283658 ok
1671555290287 inf [network] > wam.general.t1 CHATROOM:JOIN_OK
1671555290314 inf [network] > prefs BUDDYROOM:JOIN_OK
1671555290323 inf [network] > Http https://dl.winamax.fr/client/attr/settings/wam/config.1624292306 ok
1671555290326 inf [network] > Http https://wapi.winamax.fr/operator/winamax-tv/public ok
1671555290326 inf [api] > Service operator/winamax-tv/public
1671555290435 inf [network] > Http https://wapi.winamax.fr/operator/userdata ok
1671555290437 inf [api] > Service operator/userdata
1671555290519 inf [app] Differential download: https://dl.winamax.fr/client/electron/win/all/winamax-setup-1.26.3.exe
1671555290608 inf [app] Downloading: 0%
1671555290703 inf [app] Downloading: 1%
1671555290800 inf [app] Downloading: 2%
1671555291806 inf [app] Downloading: 2%
1671555292108 inf [api] < Service poker/client/prefs
1671555292109 inf [network] > Http https://wapi.winamax.fr/poker/client/prefs post
1671555292817 inf [app] Downloading: 24%
1671555292820 inf [network] > Http https://wapi.winamax.fr/poker/client/prefs ok
1671555292820 inf [api] > Service poker/client/prefs
1671555293155 inf [app] Downloading: 35%
1671555293832 inf [app] Downloading: 36%
1671555293860 inf [app] Downloading: 36%
1671555294015 inf [app] Downloading: 38%
1671555294853 inf [app] Downloading: 56%
1671555295262 inf [app] Downloading: 62%
1671555295536 inf [app] Downloading: 63%
1671555295864 inf [app] Downloading: 66%
1671555296876 inf [app] Downloading: 79%
1671555297732 inf [app] Downloading: 92%
1671555297892 inf [app] Downloading: 93%
1671555297963 inf [app] Downloading: 94%
1671555298069 inf [app] Downloading: 94%
1671555298257 inf [app] Downloading: 96%
1671555298503 inf [app] Downloading: 99%
1671555298652 inf [app] Downloading: 100%
1671555300132 inf [network] < prefs TIME:GET
1671555300200 inf [network] > prefs TIME:GET_OK
1671555300342 inf [router] Navigate: wam://lobby-mtt
1671555300345 inf [router] Navigation done: wam://lobby-mtt
1671555300369 inf [network] Registering channel lo
1671555300370 inf [router] Execute: wam://lobby-preview?rk=&type=
1671555300372 inf [router] Execution done: wam://lobby-preview?rk=&type=
1671555300384 inf [network] < lo FILTERLIST:CREATE
1671555300481 inf [network] > lo FILTERLIST:CREATE_OK
1671555300596 inf [network] > lo FILTERLIST:SET
1671555300604 inf [router] Execute: wam://lobby-preview?rk=tt6.ttmgr.tt6_9.t591920552&type=tournament
1671555300609 inf [router] Execution done: wam://lobby-preview?rk=tt6.ttmgr.tt6_9.t591920552&type=tournament
1671555300610 inf [network] Registering channel tt6.ttmgr.tt6_9.t591920552
1671555300636 inf [network] < tt6.ttmgr.tt6_9.t591920552 TOURNAMENT:JOIN
1671555300708 inf [network] > tt6.ttmgr.tt6_9.t591920552 TOURNAMENT:JOIN_OK
1671555300713 inf [network] > tt6.ttmgr.tt6_9.t591920552 CHATROOM:JOIN_OK
1671555300939 inf [network] > tt6.ttmgr.tt6_9.t591920552 TOURNAMENT:STATUS
1671555303658 wrn Signature validated using only CN Winamax SA. Please add your full Distinguished Name (DN) to publisherNames configuration
1671555303659 inf [app] New version 1.26.3 has been downloaded to C:\Users\YaminLEGZOULI\AppData\Local\winamax-updater\pending\winamax-setup-1.26.3.exe
1671555303951 inf [router] Navigate: wam://contacts?tab=buddies
1671555303952 inf [router] Navigation done: wam://contacts?tab=buddies
1671555305541 inf [network] < prefs FILTERLIST:FIND
1671555305542 inf [network] < prefs FILTERLIST:FIND
1671555305542 inf [network] < prefs FILTERLIST:FIND
1671555305542 inf [network] < prefs FILTERLIST:FIND
1671555305543 inf [network] < prefs FILTERLIST:FIND
1671555305543 inf [network] < prefs FILTERLIST:FIND
1671555305605 inf [network] > prefs FILTERLIST:FIND_OK
1671555305606 inf [network] > prefs FILTERLIST:FIND_OK
1671555305645 inf [network] > prefs FILTERLIST:FIND_OK
1671555305646 inf [network] > prefs FILTERLIST:FIND_OK
1671555305646 inf [network] > prefs FILTERLIST:FIND_OK
1671555305647 inf [network] > prefs FILTERLIST:FIND_OK
1671555306403 inf [network] > wam.general.t1 CHATROOM:POST_INFO
1671555306972 inf [network] > lo FILTERLIST:UPDATE
1671555310133 inf [network] < prefs TIME:GET
1671555310206 inf [network] > prefs TIME:GET_OK
1671555317099 inf [network] > lo FILTERLIST:UPDATE
1671555318857 inf [network] > wam.general.t1 CHATROOM:POST_INFO
1671555320133 inf [network] < prefs TIME:GET
1671555320190 inf [network] > prefs TIME:GET_OK
1671555323985 inf [network] < lo FILTERLIST:DELETE
1671555323986 inf [router] Execute: wam://lobby-preview?rk=&type=
1671555323987 inf [router] Execution done: wam://lobby-preview?rk=&type=
1671555324037 inf [network] > lo FILTERLIST:DELETE_OK
1671555324775 inf [network] > wam.general.t1 CHATROOM:POST_INFO
1671555327004 inf [network] < tt6.ttmgr.tt6_9.t591920552 TOURNAMENT:LEAVE
1671555327005 inf [network] Leaving channel tt6.ttmgr.tt6_9.t591920552
1671555330134 inf [network] < prefs TIME:GET
1671555330191 inf [network] > prefs TIME:GET_OK
1671555338406 inf [network] > wam.general.t1 CHATROOM:POST_INFO
1671555340146 inf [network] < prefs TIME:GET
1671555340186 inf [network] > prefs TIME:GET_OK
1671555346136 inf [network] > wam.general.t1 CHATROOM:POST_INFO
1671555350161 inf [network] < prefs TIME:GET
1671555350208 inf [network] > prefs TIME:GET_OK
1671555358769 inf [network] > wam.general.t1 CHATROOM:POST_INFO
1671555360155 inf [network] < prefs TIME:GET
1671555360193 inf [network] > prefs TIME:GET_OK
1671555361225 inf [network] > wam.general.t1 CHATROOM:POST_INFO
1671555363769 inf [network] > wam.general.t1 CHATROOM:POST_INFO
1671555365215 inf [network] > wam.general.t1 CHATROOM:POST_INFO
1671555370171 inf [network] < prefs TIME:GET
1671555370248 inf [network] > prefs TIME:GET_OK
1671555374445 inf [network] > wam.general.t1 CHATROOM:POST_INFO
1671555380177 inf [network] < prefs TIME:GET
1671555380245 inf [network] > prefs TIME:GET_OK
1671555380806 inf [network] > wam.general.t1 CHATROOM:POST_INFO
1671555384396 inf [network] > wam.general.t1 CHATROOM:POST_INFO
1671555390177 inf [network] < prefs TIME:GET
1671555390246 inf [network] > prefs TIME:GET_OK
1671555399379 inf [network] > wam.general.t1 CHATROOM:POST_INFO
1671555400184 inf [network] < prefs TIME:GET
1671555400245 inf [network] > prefs TIME:GET_OK
1671555406075 inf [network] > wam.general.t1 CHATROOM:POST_INFO
1671555410198 inf [network] < prefs TIME:GET
1671555410252 inf [network] > prefs TIME:GET_OK
1671555413370 inf [network] > wam.general.t1 CHATROOM:POST_INFO
1671555418653 inf [network] > wam.general.t1 CHATROOM:POST_INFO
1671555420202 inf [network] < prefs TIME:GET
1671555420250 inf [network] > prefs TIME:GET_OK
1671555420316 inf [network] > wam.general.t1 CHATROOM:POST_INFO
1671555420658 inf [network] > wam.general.t1 CHATROOM:POST_INFO
1671555422327 inf [network] > wam.general.t1 CHATROOM:POST_INFO
1671555426447 inf [network] > wam.general.t1 CHATROOM:POST_INFO
1671555430211 inf [network] < prefs TIME:GET
1671555430269 inf [network] > prefs TIME:GET_OK
1671555432686 inf [network] > wam.general.t1 CHATROOM:POST_INFO
1671555440197 inf [network] > wam.general.t1 CHATROOM:POST_INFO
1671555440199 inf [network] < prefs TIME:GET
1671555440274 inf [network] > prefs TIME:GET_OK
1671555441448 inf [network] > wam.general.t1 CHATROOM:POST_INFO
1671555447289 inf [network] > wam.general.t1 CHATROOM:POST_INFO
1671555450227 inf [network] < prefs TIME:GET
1671555450296 inf [network] > prefs TIME:GET_OK
1671555455005 inf [network] > wam.general.t1 CHATROOM:POST_INFO
1671555460214 inf [network] < prefs TIME:GET
1671555460374 inf [network] > prefs TIME:GET_OK
1671555463347 inf [network] > wam.general.t1 CHATROOM:POST_INFO
1671555467507 inf [network] > wam.general.t1 CHATROOM:POST_INFO
1671555467803 inf [network] > wam.general.t1 CHATROOM:POST_INFO
1671555470236 inf [network] < prefs TIME:GET
1671555470289 inf [network] > prefs TIME:GET_OK
1671555479415 inf [network] > wam.general.t1 CHATROOM:POST_INFO
1671555480241 inf [network] < prefs TIME:GET
1671555480291 inf [network] > prefs TIME:GET_OK
1671555483122 inf [network] > wam.general.t1 CHATROOM:POST_INFO
1671555490227 inf [network] < prefs TIME:GET
1671555490245 inf [network] > wam.general.t1 CHATROOM:POST_INFO
1671555490300 inf [network] > prefs TIME:GET_OK
1671555494492 inf [network] > wam.general.t1 CHATROOM:POST_INFO
1671555495446 inf [network] > wam.general.t1 CHATROOM:POST_INFO
1671555500048 inf [network] > wam.general.t1 CHATROOM:POST_INFO
1671555500251 inf [network] < prefs TIME:GET
1671555500346 inf [network] > prefs TIME:GET_OK
1671555506983 inf [network] > wam.general.t1 CHATROOM:POST_INFO
1671555510253 inf [network] < prefs TIME:GET
1671555510330 inf [network] > prefs TIME:GET_OK
1671555513541 inf [network] > wam.general.t1 CHATROOM:POST_INFO
1671555516727 inf [network] > wam.general.t1 CHATROOM:POST_INFO
1671555516782 inf [network] > wam.general.t1 CHATROOM:POST_INFO
1671555517086 inf [network] > wam.general.t1 CHATROOM:POST_INFO
1671555520256 inf [network] < prefs TIME:GET
1671555520344 inf [network] > prefs TIME:GET_OK
1671555527449 inf [network] > wam.general.t1 CHATROOM:POST_INFO
1671555530268 inf [network] < prefs TIME:GET
1671555530328 inf [network] > prefs TIME:GET_OK
1671555537292 inf [network] > wam.general.t1 CHATROOM:POST_INFO
1671555540270 inf [network] < prefs TIME:GET
1671555540328 inf [network] > prefs TIME:GET_OK
1671555550285 inf [network] < prefs TIME:GET
1671555550332 inf [network] > prefs TIME:GET_OK
1671555557766 inf [network] > wam.general.t1 CHATROOM:POST_INFO
1671555560289 inf [network] < prefs TIME:GET
1671555560343 inf [network] > prefs TIME:GET_OK
1671555570291 inf [network] < prefs TIME:GET
1671555570341 inf [network] > prefs TIME:GET_OK
1671555571289 inf [network] > wam.general.t1 CHATROOM:POST_INFO
1671555578666 inf [network] > wam.general.t1 CHATROOM:POST_INFO
1671555580294 inf [network] < prefs TIME:GET
1671555580344 inf [network] > prefs TIME:GET_OK
1671555582400 inf [network] > wam.general.t1 CHATROOM:POST_INFO
1671555582900 inf [network] > wam.general.t1 CHATROOM:POST_INFO
1671555590296 inf [network] < prefs TIME:GET
1671555590344 inf [network] > prefs TIME:GET_OK
1671555594058 inf [network] > wam.general.t1 CHATROOM:POST_INFO
1671555600310 inf [network] < prefs TIME:GET
1671555600368 inf [network] > prefs TIME:GET_OK
1671555601383 inf [network] > wam.general.t1 CHATROOM:POST_INFO
1671555603019 inf [network] > wam.general.t1 CHATROOM:POST_INFO
1671555610317 inf [network] < prefs TIME:GET
1671555610368 inf [network] > prefs TIME:GET_OK
1671555615141 inf [network] > prefs NOTIFICATION:POST_INFO
1671555620324 inf [network] < prefs TIME:GET
1671555620330 inf [network] > prefs NOTIFICATION:POST_INFO
1671555620363 inf [network] > prefs TIME:GET_OK
1671555621296 inf [network] > wam.general.t1 CHATROOM:POST_INFO
1671555622219 inf [network] > prefs NOTIFICATION:POST_INFO
1671555628175 inf [network] > wam.general.t1 CHATROOM:POST_INFO
1671555630335 inf [network] < prefs TIME:GET
1671555630400 inf [network] > prefs TIME:GET_OK
1671555638570 inf [network] > wam.general.t1 CHATROOM:POST_INFO
1671555640344 inf [network] < prefs TIME:GET
1671555640408 inf [network] > prefs TIME:GET_OK
1671555641167 inf [network] > wam.general.t1 CHATROOM:POST_INFO
1671555648330 inf [network] > wam.general.t1 CHATROOM:POST_INFO
1671555650350 inf [network] < prefs TIME:GET
1671555650404 inf [network] > prefs TIME:GET_OK
1671555654591 inf [system] Screen locked
1671555654592 inf [app] Paused
1671555654594 inf [network] Connection status: 5
1671555654597 inf [tracker] Closed
1671555654651 inf [network] Socket closed
1671555965626 inf [system] Suspended
1671556206935 inf [system] Resumed
1671556213707 inf [system] Screen unlocked
1671556213708 inf [app] Resumed
1671556213719 inf [router] Execute: wam://logout?reason=idle
1671556213737 inf [network] Disconnecting
1671556213738 inf [network] Connection status: 7
1671556213740 inf [network] Connection status: 8
1671556213755 inf [router] Execution done: wam://logout?reason=idle
1671556213762 inf [router] Navigate: wam://popup?type=error&message=You%20have%20been%20disconnected%20due%20to%20inactivity.
1671556213770 inf [router] Navigation done: wam://popup?type=error&message=You%20have%20been%20disconnected%20due%20to%20inactivity.
1671556213776 inf [tracker] Listening on port: 8003
1671556219017 inf [api] < Service core/authentication/token/generate
1671556219018 inf [network] > Http https://wapi.winamax.fr/core/authentication/token/generate post
1671556219213 inf [network] > Http https://wapi.winamax.fr/core/authentication/token/generate ok
1671556219214 inf [api] > Service core/authentication/token/generate
1671556219215 inf [api] < Service poker/public/config/preauth {"client":"poker","application":"desktop","opid":"wam","device":"electron","ver":"1.26.2.1671440127","os":"win32","cid":"b94b276db79aabbcbfbe64cabbfea685"}
1671556219215 inf [network] > Http https://api.winamax.fr/poker/public/config/preauth?client=poker&application=desktop&opid=wam&device=electron&ver=1.26.2.1671440127&os=win32&cid=b94b276db79aabbcbfbe64cabbfea685 get
1671556219537 inf [network] > Http https://api.winamax.fr/poker/public/config/preauth?client=poker&application=desktop&opid=wam&device=electron&ver=1.26.2.1671440127&os=win32&cid=b94b276db79aabbcbfbe64cabbfea685 ok
1671556219539 inf [api] > Service poker/public/config/preauth {"core":{"type":"wss","retry":{"count":3,"timeout":10000,"delay":2000,"random":1000},"hosts":["wapi.winamax.fr:443/poker/front/ws/websocket"],"enable":true,"zombie":{"duration":45000},"socket":{"sleep":10,"buffer":16384},"monitor":{"interrupted":true}},"features":{"vm":false,"playground":{"threshold":1000},"time":{"duration":10}},"serverstatus":{"status":"up","polling":300,"i18n":{"pt_PT":{"title":"","info":"All services are operational."},"es_ES":{"title":"","info":"All services are operational."},"*":{"title":"","info":"All services are operational."},"en_US":{"title":"","info":"All services are operational."},"en_GB":{"title":"","info":"All services are operational."},"fr_FR":{"title":"","info":"Tous les services sont fonctionnels"},"de_DE":{"title":"","info":"Alle Dienste sind verfügbar"}}},"auth":{"version":2,"timeout":6000,"refresh":{"count":3,"delay":2500}}}
1671556219551 inf [network] Registering channel prefs
1671556219552 inf [network] Enqueuing AUTH:SIGNIN
1671556219552 inf [network] Creating socket wss://wapi.winamax.fr:443/poker/front/ws/websocket
1671556219553 inf [network] Connection status: 1
1671556219727 inf [network] Socket opened
1671556219727 inf [network] Connection status: 2
1671556219728 inf [network] Connection status: 3
1671556219728 inf [network] < prefs AUTH:SIGNIN
1671556219945 inf [network] > prefs AUTH:SIGNIN_OK
1671556219946 inf [network] Connection status: 4
1671556219955 inf [network] < prefs TIME:GET
1671556219956 inf [network] < prefs GAMESTATS:JOIN
1671556219956 inf [network] < prefs SRM:JOIN
1671556219974 inf [network] > prefs NOTIFICATION:POST_INFO
1671556220015 inf [network] > prefs TIME:GET_OK
1671556220020 inf [api] < Service poker/client/prefs
1671556220021 inf [network] > Http https://wapi.winamax.fr/poker/client/prefs post
1671556220023 inf [network] > prefs SRM:JOIN_OK
1671556220051 inf [network] > prefs GAMESTATS:JOIN_OK
1671556220225 inf [network] > Http https://wapi.winamax.fr/poker/client/prefs ok
1671556220225 inf [api] > Service poker/client/prefs
1671556220231 inf [router] Execute: wam://preload-ok
1671556220232 inf [router] Navigate: wam://lobbies
1671556220233 inf [network] > Http https://dl.winamax.fr/client/attr/settings/wam/config.1624292306 get
1671556220234 inf [network] > Http https://dl.winamax.fr/client/attr/settings/wam/ressource.1624283658 get
1671556220236 inf [router] Navigation done: wam://lobbies
1671556220236 inf [router] Execution done: wam://preload-ok
1671556220237 inf [network] Registering channel subscriptions
1671556220238 inf [api] < Service operator/userdata
1671556220238 inf [network] > Http https://wapi.winamax.fr/operator/userdata post
1671556220239 inf [api] < Service operator/winamax-tv/public
1671556220239 inf [network] > Http https://wapi.winamax.fr/operator/winamax-tv/public post
1671556220240 inf [network] < prefs NEWS:GET
1671556220241 inf [network] < prefs DATA:GET
1671556220242 inf [network] < prefs BUDDY:GET
1671556220242 inf [network] < prefs BUDDYROOM:JOIN
1671556220247 inf [network] < prefs TIME:GET
1671556220247 inf [network] < prefs CASHIER:GET
1671556220248 inf [network] < prefs CASHIER:LIST
1671556220248 inf [network] < prefs CASHIER:GET
1671556220248 inf [network] < prefs CASHIER:LIST
1671556220249 inf [network] < subscriptions FILTERLIST:CREATE
1671556220250 inf [network] < subscriptions FILTERLIST:CREATE
1671556220250 inf [network] < subscriptions FILTERLIST:CREATE
1671556220283 inf [network] Registering channel wam.general.t1
1671556220284 inf [network] < wam.general.t1 CHATROOM:JOIN
1671556220295 inf [network] > prefs TIME:GET_OK
1671556220300 inf [network] > prefs CASHIER:GET_OK
1671556220302 inf [network] > prefs CASHIER:LIST_OK
1671556220302 inf [network] > prefs CASHIER:GET_OK
1671556220359 inf [network] > prefs CASHIER:LIST_OK
1671556220360 inf [network] > subscriptions FILTERLIST:CREATE_OK
1671556220361 inf [network] > subscriptions FILTERLIST:SET
1671556220361 inf [network] > subscriptions FILTERLIST:CREATE_OK
1671556220362 inf [network] > subscriptions FILTERLIST:SET
1671556220362 inf [network] > subscriptions FILTERLIST:CREATE_OK
1671556220362 inf [network] > subscriptions FILTERLIST:SET
1671556220363 inf [network] > prefs BUDDYROOM:JOIN_OK
1671556220366 inf [network] > prefs NEWS:GET_OK
1671556220366 inf [network] > prefs DATA:GET_ERR
1671556220370 inf [network] > prefs BUDDY:GET_OK
1671556220376 inf [network] < prefs BUDDYROOM:JOIN
1671556220377 inf [network] > wam.general.t1 CHATROOM:JOIN_OK
1671556220420 inf [network] > prefs BUDDYROOM:JOIN_OK
1671556220528 inf [network] > Http https://dl.winamax.fr/client/attr/settings/wam/ressource.1624283658 ok
1671556220581 inf [network] > Http https://dl.winamax.fr/client/attr/settings/wam/config.1624292306 ok
1671556220583 inf [network] > Http https://wapi.winamax.fr/operator/winamax-tv/public ok
1671556220584 inf [api] > Service operator/winamax-tv/public
1671556220633 inf [network] > Http https://wapi.winamax.fr/operator/userdata ok
1671556220634 inf [api] > Service operator/userdata
1671556221370 inf [network] > wam.general.t1 CHATROOM:POST_INFO
1671556222233 inf [api] < Service poker/client/prefs
1671556222234 inf [network] > Http https://wapi.winamax.fr/poker/client/prefs post
1671556222410 inf [network] > Http https://wapi.winamax.fr/poker/client/prefs ok
1671556222411 inf [api] > Service poker/client/prefs
1671556229094 inf [router] Navigate: wam://contacts?tab=buddies
1671556229095 inf [router] Navigation done: wam://contacts?tab=buddies
1671556230250 inf [network] < prefs TIME:GET
1671556230289 inf [network] < prefs FILTERLIST:FIND
1671556230290 inf [network] < prefs FILTERLIST:FIND
1671556230290 inf [network] < prefs FILTERLIST:FIND
1671556230291 inf [network] < prefs FILTERLIST:FIND
1671556230291 inf [network] < prefs FILTERLIST:FIND
1671556230291 inf [network] < prefs FILTERLIST:FIND
1671556230400 inf [network] > prefs TIME:GET_OK
1671556230401 inf [network] > prefs FILTERLIST:FIND_OK
1671556230480 inf [network] > prefs FILTERLIST:FIND_OK
1671556230480 inf [network] > prefs FILTERLIST:FIND_OK
1671556230481 inf [network] > prefs FILTERLIST:FIND_OK
1671556230481 inf [network] > prefs FILTERLIST:FIND_OK
1671556230481 inf [network] > prefs FILTERLIST:FIND_OK
1671556231940 inf [app] Exit
1671556231942 inf [tracker] Closed
1671556231942 inf [app] Auto install update on quit
1671556231943 inf [app] Install: isSilent: true, isForceRunAfter: false
