1671114038037 inf [app] Launch
1671114038161 inf [scene] Bridge initialize
1671114038174 inf [scene] Scene open
1671114038191 inf [scene] Scene create
1671114038222 inf [scene.1] Scene loading
1671114038234 inf [app] Checking for update
1671114038457 inf [app] Update for version 1.25.2 is not available (latest version: 1.25.2, downgrade is disallowed).
1671114039565 inf [scene.1] Browser loaded
1671114039577 inf [scene.1] Bridge loaded
1671114039672 inf [tracker] Listening on port: 8003
1671114042079 inf [api] < Service core/authentication/token/generate
1671114042080 inf [network] > Http https://wapi.winamax.fr/core/authentication/token/generate post
1671114042174 inf [network] > Http https://wapi.winamax.fr/core/authentication/token/generate ok
1671114042176 inf [api] > Service core/authentication/token/generate
1671114042178 inf [api] < Service poker/public/config/preauth {"client":"poker","application":"desktop","opid":"wam","device":"electron","ver":"1.25.2.1670589810","os":"win32","cid":"b94b276db79aabbcbfbe64cabbfea685"}
1671114042180 inf [network] > Http https://api.winamax.fr/poker/public/config/preauth?client=poker&application=desktop&opid=wam&device=electron&ver=1.25.2.1670589810&os=win32&cid=b94b276db79aabbcbfbe64cabbfea685 get
1671114042301 inf [network] > Http https://api.winamax.fr/poker/public/config/preauth?client=poker&application=desktop&opid=wam&device=electron&ver=1.25.2.1670589810&os=win32&cid=b94b276db79aabbcbfbe64cabbfea685 ok
1671114042304 inf [api] > Service poker/public/config/preauth {"core":{"type":"wss","retry":{"count":3,"timeout":10000,"delay":2000,"random":1000},"hosts":["wapi.winamax.fr:443/poker/front/ws/websocket"],"enable":true,"zombie":{"duration":45000},"socket":{"sleep":10,"buffer":16384},"monitor":{"interrupted":true}},"features":{"vm":false,"playground":{"threshold":1000},"time":{"duration":10}},"serverstatus":{"status":"up","polling":300,"i18n":{"de_DE":{"title":"","info":"Alle Dienste sind verfügbar"},"fr_FR":{"title":"","info":"Tous les services sont fonctionnels"},"en_GB":{"title":"","info":"All services are operational."},"*":{"title":"","info":"All services are operational."},"en_US":{"title":"","info":"All services are operational."},"es_ES":{"title":"","info":"All services are operational."},"pt_PT":{"title":"","info":"All services are operational."}}},"auth":{"version":2,"timeout":6000,"refresh":{"count":3,"delay":2500}}}
1671114042309 inf [network] Registering channel prefs
1671114042312 inf [network] Enqueuing AUTH:SIGNIN
1671114042315 inf [network] Creating socket wss://wapi.winamax.fr:443/poker/front/ws/websocket
1671114042318 inf [network] Connection status: 1
1671114042401 inf [network] Socket opened
1671114042401 inf [network] Connection status: 2
1671114042402 inf [network] Connection status: 3
1671114042404 inf [network] < prefs AUTH:SIGNIN
1671114042586 inf [network] > prefs AUTH:SIGNIN_OK
1671114042589 inf [network] Connection status: 4
1671114042597 inf [network] < prefs TIME:GET
1671114042599 inf [network] < prefs GAMESTATS:JOIN
1671114042616 inf [network] > prefs TIME:GET_OK
1671114042635 inf [api] < Service poker/client/prefs
1671114042636 inf [network] > Http https://wapi.winamax.fr/poker/client/prefs post
1671114042662 inf [network] > prefs NOTIFICATION:POST_INFO
1671114042673 inf [network] > prefs GAMESTATS:JOIN_OK
1671114042727 inf [network] > Http https://wapi.winamax.fr/poker/client/prefs ok
1671114042728 inf [api] > Service poker/client/prefs
1671114042754 inf [router] Execute: wam://preload-ok
1671114042756 inf [router] Navigate: wam://lobbies
1671114042759 inf [network] > Http https://dl.winamax.fr/client/attr/settings/wam/config.1624292306 get
1671114042761 inf [network] > Http https://dl.winamax.fr/client/attr/settings/wam/ressource.1624283658 get
1671114042766 inf [router] Navigation done: wam://lobbies
1671114042769 inf [router] Execution done: wam://preload-ok
1671114042770 inf [network] Registering channel subscriptions
1671114042772 inf [api] < Service operator/userdata
1671114042773 inf [network] > Http https://wapi.winamax.fr/operator/userdata post
1671114042778 inf [api] < Service operator/winamax-tv/public
1671114042779 inf [network] > Http https://wapi.winamax.fr/operator/winamax-tv/public post
1671114042783 inf [network] < prefs SRM:JOIN
1671114042784 inf [network] < prefs NEWS:GET
1671114042785 inf [network] < prefs DATA:GET
1671114042787 inf [network] < prefs BUDDY:GET
1671114042788 inf [network] < prefs BUDDYROOM:JOIN
1671114042796 inf [network] < prefs TIME:GET
1671114042799 inf [network] < prefs CASHIER:GET
1671114042801 inf [network] < prefs CASHIER:LIST
1671114042803 inf [network] < prefs CASHIER:GET
1671114042804 inf [network] < prefs CASHIER:LIST
1671114042807 inf [network] < subscriptions FILTERLIST:CREATE
1671114042808 inf [network] < subscriptions FILTERLIST:CREATE
1671114042810 inf [network] < subscriptions FILTERLIST:CREATE
1671114042819 inf [network] > prefs SRM:JOIN_OK
1671114042821 inf [network] > prefs BUDDYROOM:JOIN_OK
1671114042823 inf [network] > prefs TIME:GET_OK
1671114042836 inf [network] > prefs CASHIER:GET_OK
1671114042838 inf [network] > prefs CASHIER:LIST_OK
1671114042839 inf [network] > prefs CASHIER:GET_OK
1671114042862 inf [network] > prefs CASHIER:LIST_OK
1671114042863 inf [network] > subscriptions FILTERLIST:CREATE_OK
1671114042865 inf [network] > subscriptions FILTERLIST:SET
1671114042866 inf [network] > prefs NEWS:GET_OK
1671114042867 inf [network] > subscriptions FILTERLIST:CREATE_OK
1671114042868 inf [network] > subscriptions FILTERLIST:SET
1671114042872 inf [network] > Http https://dl.winamax.fr/client/attr/settings/wam/config.1624292306 ok
1671114042876 inf [network] > Http https://dl.winamax.fr/client/attr/settings/wam/ressource.1624283658 ok
1671114042880 inf [network] > subscriptions FILTERLIST:CREATE_OK
1671114042881 inf [network] > subscriptions FILTERLIST:SET
1671114042882 inf [network] > prefs DATA:GET_ERR
1671114042884 inf [network] > prefs BUDDY:GET_OK
1671114042886 inf [network] < prefs BUDDYROOM:JOIN
1671114042899 inf [network] > Http https://wapi.winamax.fr/operator/winamax-tv/public ok
1671114042900 inf [api] > Service operator/winamax-tv/public
1671114042909 inf [network] > prefs BUDDYROOM:JOIN_OK
1671114042923 inf [network] Registering channel wam.general.t1
1671114042923 inf [network] < wam.general.t1 CHATROOM:JOIN
1671114042959 inf [network] > wam.general.t1 CHATROOM:JOIN_OK
1671114042976 inf [network] > Http https://wapi.winamax.fr/operator/userdata ok
1671114042977 inf [api] > Service operator/userdata
1671114044759 inf [api] < Service poker/client/prefs
1671114044760 inf [network] > Http https://wapi.winamax.fr/poker/client/prefs post
1671114044845 inf [network] > Http https://wapi.winamax.fr/poker/client/prefs ok
1671114044846 inf [api] > Service poker/client/prefs
1671114047838 inf [router] Navigate: wam://lobby-expresso
1671114047841 inf [router] Navigation done: wam://lobby-expresso
1671114052768 inf [network] < prefs TIME:GET
1671114052795 inf [network] > prefs TIME:GET_OK
1671114055016 inf [router] Execute: wam://srm?action=create&template=expresso_nlhe&context=lo&withTicket=&buyin=0.5&money=real&attrsonly[]=exp&attrsonly[]=expnitro
1671114055027 inf [network] < prefs SRM:ADD_RULE
1671114055050 inf [network] > prefs SRM:ADD_RULE_OK
1671114055057 inf [router] Navigate: wam://table?hash=246532037%400&label=Expresso&playgroundId=
1671114055064 inf [scene] Scene open
1671114055066 inf [scene] Scene create
1671114055075 inf [scene.2] Scene loading
1671114055084 inf [router] Navigation done: wam://table?hash=246532037%400&label=Expresso&playgroundId=
1671114055085 inf [router] Execution done: wam://srm?action=create&template=expresso_nlhe&context=lo&withTicket=&buyin=0.5&money=real&attrsonly[]=exp&attrsonly[]=expnitro
1671114055099 inf [network] > prefs NOTIFICATION:POST_INFO
1671114055100 inf [network] > prefs SRM:UPDATE_RULE_INFO
1671114055101 inf [network] > prefs TOURNAMENT:RUN
1671114055115 inf [network] Registering channel tt6.ttmgr.tt6_2.t612132440
1671114055116 inf [network] > prefs NOTIFICATION:POST_INFO
1671114055138 inf [network] < tt6.ttmgr.tt6_2.t612132440 TOURNAMENT:JOIN
1671114055171 inf [network] > tt6.ttmgr.tt6_2.t612132440 TOURNAMENT:JOIN_OK
1671114055175 inf [network] > tt6.ttmgr.tt6_2.t612132440 CHATROOM:JOIN_OK
1671114055177 inf [network] Registering channel tt6.tamgr.tt6_2.t1926659
1671114055178 inf [network] < tt6.ttmgr.tt6_2.t612132440 TOURNAMENT:CONFIGURE
1671114055196 inf [network] < tt6.tamgr.tt6_2.t1926659 TABLE:JOIN
1671114055199 inf [network] > tt6.ttmgr.tt6_2.t612132440 TOURNAMENT:CONFIGURE_OK
1671114055207 inf [network] < tt6.ttmgr.tt6_2.t612132440 TOURNAMENT:CONFIGURE
1671114055218 inf [network] > tt6.tamgr.tt6_2.t1926659 TABLE:JOIN_OK
1671114055228 inf [network] > tt6.tamgr.tt6_2.t1926659 CHATROOM:JOIN_OK
1671114055268 inf [network] > tt6.ttmgr.tt6_2.t612132440 TOURNAMENT:CONFIGURE_OK
1671114055587 inf [scene.2] Browser loaded
1671114055602 inf [scene.2] Bridge loaded
1671114059357 inf [network] > subscriptions FILTERLIST:UPDATE
1671114059369 inf [network] < subscriptions FILTERLIST:CHANGE
1671114059394 inf [network] > subscriptions FILTERLIST:CHANGE_OK
1671114059397 inf [network] > subscriptions FILTERLIST:SET
1671114059409 inf [router] Execute: wam://table-open?rid=246532037&tblrk=tt6.tamgr.tt6_2.t1926659&ttrk=tt6.ttmgr.tt6_2.t612132440&gfsid=
1671114059410 inf [router] Execution done: wam://table-open?rid=246532037&tblrk=tt6.tamgr.tt6_2.t1926659&ttrk=tt6.ttmgr.tt6_2.t612132440&gfsid=
1671114062758 inf [network] < prefs TIME:GET
1671114062778 inf [network] > prefs TIME:GET_OK
1671114064151 inf [network] > tt6.ttmgr.tt6_2.t612132440 TOURNAMENT:STATUS
1671114066170 inf [network] > tt6.tamgr.tt6_2.t1926659 TABLE:STATUS
1671114068657 inf [network] > tt6.tamgr.tt6_2.t1926659 TABLE:POST_INFO
1671114068658 inf [network] > tt6.tamgr.tt6_2.t1926659 TABLE:POST_INFO
1671114068660 inf [network] > tt6.tamgr.tt6_2.t1926659 TABLE:CARDS
1671114068661 inf [network] > tt6.tamgr.tt6_2.t1926659 TABLE:STATUS
1671114068662 inf [table] 1 tt6.tamgr.tt6_2.t1926659 hand 2629088810620682241-1-1671114069
1671114068663 inf [table] 1 tt6.tamgr.tt6_2.t1926659 action SB login="YL_ML_GL_42" amount="10"
1671114068665 inf [table] 1 tt6.tamgr.tt6_2.t1926659 action BB login="fdpbatar" amount="20"
1671114068666 inf [table] 1 tt6.tamgr.tt6_2.t1926659 cards login="YL_ML_GL_42" 6h,9s
1671114068668 inf [network] > tt6.tamgr.tt6_2.t1926659 TABLE:PREACTION_LIST
1671114068669 inf [network] > tt6.tamgr.tt6_2.t1926659 TABLE:STATUS
1671114068670 inf [table] 1 tt6.tamgr.tt6_2.t1926659 round pre-flop pot="0" totalPot="30"
1671114070421 inf [network] > tt6.tamgr.tt6_2.t1926659 TABLE:ACTION_INFO
1671114070423 inf [network] > tt6.tamgr.tt6_2.t1926659 TABLE:ACTIONSET
1671114070424 inf [network] > tt6.tamgr.tt6_2.t1926659 TABLE:STATUS
1671114070425 inf [table] 1 tt6.tamgr.tt6_2.t1926659 action raise login="2Bach" amount="300"
1671114072151 inf [network] < tt6.tamgr.tt6_2.t1926659 TABLE:ACTION
1671114072173 inf [network] > tt6.tamgr.tt6_2.t1926659 TABLE:ACTION_OK
1671114072174 inf [network] > tt6.tamgr.tt6_2.t1926659 TABLE:ACTION_INFO
1671114072178 inf [table] 1 tt6.tamgr.tt6_2.t1926659 action fold login="YL_ML_GL_42" amount="10"
1671114072179 inf [network] > tt6.tamgr.tt6_2.t1926659 TABLE:CHAT_INFO
1671114072181 inf [network] > tt6.tamgr.tt6_2.t1926659 TABLE:STATUS
1671114072773 inf [network] < prefs TIME:GET
1671114072792 inf [network] > prefs TIME:GET_OK
1671114082768 inf [network] < prefs TIME:GET
1671114082788 inf [network] > prefs TIME:GET_OK
1671114092761 inf [network] < prefs TIME:GET
1671114092782 inf [network] > prefs TIME:GET_OK
1671114094910 inf [network] > tt6.tamgr.tt6_2.t1926659 TABLE:CHAT_INFO
1671114094912 inf [network] > tt6.tamgr.tt6_2.t1926659 TABLE:STATUS
1671114097410 inf [network] > tt6.tamgr.tt6_2.t1926659 TABLE:ACTION_INFO
1671114097412 inf [network] > tt6.tamgr.tt6_2.t1926659 TABLE:SHOWDOWN_INFO
1671114097413 inf [network] > tt6.tamgr.tt6_2.t1926659 TABLE:RESULT
1671114097414 inf [network] > tt6.tamgr.tt6_2.t1926659 TRACKER:GET_INFO
1671114097415 inf [table] 1 tt6.tamgr.tt6_2.t1926659 action fold login="fdpbatar" amount="20"
1671114097418 inf [table] 1 tt6.tamgr.tt6_2.t1926659 showdown login="2Bach" mucks
1671114097419 inf [table] 1 tt6.tamgr.tt6_2.t1926659 gain login="2Bach" amount="330"
1671114097863 inf [network] > prefs NOTIFICATION:POST_INFO
1671114097870 inf [network] > prefs NOTIFICATION:POST_INFO
1671114099485 inf [network] > tt6.tamgr.tt6_2.t1926659 TABLE:POST_INFO
1671114099487 inf [network] > tt6.tamgr.tt6_2.t1926659 TABLE:POST_INFO
1671114099487 inf [network] > tt6.tamgr.tt6_2.t1926659 TABLE:CARDS
1671114099488 inf [network] > tt6.tamgr.tt6_2.t1926659 TABLE:STATUS
1671114099490 inf [network] > tt6.tamgr.tt6_2.t1926659 TABLE:ACTIONSET
1671114099491 inf [table] 1 tt6.tamgr.tt6_2.t1926659 hand 2629088810620682241-2-1671114100
1671114099492 inf [table] 1 tt6.tamgr.tt6_2.t1926659 action SB login="fdpbatar" amount="10"
1671114099492 inf [table] 1 tt6.tamgr.tt6_2.t1926659 action BB login="2Bach" amount="20"
1671114099494 inf [table] 1 tt6.tamgr.tt6_2.t1926659 cards login="YL_ML_GL_42" Jh,7c
1671114099495 inf [table] 1 tt6.tamgr.tt6_2.t1926659 round pre-flop pot="0" totalPot="30"
1671114101610 inf [network] < tt6.tamgr.tt6_2.t1926659 TABLE:ACTION
1671114101634 inf [network] > tt6.tamgr.tt6_2.t1926659 TABLE:ACTION_OK
1671114101635 inf [network] > tt6.tamgr.tt6_2.t1926659 TABLE:ACTION_INFO
1671114101637 inf [table] 1 tt6.tamgr.tt6_2.t1926659 action fold login="YL_ML_GL_42"
1671114101639 inf [network] > tt6.tamgr.tt6_2.t1926659 TABLE:CHAT_INFO
1671114101640 inf [network] > tt6.tamgr.tt6_2.t1926659 TABLE:STATUS
1671114102782 inf [network] < prefs TIME:GET
1671114102800 inf [network] > prefs TIME:GET_OK
1671114109649 inf [network] > tt6.tamgr.tt6_2.t1926659 TABLE:ACTION_INFO
1671114109651 inf [table] 1 tt6.tamgr.tt6_2.t1926659 action fold login="fdpbatar" amount="10"
1671114109652 inf [network] > tt6.tamgr.tt6_2.t1926659 TABLE:SHOWDOWN_INFO
1671114109653 inf [network] > tt6.tamgr.tt6_2.t1926659 TABLE:RESULT
1671114109653 inf [network] > tt6.tamgr.tt6_2.t1926659 TRACKER:GET_INFO
1671114109655 inf [table] 1 tt6.tamgr.tt6_2.t1926659 showdown login="2Bach" mucks
1671114109655 inf [table] 1 tt6.tamgr.tt6_2.t1926659 gain login="2Bach" amount="30"
1671114111874 inf [network] > tt6.tamgr.tt6_2.t1926659 TABLE:POST_INFO
1671114111875 inf [network] > tt6.tamgr.tt6_2.t1926659 TABLE:POST_INFO
1671114111876 inf [network] > tt6.tamgr.tt6_2.t1926659 TABLE:CARDS
1671114111877 inf [network] > tt6.tamgr.tt6_2.t1926659 TABLE:STATUS
1671114111877 inf [network] > tt6.tamgr.tt6_2.t1926659 TABLE:PREACTION_LIST
1671114111878 inf [table] 1 tt6.tamgr.tt6_2.t1926659 hand 2629088810620682241-3-1671114112
1671114111879 inf [table] 1 tt6.tamgr.tt6_2.t1926659 action SB login="2Bach" amount="10"
1671114111881 inf [table] 1 tt6.tamgr.tt6_2.t1926659 action BB login="YL_ML_GL_42" amount="20"
1671114111882 inf [table] 1 tt6.tamgr.tt6_2.t1926659 cards login="YL_ML_GL_42" Ah,9h
1671114111883 inf [table] 1 tt6.tamgr.tt6_2.t1926659 round pre-flop pot="0" totalPot="30"
1671114112791 inf [network] < prefs TIME:GET
1671114112811 inf [network] > prefs TIME:GET_OK
1671114117814 inf [network] > tt6.tamgr.tt6_2.t1926659 TABLE:ACTION_INFO
1671114117815 inf [network] > tt6.tamgr.tt6_2.t1926659 TABLE:PREACTION_LIST
1671114117816 inf [table] 1 tt6.tamgr.tt6_2.t1926659 action fold login="fdpbatar"
1671114119395 inf [network] > tt6.tamgr.tt6_2.t1926659 TABLE:ACTION_INFO
1671114119396 inf [network] > tt6.tamgr.tt6_2.t1926659 TABLE:SHOWCARDS_INFO
1671114119397 inf [table] 1 tt6.tamgr.tt6_2.t1926659 action fold login="2Bach" amount="10"
1671114119401 inf [network] < tt6.tamgr.tt6_2.t1926659 TABLE:SHOWCARDS
1671114119424 inf [network] > tt6.tamgr.tt6_2.t1926659 TABLE:SHOWDOWN_INFO
1671114119427 inf [network] > tt6.tamgr.tt6_2.t1926659 TABLE:RESULT
1671114119428 inf [network] > tt6.tamgr.tt6_2.t1926659 TRACKER:GET_INFO
1671114119432 inf [table] 1 tt6.tamgr.tt6_2.t1926659 showdown login="YL_ML_GL_42" mucks
1671114119433 inf [table] 1 tt6.tamgr.tt6_2.t1926659 gain login="YL_ML_GL_42" amount="30"
1671114119436 inf [network] > tt6.tamgr.tt6_2.t1926659 TABLE:SHOWCARDS_OK
1671114121511 inf [network] > tt6.tamgr.tt6_2.t1926659 TABLE:POST_INFO
1671114121513 inf [network] > tt6.tamgr.tt6_2.t1926659 TABLE:POST_INFO
1671114121514 inf [network] > tt6.tamgr.tt6_2.t1926659 TABLE:CARDS
1671114121515 inf [network] > tt6.tamgr.tt6_2.t1926659 TABLE:STATUS
1671114121517 inf [network] > tt6.tamgr.tt6_2.t1926659 TABLE:PREACTION_LIST
1671114121517 inf [table] 1 tt6.tamgr.tt6_2.t1926659 hand 2629088810620682241-4-1671114122
1671114121518 inf [table] 1 tt6.tamgr.tt6_2.t1926659 action SB login="YL_ML_GL_42" amount="10"
1671114121519 inf [table] 1 tt6.tamgr.tt6_2.t1926659 action BB login="fdpbatar" amount="20"
1671114121519 inf [table] 1 tt6.tamgr.tt6_2.t1926659 cards login="YL_ML_GL_42" Tc,3d
1671114121521 inf [table] 1 tt6.tamgr.tt6_2.t1926659 round pre-flop pot="0" totalPot="30"
1671114122802 inf [network] < prefs TIME:GET
1671114122824 inf [network] > prefs TIME:GET_OK
1671114124276 inf [network] > tt6.ttmgr.tt6_2.t612132440 TOURNAMENT:STATUS
1671114126328 inf [network] > tt6.tamgr.tt6_2.t1926659 TABLE:ACTION_INFO
1671114126330 inf [network] > tt6.tamgr.tt6_2.t1926659 TABLE:ACTIONSET
1671114126331 inf [table] 1 tt6.tamgr.tt6_2.t1926659 action raise login="2Bach" amount="60"
1671114128502 inf [network] > tt6.tamgr.tt6_2.t1926659 TABLE:SITIN_INFO
1671114129001 inf [network] < tt6.tamgr.tt6_2.t1926659 TABLE:ACTION
1671114129028 inf [network] > tt6.tamgr.tt6_2.t1926659 TABLE:ACTION_OK
1671114129031 inf [network] > tt6.tamgr.tt6_2.t1926659 TABLE:ACTION_INFO
1671114129037 inf [table] 1 tt6.tamgr.tt6_2.t1926659 action fold login="YL_ML_GL_42" amount="10"
1671114130749 inf [network] > tt6.tamgr.tt6_2.t1926659 TABLE:ACTION_INFO
1671114130751 inf [table] 1 tt6.tamgr.tt6_2.t1926659 action raise login="fdpbatar" amount="150"
1671114132642 inf [network] > tt6.tamgr.tt6_2.t1926659 TABLE:ACTION_INFO
1671114132643 inf [table] 1 tt6.tamgr.tt6_2.t1926659 action raise login="2Bach" amount="330"
1671114132812 inf [network] < prefs TIME:GET
1671114132831 inf [network] > prefs TIME:GET_OK
1671114134556 inf [network] > tt6.tamgr.tt6_2.t1926659 TABLE:ACTION_INFO
1671114134558 inf [network] > tt6.tamgr.tt6_2.t1926659 TABLE:STATUS
1671114134559 inf [table] 1 tt6.tamgr.tt6_2.t1926659 action call login="fdpbatar" amount="270"
1671114136104 inf [network] > tt6.tamgr.tt6_2.t1926659 TABLE:STATUS
1671114136105 inf [table] 1 tt6.tamgr.tt6_2.t1926659 round flop board="2c,9d,4c" pot="610" totalPot="0"
1671114137679 inf [network] > tt6.tamgr.tt6_2.t1926659 TABLE:STATUS
1671114137681 inf [table] 1 tt6.tamgr.tt6_2.t1926659 round turn board="2c,9d,4c,9h" pot="610" totalPot="0"
1671114139215 inf [network] > tt6.tamgr.tt6_2.t1926659 TABLE:STATUS
1671114139216 inf [table] 1 tt6.tamgr.tt6_2.t1926659 round river board="2c,9d,4c,9h,4h" pot="610" totalPot="0"
1671114140616 inf [network] > tt6.tamgr.tt6_2.t1926659 TABLE:RESULT
1671114140618 inf [network] > tt6.tamgr.tt6_2.t1926659 TRACKER:GET_INFO
1671114140619 inf [table] 1 tt6.tamgr.tt6_2.t1926659 showdown login="fdpbatar" cards="8c,6s" board="2c,9d,4c,9h,4h"
1671114140620 inf [table] 1 tt6.tamgr.tt6_2.t1926659 showdown login="2Bach" cards="Qh,7c" board="2c,9d,4c,9h,4h"
1671114140620 inf [table] 1 tt6.tamgr.tt6_2.t1926659 gain login="2Bach" amount="610"
1671114142696 inf [network] > tt6.tamgr.tt6_2.t1926659 TABLE:STATUS
1671114142698 inf [network] > tt6.ttmgr.tt6_2.t612132440 TOURNAMENT:STATUS
1671114142699 inf [network] > tt6.ttmgr.tt6_2.t612132440 TOURNAMENT:STATUS
1671114142700 inf [network] > tt6.tamgr.tt6_2.t1926659 TABLE:CHAT_INFO
1671114142701 inf [network] > tt6.ttmgr.tt6_2.t612132440 TOURNAMENT:STATUS
1671114142830 inf [network] < prefs TIME:GET
1671114142848 inf [network] > prefs TIME:GET_OK
1671114144746 inf [network] > tt6.tamgr.tt6_2.t1926659 TABLE:POST_INFO
1671114144747 inf [network] > tt6.tamgr.tt6_2.t1926659 TABLE:POST_INFO
1671114144748 inf [network] > tt6.tamgr.tt6_2.t1926659 TABLE:CARDS
1671114144749 inf [network] > tt6.tamgr.tt6_2.t1926659 TABLE:STATUS
1671114144749 inf [network] > tt6.tamgr.tt6_2.t1926659 TABLE:PREACTION_LIST
1671114144750 inf [table] 1 tt6.tamgr.tt6_2.t1926659 hand 2629088810620682241-5-1671114145
1671114144751 inf [table] 1 tt6.tamgr.tt6_2.t1926659 action SB login="2Bach" amount="15"
1671114144752 inf [table] 1 tt6.tamgr.tt6_2.t1926659 action BB login="YL_ML_GL_42" amount="30"
1671114144753 inf [table] 1 tt6.tamgr.tt6_2.t1926659 cards login="YL_ML_GL_42" 2d,5c
1671114144754 inf [table] 1 tt6.tamgr.tt6_2.t1926659 round pre-flop pot="0" totalPot="45"
1671114146177 inf [network] > tt6.tamgr.tt6_2.t1926659 TABLE:ACTION_INFO
1671114146178 inf [network] > tt6.tamgr.tt6_2.t1926659 TABLE:SHOWCARDS_INFO
1671114146179 inf [table] 1 tt6.tamgr.tt6_2.t1926659 action fold login="2Bach" amount="15"
1671114146192 inf [network] < tt6.tamgr.tt6_2.t1926659 TABLE:SHOWCARDS
1671114146216 inf [network] > tt6.tamgr.tt6_2.t1926659 TABLE:SHOWDOWN_INFO
1671114146218 inf [network] > tt6.tamgr.tt6_2.t1926659 TABLE:RESULT
1671114146219 inf [network] > tt6.tamgr.tt6_2.t1926659 TRACKER:GET_INFO
1671114146220 inf [network] > tt6.tamgr.tt6_2.t1926659 TABLE:SHOWCARDS_OK
1671114146222 inf [table] 1 tt6.tamgr.tt6_2.t1926659 showdown login="YL_ML_GL_42" mucks
1671114146223 inf [table] 1 tt6.tamgr.tt6_2.t1926659 gain login="YL_ML_GL_42" amount="45"
1671114148329 inf [network] > tt6.tamgr.tt6_2.t1926659 TABLE:POST_INFO
1671114148331 inf [network] > tt6.tamgr.tt6_2.t1926659 TABLE:POST_INFO
1671114148332 inf [network] > tt6.tamgr.tt6_2.t1926659 TABLE:CARDS
1671114148334 inf [network] > tt6.tamgr.tt6_2.t1926659 TABLE:STATUS
1671114148335 inf [network] > tt6.tamgr.tt6_2.t1926659 TABLE:ACTIONSET
1671114148336 inf [table] 1 tt6.tamgr.tt6_2.t1926659 hand 2629088810620682241-6-1671114149
1671114148336 inf [table] 1 tt6.tamgr.tt6_2.t1926659 action SB login="YL_ML_GL_42" amount="15"
1671114148337 inf [table] 1 tt6.tamgr.tt6_2.t1926659 action BB login="2Bach" amount="30"
1671114148338 inf [table] 1 tt6.tamgr.tt6_2.t1926659 cards login="YL_ML_GL_42" 3s,3d
1671114148339 inf [table] 1 tt6.tamgr.tt6_2.t1926659 round pre-flop pot="0" totalPot="45"
1671114150856 inf [network] < tt6.tamgr.tt6_2.t1926659 TABLE:ACTION
1671114150880 inf [network] > tt6.tamgr.tt6_2.t1926659 TABLE:ACTION_OK
1671114150882 inf [network] > tt6.tamgr.tt6_2.t1926659 TABLE:ACTION_INFO
1671114150884 inf [table] 1 tt6.tamgr.tt6_2.t1926659 action raise login="YL_ML_GL_42" amount="305"
1671114152527 inf [network] > tt6.tamgr.tt6_2.t1926659 TABLE:ACTION_INFO
1671114152529 inf [network] > tt6.tamgr.tt6_2.t1926659 TABLE:STATUS
1671114152530 inf [table] 1 tt6.tamgr.tt6_2.t1926659 action call login="2Bach" amount="305"
1671114152812 inf [network] < prefs TIME:GET
1671114152833 inf [network] > prefs TIME:GET_OK
1671114153961 inf [network] > tt6.tamgr.tt6_2.t1926659 TABLE:CARDS
1671114153963 inf [network] > tt6.tamgr.tt6_2.t1926659 TABLE:STATUS
1671114153973 inf [table] 1 tt6.tamgr.tt6_2.t1926659 round flop board="9s,5h,3c" pot="610" totalPot="0"
1671114155444 inf [network] > tt6.tamgr.tt6_2.t1926659 TABLE:CARDS
1671114155446 inf [network] > tt6.tamgr.tt6_2.t1926659 TABLE:STATUS
1671114155448 inf [table] 1 tt6.tamgr.tt6_2.t1926659 round turn board="9s,5h,3c,Ad" pot="610" totalPot="0"
1671114157034 inf [network] > tt6.tamgr.tt6_2.t1926659 TABLE:CARDS
1671114157036 inf [network] > tt6.tamgr.tt6_2.t1926659 TABLE:STATUS
1671114157038 inf [table] 1 tt6.tamgr.tt6_2.t1926659 round river board="9s,5h,3c,Ad,2d" pot="610" totalPot="0"
1671114158467 inf [network] > tt6.tamgr.tt6_2.t1926659 TABLE:RESULT
1671114158468 inf [network] > tt6.tamgr.tt6_2.t1926659 TRACKER:GET_INFO
1671114158470 inf [table] 1 tt6.tamgr.tt6_2.t1926659 showdown login="2Bach" cards="Kc,8s" board="9s,5h,3c,Ad,2d"
1671114158470 inf [table] 1 tt6.tamgr.tt6_2.t1926659 showdown login="YL_ML_GL_42" cards="3s,3d" board="9s,5h,3c,Ad,2d"
1671114158471 inf [table] 1 tt6.tamgr.tt6_2.t1926659 gain login="YL_ML_GL_42" amount="610"
1671114162585 inf [network] > tt6.tamgr.tt6_2.t1926659 TABLE:POST_INFO
1671114162586 inf [network] > tt6.tamgr.tt6_2.t1926659 TABLE:POST_INFO
1671114162587 inf [network] > tt6.tamgr.tt6_2.t1926659 TABLE:CARDS
1671114162588 inf [network] > tt6.tamgr.tt6_2.t1926659 TABLE:STATUS
1671114162589 inf [network] > tt6.tamgr.tt6_2.t1926659 TABLE:PREACTION_LIST
1671114162590 inf [table] 1 tt6.tamgr.tt6_2.t1926659 hand 2629088810620682241-7-1671114163
1671114162591 inf [table] 1 tt6.tamgr.tt6_2.t1926659 action SB login="2Bach" amount="15"
1671114162592 inf [table] 1 tt6.tamgr.tt6_2.t1926659 action BB login="YL_ML_GL_42" amount="30"
1671114162594 inf [table] 1 tt6.tamgr.tt6_2.t1926659 cards login="YL_ML_GL_42" 4d,7d
1671114162595 inf [table] 1 tt6.tamgr.tt6_2.t1926659 round pre-flop pot="0" totalPot="45"
1671114162832 inf [network] < prefs TIME:GET
1671114162913 inf [network] > prefs TIME:GET_OK
1671114163916 inf [network] > tt6.tamgr.tt6_2.t1926659 TABLE:ACTION_INFO
1671114163917 inf [network] > tt6.tamgr.tt6_2.t1926659 TABLE:ACTIONSET
1671114163919 inf [table] 1 tt6.tamgr.tt6_2.t1926659 action raise login="2Bach" amount="290"
1671114166782 inf [network] < tt6.tamgr.tt6_2.t1926659 TABLE:ACTION
1671114167041 inf [network] > tt6.tamgr.tt6_2.t1926659 TABLE:ACTION_OK
1671114167042 inf [network] > tt6.tamgr.tt6_2.t1926659 TABLE:ACTION_INFO
1671114167044 inf [network] > tt6.tamgr.tt6_2.t1926659 TABLE:STATUS
1671114167046 inf [table] 1 tt6.tamgr.tt6_2.t1926659 action call login="YL_ML_GL_42" amount="290"
1671114168514 inf [network] > tt6.tamgr.tt6_2.t1926659 TABLE:CARDS
1671114168515 inf [network] > tt6.tamgr.tt6_2.t1926659 TABLE:STATUS
1671114168517 inf [table] 1 tt6.tamgr.tt6_2.t1926659 round flop board="Jd,4s,2c" pot="580" totalPot="0"
1671114170051 inf [network] > tt6.tamgr.tt6_2.t1926659 TABLE:CARDS
1671114170052 inf [network] > tt6.tamgr.tt6_2.t1926659 TABLE:STATUS
1671114170054 inf [table] 1 tt6.tamgr.tt6_2.t1926659 round turn board="Jd,4s,2c,8d" pot="580" totalPot="0"
1671114171480 inf [network] > tt6.tamgr.tt6_2.t1926659 TABLE:CARDS
1671114171481 inf [network] > tt6.tamgr.tt6_2.t1926659 TABLE:STATUS
1671114171483 inf [table] 1 tt6.tamgr.tt6_2.t1926659 round river board="Jd,4s,2c,8d,5s" pot="580" totalPot="0"
1671114172831 inf [network] < prefs TIME:GET
1671114172851 inf [network] > prefs TIME:GET_OK
1671114172984 inf [network] > tt6.tamgr.tt6_2.t1926659 TABLE:RESULT
1671114172985 inf [network] > tt6.tamgr.tt6_2.t1926659 TRACKER:GET_INFO
1671114172986 inf [table] 1 tt6.tamgr.tt6_2.t1926659 showdown login="YL_ML_GL_42" cards="4d,7d" board="Jd,4s,2c,8d,5s"
1671114172987 inf [table] 1 tt6.tamgr.tt6_2.t1926659 showdown login="2Bach" cards="9c,9h" board="Jd,4s,2c,8d,5s"
1671114172987 inf [table] 1 tt6.tamgr.tt6_2.t1926659 gain login="2Bach" amount="580"
1671114177104 inf [network] > tt6.tamgr.tt6_2.t1926659 TABLE:POST_INFO
1671114177105 inf [network] > tt6.tamgr.tt6_2.t1926659 TABLE:POST_INFO
1671114177106 inf [network] > tt6.tamgr.tt6_2.t1926659 TABLE:CARDS
1671114177106 inf [network] > tt6.tamgr.tt6_2.t1926659 TABLE:STATUS
1671114177107 inf [network] > tt6.tamgr.tt6_2.t1926659 TABLE:ACTIONSET
1671114177108 inf [table] 1 tt6.tamgr.tt6_2.t1926659 hand 2629088810620682241-8-1671114178
1671114177109 inf [table] 1 tt6.tamgr.tt6_2.t1926659 action SB login="YL_ML_GL_42" amount="15"
1671114177110 inf [table] 1 tt6.tamgr.tt6_2.t1926659 action BB login="2Bach" amount="30"
1671114177111 inf [table] 1 tt6.tamgr.tt6_2.t1926659 cards login="YL_ML_GL_42" 9c,Qc
1671114177113 inf [table] 1 tt6.tamgr.tt6_2.t1926659 round pre-flop pot="0" totalPot="45"
1671114179300 inf [network] < tt6.tamgr.tt6_2.t1926659 TABLE:ACTION
1671114179321 inf [network] > tt6.tamgr.tt6_2.t1926659 TABLE:ACTION_OK
1671114179323 inf [network] > tt6.tamgr.tt6_2.t1926659 TABLE:ACTION_INFO
1671114179324 inf [table] 1 tt6.tamgr.tt6_2.t1926659 action raise login="YL_ML_GL_42" amount="320"
1671114180994 inf [network] > tt6.tamgr.tt6_2.t1926659 TABLE:ACTION_INFO
1671114180995 inf [network] > tt6.tamgr.tt6_2.t1926659 TABLE:SHOWCARDS_INFO
1671114180997 inf [table] 1 tt6.tamgr.tt6_2.t1926659 action fold login="2Bach" amount="30"
1671114181001 inf [network] < tt6.tamgr.tt6_2.t1926659 TABLE:SHOWCARDS
1671114181028 inf [network] > tt6.tamgr.tt6_2.t1926659 TABLE:SHOWDOWN_INFO
1671114181029 inf [network] > tt6.tamgr.tt6_2.t1926659 TABLE:RESULT
1671114181030 inf [network] > tt6.tamgr.tt6_2.t1926659 TRACKER:GET_INFO
1671114181030 inf [network] > tt6.tamgr.tt6_2.t1926659 TABLE:SHOWCARDS_OK
1671114181032 inf [table] 1 tt6.tamgr.tt6_2.t1926659 showdown login="YL_ML_GL_42" mucks
1671114181032 inf [table] 1 tt6.tamgr.tt6_2.t1926659 gain login="YL_ML_GL_42" amount="350"
1671114182841 inf [network] < prefs TIME:GET
1671114182862 inf [network] > prefs TIME:GET_OK
1671114183099 inf [network] > tt6.tamgr.tt6_2.t1926659 TABLE:POST_INFO
1671114183100 inf [network] > tt6.tamgr.tt6_2.t1926659 TABLE:POST_INFO
1671114183101 inf [network] > tt6.tamgr.tt6_2.t1926659 TABLE:CARDS
1671114183102 inf [network] > tt6.tamgr.tt6_2.t1926659 TABLE:STATUS
1671114183102 inf [network] > tt6.tamgr.tt6_2.t1926659 TABLE:PREACTION_LIST
1671114183103 inf [table] 1 tt6.tamgr.tt6_2.t1926659 hand 2629088810620682241-9-1671114184
1671114183103 inf [table] 1 tt6.tamgr.tt6_2.t1926659 action SB login="2Bach" amount="15"
1671114183104 inf [table] 1 tt6.tamgr.tt6_2.t1926659 action BB login="YL_ML_GL_42" amount="30"
1671114183105 inf [table] 1 tt6.tamgr.tt6_2.t1926659 cards login="YL_ML_GL_42" 3h,2s
1671114183106 inf [table] 1 tt6.tamgr.tt6_2.t1926659 round pre-flop pot="0" totalPot="45"
1671114184271 inf [network] > tt6.ttmgr.tt6_2.t612132440 TOURNAMENT:STATUS
1671114184475 inf [network] > tt6.tamgr.tt6_2.t1926659 TABLE:ACTION_INFO
1671114184476 inf [network] > tt6.tamgr.tt6_2.t1926659 TABLE:SHOWCARDS_INFO
1671114184477 inf [table] 1 tt6.tamgr.tt6_2.t1926659 action fold login="2Bach" amount="15"
1671114184488 inf [network] < tt6.tamgr.tt6_2.t1926659 TABLE:SHOWCARDS
1671114184511 inf [network] > tt6.tamgr.tt6_2.t1926659 TABLE:SHOWDOWN_INFO
1671114184512 inf [network] > tt6.tamgr.tt6_2.t1926659 TABLE:RESULT
1671114184514 inf [network] > tt6.tamgr.tt6_2.t1926659 TRACKER:GET_INFO
1671114184515 inf [network] > tt6.tamgr.tt6_2.t1926659 TABLE:SHOWCARDS_OK
1671114184517 inf [table] 1 tt6.tamgr.tt6_2.t1926659 showdown login="YL_ML_GL_42" mucks
1671114184517 inf [table] 1 tt6.tamgr.tt6_2.t1926659 gain login="YL_ML_GL_42" amount="45"
1671114186625 inf [network] > tt6.tamgr.tt6_2.t1926659 TABLE:POST_INFO
1671114186627 inf [network] > tt6.tamgr.tt6_2.t1926659 TABLE:POST_INFO
1671114186629 inf [network] > tt6.tamgr.tt6_2.t1926659 TABLE:CARDS
1671114186630 inf [network] > tt6.tamgr.tt6_2.t1926659 TABLE:STATUS
1671114186631 inf [network] > tt6.tamgr.tt6_2.t1926659 TABLE:ACTIONSET
1671114186632 inf [table] 1 tt6.tamgr.tt6_2.t1926659 hand 2629088810620682241-10-1671114187
1671114186633 inf [table] 1 tt6.tamgr.tt6_2.t1926659 action SB login="YL_ML_GL_42" amount="20"
1671114186634 inf [table] 1 tt6.tamgr.tt6_2.t1926659 action BB login="2Bach" amount="40"
1671114186635 inf [table] 1 tt6.tamgr.tt6_2.t1926659 cards login="YL_ML_GL_42" 3h,Qc
1671114186636 inf [table] 1 tt6.tamgr.tt6_2.t1926659 round pre-flop pot="0" totalPot="60"
1671114188753 inf [network] < tt6.tamgr.tt6_2.t1926659 TABLE:ACTION
1671114188777 inf [network] > tt6.tamgr.tt6_2.t1926659 TABLE:ACTION_OK
1671114188779 inf [network] > tt6.tamgr.tt6_2.t1926659 TABLE:ACTION_INFO
1671114188781 inf [table] 1 tt6.tamgr.tt6_2.t1926659 action raise login="YL_ML_GL_42" amount="365"
1671114189903 inf [network] > tt6.tamgr.tt6_2.t1926659 TABLE:ACTION_INFO
1671114189904 inf [network] > tt6.tamgr.tt6_2.t1926659 TABLE:SHOWCARDS_INFO
1671114189905 inf [table] 1 tt6.tamgr.tt6_2.t1926659 action fold login="2Bach" amount="40"
1671114189910 inf [network] < tt6.tamgr.tt6_2.t1926659 TABLE:SHOWCARDS
1671114189935 inf [network] > tt6.tamgr.tt6_2.t1926659 TABLE:SHOWDOWN_INFO
1671114189936 inf [network] > tt6.tamgr.tt6_2.t1926659 TABLE:RESULT
1671114189937 inf [network] > tt6.tamgr.tt6_2.t1926659 TRACKER:GET_INFO
1671114189938 inf [network] > tt6.tamgr.tt6_2.t1926659 TABLE:SHOWCARDS_OK
1671114189940 inf [table] 1 tt6.tamgr.tt6_2.t1926659 showdown login="YL_ML_GL_42" mucks
1671114189941 inf [table] 1 tt6.tamgr.tt6_2.t1926659 gain login="YL_ML_GL_42" amount="405"
1671114192015 inf [network] > tt6.tamgr.tt6_2.t1926659 TABLE:POST_INFO
1671114192017 inf [table] 1 tt6.tamgr.tt6_2.t1926659 hand 2629088810620682241-11-1671114193
1671114192017 inf [table] 1 tt6.tamgr.tt6_2.t1926659 action SB login="2Bach" amount="20"
1671114192019 inf [network] > tt6.tamgr.tt6_2.t1926659 TABLE:POST_INFO
1671114192019 inf [network] > tt6.tamgr.tt6_2.t1926659 TABLE:CARDS
1671114192020 inf [network] > tt6.tamgr.tt6_2.t1926659 TABLE:STATUS
1671114192021 inf [network] > tt6.tamgr.tt6_2.t1926659 TABLE:PREACTION_LIST
1671114192022 inf [table] 1 tt6.tamgr.tt6_2.t1926659 action BB login="YL_ML_GL_42" amount="40"
1671114192023 inf [table] 1 tt6.tamgr.tt6_2.t1926659 cards login="YL_ML_GL_42" 9h,7c
1671114192024 inf [table] 1 tt6.tamgr.tt6_2.t1926659 round pre-flop pot="0" totalPot="60"
1671114192850 inf [network] < prefs TIME:GET
1671114192871 inf [network] > prefs TIME:GET_OK
1671114193206 inf [network] > tt6.tamgr.tt6_2.t1926659 TABLE:ACTION_INFO
1671114193206 inf [network] > tt6.tamgr.tt6_2.t1926659 TABLE:SHOWCARDS_INFO
1671114193207 inf [table] 1 tt6.tamgr.tt6_2.t1926659 action fold login="2Bach" amount="20"
1671114193242 inf [network] < tt6.tamgr.tt6_2.t1926659 TABLE:SHOWCARDS
1671114193267 inf [network] > tt6.tamgr.tt6_2.t1926659 TABLE:SHOWDOWN_INFO
1671114193269 inf [network] > tt6.tamgr.tt6_2.t1926659 TABLE:RESULT
1671114193269 inf [network] > tt6.tamgr.tt6_2.t1926659 TRACKER:GET_INFO
1671114193270 inf [network] > tt6.tamgr.tt6_2.t1926659 TABLE:SHOWCARDS_OK
1671114193271 inf [table] 1 tt6.tamgr.tt6_2.t1926659 showdown login="YL_ML_GL_42" mucks
1671114193272 inf [table] 1 tt6.tamgr.tt6_2.t1926659 gain login="YL_ML_GL_42" amount="60"
1671114195330 inf [network] > tt6.tamgr.tt6_2.t1926659 TABLE:POST_INFO
1671114195331 inf [network] > tt6.tamgr.tt6_2.t1926659 TABLE:POST_INFO
1671114195332 inf [network] > tt6.tamgr.tt6_2.t1926659 TABLE:CARDS
1671114195332 inf [network] > tt6.tamgr.tt6_2.t1926659 TABLE:STATUS
1671114195333 inf [network] > tt6.tamgr.tt6_2.t1926659 TABLE:ACTIONSET
1671114195334 inf [table] 1 tt6.tamgr.tt6_2.t1926659 hand 2629088810620682241-12-1671114196
1671114195335 inf [table] 1 tt6.tamgr.tt6_2.t1926659 action SB login="YL_ML_GL_42" amount="20"
1671114195336 inf [table] 1 tt6.tamgr.tt6_2.t1926659 action BB login="2Bach" amount="40"
1671114195337 inf [table] 1 tt6.tamgr.tt6_2.t1926659 cards login="YL_ML_GL_42" 5h,2d
1671114195338 inf [table] 1 tt6.tamgr.tt6_2.t1926659 round pre-flop pot="0" totalPot="60"
1671114197585 inf [network] < tt6.tamgr.tt6_2.t1926659 TABLE:ACTION
1671114197674 inf [network] > tt6.tamgr.tt6_2.t1926659 TABLE:ACTION_OK
1671114197675 inf [network] > tt6.tamgr.tt6_2.t1926659 TABLE:ACTION_INFO
1671114197678 inf [network] > tt6.tamgr.tt6_2.t1926659 TABLE:SHOWDOWN_INFO
1671114197679 inf [network] > tt6.tamgr.tt6_2.t1926659 TABLE:RESULT
1671114197680 inf [network] > tt6.tamgr.tt6_2.t1926659 TRACKER:GET_INFO
1671114197681 inf [table] 1 tt6.tamgr.tt6_2.t1926659 action fold login="YL_ML_GL_42" amount="20"
1671114197683 inf [table] 1 tt6.tamgr.tt6_2.t1926659 showdown login="2Bach" mucks
1671114197683 inf [table] 1 tt6.tamgr.tt6_2.t1926659 gain login="2Bach" amount="60"
1671114199727 inf [network] > tt6.tamgr.tt6_2.t1926659 TABLE:POST_INFO
1671114199729 inf [network] > tt6.tamgr.tt6_2.t1926659 TABLE:POST_INFO
1671114199730 inf [network] > tt6.tamgr.tt6_2.t1926659 TABLE:CARDS
1671114199730 inf [network] > tt6.tamgr.tt6_2.t1926659 TABLE:STATUS
1671114199732 inf [network] > tt6.tamgr.tt6_2.t1926659 TABLE:PREACTION_LIST
1671114199733 inf [table] 1 tt6.tamgr.tt6_2.t1926659 hand 2629088810620682241-13-1671114200
1671114199733 inf [table] 1 tt6.tamgr.tt6_2.t1926659 action SB login="2Bach" amount="20"
1671114199735 inf [table] 1 tt6.tamgr.tt6_2.t1926659 action BB login="YL_ML_GL_42" amount="40"
1671114199737 inf [table] 1 tt6.tamgr.tt6_2.t1926659 cards login="YL_ML_GL_42" Tc,7s
1671114199738 inf [table] 1 tt6.tamgr.tt6_2.t1926659 round pre-flop pot="0" totalPot="60"
1671114200977 inf [network] > tt6.tamgr.tt6_2.t1926659 TABLE:ACTION_INFO
1671114200978 inf [network] > tt6.tamgr.tt6_2.t1926659 TABLE:ACTIONSET
1671114200979 inf [table] 1 tt6.tamgr.tt6_2.t1926659 action raise login="2Bach" amount="495"
1671114202344 inf [network] < tt6.tamgr.tt6_2.t1926659 TABLE:ACTION
1671114202372 inf [network] > tt6.tamgr.tt6_2.t1926659 TABLE:ACTION_OK
1671114202374 inf [network] > tt6.tamgr.tt6_2.t1926659 TABLE:ACTION_INFO
1671114202375 inf [network] > tt6.tamgr.tt6_2.t1926659 TABLE:STATUS
1671114202377 inf [table] 1 tt6.tamgr.tt6_2.t1926659 action call login="YL_ML_GL_42" amount="405"
1671114202852 inf [network] < prefs TIME:GET
1671114202877 inf [network] > prefs TIME:GET_OK
1671114203948 inf [network] > tt6.tamgr.tt6_2.t1926659 TABLE:CARDS
1671114203950 inf [network] > tt6.tamgr.tt6_2.t1926659 TABLE:STATUS
1671114203952 inf [table] 1 tt6.tamgr.tt6_2.t1926659 round flop board="Ac,2h,4c" pot="900" totalPot="0"
1671114205468 inf [network] > tt6.tamgr.tt6_2.t1926659 TABLE:CARDS
1671114205469 inf [network] > tt6.tamgr.tt6_2.t1926659 TABLE:STATUS
1671114205472 inf [table] 1 tt6.tamgr.tt6_2.t1926659 round turn board="Ac,2h,4c,9d" pot="900" totalPot="0"
1671114207004 inf [network] > tt6.tamgr.tt6_2.t1926659 TABLE:CARDS
1671114207005 inf [network] > tt6.tamgr.tt6_2.t1926659 TABLE:STATUS
1671114207007 inf [table] 1 tt6.tamgr.tt6_2.t1926659 round river board="Ac,2h,4c,9d,6h" pot="900" totalPot="0"
1671114208540 inf [network] > tt6.tamgr.tt6_2.t1926659 TABLE:RESULT
1671114208541 inf [network] > tt6.tamgr.tt6_2.t1926659 TRACKER:GET_INFO
1671114208543 inf [table] 1 tt6.tamgr.tt6_2.t1926659 showdown login="YL_ML_GL_42" cards="Tc,7s" board="Ac,2h,4c,9d,6h"
1671114208544 inf [table] 1 tt6.tamgr.tt6_2.t1926659 showdown login="2Bach" cards="4h,Qh" board="Ac,2h,4c,9d,6h"
1671114208545 inf [table] 1 tt6.tamgr.tt6_2.t1926659 gain login="2Bach" amount="900"
1671114210486 inf [network] > tt6.tamgr.tt6_2.t1926659 TABLE:STATUS
1671114210489 inf [network] > tt6.tamgr.tt6_2.t1926659 TABLE:STATUS
1671114210490 inf [network] > tt6.ttmgr.tt6_2.t612132440 TOURNAMENT:STATUS
1671114210491 inf [network] > tt6.ttmgr.tt6_2.t612132440 TOURNAMENT:STATUS
1671114210494 inf [network] Leaving channel tt6.tamgr.tt6_2.t1926659
1671114210496 inf [network] > tt6.tamgr.tt6_2.t1926659 TABLE:CLOSE_INFO
1671114210498 inf [network] > tt6.ttmgr.tt6_2.t612132440 TOURNAMENT:STATUS
1671114210499 inf [network] > tt6.ttmgr.tt6_2.t612132440 TOURNAMENT:STATUS
1671114210500 inf [network] > tt6.ttmgr.tt6_2.t612132440 TRACKER:GET_INFO
1671114210500 inf [network] > tt6.tamgr.tt6_2.t1926659 TABLE:CHAT_INFO
1671114210502 inf [network] > tt6.ttmgr.tt6_2.t612132440 TOURNAMENT:RESULT
1671114210503 inf [network] > tt6.ttmgr.tt6_2.t612132440 TOURNAMENT:STATUS
1671114210511 inf [network] > tt6.tamgr.tt6_2.t1926659 TABLE:CHAT_INFO
1671114210513 inf [network] > prefs SRM:UPDATE_RULE_INFO
1671114210514 inf [network] > tt6.ttmgr.tt6_2.t612132440 TOURNAMENT:STATUS
1671114210516 inf [router] Navigate: wam://popup?type=tournament-result&ttid=1
1671114210517 inf [router] Navigation done: wam://popup?type=tournament-result&ttid=1
1671114210557 inf [network] > prefs NOTIFICATION:POST_INFO
1671114210560 inf [network] > prefs GAMESTATS:INFO
1671114212790 inf [router] Execute: wam://table-close?tblid=1
1671114212794 inf [router] Execution done: wam://table-close?tblid=1
1671114212852 inf [network] < prefs TIME:GET
1671114212873 inf [network] > prefs TIME:GET_OK
1671114214571 inf [network] > subscriptions FILTERLIST:UPDATE
1671114214587 inf [network] < tt6.ttmgr.tt6_2.t612132440 TOURNAMENT:LEAVE
1671114214588 inf [network] Leaving channel tt6.ttmgr.tt6_2.t612132440
1671114217567 inf [router] Execute: wam://srm?action=create&template=expresso_nlhe&context=lo&withTicket=&buyin=1&money=real&attrsonly[]=exp&attrsonly[]=expstd
1671114217570 inf [network] < prefs SRM:ADD_RULE
1671114217595 inf [network] > prefs SRM:ADD_RULE_OK
1671114217605 inf [router] Navigate: wam://table?hash=246534508%400&label=Expresso&playgroundId=
1671114217614 inf [router] Navigation done: wam://table?hash=246534508%400&label=Expresso&playgroundId=
1671114217615 inf [router] Execution done: wam://srm?action=create&template=expresso_nlhe&context=lo&withTicket=&buyin=1&money=real&attrsonly[]=exp&attrsonly[]=expstd
1671114217617 inf [network] > prefs NOTIFICATION:POST_INFO
1671114217618 inf [network] > prefs SRM:UPDATE_RULE_INFO
1671114217619 inf [network] > prefs TOURNAMENT:RUN
1671114217623 inf [network] Registering channel tt2.ttmgr.tt2_3.t612133146
1671114217641 inf [network] < tt2.ttmgr.tt2_3.t612133146 TOURNAMENT:JOIN
1671114217643 inf [network] > prefs NOTIFICATION:POST_INFO
1671114217666 inf [network] > tt2.ttmgr.tt2_3.t612133146 TOURNAMENT:JOIN_OK
1671114217668 inf [network] Registering channel tt2.tamgr.tt2_3.t1958489
1671114217669 inf [network] < tt2.ttmgr.tt2_3.t612133146 TOURNAMENT:CONFIGURE
1671114217670 inf [network] > tt2.ttmgr.tt2_3.t612133146 CHATROOM:JOIN_OK
1671114217671 inf [network] < tt2.tamgr.tt2_3.t1958489 TABLE:JOIN
1671114217694 inf [network] > tt2.ttmgr.tt2_3.t612133146 TOURNAMENT:CONFIGURE_OK
1671114217696 inf [network] > tt2.tamgr.tt2_3.t1958489 TABLE:JOIN_OK
1671114217699 inf [network] > tt2.tamgr.tt2_3.t1958489 CHATROOM:JOIN_OK
1671114217701 inf [network] < tt2.ttmgr.tt2_3.t612133146 TOURNAMENT:CONFIGURE
1671114217723 inf [network] > tt2.ttmgr.tt2_3.t612133146 TOURNAMENT:CONFIGURE_OK
1671114219600 inf [network] > subscriptions FILTERLIST:SET
1671114219609 inf [router] Execute: wam://table-open?rid=246534508&tblrk=tt2.tamgr.tt2_3.t1958489&ttrk=tt2.ttmgr.tt2_3.t612133146&gfsid=
1671114219612 inf [router] Execution done: wam://table-open?rid=246534508&tblrk=tt2.tamgr.tt2_3.t1958489&ttrk=tt2.ttmgr.tt2_3.t612133146&gfsid=
1671114222860 inf [network] < prefs TIME:GET
1671114222882 inf [network] > prefs TIME:GET_OK
1671114226768 inf [network] > tt2.ttmgr.tt2_3.t612133146 TOURNAMENT:STATUS
1671114229037 inf [network] > tt2.tamgr.tt2_3.t1958489 TABLE:STATUS
1671114231222 inf [network] > tt2.tamgr.tt2_3.t1958489 TABLE:POST_INFO
1671114231223 inf [network] > tt2.tamgr.tt2_3.t1958489 TABLE:POST_INFO
1671114231224 inf [network] > tt2.tamgr.tt2_3.t1958489 TABLE:CARDS
1671114231225 inf [network] > tt2.tamgr.tt2_3.t1958489 TABLE:STATUS
1671114231226 inf [network] > tt2.tamgr.tt2_3.t1958489 TABLE:PREACTION_LIST
1671114231227 inf [table] 2 tt2.tamgr.tt2_3.t1958489 hand 2629091842867593217-1-1671114232
1671114231227 inf [table] 2 tt2.tamgr.tt2_3.t1958489 action SB login="delphinou44" amount="10"
1671114231228 inf [table] 2 tt2.tamgr.tt2_3.t1958489 action BB login="YL_ML_GL_42" amount="20"
1671114231229 inf [table] 2 tt2.tamgr.tt2_3.t1958489 cards login="YL_ML_GL_42" 5h,2h
1671114231230 inf [table] 2 tt2.tamgr.tt2_3.t1958489 round pre-flop pot="0" totalPot="30"
1671114232873 inf [network] < prefs TIME:GET
1671114232893 inf [network] > prefs TIME:GET_OK
1671114234755 inf [network] > tt2.tamgr.tt2_3.t1958489 TABLE:ACTION_INFO
1671114234756 inf [network] > tt2.tamgr.tt2_3.t1958489 TABLE:PREACTION_LIST
1671114234757 inf [table] 2 tt2.tamgr.tt2_3.t1958489 action call login="Alexp91450" amount="20"
1671114236802 inf [network] > tt2.tamgr.tt2_3.t1958489 TABLE:ACTION_INFO
1671114236804 inf [network] > tt2.tamgr.tt2_3.t1958489 TABLE:ACTIONSET
1671114236805 inf [table] 2 tt2.tamgr.tt2_3.t1958489 action call login="delphinou44" amount="20"
1671114238372 inf [network] < tt2.tamgr.tt2_3.t1958489 TABLE:ACTION
1671114238396 inf [network] > tt2.tamgr.tt2_3.t1958489 TABLE:ACTION_OK
1671114238397 inf [network] > tt2.tamgr.tt2_3.t1958489 TABLE:ACTION_INFO
1671114238398 inf [network] > tt2.tamgr.tt2_3.t1958489 TABLE:CARDS
1671114238398 inf [network] > tt2.tamgr.tt2_3.t1958489 TABLE:STATUS
1671114238399 inf [network] > tt2.tamgr.tt2_3.t1958489 TABLE:PREACTION_LIST
1671114238400 inf [table] 2 tt2.tamgr.tt2_3.t1958489 action check login="YL_ML_GL_42" amount="20"
1671114238402 inf [table] 2 tt2.tamgr.tt2_3.t1958489 round flop board="Td,8h,Tc" pot="60" totalPot="0"
1671114241410 inf [network] > tt2.tamgr.tt2_3.t1958489 TABLE:ACTION_INFO
1671114241411 inf [network] > tt2.tamgr.tt2_3.t1958489 TABLE:ACTIONSET
1671114241411 inf [table] 2 tt2.tamgr.tt2_3.t1958489 action check login="delphinou44"
1671114242057 inf [network] < tt2.tamgr.tt2_3.t1958489 TABLE:ACTION
1671114242081 inf [network] > tt2.tamgr.tt2_3.t1958489 TABLE:ACTION_OK
1671114242083 inf [network] > tt2.tamgr.tt2_3.t1958489 TABLE:ACTION_INFO
1671114242088 inf [table] 2 tt2.tamgr.tt2_3.t1958489 action check login="YL_ML_GL_42"
1671114242900 inf [network] < prefs TIME:GET
1671114242918 inf [network] > prefs TIME:GET_OK
1671114243215 inf [network] > tt2.tamgr.tt2_3.t1958489 TABLE:ACTION_INFO
1671114243216 inf [network] > tt2.tamgr.tt2_3.t1958489 TABLE:CARDS
1671114243217 inf [network] > tt2.tamgr.tt2_3.t1958489 TABLE:STATUS
1671114243218 inf [network] > tt2.tamgr.tt2_3.t1958489 TABLE:PREACTION_LIST
1671114243218 inf [table] 2 tt2.tamgr.tt2_3.t1958489 action check login="Alexp91450"
1671114243220 inf [table] 2 tt2.tamgr.tt2_3.t1958489 round turn board="Td,8h,Tc,3h" pot="60" totalPot="0"
1671114244687 inf [network] > tt2.tamgr.tt2_3.t1958489 TABLE:ACTION_INFO
1671114244689 inf [network] > tt2.tamgr.tt2_3.t1958489 TABLE:ACTIONSET
1671114244690 inf [table] 2 tt2.tamgr.tt2_3.t1958489 action check login="delphinou44"
1671114245413 inf [network] < tt2.tamgr.tt2_3.t1958489 TABLE:ACTION
1671114245437 inf [network] > tt2.tamgr.tt2_3.t1958489 TABLE:ACTION_OK
1671114245438 inf [network] > tt2.tamgr.tt2_3.t1958489 TABLE:ACTION_INFO
1671114245439 inf [table] 2 tt2.tamgr.tt2_3.t1958489 action check login="YL_ML_GL_42"
1671114246754 inf [network] > tt2.tamgr.tt2_3.t1958489 TABLE:ACTION_INFO
1671114246756 inf [network] > tt2.tamgr.tt2_3.t1958489 TABLE:CARDS
1671114246757 inf [network] > tt2.tamgr.tt2_3.t1958489 TABLE:STATUS
1671114246758 inf [network] > tt2.tamgr.tt2_3.t1958489 TABLE:PREACTION_LIST
1671114246759 inf [table] 2 tt2.tamgr.tt2_3.t1958489 action check login="Alexp91450"
1671114246762 inf [table] 2 tt2.tamgr.tt2_3.t1958489 round river board="Td,8h,Tc,3h,3s" pot="60" totalPot="0"
1671114249193 inf [network] > tt2.tamgr.tt2_3.t1958489 TABLE:ACTION_INFO
1671114249194 inf [network] > tt2.tamgr.tt2_3.t1958489 TABLE:ACTIONSET
1671114249195 inf [table] 2 tt2.tamgr.tt2_3.t1958489 action check login="delphinou44"
1671114249892 inf [network] < tt2.tamgr.tt2_3.t1958489 TABLE:ACTION
1671114249914 inf [network] > tt2.tamgr.tt2_3.t1958489 TABLE:ACTION_OK
1671114249915 inf [network] > tt2.tamgr.tt2_3.t1958489 TABLE:ACTION_INFO
1671114249916 inf [table] 2 tt2.tamgr.tt2_3.t1958489 action check login="YL_ML_GL_42"
1671114251296 inf [network] > tt2.tamgr.tt2_3.t1958489 TABLE:ACTION_INFO
1671114251297 inf [network] > tt2.tamgr.tt2_3.t1958489 TABLE:SHOWDOWN_INFO
1671114251298 inf [network] > tt2.tamgr.tt2_3.t1958489 TABLE:SHOWCARDS_INFO
1671114251298 inf [table] 2 tt2.tamgr.tt2_3.t1958489 action check login="Alexp91450"
1671114252907 inf [network] < prefs TIME:GET
1671114252926 inf [network] > prefs TIME:GET_OK
1671114254415 inf [network] > tt2.tamgr.tt2_3.t1958489 TABLE:SHOWDOWN_INFO
1671114254416 inf [network] > tt2.tamgr.tt2_3.t1958489 TABLE:SHOWDOWN_INFO
1671114254418 inf [network] > tt2.tamgr.tt2_3.t1958489 TABLE:RESULT
1671114254418 inf [network] > tt2.tamgr.tt2_3.t1958489 TRACKER:GET_INFO
1671114254419 inf [network] > tt2.tamgr.tt2_3.t1958489 TABLE:SHOWCARDS_OK
1671114254421 inf [table] 2 tt2.tamgr.tt2_3.t1958489 showdown login="delphinou44" cards="9c,2c" board="Td,8h,Tc,3h,3s"
1671114254422 inf [table] 2 tt2.tamgr.tt2_3.t1958489 showdown login="YL_ML_GL_42" cards="5h,2h" board="Td,8h,Tc,3h,3s"
1671114254422 inf [table] 2 tt2.tamgr.tt2_3.t1958489 showdown login="Alexp91450" cards="6d,Jh" board="Td,8h,Tc,3h,3s"
1671114254423 inf [table] 2 tt2.tamgr.tt2_3.t1958489 gain login="Alexp91450" amount="60"
1671114258387 inf [network] > tt2.tamgr.tt2_3.t1958489 TABLE:POST_INFO
1671114258388 inf [network] > tt2.tamgr.tt2_3.t1958489 TABLE:POST_INFO
1671114258389 inf [network] > tt2.tamgr.tt2_3.t1958489 TABLE:CARDS
1671114258390 inf [network] > tt2.tamgr.tt2_3.t1958489 TABLE:STATUS
1671114258390 inf [network] > tt2.tamgr.tt2_3.t1958489 TABLE:PREACTION_LIST
1671114258392 inf [table] 2 tt2.tamgr.tt2_3.t1958489 hand 2629091842867593217-2-1671114259
1671114258393 inf [table] 2 tt2.tamgr.tt2_3.t1958489 action SB login="YL_ML_GL_42" amount="10"
1671114258394 inf [table] 2 tt2.tamgr.tt2_3.t1958489 action BB login="Alexp91450" amount="20"
1671114258395 inf [table] 2 tt2.tamgr.tt2_3.t1958489 cards login="YL_ML_GL_42" 5h,7c
1671114258396 inf [table] 2 tt2.tamgr.tt2_3.t1958489 round pre-flop pot="0" totalPot="30"
1671114260207 inf [network] < tt2.tamgr.tt2_3.t1958489 TABLE:PREACTION
1671114260294 inf [network] > tt2.tamgr.tt2_3.t1958489 TABLE:PREACTION_OK
1671114260865 inf [network] > tt2.tamgr.tt2_3.t1958489 TABLE:ACTION_INFO
1671114260866 inf [network] > tt2.tamgr.tt2_3.t1958489 TABLE:ACTION_OK
1671114260866 inf [network] > tt2.tamgr.tt2_3.t1958489 TABLE:ACTION_INFO
1671114260867 inf [table] 2 tt2.tamgr.tt2_3.t1958489 action call login="delphinou44" amount="20"
1671114260869 inf [table] 2 tt2.tamgr.tt2_3.t1958489 action fold login="YL_ML_GL_42" amount="10"
1671114262909 inf [network] < prefs TIME:GET
1671114263147 inf [network] > prefs TIME:GET_OK
1671114263597 inf [network] > tt2.tamgr.tt2_3.t1958489 TABLE:ACTION_INFO
1671114263598 inf [table] 2 tt2.tamgr.tt2_3.t1958489 action check login="Alexp91450" amount="20"
1671114263644 inf [network] > tt2.tamgr.tt2_3.t1958489 TABLE:STATUS
1671114263646 inf [table] 2 tt2.tamgr.tt2_3.t1958489 round flop board="Jd,2s,Qh" pot="50" totalPot="0"
1671114266294 inf [network] > tt2.tamgr.tt2_3.t1958489 TABLE:ACTION_INFO
1671114266295 inf [table] 2 tt2.tamgr.tt2_3.t1958489 action bet login="Alexp91450" amount="20"
1671114272912 inf [network] < prefs TIME:GET
1671114272917 inf [network] > tt2.tamgr.tt2_3.t1958489 TABLE:ACTION_INFO
1671114272917 inf [network] > tt2.tamgr.tt2_3.t1958489 TABLE:STATUS
1671114272918 inf [table] 2 tt2.tamgr.tt2_3.t1958489 action call login="delphinou44" amount="20"
1671114272930 inf [table] 2 tt2.tamgr.tt2_3.t1958489 round turn board="Jd,2s,Qh,Th" pot="90" totalPot="0"
1671114272933 inf [network] > prefs TIME:GET_OK
1671114274793 inf [network] > tt2.tamgr.tt2_3.t1958489 TABLE:ACTION_INFO
1671114274796 inf [table] 2 tt2.tamgr.tt2_3.t1958489 action bet login="Alexp91450" amount="20"
1671114275818 inf [network] > tt2.tamgr.tt2_3.t1958489 TABLE:ACTION_INFO
1671114275819 inf [network] > tt2.tamgr.tt2_3.t1958489 TABLE:STATUS
1671114275820 inf [table] 2 tt2.tamgr.tt2_3.t1958489 action call login="delphinou44" amount="20"
1671114275821 inf [table] 2 tt2.tamgr.tt2_3.t1958489 round river board="Jd,2s,Qh,Th,Kd" pot="130" totalPot="0"
1671114278404 inf [network] > tt2.tamgr.tt2_3.t1958489 TABLE:ACTION_INFO
1671114278405 inf [table] 2 tt2.tamgr.tt2_3.t1958489 action check login="Alexp91450"
1671114279866 inf [network] > tt2.tamgr.tt2_3.t1958489 TABLE:ACTION_INFO
1671114279867 inf [network] > tt2.tamgr.tt2_3.t1958489 TABLE:SHOWDOWN_INFO
1671114279868 inf [table] 2 tt2.tamgr.tt2_3.t1958489 action check login="delphinou44"
1671114282910 inf [network] < prefs TIME:GET
1671114282911 inf [network] > tt2.tamgr.tt2_3.t1958489 TABLE:SHOWDOWN_INFO
1671114282912 inf [network] > tt2.tamgr.tt2_3.t1958489 TABLE:RESULT
1671114282913 inf [network] > tt2.tamgr.tt2_3.t1958489 TRACKER:GET_INFO
1671114282914 inf [table] 2 tt2.tamgr.tt2_3.t1958489 showdown login="Alexp91450" cards="As,2c" board="Jd,2s,Qh,Th,Kd"
1671114282915 inf [table] 2 tt2.tamgr.tt2_3.t1958489 showdown login="delphinou44" cards="Qc,Jh" board="Jd,2s,Qh,Th,Kd"
1671114282915 inf [table] 2 tt2.tamgr.tt2_3.t1958489 gain login="Alexp91450" amount="130"
1671114282928 inf [network] > prefs TIME:GET_OK
1671114287143 inf [network] > tt2.tamgr.tt2_3.t1958489 TABLE:POST_INFO
1671114287144 inf [network] > tt2.tamgr.tt2_3.t1958489 TABLE:POST_INFO
1671114287145 inf [network] > tt2.tamgr.tt2_3.t1958489 TABLE:CARDS
1671114287145 inf [network] > tt2.tamgr.tt2_3.t1958489 TABLE:STATUS
1671114287146 inf [network] > tt2.tamgr.tt2_3.t1958489 TABLE:ACTIONSET
1671114287148 inf [table] 2 tt2.tamgr.tt2_3.t1958489 hand 2629091842867593217-3-1671114288
1671114287148 inf [table] 2 tt2.tamgr.tt2_3.t1958489 action SB login="Alexp91450" amount="10"
1671114287149 inf [table] 2 tt2.tamgr.tt2_3.t1958489 action BB login="delphinou44" amount="20"
1671114287150 inf [table] 2 tt2.tamgr.tt2_3.t1958489 cards login="YL_ML_GL_42" 8s,Ts
1671114287151 inf [table] 2 tt2.tamgr.tt2_3.t1958489 round pre-flop pot="0" totalPot="30"
1671114290059 inf [network] < tt2.tamgr.tt2_3.t1958489 TABLE:ACTION
1671114290093 inf [network] > tt2.tamgr.tt2_3.t1958489 TABLE:ACTION_OK
1671114290094 inf [network] > tt2.tamgr.tt2_3.t1958489 TABLE:ACTION_INFO
1671114290096 inf [table] 2 tt2.tamgr.tt2_3.t1958489 action raise login="YL_ML_GL_42" amount="70"
1671114292313 inf [network] > tt2.tamgr.tt2_3.t1958489 TABLE:ACTION_INFO
1671114292314 inf [table] 2 tt2.tamgr.tt2_3.t1958489 action call login="Alexp91450" amount="70"
1671114292848 inf [network] > tt2.tamgr.tt2_3.t1958489 TABLE:ACTION_INFO
1671114292848 inf [network] > tt2.tamgr.tt2_3.t1958489 TABLE:CARDS
1671114292849 inf [network] > tt2.tamgr.tt2_3.t1958489 TABLE:STATUS
1671114292850 inf [network] > tt2.tamgr.tt2_3.t1958489 TABLE:PREACTION_LIST
1671114292851 inf [table] 2 tt2.tamgr.tt2_3.t1958489 action fold login="delphinou44" amount="20"
1671114292852 inf [table] 2 tt2.tamgr.tt2_3.t1958489 round flop board="3h,3d,7d" pot="160" totalPot="0"
1671114292917 inf [network] < prefs TIME:GET
1671114292939 inf [network] > prefs TIME:GET_OK
1671114297503 inf [network] > tt2.tamgr.tt2_3.t1958489 TABLE:ACTION_INFO
1671114297504 inf [network] > tt2.tamgr.tt2_3.t1958489 TABLE:ACTIONSET
1671114297506 inf [table] 2 tt2.tamgr.tt2_3.t1958489 action check login="Alexp91450"
1671114299733 inf [network] < tt2.tamgr.tt2_3.t1958489 TABLE:ACTION
1671114299882 inf [network] > tt2.tamgr.tt2_3.t1958489 TABLE:ACTION_OK
1671114299884 inf [network] > tt2.tamgr.tt2_3.t1958489 TABLE:ACTION_INFO
1671114299886 inf [table] 2 tt2.tamgr.tt2_3.t1958489 action bet login="YL_ML_GL_42" amount="160"
1671114302928 inf [network] < prefs TIME:GET
1671114302948 inf [network] > prefs TIME:GET_OK
1671114304183 inf [network] > tt2.tamgr.tt2_3.t1958489 TABLE:ACTION_INFO
1671114304184 inf [network] > tt2.tamgr.tt2_3.t1958489 TABLE:CARDS
1671114304185 inf [network] > tt2.tamgr.tt2_3.t1958489 TABLE:STATUS
1671114304186 inf [network] > tt2.tamgr.tt2_3.t1958489 TABLE:PREACTION_LIST
1671114304186 inf [table] 2 tt2.tamgr.tt2_3.t1958489 action call login="Alexp91450" amount="160"
1671114304188 inf [table] 2 tt2.tamgr.tt2_3.t1958489 round turn board="3h,3d,7d,6c" pot="480" totalPot="0"
1671114308789 inf [network] > tt2.tamgr.tt2_3.t1958489 TABLE:ACTION_INFO
1671114308791 inf [network] > tt2.tamgr.tt2_3.t1958489 TABLE:ACTIONSET
1671114308792 inf [table] 2 tt2.tamgr.tt2_3.t1958489 action check login="Alexp91450"
1671114310665 inf [network] < tt2.tamgr.tt2_3.t1958489 TABLE:ACTION
1671114310688 inf [network] > tt2.tamgr.tt2_3.t1958489 TABLE:ACTION_OK
1671114310690 inf [network] > tt2.tamgr.tt2_3.t1958489 TABLE:ACTION_INFO
1671114310692 inf [table] 2 tt2.tamgr.tt2_3.t1958489 action bet login="YL_ML_GL_42" amount="240"
1671114312613 inf [network] > tt2.tamgr.tt2_3.t1958489 TABLE:ACTION_INFO
1671114312614 inf [network] > tt2.tamgr.tt2_3.t1958489 TABLE:STATUS
1671114312615 inf [table] 2 tt2.tamgr.tt2_3.t1958489 action raise login="Alexp91450" amount="380"
1671114312930 inf [network] < prefs TIME:GET
1671114312950 inf [network] > prefs TIME:GET_OK
1671114314217 inf [network] > tt2.tamgr.tt2_3.t1958489 TABLE:CARDS
1671114314218 inf [network] > tt2.tamgr.tt2_3.t1958489 TABLE:STATUS
1671114314221 inf [table] 2 tt2.tamgr.tt2_3.t1958489 round river board="3h,3d,7d,6c,3c" pot="1100" totalPot="0"
1671114315753 inf [network] > tt2.tamgr.tt2_3.t1958489 TABLE:RESULT
1671114315755 inf [network] > tt2.tamgr.tt2_3.t1958489 TRACKER:GET_INFO
1671114315756 inf [table] 2 tt2.tamgr.tt2_3.t1958489 showdown login="Alexp91450" cards="Qc,8h" board="3h,3d,7d,6c,3c"
1671114315757 inf [table] 2 tt2.tamgr.tt2_3.t1958489 showdown login="YL_ML_GL_42" cards="8s,Ts" board="3h,3d,7d,6c,3c"
1671114315757 inf [table] 2 tt2.tamgr.tt2_3.t1958489 gain login="Alexp91450" amount="1100"
1671114316879 inf [network] > tt2.ttmgr.tt2_3.t612133146 TOURNAMENT:STATUS
1671114317703 inf [network] > tt2.tamgr.tt2_3.t1958489 TABLE:STATUS
1671114317705 inf [network] > tt2.ttmgr.tt2_3.t612133146 TOURNAMENT:STATUS
1671114317706 inf [network] > tt2.ttmgr.tt2_3.t612133146 TOURNAMENT:STATUS
1671114317709 inf [network] > tt2.ttmgr.tt2_3.t612133146 TRACKER:GET_INFO
1671114317710 inf [network] > tt2.tamgr.tt2_3.t1958489 TABLE:CHAT_INFO
1671114317710 inf [network] > tt2.ttmgr.tt2_3.t612133146 TOURNAMENT:RESULT
1671114317712 inf [network] > tt2.ttmgr.tt2_3.t612133146 TOURNAMENT:STATUS
1671114317713 inf [network] > prefs SRM:UPDATE_RULE_INFO
1671114317716 inf [router] Navigate: wam://popup?type=tournament-result&ttid=2
1671114317717 inf [router] Navigation done: wam://popup?type=tournament-result&ttid=2
1671114317724 inf [network] > prefs NOTIFICATION:POST_INFO
1671114317730 inf [network] > prefs GAMESTATS:INFO
1671114319711 inf [network] > subscriptions FILTERLIST:UPDATE
1671114319776 inf [network] > tt2.tamgr.tt2_3.t1958489 TABLE:POST_INFO
1671114319777 inf [network] > tt2.tamgr.tt2_3.t1958489 TABLE:POST_INFO
1671114319778 inf [table] 2 tt2.tamgr.tt2_3.t1958489 hand 2629091842867593217-4-1671114320
1671114319779 inf [table] 2 tt2.tamgr.tt2_3.t1958489 action SB login="delphinou44" amount="15"
1671114319780 inf [table] 2 tt2.tamgr.tt2_3.t1958489 action BB login="Alexp91450" amount="30"
1671114319781 inf [network] > tt2.tamgr.tt2_3.t1958489 TABLE:STATUS
1671114319782 inf [table] 2 tt2.tamgr.tt2_3.t1958489 round pre-flop pot="0" totalPot="45"
1671114319827 inf [router] Execute: wam://table-close?tblid=2
1671114319831 inf [router] Execution done: wam://table-close?tblid=2
1671114319847 inf [network] < tt2.tamgr.tt2_3.t1958489 TABLE:LEAVE
1671114319850 inf [network] Leaving channel tt2.tamgr.tt2_3.t1958489
1671114319851 inf [network] < tt2.ttmgr.tt2_3.t612133146 TOURNAMENT:LEAVE
1671114319851 inf [network] Leaving channel tt2.ttmgr.tt2_3.t612133146
1671114321118 inf [app] Exit
1671114321122 inf [tracker] Closed
1671114321135 inf [network] Registering channel subscriptions
1671114321148 inf [router] Execute: wam://playground-close?id=1&scene=2
1671114321151 inf [router] Execution done: wam://playground-close?id=1&scene=2
