1671199012023 inf [app] Launch
1671199012087 inf [scene] Bridge initialize
1671199012099 inf [scene] Scene open
1671199012107 inf [scene] Scene create
1671199012125 inf [scene.1] Scene loading
1671199012132 inf [app] Checking for update
1671199012414 inf [app] Update for version 1.25.2 is not available (latest version: 1.25.2, downgrade is disallowed).
1671199012748 inf [scene.1] Browser loaded
1671199012758 inf [scene.1] Bridge loaded
1671199012792 inf [tracker] Listening on port: 8003
1671199014489 inf [api] < Service core/authentication/token/generate
1671199014490 inf [network] > Http https://wapi.winamax.fr/core/authentication/token/generate post
1671199014703 inf [network] > Http https://wapi.winamax.fr/core/authentication/token/generate ok
1671199014704 inf [api] > Service core/authentication/token/generate
1671199014706 inf [api] < Service poker/public/config/preauth {"client":"poker","application":"desktop","opid":"wam","device":"electron","ver":"1.25.2.1670589810","os":"win32","cid":"b94b276db79aabbcbfbe64cabbfea685"}
1671199014707 inf [network] > Http https://api.winamax.fr/poker/public/config/preauth?client=poker&application=desktop&opid=wam&device=electron&ver=1.25.2.1670589810&os=win32&cid=b94b276db79aabbcbfbe64cabbfea685 get
1671199014894 inf [network] > Http https://api.winamax.fr/poker/public/config/preauth?client=poker&application=desktop&opid=wam&device=electron&ver=1.25.2.1670589810&os=win32&cid=b94b276db79aabbcbfbe64cabbfea685 ok
1671199014896 inf [api] > Service poker/public/config/preauth {"core":{"type":"wss","retry":{"count":3,"timeout":10000,"delay":2000,"random":1000},"hosts":["wapi.winamax.fr:443/poker/front/ws/websocket"],"enable":true,"zombie":{"duration":45000},"socket":{"sleep":10,"buffer":16384},"monitor":{"interrupted":true}},"features":{"vm":false,"playground":{"threshold":1000},"time":{"duration":10}},"serverstatus":{"status":"up","polling":300,"i18n":{"de_DE":{"title":"","info":"Alle Dienste sind verfügbar"},"fr_FR":{"title":"","info":"Tous les services sont fonctionnels"},"en_GB":{"title":"","info":"All services are operational."},"*":{"title":"","info":"All services are operational."},"en_US":{"title":"","info":"All services are operational."},"es_ES":{"title":"","info":"All services are operational."},"pt_PT":{"title":"","info":"All services are operational."}}},"auth":{"version":2,"timeout":6000,"refresh":{"count":3,"delay":2500}}}
1671199014906 inf [network] Registering channel prefs
1671199014907 inf [network] Enqueuing AUTH:SIGNIN
1671199014908 inf [network] Creating socket wss://wapi.winamax.fr:443/poker/front/ws/websocket
1671199014909 inf [network] Connection status: 1
1671199015056 inf [network] Socket opened
1671199015057 inf [network] Connection status: 2
1671199015058 inf [network] Connection status: 3
1671199015058 inf [network] < prefs AUTH:SIGNIN
1671199015269 inf [network] > prefs AUTH:SIGNIN_OK
1671199015270 inf [network] Connection status: 4
1671199015276 inf [network] < prefs TIME:GET
1671199015276 inf [network] < prefs GAMESTATS:JOIN
1671199015290 inf [network] > prefs NOTIFICATION:POST_INFO
1671199015314 inf [network] > prefs TIME:GET_OK
1671199015323 inf [api] < Service poker/client/prefs
1671199015323 inf [network] > Http https://wapi.winamax.fr/poker/client/prefs post
1671199015389 inf [network] > prefs GAMESTATS:JOIN_OK
1671199015513 inf [network] > Http https://wapi.winamax.fr/poker/client/prefs ok
1671199015513 inf [api] > Service poker/client/prefs
1671199015522 inf [router] Execute: wam://preload-ok
1671199015524 inf [router] Navigate: wam://lobbies
1671199015526 inf [network] > Http https://dl.winamax.fr/client/attr/settings/wam/config.1624292306 get
1671199015527 inf [network] > Http https://dl.winamax.fr/client/attr/settings/wam/ressource.1624283658 get
1671199015529 inf [router] Navigation done: wam://lobbies
1671199015530 inf [router] Execution done: wam://preload-ok
1671199015531 inf [network] Registering channel subscriptions
1671199015532 inf [api] < Service operator/userdata
1671199015532 inf [network] > Http https://wapi.winamax.fr/operator/userdata post
1671199015534 inf [api] < Service operator/winamax-tv/public
1671199015534 inf [network] > Http https://wapi.winamax.fr/operator/winamax-tv/public post
1671199015536 inf [network] < prefs SRM:JOIN
1671199015537 inf [network] < prefs NEWS:GET
1671199015537 inf [network] < prefs DATA:GET
1671199015538 inf [network] < prefs BUDDY:GET
1671199015538 inf [network] < prefs BUDDYROOM:JOIN
1671199015540 inf [network] < prefs TIME:GET
1671199015541 inf [network] < prefs CASHIER:GET
1671199015541 inf [network] < prefs CASHIER:LIST
1671199015542 inf [network] < prefs CASHIER:GET
1671199015542 inf [network] < prefs CASHIER:LIST
1671199015545 inf [network] < subscriptions FILTERLIST:CREATE
1671199015545 inf [network] < subscriptions FILTERLIST:CREATE
1671199015546 inf [network] < subscriptions FILTERLIST:CREATE
1671199015589 inf [network] > prefs TIME:GET_OK
1671199015590 inf [network] > prefs SRM:JOIN_OK
1671199015591 inf [network] > prefs CASHIER:GET_OK
1671199015595 inf [network] > prefs BUDDYROOM:JOIN_OK
1671199015597 inf [network] > prefs CASHIER:LIST_OK
1671199015597 inf [network] > prefs CASHIER:GET_OK
1671199015615 inf [network] > prefs CASHIER:LIST_OK
1671199015617 inf [network] > subscriptions FILTERLIST:CREATE_OK
1671199015618 inf [network] > subscriptions FILTERLIST:SET
1671199015623 inf [network] > prefs NEWS:GET_OK
1671199015624 inf [network] Registering channel wam.general.t1
1671199015625 inf [network] < wam.general.t1 CHATROOM:JOIN
1671199015658 inf [network] > prefs DATA:GET_ERR
1671199015659 inf [network] > prefs BUDDY:GET_OK
1671199015669 inf [network] < prefs BUDDYROOM:JOIN
1671199015692 inf [network] > Http https://dl.winamax.fr/client/attr/settings/wam/config.1624292306 ok
1671199015736 inf [network] > Http https://dl.winamax.fr/client/attr/settings/wam/ressource.1624283658 ok
1671199015739 inf [network] > Http https://wapi.winamax.fr/operator/winamax-tv/public ok
1671199015739 inf [api] > Service operator/winamax-tv/public
1671199015834 inf [network] > Http https://wapi.winamax.fr/operator/userdata ok
1671199015835 inf [api] > Service operator/userdata
1671199015903 inf [network] > subscriptions FILTERLIST:CREATE_OK
1671199015904 inf [network] > subscriptions FILTERLIST:SET
1671199015904 inf [network] > subscriptions FILTERLIST:CREATE_OK
1671199015905 inf [network] > subscriptions FILTERLIST:SET
1671199015907 inf [network] > wam.general.t1 CHATROOM:JOIN_OK
1671199015908 inf [network] > prefs BUDDYROOM:JOIN_OK
1671199017527 inf [api] < Service poker/client/prefs
1671199017527 inf [network] > Http https://wapi.winamax.fr/poker/client/prefs post
1671199017713 inf [network] > Http https://wapi.winamax.fr/poker/client/prefs ok
1671199017714 inf [api] > Service poker/client/prefs
1671199019048 inf [router] Navigate: wam://lobby-mtt
1671199019049 inf [router] Navigation done: wam://lobby-mtt
1671199019077 inf [network] Registering channel lo
1671199019078 inf [router] Execute: wam://lobby-preview?rk=&type=
1671199019079 inf [router] Execution done: wam://lobby-preview?rk=&type=
1671199019109 inf [network] < lo FILTERLIST:CREATE
1671199019177 inf [network] > lo FILTERLIST:CREATE_OK
1671199019206 inf [network] > lo FILTERLIST:SET
1671199019229 inf [router] Execute: wam://lobby-preview?rk=tt7.ttmgr.tt7_8.t601117068&type=tournament
1671199019230 inf [router] Execution done: wam://lobby-preview?rk=tt7.ttmgr.tt7_8.t601117068&type=tournament
1671199019244 inf [network] Registering channel tt7.ttmgr.tt7_8.t601117068
1671199019276 inf [network] < tt7.ttmgr.tt7_8.t601117068 TOURNAMENT:JOIN
1671199019360 inf [network] > tt7.ttmgr.tt7_8.t601117068 TOURNAMENT:JOIN_OK
1671199019361 inf [network] > tt7.ttmgr.tt7_8.t601117068 CHATROOM:JOIN_OK
1671199022165 inf [network] < lo FILTERLIST:CHANGE
1671199022233 inf [network] > lo FILTERLIST:CHANGE_OK
1671199022278 inf [network] > lo FILTERLIST:SET
1671199023068 inf [network] < lo FILTERLIST:CHANGE
1671199023269 inf [network] > lo FILTERLIST:CHANGE_OK
1671199023357 inf [network] > lo FILTERLIST:SET
1671199024162 inf [network] < lo FILTERLIST:CHANGE
1671199024280 inf [network] > lo FILTERLIST:CHANGE_OK
1671199024285 inf [network] > lo FILTERLIST:SET
1671199024709 inf [network] > tt7.ttmgr.tt7_8.t601117068 TOURNAMENT:STATUS
1671199024710 inf [network] > tt7.ttmgr.tt7_8.t601117068 TOURNAMENT:PAYOUTS
1671199025068 inf [network] > lo FILTERLIST:UPDATE
1671199025550 inf [network] < prefs TIME:GET
1671199025597 inf [network] > prefs TIME:GET_OK
1671199025981 inf [network] < lo FILTERLIST:CHANGE
1671199026022 inf [network] > lo FILTERLIST:CHANGE_OK
1671199026061 inf [network] > lo FILTERLIST:SET
1671199027273 inf [network] > tt7.ttmgr.tt7_8.t601117068 TOURNAMENT:STATUS
1671199028279 inf [network] < lo FILTERLIST:CHANGE
1671199028340 inf [network] > lo FILTERLIST:CHANGE_OK
1671199028429 inf [network] > lo FILTERLIST:SET
1671199030999 inf [network] < lo FILTERLIST:CHANGE
1671199031069 inf [network] > lo FILTERLIST:CHANGE_OK
1671199031090 inf [network] > lo FILTERLIST:SET
1671199032290 inf [network] < lo FILTERLIST:CHANGE
1671199032344 inf [network] > lo FILTERLIST:CHANGE_OK
1671199032380 inf [network] > lo FILTERLIST:SET
1671199034408 inf [router] Navigate: wam://lobby-expresso
1671199034409 inf [router] Navigation done: wam://lobby-expresso
1671199035070 inf [network] > lo FILTERLIST:UPDATE
1671199035558 inf [network] < prefs TIME:GET
1671199035625 inf [network] > prefs TIME:GET_OK
1671199037728 inf [router] Execute: wam://srm?action=create&template=expresso_nlhe&context=lo&withTicket=&buyin=0.25&money=real&attrsonly[]=exp&attrsonly[]=expstd
1671199037730 inf [network] < prefs SRM:ADD_RULE
1671199037782 inf [network] > prefs SRM:ADD_RULE_OK
1671199037789 inf [router] Navigate: wam://table?hash=247659081%400&label=Expresso&playgroundId=
1671199037793 inf [scene] Scene open
1671199037794 inf [scene] Scene create
1671199037801 inf [scene.2] Scene loading
1671199037807 inf [router] Navigation done: wam://table?hash=247659081%400&label=Expresso&playgroundId=
1671199037807 inf [router] Execution done: wam://srm?action=create&template=expresso_nlhe&context=lo&withTicket=&buyin=0.25&money=real&attrsonly[]=exp&attrsonly[]=expstd
1671199037813 inf [network] > prefs NOTIFICATION:POST_INFO
1671199038010 inf [network] > prefs SRM:UPDATE_RULE_INFO
1671199038011 inf [network] > prefs TOURNAMENT:RUN
1671199038012 inf [network] > prefs NOTIFICATION:POST_INFO
1671199038025 inf [network] Registering channel tt6.ttmgr.tt6_2.t612453964
1671199038056 inf [network] < tt6.ttmgr.tt6_2.t612453964 TOURNAMENT:JOIN
1671199038136 inf [network] > tt6.ttmgr.tt6_2.t612453964 TOURNAMENT:JOIN_OK
1671199038139 inf [network] > tt6.ttmgr.tt6_2.t612453964 CHATROOM:JOIN_OK
1671199038140 inf [network] Registering channel tt6.tamgr.tt6_2.t1957484
1671199038140 inf [network] < tt6.ttmgr.tt6_2.t612453964 TOURNAMENT:CONFIGURE
1671199038165 inf [network] < tt6.tamgr.tt6_2.t1957484 TABLE:JOIN
1671199038190 inf [network] > tt6.ttmgr.tt6_2.t612453964 TOURNAMENT:CONFIGURE_OK
1671199038196 inf [network] < tt6.ttmgr.tt6_2.t612453964 TOURNAMENT:CONFIGURE
1671199038224 inf [network] > tt6.tamgr.tt6_2.t1957484 TABLE:JOIN_OK
1671199038229 inf [scene.2] Browser loaded
1671199038240 inf [scene.2] Bridge loaded
1671199038258 inf [network] > tt6.tamgr.tt6_2.t1957484 CHATROOM:JOIN_OK
1671199038296 inf [network] > tt6.ttmgr.tt6_2.t612453964 TOURNAMENT:CONFIGURE_OK
1671199041894 inf [network] > subscriptions FILTERLIST:UPDATE
1671199041908 inf [network] < subscriptions FILTERLIST:CHANGE
1671199042296 inf [network] > subscriptions FILTERLIST:SET
1671199042297 inf [network] > subscriptions FILTERLIST:CHANGE_OK
1671199042300 inf [router] Execute: wam://table-open?rid=247659081&tblrk=tt6.tamgr.tt6_2.t1957484&ttrk=tt6.ttmgr.tt6_2.t612453964&gfsid=
1671199042301 inf [router] Execution done: wam://table-open?rid=247659081&tblrk=tt6.tamgr.tt6_2.t1957484&ttrk=tt6.ttmgr.tt6_2.t612453964&gfsid=
1671199045108 inf [network] > lo FILTERLIST:UPDATE
1671199045560 inf [network] < prefs TIME:GET
1671199045621 inf [network] > prefs TIME:GET_OK
1671199047024 inf [network] > tt6.ttmgr.tt6_2.t612453964 TOURNAMENT:STATUS
1671199049040 inf [network] > tt6.tamgr.tt6_2.t1957484 TABLE:STATUS
1671199051551 inf [network] > tt6.tamgr.tt6_2.t1957484 TABLE:POST_INFO
1671199051552 inf [network] > tt6.tamgr.tt6_2.t1957484 TABLE:POST_INFO
1671199051553 inf [table] 1 tt6.tamgr.tt6_2.t1957484 hand 2630469745685561345-1-1671199053
1671199051553 inf [table] 1 tt6.tamgr.tt6_2.t1957484 action SB login="axelGOAT731" amount="10"
1671199051554 inf [table] 1 tt6.tamgr.tt6_2.t1957484 action BB login="YL_ML_GL_42" amount="20"
1671199051555 inf [network] > tt6.tamgr.tt6_2.t1957484 TABLE:CARDS
1671199051556 inf [network] > tt6.tamgr.tt6_2.t1957484 TABLE:STATUS
1671199051556 inf [network] > tt6.tamgr.tt6_2.t1957484 TABLE:PREACTION_LIST
1671199051557 inf [table] 1 tt6.tamgr.tt6_2.t1957484 cards login="YL_ML_GL_42" 8d,9s
1671199051558 inf [table] 1 tt6.tamgr.tt6_2.t1957484 round pre-flop pot="0" totalPot="30"
1671199053057 inf [network] > tt6.tamgr.tt6_2.t1957484 TABLE:ACTION_INFO
1671199053058 inf [network] > tt6.tamgr.tt6_2.t1957484 TABLE:PREACTION_LIST
1671199053058 inf [table] 1 tt6.tamgr.tt6_2.t1957484 action call login="Olive2413" amount="20"
1671199054455 inf [network] < lo FILTERLIST:DELETE
1671199054456 inf [router] Execute: wam://lobby-preview?rk=&type=
1671199054457 inf [router] Execution done: wam://lobby-preview?rk=&type=
1671199054458 inf [network] < tt7.ttmgr.tt7_8.t601117068 TOURNAMENT:LEAVE
1671199054458 inf [network] Leaving channel tt7.ttmgr.tt7_8.t601117068
1671199054559 inf [network] > lo FILTERLIST:DELETE_OK
1671199055003 inf [network] > tt6.tamgr.tt6_2.t1957484 TABLE:ACTION_INFO
1671199055004 inf [network] > tt6.tamgr.tt6_2.t1957484 TABLE:ACTIONSET
1671199055004 inf [table] 1 tt6.tamgr.tt6_2.t1957484 action call login="axelGOAT731" amount="20"
1671199055571 inf [network] < prefs TIME:GET
1671199055773 inf [network] > prefs TIME:GET_OK
1671199056913 inf [network] < tt6.tamgr.tt6_2.t1957484 TABLE:ACTION
1671199057110 inf [network] > tt6.tamgr.tt6_2.t1957484 TABLE:ACTION_OK
1671199057111 inf [network] > tt6.tamgr.tt6_2.t1957484 TABLE:ACTION_INFO
1671199057111 inf [network] > tt6.tamgr.tt6_2.t1957484 TABLE:CARDS
1671199057113 inf [table] 1 tt6.tamgr.tt6_2.t1957484 action check login="YL_ML_GL_42" amount="20"
1671199057115 inf [network] > tt6.tamgr.tt6_2.t1957484 TABLE:STATUS
1671199057115 inf [network] > tt6.tamgr.tt6_2.t1957484 TABLE:PREACTION_LIST
1671199057116 inf [table] 1 tt6.tamgr.tt6_2.t1957484 round flop board="4d,2d,Kd" pot="60" totalPot="0"
1671199060633 inf [network] > tt6.tamgr.tt6_2.t1957484 TABLE:ACTION_INFO
1671199060634 inf [network] > tt6.tamgr.tt6_2.t1957484 TABLE:ACTIONSET
1671199060634 inf [table] 1 tt6.tamgr.tt6_2.t1957484 action check login="axelGOAT731"
1671199062178 inf [network] < tt6.tamgr.tt6_2.t1957484 TABLE:ACTION
1671199062221 inf [network] > tt6.tamgr.tt6_2.t1957484 TABLE:ACTION_OK
1671199062222 inf [network] > tt6.tamgr.tt6_2.t1957484 TABLE:ACTION_INFO
1671199062223 inf [table] 1 tt6.tamgr.tt6_2.t1957484 action check login="YL_ML_GL_42"
1671199063745 inf [network] > tt6.tamgr.tt6_2.t1957484 TABLE:ACTION_INFO
1671199063746 inf [network] > tt6.tamgr.tt6_2.t1957484 TABLE:PREACTION_LIST
1671199063747 inf [table] 1 tt6.tamgr.tt6_2.t1957484 action bet login="Olive2413" amount="480"
1671199065217 inf [network] < tt6.tamgr.tt6_2.t1957484 TABLE:PREACTION
1671199065278 inf [network] > tt6.tamgr.tt6_2.t1957484 TABLE:PREACTION_OK
1671199065556 inf [network] < prefs TIME:GET
1671199065756 inf [network] > prefs TIME:GET_OK
1671199067880 inf [network] > tt6.tamgr.tt6_2.t1957484 TABLE:ACTION_INFO
1671199067881 inf [network] > tt6.tamgr.tt6_2.t1957484 TABLE:ACTION_OK
1671199067881 inf [network] > tt6.tamgr.tt6_2.t1957484 TABLE:ACTION_INFO
1671199067882 inf [network] > tt6.tamgr.tt6_2.t1957484 TABLE:STATUS
1671199067882 inf [table] 1 tt6.tamgr.tt6_2.t1957484 action fold login="axelGOAT731"
1671199067883 inf [table] 1 tt6.tamgr.tt6_2.t1957484 action call login="YL_ML_GL_42" amount="480"
1671199069368 inf [network] > tt6.tamgr.tt6_2.t1957484 TABLE:CARDS
1671199069369 inf [network] > tt6.tamgr.tt6_2.t1957484 TABLE:STATUS
1671199069375 inf [table] 1 tt6.tamgr.tt6_2.t1957484 round turn board="4d,2d,Kd,2s" pot="1020" totalPot="0"
1671199070876 inf [network] > tt6.tamgr.tt6_2.t1957484 TABLE:CARDS
1671199070877 inf [network] > tt6.tamgr.tt6_2.t1957484 TABLE:STATUS
1671199070893 inf [table] 1 tt6.tamgr.tt6_2.t1957484 round river board="4d,2d,Kd,2s,As" pot="1020" totalPot="0"
1671199072656 inf [network] > tt6.tamgr.tt6_2.t1957484 TABLE:RESULT
1671199072657 inf [network] > tt6.tamgr.tt6_2.t1957484 TRACKER:GET_INFO
1671199072657 inf [table] 1 tt6.tamgr.tt6_2.t1957484 showdown login="YL_ML_GL_42" cards="8d,9s" board="4d,2d,Kd,2s,As"
1671199072658 inf [table] 1 tt6.tamgr.tt6_2.t1957484 showdown login="Olive2413" cards="Kc,9d" board="4d,2d,Kd,2s,As"
1671199072658 inf [table] 1 tt6.tamgr.tt6_2.t1957484 gain login="Olive2413" amount="1020"
1671199074598 inf [network] > tt6.tamgr.tt6_2.t1957484 TABLE:STATUS
1671199074623 inf [network] > tt6.ttmgr.tt6_2.t612453964 TOURNAMENT:STATUS
1671199074636 inf [network] > tt6.ttmgr.tt6_2.t612453964 TOURNAMENT:STATUS
1671199074671 inf [network] > tt6.ttmgr.tt6_2.t612453964 TRACKER:GET_INFO
1671199074671 inf [network] > tt6.tamgr.tt6_2.t1957484 TABLE:CHAT_INFO
1671199074672 inf [network] > tt6.ttmgr.tt6_2.t612453964 TOURNAMENT:RESULT
1671199074673 inf [router] Navigate: wam://popup?type=tournament-result&ttid=2
1671199074674 inf [router] Navigation done: wam://popup?type=tournament-result&ttid=2
1671199074681 inf [network] > tt6.ttmgr.tt6_2.t612453964 TOURNAMENT:STATUS
1671199074681 inf [network] > prefs SRM:UPDATE_RULE_INFO
1671199074682 inf [network] > prefs NOTIFICATION:POST_INFO
1671199074696 inf [network] > prefs GAMESTATS:INFO
1671199075582 inf [network] < prefs TIME:GET
1671199075653 inf [network] > prefs TIME:GET_OK
1671199076256 inf [router] Execute: wam://table-close?tblid=1
1671199076258 inf [router] Execution done: wam://table-close?tblid=1
1671199076258 inf [network] < tt6.tamgr.tt6_2.t1957484 TABLE:LEAVE
1671199076259 inf [network] Leaving channel tt6.tamgr.tt6_2.t1957484
1671199076708 inf [network] > subscriptions FILTERLIST:UPDATE
1671199076738 inf [network] < tt6.ttmgr.tt6_2.t612453964 TOURNAMENT:LEAVE
1671199076738 inf [network] Leaving channel tt6.ttmgr.tt6_2.t612453964
1671199076867 inf [network] > tt6.ttmgr.tt6_2.t612453964 TOURNAMENT:LEAVE_OK
1671199085586 inf [network] < prefs TIME:GET
1671199085713 inf [network] > prefs TIME:GET_OK
1671199086960 inf [router] Execute: wam://playground-close?id=1
1671199086961 inf [router] Execution done: wam://playground-close?id=1
1671199086974 inf [router] Execute: wam://playground-close?id=1&scene=2
1671199086974 inf [router] Execution done: wam://playground-close?id=1&scene=2
1671199090089 inf [app] Exit
1671199090092 inf [tracker] Closed
1671199090096 inf [network] Registering channel subscriptions
