1672527251300 inf [app] Launch
1672527251386 inf [scene] Bridge initialize
1672527251403 inf [scene] Scene open
1672527251417 inf [scene.1] Scene create
1672527251441 inf [scene.1] Scene loading
1672527251451 inf [app] Checking for update
1672527251729 inf [app] Update for version 1.26.3 is not available (latest version: 1.26.3, downgrade is disallowed).
1672527252152 inf [scene.1] Browser loaded
1672527252163 inf [scene.1] Scene bridge loaded
1672527252278 inf [tracker] Listening on port: 8003
1672527254164 inf [api] < Service core/authentication/token/generate
1672527254166 inf [network] > Http https://wapi.winamax.fr/core/authentication/token/generate post
1672527254371 inf [network] > Http https://wapi.winamax.fr/core/authentication/token/generate ok
1672527254373 inf [api] > Service core/authentication/token/generate
1672527254376 inf [api] < Service poker/public/config/preauth {"client":"poker","application":"desktop","opid":"wam","device":"electron","ver":"1.26.3.1671552372","os":"win32","cid":"b94b276db79aabbcbfbe64cabbfea685"}
1672527254378 inf [network] > Http https://api.winamax.fr/poker/public/config/preauth?client=poker&application=desktop&opid=wam&device=electron&ver=1.26.3.1671552372&os=win32&cid=b94b276db79aabbcbfbe64cabbfea685 get
1672527254612 inf [network] > Http https://api.winamax.fr/poker/public/config/preauth?client=poker&application=desktop&opid=wam&device=electron&ver=1.26.3.1671552372&os=win32&cid=b94b276db79aabbcbfbe64cabbfea685 ok
1672527254614 inf [api] > Service poker/public/config/preauth {"core":{"type":"wss","retry":{"count":3,"timeout":10000,"delay":2000,"random":1000},"hosts":["wapi.winamax.fr:443/poker/front/ws/websocket"],"enable":true,"zombie":{"duration":45000},"socket":{"sleep":10,"buffer":16384},"monitor":{"interrupted":true}},"features":{"vm":false,"playground":{"threshold":1000},"time":{"duration":10}},"serverstatus":{"status":"up","polling":300,"i18n":{"de_DE":{"title":"","info":"Alle Dienste sind verfügbar"},"fr_FR":{"title":"","info":"Tous les services sont fonctionnels"},"en_GB":{"title":"","info":"All services are operational."},"*":{"title":"","info":"All services are operational."},"en_US":{"title":"","info":"All services are operational."},"es_ES":{"title":"","info":"All services are operational."},"pt_PT":{"title":"","info":"All services are operational."}}},"auth":{"version":2,"timeout":6000,"refresh":{"count":3,"delay":2500}}}
1672527254634 inf [network] Registering channel prefs
1672527254634 inf [network] Enqueuing AUTH:SIGNIN
1672527254635 inf [network] Creating socket wss://wapi.winamax.fr:443/poker/front/ws/websocket
1672527254636 inf [network] Connection status: 1
1672527254807 inf [network] Socket opened
1672527254808 inf [network] Connection status: 2
1672527254809 inf [network] Connection status: 3
1672527254810 inf [network] < prefs AUTH:SIGNIN
1672527255067 inf [network] > prefs AUTH:SIGNIN_OK
1672527255068 inf [network] Connection status: 4
1672527255070 inf [network] > prefs NOTIFICATION:POST_INFO
1672527255073 inf [network] < prefs TIME:GET
1672527255091 inf [network] < prefs GAMESTATS:JOIN
1672527255126 inf [network] > prefs TIME:GET_OK
1672527255138 inf [api] < Service poker/client/prefs
1672527255139 inf [network] > Http https://wapi.winamax.fr/poker/client/prefs post
1672527255227 inf [network] > prefs GAMESTATS:JOIN_OK
1672527255381 inf [network] > Http https://wapi.winamax.fr/poker/client/prefs ok
1672527255382 inf [api] > Service poker/client/prefs
1672527255399 inf [router] Execute: wam://preload-ok
1672527255400 inf [router] Navigate: wam://lobbies
1672527255404 inf [network] > Http https://dl.winamax.fr/client/attr/settings/wam/config.1624292306 get
1672527255405 inf [network] > Http https://dl.winamax.fr/client/attr/settings/wam/ressource.1624283658 get
1672527255409 inf [router] Navigation done: wam://lobbies
1672527255410 inf [router] Execution done: wam://preload-ok
1672527255413 inf [network] Registering channel subscriptions
1672527255414 inf [api] < Service operator/userdata
1672527255416 inf [network] > Http https://wapi.winamax.fr/operator/userdata post
1672527255420 inf [api] < Service operator/winamax-tv/public
1672527255421 inf [network] > Http https://wapi.winamax.fr/operator/winamax-tv/public post
1672527255424 inf [network] < prefs SRM:JOIN
1672527255425 inf [network] < prefs NEWS:GET
1672527255426 inf [network] < prefs DATA:GET
1672527255426 inf [network] < prefs BUDDY:GET
1672527255427 inf [network] < prefs BUDDYROOM:JOIN
1672527255432 inf [network] < prefs TIME:GET
1672527255434 inf [network] < prefs CASHIER:GET
1672527255434 inf [network] < prefs CASHIER:LIST
1672527255435 inf [network] < prefs CASHIER:GET
1672527255436 inf [network] < prefs CASHIER:LIST
1672527255438 inf [network] < subscriptions FILTERLIST:CREATE
1672527255439 inf [network] < subscriptions FILTERLIST:CREATE
1672527255439 inf [network] < subscriptions FILTERLIST:CREATE
1672527255466 inf [network] > prefs SRM:JOIN_OK
1672527255488 inf [network] > prefs BUDDYROOM:JOIN_OK
1672527255495 inf [network] > prefs TIME:GET_OK
1672527255497 inf [network] > prefs CASHIER:GET_OK
1672527255499 inf [network] > prefs CASHIER:LIST_OK
1672527255501 inf [network] > prefs NEWS:GET_OK
1672527255502 inf [network] > prefs CASHIER:GET_OK
1672527255557 inf [network] > prefs CASHIER:LIST_OK
1672527255559 inf [network] > subscriptions FILTERLIST:CREATE_OK
1672527255560 inf [network] > subscriptions FILTERLIST:SET
1672527255560 inf [network] > prefs DATA:GET_ERR
1672527255561 inf [network] > prefs BUDDY:GET_OK
1672527255562 inf [network] > subscriptions FILTERLIST:CREATE_OK
1672527255563 inf [network] > subscriptions FILTERLIST:SET
1672527255563 inf [network] > subscriptions FILTERLIST:CREATE_OK
1672527255566 inf [network] > subscriptions FILTERLIST:SET
1672527255568 inf [network] < prefs BUDDYROOM:JOIN
1672527255575 inf [network] Registering channel wam.general.t1
1672527255576 inf [network] < wam.general.t1 CHATROOM:JOIN
1672527255593 inf [network] > Http https://dl.winamax.fr/client/attr/settings/wam/ressource.1624283658 ok
1672527255610 inf [network] > Http https://wapi.winamax.fr/operator/winamax-tv/public ok
1672527255611 inf [api] > Service operator/winamax-tv/public
1672527255613 inf [network] > Http https://dl.winamax.fr/client/attr/settings/wam/config.1624292306 ok
1672527255639 inf [network] > prefs BUDDYROOM:JOIN_OK
1672527255662 inf [network] > wam.general.t1 CHATROOM:JOIN_OK
1672527255717 inf [network] > Http https://wapi.winamax.fr/operator/userdata ok
1672527255719 inf [api] > Service operator/userdata
1672527256893 inf [network] > wam.general.t1 CHATROOM:POST_INFO
1672527257397 inf [api] < Service poker/client/prefs
1672527257398 inf [network] > Http https://wapi.winamax.fr/poker/client/prefs post
1672527257581 inf [network] > Http https://wapi.winamax.fr/poker/client/prefs ok
1672527257581 inf [api] > Service poker/client/prefs
1672527257669 inf [router] Navigate: wam://lobby-mtt
1672527257671 inf [router] Navigation done: wam://lobby-mtt
1672527257705 inf [network] Registering channel lo
1672527257706 inf [router] Execute: wam://lobby-preview?rk=&type=
1672527257707 inf [router] Execution done: wam://lobby-preview?rk=&type=
1672527257720 inf [network] < lo FILTERLIST:CREATE
1672527257813 inf [network] > lo FILTERLIST:CREATE_OK
1672527257851 inf [network] > lo FILTERLIST:SET
1672527257856 inf [router] Execute: wam://lobby-preview?rk=tt7.ttmgr.tt7_8.t606769214&type=tournament
1672527257858 inf [router] Execution done: wam://lobby-preview?rk=tt7.ttmgr.tt7_8.t606769214&type=tournament
1672527257859 inf [network] Registering channel tt7.ttmgr.tt7_8.t606769214
1672527257893 inf [network] < tt7.ttmgr.tt7_8.t606769214 TOURNAMENT:JOIN
1672527258005 inf [network] > tt7.ttmgr.tt7_8.t606769214 TOURNAMENT:JOIN_OK
1672527258007 inf [network] > tt7.ttmgr.tt7_8.t606769214 CHATROOM:JOIN_OK
1672527260865 inf [network] < lo FILTERLIST:CHANGE
1672527260937 inf [network] > lo FILTERLIST:CHANGE_OK
1672527261108 inf [network] > lo FILTERLIST:SET
1672527264585 inf [network] < lo FILTERLIST:CHANGE
1672527264696 inf [network] > lo FILTERLIST:CHANGE_OK
1672527264782 inf [network] > lo FILTERLIST:SET
1672527265416 inf [network] < prefs TIME:GET
1672527265498 inf [network] > prefs TIME:GET_OK
1672527266310 inf [network] < lo FILTERLIST:CHANGE
1672527266370 inf [network] > lo FILTERLIST:CHANGE_OK
1672527266462 inf [network] > lo FILTERLIST:SET
1672527267439 inf [network] > lo FILTERLIST:UPDATE
1672527269713 inf [network] < lo FILTERLIST:CHANGE
1672527269774 inf [network] > lo FILTERLIST:CHANGE_OK
1672527270056 inf [network] > lo FILTERLIST:SET
1672527271257 inf [network] < lo FILTERLIST:CHANGE
1672527271334 inf [network] > lo FILTERLIST:CHANGE_OK
1672527271398 inf [network] > lo FILTERLIST:SET
1672527273457 inf [network] < lo FILTERLIST:CHANGE
1672527273533 inf [network] > lo FILTERLIST:CHANGE_OK
1672527273675 inf [network] > lo FILTERLIST:SET
1672527274458 inf [network] > tt7.ttmgr.tt7_8.t606769214 TOURNAMENT:STATUS
1672527274467 inf [network] > tt7.ttmgr.tt7_8.t606769214 TOURNAMENT:PAYOUTS
1672527275419 inf [network] < prefs TIME:GET
1672527275497 inf [network] > prefs TIME:GET_OK
1672527275871 inf [network] < lo FILTERLIST:CHANGE
1672527276041 inf [network] > lo FILTERLIST:CHANGE_OK
1672527276210 inf [network] > lo FILTERLIST:SET
1672527276984 inf [network] > tt7.ttmgr.tt7_8.t606769214 TOURNAMENT:STATUS
1672527278485 inf [network] < lo FILTERLIST:CHANGE
1672527278587 inf [network] > lo FILTERLIST:CHANGE_OK
1672527278878 inf [network] > lo FILTERLIST:SET
1672527285435 inf [network] < prefs TIME:GET
1672527285489 inf [network] > prefs TIME:GET_OK
1672527286851 inf [network] > wam.general.t1 CHATROOM:POST_INFO
1672527293973 inf [network] > wam.general.t1 CHATROOM:POST_INFO
1672527295426 inf [network] < prefs TIME:GET
1672527295497 inf [network] > prefs TIME:GET_OK
1672527301095 inf [network] > tt7.ttmgr.tt7_8.t606769214 TOURNAMENT:STATUS
1672527305453 inf [network] < prefs TIME:GET
1672527305504 inf [network] > prefs TIME:GET_OK
1672527315471 inf [network] < prefs TIME:GET
1672527315535 inf [network] > prefs TIME:GET_OK
1672527319181 inf [network] > wam.general.t1 CHATROOM:POST_INFO
1672527319342 inf [network] > wam.general.t1 CHATROOM:POST_INFO
1672527325201 inf [network] > wam.general.t1 CHATROOM:POST_INFO
1672527325463 inf [network] < prefs TIME:GET
1672527325543 inf [network] > prefs TIME:GET_OK
1672527335464 inf [network] < prefs TIME:GET
1672527335534 inf [network] > prefs TIME:GET_OK
1672527341754 inf [network] > tt7.ttmgr.tt7_8.t606769214 TOURNAMENT:STATUS
1672527343756 inf [network] > tt7.ttmgr.tt7_8.t606769214 TOURNAMENT:PAYOUTS
1672527344136 inf [network] > tt7.ttmgr.tt7_8.t606769214 TOURNAMENT:STATUS
1672527345484 inf [network] < prefs TIME:GET
1672527345542 inf [network] > prefs TIME:GET_OK
1672527355481 inf [network] < prefs TIME:GET
1672527355532 inf [network] > prefs TIME:GET_OK
1672527365503 inf [network] < prefs TIME:GET
1672527365585 inf [network] > prefs TIME:GET_OK
1672527375503 inf [network] < prefs TIME:GET
1672527375565 inf [network] > prefs TIME:GET_OK
1672527383181 inf [network] > wam.general.t1 CHATROOM:POST_INFO
1672527385513 inf [network] < prefs TIME:GET
1672527385828 inf [network] > prefs TIME:GET_OK
1672527389264 inf [network] > wam.general.t1 CHATROOM:POST_INFO
1672527389901 inf [network] > wam.general.t1 CHATROOM:POST_INFO
1672527395524 inf [network] < prefs TIME:GET
1672527395583 inf [network] > prefs TIME:GET_OK
1672527401582 inf [network] > wam.general.t1 CHATROOM:POST_INFO
1672527405537 inf [network] < prefs TIME:GET
1672527405586 inf [network] > prefs TIME:GET_OK
1672527408587 inf [network] > wam.general.t1 CHATROOM:POST_INFO
1672527415345 inf [network] > wam.general.t1 CHATROOM:POST_INFO
1672527415550 inf [network] < prefs TIME:GET
1672527415602 inf [network] > prefs TIME:GET_OK
1672527425556 inf [network] < prefs TIME:GET
1672527425621 inf [network] > prefs TIME:GET_OK
1672527435564 inf [network] < prefs TIME:GET
1672527435634 inf [network] > prefs TIME:GET_OK
1672527441860 inf [network] > wam.general.t1 CHATROOM:POST_INFO
1672527445556 inf [network] < prefs TIME:GET
1672527445626 inf [network] > prefs TIME:GET_OK
1672527451906 inf [network] > wam.general.t1 CHATROOM:POST_INFO
1672527455587 inf [network] < prefs TIME:GET
1672527455641 inf [network] > prefs TIME:GET_OK
1672527461277 inf [network] > tt7.ttmgr.tt7_8.t606769214 TOURNAMENT:STATUS
1672527461291 inf [network] > tt7.ttmgr.tt7_8.t606769214 TOURNAMENT:PAYOUTS
1672527463580 inf [network] > wam.general.t1 CHATROOM:POST_INFO
1672527463760 inf [network] > tt7.ttmgr.tt7_8.t606769214 TOURNAMENT:STATUS
1672527465585 inf [network] < prefs TIME:GET
1672527465666 inf [network] > prefs TIME:GET_OK
1672527469585 inf [network] > wam.general.t1 CHATROOM:POST_INFO
1672527475613 inf [network] < prefs TIME:GET
1672527475668 inf [network] > prefs TIME:GET_OK
1672527477343 inf [network] > wam.general.t1 CHATROOM:POST_INFO
1672527485186 inf [network] > wam.general.t1 CHATROOM:POST_INFO
1672527485614 inf [network] < prefs TIME:GET
1672527485703 inf [network] > prefs TIME:GET_OK
1672527495630 inf [network] < prefs TIME:GET
1672527495917 inf [network] > prefs TIME:GET_OK
1672527500385 inf [network] > wam.general.t1 CHATROOM:POST_INFO
1672527500704 inf [network] > wam.general.t1 CHATROOM:POST_INFO
1672527505638 inf [network] < prefs TIME:GET
1672527505686 inf [network] > prefs TIME:GET_OK
1672527507262 inf [network] > wam.general.t1 CHATROOM:POST_INFO
1672527509584 inf [network] > wam.general.t1 CHATROOM:POST_INFO
1672527511908 inf [network] > wam.general.t1 CHATROOM:POST_INFO
1672527515638 inf [network] < prefs TIME:GET
1672527515703 inf [network] > prefs TIME:GET_OK
1672527518174 inf [network] > wam.general.t1 CHATROOM:POST_INFO
1672527519681 inf [network] > wam.general.t1 CHATROOM:POST_INFO
1672527521508 inf [network] > wam.general.t1 CHATROOM:POST_INFO
1672527525635 inf [network] < prefs TIME:GET
1672527525704 inf [network] > prefs TIME:GET_OK
1672527534303 inf [network] > wam.general.t1 CHATROOM:POST_INFO
1672527535346 inf [network] > wam.general.t1 CHATROOM:POST_INFO
1672527535638 inf [network] < prefs TIME:GET
1672527535704 inf [network] > prefs TIME:GET_OK
1672527540141 inf [network] > wam.general.t1 CHATROOM:POST_INFO
1672527545654 inf [network] < prefs TIME:GET
1672527545831 inf [network] > prefs TIME:GET_OK
1672527550159 inf [network] > wam.general.t1 CHATROOM:POST_INFO
1672527555663 inf [network] < prefs TIME:GET
1672527555746 inf [network] > prefs TIME:GET_OK
1672527558618 inf [network] > wam.general.t1 CHATROOM:POST_INFO
1672527558826 inf [network] > wam.general.t1 CHATROOM:POST_INFO
1672527565677 inf [network] < prefs TIME:GET
1672527565738 inf [network] > prefs TIME:GET_OK
1672527565986 inf [network] > wam.general.t1 CHATROOM:POST_INFO
1672527569431 inf [network] > wam.general.t1 CHATROOM:POST_INFO
1672527570699 inf [network] > wam.general.t1 CHATROOM:POST_INFO
1672527574626 inf [network] > wam.general.t1 CHATROOM:POST_INFO
1672527574837 inf [network] > wam.general.t1 CHATROOM:POST_INFO
1672527575664 inf [network] < prefs TIME:GET
1672527575737 inf [network] > prefs TIME:GET_OK
1672527585676 inf [network] < prefs TIME:GET
1672527585741 inf [network] > prefs TIME:GET_OK
1672527590865 inf [network] > wam.general.t1 CHATROOM:POST_INFO
1672527595422 inf [network] > wam.general.t1 CHATROOM:POST_INFO
1672527595700 inf [network] < prefs TIME:GET
1672527595783 inf [network] > prefs TIME:GET_OK
1672527599830 inf [network] > tt7.ttmgr.tt7_8.t606769214 TOURNAMENT:STATUS
1672527599833 inf [network] > tt7.ttmgr.tt7_8.t606769214 TOURNAMENT:PAYOUTS
1672527602650 inf [network] > tt7.ttmgr.tt7_8.t606769214 TOURNAMENT:STATUS
1672527603425 inf [network] > wam.general.t1 CHATROOM:POST_INFO
1672527604787 inf [network] > wam.general.t1 CHATROOM:POST_INFO
1672527605697 inf [network] < prefs TIME:GET
1672527605779 inf [network] > prefs TIME:GET_OK
1672527606465 inf [network] > wam.general.t1 CHATROOM:POST_INFO
1672527608540 inf [network] > lo FILTERLIST:SET
1672527614541 inf [network] > wam.general.t1 CHATROOM:POST_INFO
1672527615702 inf [network] < prefs TIME:GET
1672527615782 inf [network] > prefs TIME:GET_OK
1672527617905 inf [network] > wam.general.t1 CHATROOM:POST_INFO
1672527620222 inf [network] > wam.general.t1 CHATROOM:POST_INFO
1672527625728 inf [network] < prefs TIME:GET
1672527625779 inf [network] > prefs TIME:GET_OK
1672527633074 inf [network] > tt7.ttmgr.tt7_8.t606769214 TOURNAMENT:STATUS
1672527634303 inf [network] > wam.general.t1 CHATROOM:POST_INFO
1672527634318 inf [system] Screen locked
1672527634319 inf [app] Paused
1672527634320 inf [network] Connection status: 5
1672527634323 inf [tracker] Closed
1672527634385 inf [network] Socket closed
1672527653874 inf [system] Screen unlocked
1672527653875 inf [app] Resumed
1672527653877 inf [network] Scheduling attempt 1/3
1672527653880 inf [tracker] Listening on port: 8003
1672527654810 inf [network] Creating socket wss://wapi.winamax.fr:443/poker/front/ws/websocket
1672527654811 inf [network] Connection status: 1
1672527655063 inf [network] Socket opened
1672527655064 inf [network] Connection status: 2
1672527655074 inf [network] Connection status: 3
1672527655075 inf [network] < prefs AUTH:SIGNIN
1672527655335 inf [network] > prefs AUTH:SIGNIN_OK
1672527655336 inf [network] Connection status: 4
1672527655339 inf [network] > prefs NOTIFICATION:POST_INFO
1672527655341 inf [api] < Service operator/userdata
1672527655342 inf [network] > Http https://wapi.winamax.fr/operator/userdata post
1672527655346 inf [api] < Service operator/winamax-tv/public
1672527655347 inf [network] > Http https://wapi.winamax.fr/operator/winamax-tv/public post
1672527655353 inf [network] < prefs TIME:GET
1672527655355 inf [network] < prefs CASHIER:GET
1672527655356 inf [network] < prefs CASHIER:LIST
1672527655357 inf [network] < prefs CASHIER:GET
1672527655357 inf [network] < prefs CASHIER:LIST
1672527655358 inf [network] < prefs SRM:JOIN
1672527655358 inf [network] < prefs GAMESTATS:JOIN
1672527655359 inf [network] < subscriptions FILTERLIST:CREATE
1672527655359 inf [network] < subscriptions FILTERLIST:CREATE
1672527655360 inf [network] < subscriptions FILTERLIST:CREATE
1672527655361 inf [network] < wam.general.t1 CHATROOM:JOIN
1672527655362 inf [network] < lo FILTERLIST:CREATE
1672527655363 inf [network] < tt7.ttmgr.tt7_8.t606769214 TOURNAMENT:JOIN
1672527655420 inf [network] > prefs TIME:GET_OK
1672527655429 inf [network] > prefs CASHIER:GET_OK
1672527655432 inf [network] > prefs CASHIER:LIST_OK
1672527655438 inf [network] > prefs CASHIER:GET_OK
1672527655565 inf [network] > prefs CASHIER:LIST_OK
1672527655566 inf [network] > prefs SRM:JOIN_OK
1672527655567 inf [network] > subscriptions FILTERLIST:CREATE_OK
1672527655567 inf [network] > subscriptions FILTERLIST:CREATE_OK
1672527655568 inf [network] > subscriptions FILTERLIST:SET
1672527655606 inf [network] > tt7.ttmgr.tt7_8.t606769214 TOURNAMENT:JOIN_OK
1672527655608 inf [network] > lo FILTERLIST:CREATE_OK
1672527655609 inf [network] > subscriptions FILTERLIST:SET
1672527655659 inf [network] > lo FILTERLIST:SET
1672527655661 inf [network] > wam.general.t1 CHATROOM:JOIN_OK
1672527655662 inf [network] > tt7.ttmgr.tt7_8.t606769214 CHATROOM:JOIN_OK
1672527655669 inf [network] > subscriptions FILTERLIST:CREATE_OK
1672527655670 inf [network] > subscriptions FILTERLIST:SET
1672527655672 inf [network] > prefs GAMESTATS:JOIN_OK
1672527655709 inf [network] > Http https://wapi.winamax.fr/operator/winamax-tv/public ok
1672527655709 inf [api] > Service operator/winamax-tv/public
1672527655837 inf [network] > Http https://wapi.winamax.fr/operator/userdata ok
1672527655840 inf [api] > Service operator/userdata
1672527656500 inf [network] > wam.general.t1 CHATROOM:POST_INFO
1672527658105 inf [network] > wam.general.t1 CHATROOM:POST_INFO
1672527660950 inf [network] > lo FILTERLIST:UPDATE
1672527661134 inf [network] > tt7.ttmgr.tt7_8.t606769214 TOURNAMENT:STATUS
1672527665363 inf [network] < prefs TIME:GET
1672527665450 inf [network] > prefs TIME:GET_OK
1672527668942 inf [network] > wam.general.t1 CHATROOM:POST_INFO
1672527671028 inf [network] > lo FILTERLIST:SET
1672527675375 inf [network] < prefs TIME:GET
1672527675463 inf [network] > prefs TIME:GET_OK
1672527676190 inf [network] > wam.general.t1 CHATROOM:POST_INFO
1672527680977 inf [network] > lo FILTERLIST:UPDATE
1672527685382 inf [network] < prefs TIME:GET
1672527685465 inf [network] > prefs TIME:GET_OK
1672527690992 inf [network] > lo FILTERLIST:UPDATE
1672527695382 inf [network] < prefs TIME:GET
1672527695462 inf [network] > prefs TIME:GET_OK
1672527700945 inf [network] > lo FILTERLIST:UPDATE
1672527705373 inf [network] < prefs TIME:GET
1672527705463 inf [network] > prefs TIME:GET_OK
1672527705822 inf [network] > wam.general.t1 CHATROOM:POST_INFO
1672527710986 inf [network] > lo FILTERLIST:UPDATE
1672527712300 inf [network] > wam.general.t1 CHATROOM:POST_INFO
1672527715389 inf [network] < prefs TIME:GET
1672527715467 inf [network] > prefs TIME:GET_OK
1672527720990 inf [network] > lo FILTERLIST:UPDATE
1672527722024 inf [network] > tt7.ttmgr.tt7_8.t606769214 TOURNAMENT:STATUS
1672527723450 inf [network] > tt7.ttmgr.tt7_8.t606769214 TOURNAMENT:PAYOUTS
1672527724458 inf [network] > wam.general.t1 CHATROOM:POST_INFO
1672527724697 inf [network] > tt7.ttmgr.tt7_8.t606769214 TOURNAMENT:STATUS
1672527725390 inf [network] < prefs TIME:GET
1672527725435 inf [network] > prefs TIME:GET_OK
1672527727219 inf [network] > wam.general.t1 CHATROOM:POST_INFO
1672527731071 inf [network] > lo FILTERLIST:SET
1672527735398 inf [network] < prefs TIME:GET
1672527735468 inf [network] > prefs TIME:GET_OK
1672527739262 inf [network] > wam.general.t1 CHATROOM:POST_INFO
1672527741046 inf [network] > lo FILTERLIST:UPDATE
1672527745386 inf [network] < prefs TIME:GET
1672527745442 inf [network] > prefs TIME:GET_OK
1672527751277 inf [network] > lo FILTERLIST:UPDATE
1672527754152 inf [network] > tt7.ttmgr.tt7_8.t606769214 TOURNAMENT:STATUS
1672527754174 inf [network] > tt7.ttmgr.tt7_8.t606769214 TOURNAMENT:PAYOUTS
1672527755408 inf [network] < prefs TIME:GET
1672527755471 inf [network] > prefs TIME:GET_OK
1672527756624 inf [network] > tt7.ttmgr.tt7_8.t606769214 TOURNAMENT:STATUS
1672527761061 inf [network] > lo FILTERLIST:UPDATE
1672527762379 inf [network] > wam.general.t1 CHATROOM:POST_INFO
1672527765417 inf [network] < prefs TIME:GET
1672527765468 inf [network] > prefs TIME:GET_OK
1672527766221 inf [network] > wam.general.t1 CHATROOM:POST_INFO
1672527771040 inf [network] > lo FILTERLIST:UPDATE
1672527775405 inf [network] < prefs TIME:GET
1672527775444 inf [network] > prefs TIME:GET_OK
1672527781093 inf [network] > lo FILTERLIST:UPDATE
1672527785425 inf [network] < prefs TIME:GET
1672527785504 inf [network] > prefs TIME:GET_OK
1672527785817 inf [network] > wam.general.t1 CHATROOM:POST_INFO
1672527786340 inf [network] > wam.general.t1 CHATROOM:POST_INFO
1672527791443 inf [network] > lo FILTERLIST:SET
1672527795430 inf [network] < prefs TIME:GET
1672527795483 inf [network] > prefs TIME:GET_OK
1672527799767 inf [network] > wam.general.t1 CHATROOM:POST_INFO
1672527801087 inf [network] > lo FILTERLIST:UPDATE
1672527805313 inf [network] > wam.general.t1 CHATROOM:POST_INFO
1672527805438 inf [network] < prefs TIME:GET
1672527805537 inf [network] > prefs TIME:GET_OK
1672527806456 inf [network] > wam.general.t1 CHATROOM:POST_INFO
1672527807907 inf [network] > tt7.ttmgr.tt7_8.t606769214 TOURNAMENT:STATUS
1672527807909 inf [network] > tt7.ttmgr.tt7_8.t606769214 TOURNAMENT:PAYOUTS
1672527810449 inf [network] > tt7.ttmgr.tt7_8.t606769214 TOURNAMENT:STATUS
1672527811020 inf [network] > wam.general.t1 CHATROOM:POST_INFO
1672527811245 inf [network] > lo FILTERLIST:UPDATE
1672527815427 inf [network] < prefs TIME:GET
1672527815496 inf [network] > prefs TIME:GET_OK
1672527815841 inf [network] > wam.general.t1 CHATROOM:POST_INFO
1672527821277 inf [network] > lo FILTERLIST:SET
1672527821607 inf [network] > wam.general.t1 CHATROOM:POST_INFO
1672527825443 inf [network] < prefs TIME:GET
1672527825499 inf [network] > prefs TIME:GET_OK
1672527831114 inf [network] > lo FILTERLIST:UPDATE
1672527835447 inf [network] < prefs TIME:GET
1672527835502 inf [network] > prefs TIME:GET_OK
1672527841148 inf [network] > lo FILTERLIST:UPDATE
1672527842398 inf [network] > tt7.ttmgr.tt7_8.t606769214 TOURNAMENT:PAYOUTS
1672527842400 inf [network] > tt7.ttmgr.tt7_8.t606769214 TOURNAMENT:STATUS
1672527844621 inf [network] > tt7.ttmgr.tt7_8.t606769214 TOURNAMENT:STATUS
1672527845189 inf [network] > wam.general.t1 CHATROOM:POST_INFO
1672527845459 inf [network] < prefs TIME:GET
1672527845650 inf [network] > prefs TIME:GET_OK
1672527851332 inf [network] > lo FILTERLIST:SET
1672527855182 inf [network] > wam.general.t1 CHATROOM:POST_INFO
1672527855446 inf [network] < prefs TIME:GET
1672527855498 inf [network] > prefs TIME:GET_OK
1672527861161 inf [network] > lo FILTERLIST:UPDATE
1672527861827 inf [network] > tt7.ttmgr.tt7_8.t606769214 TOURNAMENT:STATUS
1672527863274 inf [network] > wam.general.t1 CHATROOM:POST_INFO
1672527863804 inf [network] > tt7.ttmgr.tt7_8.t606769214 TOURNAMENT:STATUS
1672527865464 inf [network] < prefs TIME:GET
1672527865541 inf [network] > prefs TIME:GET_OK
1672527871193 inf [network] > lo FILTERLIST:UPDATE
1672527873985 inf [network] > wam.general.t1 CHATROOM:POST_INFO
1672527875465 inf [network] < prefs TIME:GET
1672527875516 inf [network] > prefs TIME:GET_OK
1672527881274 inf [network] > lo FILTERLIST:UPDATE
1672527882044 inf [network] > wam.general.t1 CHATROOM:POST_INFO
1672527885002 inf [network] > wam.general.t1 CHATROOM:POST_INFO
1672527885450 inf [network] < prefs TIME:GET
1672527885520 inf [network] > prefs TIME:GET_OK
1672527891278 inf [network] > lo FILTERLIST:UPDATE
1672527895458 inf [network] < prefs TIME:GET
1672527895520 inf [network] > prefs TIME:GET_OK
1672527901308 inf [network] > lo FILTERLIST:UPDATE
1672527902004 inf [network] > wam.general.t1 CHATROOM:POST_INFO
1672527905472 inf [network] < prefs TIME:GET
1672527905562 inf [network] > prefs TIME:GET_OK
1672527908036 inf [network] > wam.general.t1 CHATROOM:POST_INFO
1672527909727 inf [network] > wam.general.t1 CHATROOM:POST_INFO
1672527909765 inf [network] > wam.general.t1 CHATROOM:POST_INFO
1672527912168 inf [network] > lo FILTERLIST:SET
1672527915469 inf [network] < prefs TIME:GET
1672527915524 inf [network] > prefs TIME:GET_OK
1672527917560 inf [network] > tt7.ttmgr.tt7_8.t606769214 TOURNAMENT:STATUS
1672527919583 inf [network] > tt7.ttmgr.tt7_8.t606769214 TOURNAMENT:STATUS
1672527921677 inf [network] > lo FILTERLIST:UPDATE
1672527923191 inf [network] > wam.general.t1 CHATROOM:POST_INFO
1672527925498 inf [network] < prefs TIME:GET
1672527925564 inf [network] > prefs TIME:GET_OK
1672527929564 inf [network] > wam.general.t1 CHATROOM:POST_INFO
1672527931407 inf [network] > lo FILTERLIST:UPDATE
1672527933993 inf [network] > tt7.ttmgr.tt7_8.t606769214 TOURNAMENT:STATUS
1672527934378 inf [network] > wam.general.t1 CHATROOM:POST_INFO
1672527935505 inf [network] < prefs TIME:GET
1672527935570 inf [network] > prefs TIME:GET_OK
1672527936371 inf [network] > tt7.ttmgr.tt7_8.t606769214 TOURNAMENT:STATUS
1672527941717 inf [network] > lo FILTERLIST:UPDATE
1672527943204 inf [network] > wam.general.t1 CHATROOM:POST_INFO
1672527944919 inf [network] > wam.general.t1 CHATROOM:POST_INFO
1672527945492 inf [network] < prefs TIME:GET
1672527945577 inf [network] > prefs TIME:GET_OK
1672527951365 inf [network] > lo FILTERLIST:UPDATE
1672527952758 inf [network] > wam.general.t1 CHATROOM:POST_INFO
1672527955519 inf [network] < prefs TIME:GET
1672527955616 inf [network] > prefs TIME:GET_OK
1672527957963 inf [network] > wam.general.t1 CHATROOM:POST_INFO
1672527960171 inf [network] > wam.general.t1 CHATROOM:POST_INFO
1672527964442 inf [network] > lo FILTERLIST:SET
1672527965519 inf [network] < prefs TIME:GET
1672527966319 inf [network] > prefs TIME:GET_OK
1672527971501 inf [network] > lo FILTERLIST:UPDATE
1672527973426 inf [network] > wam.general.t1 CHATROOM:POST_INFO
1672527975531 inf [network] < prefs TIME:GET
1672527975932 inf [network] > prefs TIME:GET_OK
1672527981526 inf [network] > lo FILTERLIST:UPDATE
1672527985540 inf [network] < prefs TIME:GET
1672527985599 inf [network] > prefs TIME:GET_OK
1672527991659 inf [network] > lo FILTERLIST:UPDATE
1672527995533 inf [network] < prefs TIME:GET
1672527995848 inf [network] > prefs TIME:GET_OK
1672527995850 inf [network] > wam.general.t1 CHATROOM:POST_INFO
1672527995852 inf [network] > wam.general.t1 CHATROOM:POST_INFO
1672528001671 inf [network] > lo FILTERLIST:UPDATE
1672528004601 inf [network] > wam.general.t1 CHATROOM:POST_INFO
1672528005560 inf [network] < prefs TIME:GET
1672528005719 inf [network] > prefs TIME:GET_OK
1672528009487 inf [network] > tt7.ttmgr.tt7_8.t606769214 TOURNAMENT:STATUS
1672528011565 inf [network] > lo FILTERLIST:UPDATE
1672528011670 inf [network] > tt7.ttmgr.tt7_8.t606769214 TOURNAMENT:STATUS
1672528014637 inf [network] > wam.general.t1 CHATROOM:POST_INFO
1672528015310 inf [network] > wam.general.t1 CHATROOM:POST_INFO
1672528015568 inf [network] < prefs TIME:GET
1672528015662 inf [network] > prefs TIME:GET_OK
1672528020524 inf [network] > wam.general.t1 CHATROOM:POST_INFO
1672528021660 inf [network] > lo FILTERLIST:SET
1672528025402 inf [network] > wam.general.t1 CHATROOM:POST_INFO
1672528025584 inf [network] < prefs TIME:GET
1672528025679 inf [network] > prefs TIME:GET_OK
1672528031461 inf [network] > lo FILTERLIST:UPDATE
1672528035597 inf [network] < prefs TIME:GET
1672528035682 inf [network] > prefs TIME:GET_OK
1672528040628 inf [network] > wam.general.t1 CHATROOM:POST_INFO
1672528042045 inf [network] > lo FILTERLIST:UPDATE
1672528045589 inf [network] < prefs TIME:GET
1672528045823 inf [network] > prefs TIME:GET_OK
1672528051694 inf [network] > lo FILTERLIST:UPDATE
1672528055600 inf [network] < prefs TIME:GET
1672528055819 inf [network] > prefs TIME:GET_OK
1672528059547 inf [network] > wam.general.t1 CHATROOM:POST_INFO
1672528061378 inf [network] > wam.general.t1 CHATROOM:POST_INFO
1672528061988 inf [network] > lo FILTERLIST:UPDATE
1672528065619 inf [network] < prefs TIME:GET
1672528065661 inf [network] > prefs TIME:GET_OK
1672528072215 inf [network] > lo FILTERLIST:UPDATE
1672528075603 inf [network] < prefs TIME:GET
1672528075836 inf [network] > prefs TIME:GET_OK
1672528081956 inf [network] > lo FILTERLIST:UPDATE
1672528085627 inf [network] < prefs TIME:GET
1672528085984 inf [network] > prefs TIME:GET_OK
1672528091920 inf [network] > lo FILTERLIST:UPDATE
1672528094752 inf [network] > wam.general.t1 CHATROOM:POST_INFO
1672528095633 inf [network] < prefs TIME:GET
1672528095748 inf [network] > prefs TIME:GET_OK
1672528101815 inf [network] > lo FILTERLIST:UPDATE
1672528105635 inf [network] < prefs TIME:GET
1672528105724 inf [network] > prefs TIME:GET_OK
1672528112036 inf [network] > lo FILTERLIST:UPDATE
1672528115639 inf [network] < prefs TIME:GET
1672528115703 inf [network] > prefs TIME:GET_OK
1672528121562 inf [network] > wam.general.t1 CHATROOM:POST_INFO
1672528121822 inf [network] > lo FILTERLIST:UPDATE
1672528125651 inf [network] < prefs TIME:GET
1672528125811 inf [network] > prefs TIME:GET_OK
1672528128793 inf [network] > wam.general.t1 CHATROOM:POST_INFO
1672528130441 inf [network] > tt7.ttmgr.tt7_8.t606769214 TOURNAMENT:STATUS
1672528131859 inf [network] > lo FILTERLIST:UPDATE
1672528132544 inf [network] > tt7.ttmgr.tt7_8.t606769214 TOURNAMENT:STATUS
1672528135659 inf [network] < prefs TIME:GET
1672528135886 inf [network] > prefs TIME:GET_OK
1672528140237 inf [network] > wam.general.t1 CHATROOM:POST_INFO
1672528142200 inf [network] > lo FILTERLIST:UPDATE
1672528143174 inf [network] > wam.general.t1 CHATROOM:POST_INFO
1672528145645 inf [network] < prefs TIME:GET
1672528145727 inf [network] > prefs TIME:GET_OK
1672528151703 inf [network] > lo FILTERLIST:UPDATE
1672528154917 inf [network] > tt7.ttmgr.tt7_8.t606769214 TOURNAMENT:STATUS
1672528155647 inf [network] < prefs TIME:GET
1672528155699 inf [network] > prefs TIME:GET_OK
1672528157350 inf [network] > tt7.ttmgr.tt7_8.t606769214 TOURNAMENT:STATUS
1672528161644 inf [network] > lo FILTERLIST:UPDATE
1672528165660 inf [network] < prefs TIME:GET
1672528165712 inf [network] > prefs TIME:GET_OK
1672528171654 inf [network] > lo FILTERLIST:UPDATE
1672528173969 inf [network] > wam.general.t1 CHATROOM:POST_INFO
1672528175669 inf [network] < prefs TIME:GET
1672528175814 inf [network] > prefs TIME:GET_OK
1672528176262 inf [network] > wam.general.t1 CHATROOM:POST_INFO
1672528181755 inf [network] > lo FILTERLIST:UPDATE
1672528182061 inf [network] > wam.general.t1 CHATROOM:POST_INFO
1672528185680 inf [network] < prefs TIME:GET
1672528185744 inf [network] > prefs TIME:GET_OK
1672528191800 inf [network] > lo FILTERLIST:UPDATE
1672528192898 inf [network] > wam.general.t1 CHATROOM:POST_INFO
1672528195669 inf [network] < prefs TIME:GET
1672528195743 inf [network] > prefs TIME:GET_OK
1672528201894 inf [network] > lo FILTERLIST:UPDATE
1672528205689 inf [network] < prefs TIME:GET
1672528205803 inf [network] > prefs TIME:GET_OK
1672528211840 inf [network] > lo FILTERLIST:UPDATE
1672528212605 inf [network] > wam.general.t1 CHATROOM:POST_INFO
1672528214057 inf [network] > wam.general.t1 CHATROOM:POST_INFO
1672528215688 inf [network] < prefs TIME:GET
1672528215789 inf [network] > prefs TIME:GET_OK
1672528221684 inf [network] > lo FILTERLIST:UPDATE
1672528225709 inf [network] < prefs TIME:GET
1672528225768 inf [network] > prefs TIME:GET_OK
1672528228700 inf [network] > wam.general.t1 CHATROOM:POST_INFO
1672528231876 inf [network] > lo FILTERLIST:UPDATE
1672528235698 inf [network] < prefs TIME:GET
1672528235780 inf [network] > prefs TIME:GET_OK
1672528241879 inf [network] > lo FILTERLIST:UPDATE
1672528244780 inf [network] > wam.general.t1 CHATROOM:POST_INFO
1672528245715 inf [network] < prefs TIME:GET
1672528245780 inf [network] > prefs TIME:GET_OK
1672528249779 inf [network] > wam.general.t1 CHATROOM:POST_INFO
1672528251859 inf [network] > lo FILTERLIST:UPDATE
1672528255345 inf [api] < Service operator/userdata
1672528255347 inf [network] > Http https://wapi.winamax.fr/operator/userdata post
1672528255350 inf [network] < prefs CASHIER:GET
1672528255351 inf [network] < prefs CASHIER:LIST
1672528255352 inf [network] < prefs CASHIER:GET
1672528255354 inf [network] < prefs CASHIER:LIST
1672528255403 inf [network] > prefs CASHIER:GET_OK
1672528255413 inf [network] > prefs CASHIER:LIST_OK
1672528255414 inf [network] > prefs CASHIER:GET_OK
1672528255567 inf [network] > prefs CASHIER:LIST_OK
1672528255721 inf [network] < prefs TIME:GET
1672528255951 inf [network] > Http https://wapi.winamax.fr/operator/userdata ok
1672528255953 inf [api] > Service operator/userdata
1672528256355 inf [network] > prefs TIME:GET_OK
1672528261676 inf [network] > lo FILTERLIST:UPDATE
1672528265726 inf [network] < prefs TIME:GET
1672528265824 inf [network] > prefs TIME:GET_OK
1672528271728 inf [network] > lo FILTERLIST:UPDATE
1672528272540 inf [network] > wam.general.t1 CHATROOM:POST_INFO
1672528273110 inf [network] > tt7.ttmgr.tt7_8.t606769214 TOURNAMENT:STATUS
1672528275601 inf [network] > tt7.ttmgr.tt7_8.t606769214 TOURNAMENT:STATUS
1672528275709 inf [network] > wam.general.t1 CHATROOM:POST_INFO
1672528275733 inf [network] < prefs TIME:GET
1672528275787 inf [network] > prefs TIME:GET_OK
1672528281830 inf [network] > lo FILTERLIST:UPDATE
1672528285419 inf [network] > wam.general.t1 CHATROOM:POST_INFO
1672528285748 inf [network] < prefs TIME:GET
1672528285860 inf [network] > prefs TIME:GET_OK
1672528292409 inf [network] > lo FILTERLIST:UPDATE
1672528295761 inf [network] < prefs TIME:GET
1672528295827 inf [network] > prefs TIME:GET_OK
1672528302019 inf [network] > lo FILTERLIST:UPDATE
1672528305753 inf [network] < prefs TIME:GET
1672528305854 inf [network] > prefs TIME:GET_OK
1672528312214 inf [network] > lo FILTERLIST:UPDATE
1672528315776 inf [network] < prefs TIME:GET
1672528315865 inf [network] > prefs TIME:GET_OK
1672528318449 inf [network] > wam.general.t1 CHATROOM:POST_INFO
1672528321925 inf [network] > lo FILTERLIST:SET
1672528322278 inf [network] > tt7.ttmgr.tt7_8.t606769214 TOURNAMENT:STATUS
1672528325771 inf [network] < prefs TIME:GET
1672528325829 inf [network] > prefs TIME:GET_OK
1672528328059 inf [network] > wam.general.t1 CHATROOM:POST_INFO
1672528331956 inf [network] > lo FILTERLIST:UPDATE
1672528335772 inf [network] < prefs TIME:GET
1672528335849 inf [network] > prefs TIME:GET_OK
1672528340221 inf [network] > wam.general.t1 CHATROOM:POST_INFO
1672528342275 inf [network] > lo FILTERLIST:UPDATE
1672528345800 inf [network] < prefs TIME:GET
1672528345900 inf [network] > prefs TIME:GET_OK
1672528351350 inf [network] > tt7.ttmgr.tt7_8.t606769214 TOURNAMENT:STATUS
1672528352174 inf [network] > lo FILTERLIST:UPDATE
1672528352179 inf [network] > wam.general.t1 CHATROOM:POST_INFO
1672528353431 inf [network] > tt7.ttmgr.tt7_8.t606769214 TOURNAMENT:STATUS
1672528355801 inf [network] < prefs TIME:GET
1672528355897 inf [network] > prefs TIME:GET_OK
1672528358777 inf [network] > wam.general.t1 CHATROOM:POST_INFO
1672528361110 inf [network] > wam.general.t1 CHATROOM:POST_INFO
1672528362023 inf [network] > lo FILTERLIST:UPDATE
1672528365809 inf [network] < prefs TIME:GET
1672528365869 inf [network] > prefs TIME:GET_OK
1672528372110 inf [network] > lo FILTERLIST:UPDATE
1672528375796 inf [network] < prefs TIME:GET
1672528375862 inf [network] > prefs TIME:GET_OK
1672528381970 inf [network] > lo FILTERLIST:UPDATE
1672528385818 inf [network] < prefs TIME:GET
1672528385898 inf [network] > prefs TIME:GET_OK
1672528391996 inf [network] > lo FILTERLIST:UPDATE
1672528395822 inf [network] < prefs TIME:GET
1672528395902 inf [network] > prefs TIME:GET_OK
1672528396467 inf [network] > wam.general.t1 CHATROOM:POST_INFO
1672528399706 inf [network] > tt7.ttmgr.tt7_8.t606769214 TOURNAMENT:STATUS
1672528401968 inf [network] > tt7.ttmgr.tt7_8.t606769214 TOURNAMENT:STATUS
1672528402076 inf [network] > lo FILTERLIST:UPDATE
1672528404300 inf [network] > wam.general.t1 CHATROOM:POST_INFO
1672528405811 inf [network] < prefs TIME:GET
1672528405863 inf [network] > prefs TIME:GET_OK
1672528412053 inf [network] > lo FILTERLIST:UPDATE
1672528415836 inf [network] < prefs TIME:GET
1672528415940 inf [network] > prefs TIME:GET_OK
1672528419512 inf [network] > wam.general.t1 CHATROOM:POST_INFO
1672528422379 inf [network] > lo FILTERLIST:UPDATE
1672528425839 inf [network] < prefs TIME:GET
1672528425897 inf [network] > prefs TIME:GET_OK
1672528430714 inf [network] > tt7.ttmgr.tt7_8.t606769214 TOURNAMENT:STATUS
1672528432141 inf [network] > lo FILTERLIST:UPDATE
1672528432701 inf [network] > tt7.ttmgr.tt7_8.t606769214 TOURNAMENT:STATUS
1672528433676 inf [network] > wam.general.t1 CHATROOM:POST_INFO
1672528435750 inf [network] > wam.general.t1 CHATROOM:POST_INFO
1672528435846 inf [network] < prefs TIME:GET
1672528436159 inf [network] > prefs TIME:GET_OK
1672528442177 inf [network] > lo FILTERLIST:UPDATE
1672528445813 inf [network] > tt7.ttmgr.tt7_8.t606769214 TOURNAMENT:STATUS
1672528445841 inf [network] < prefs TIME:GET
1672528445899 inf [network] > prefs TIME:GET_OK
1672528448544 inf [network] > tt7.ttmgr.tt7_8.t606769214 TOURNAMENT:STATUS
1672528450903 inf [network] > wam.general.t1 CHATROOM:POST_INFO
1672528452145 inf [network] > lo FILTERLIST:UPDATE
1672528455857 inf [network] < prefs TIME:GET
1672528455914 inf [network] > prefs TIME:GET_OK
1672528458298 inf [network] > wam.general.t1 CHATROOM:POST_INFO
1672528462230 inf [network] > lo FILTERLIST:UPDATE
1672528462233 inf [network] > wam.general.t1 CHATROOM:POST_INFO
1672528465856 inf [network] < prefs TIME:GET
1672528466125 inf [network] > prefs TIME:GET_OK
1672528467276 inf [network] > wam.general.t1 CHATROOM:POST_INFO
1672528469431 inf [network] > wam.general.t1 CHATROOM:POST_INFO
1672528471750 inf [network] > tt7.ttmgr.tt7_8.t606769214 TOURNAMENT:STATUS
1672528472295 inf [network] > lo FILTERLIST:UPDATE
1672528474553 inf [network] > wam.general.t1 CHATROOM:POST_INFO
1672528474626 inf [network] > tt7.ttmgr.tt7_8.t606769214 TOURNAMENT:STATUS
1672528475182 inf [network] > wam.general.t1 CHATROOM:POST_INFO
1672528475852 inf [network] < prefs TIME:GET
1672528475940 inf [network] > prefs TIME:GET_OK
1672528480705 inf [network] > wam.general.t1 CHATROOM:POST_INFO
1672528482429 inf [network] > lo FILTERLIST:UPDATE
1672528482433 inf [network] > wam.general.t1 CHATROOM:POST_INFO
1672528485874 inf [network] < prefs TIME:GET
1672528485939 inf [network] > prefs TIME:GET_OK
1672528489417 inf [network] > wam.general.t1 CHATROOM:POST_INFO
1672528489820 inf [network] > wam.general.t1 CHATROOM:POST_INFO
1672528492212 inf [network] > lo FILTERLIST:UPDATE
1672528495881 inf [network] < prefs TIME:GET
1672528495932 inf [network] > prefs TIME:GET_OK
1672528500700 inf [network] > prefs NOTIFICATION:POST_INFO
1672528502205 inf [network] > lo FILTERLIST:SET
1672528504028 inf [network] > tt7.ttmgr.tt7_8.t606769214 TOURNAMENT:STATUS
1672528505882 inf [network] < prefs TIME:GET
1672528505922 inf [network] > prefs TIME:GET_OK
1672528506626 inf [network] > tt7.ttmgr.tt7_8.t606769214 TOURNAMENT:STATUS
1672528510226 inf [network] > wam.general.t1 CHATROOM:POST_INFO
1672528512183 inf [network] > lo FILTERLIST:SET
1672528515899 inf [network] < prefs TIME:GET
1672528515983 inf [network] > prefs TIME:GET_OK
1672528521261 inf [network] > wam.general.t1 CHATROOM:POST_INFO
1672528522182 inf [network] > lo FILTERLIST:UPDATE
1672528524233 inf [network] > wam.general.t1 CHATROOM:POST_INFO
1672528525915 inf [network] < prefs TIME:GET
1672528525996 inf [network] > prefs TIME:GET_OK
1672528532072 inf [network] > lo FILTERLIST:UPDATE
1672528534300 inf [network] > wam.general.t1 CHATROOM:POST_INFO
1672528535262 inf [network] > wam.general.t1 CHATROOM:POST_INFO
1672528535900 inf [network] < prefs TIME:GET
1672528535959 inf [network] > prefs TIME:GET_OK
1672528541900 inf [network] > wam.general.t1 CHATROOM:POST_INFO
1672528542319 inf [network] > lo FILTERLIST:UPDATE
1672528544388 inf [network] > tt7.ttmgr.tt7_8.t606769214 TOURNAMENT:STATUS
1672528545928 inf [network] < prefs TIME:GET
1672528545975 inf [network] > prefs TIME:GET_OK
1672528546631 inf [network] > tt7.ttmgr.tt7_8.t606769214 TOURNAMENT:STATUS
1672528548181 inf [network] > wam.general.t1 CHATROOM:POST_INFO
1672528551743 inf [network] > wam.general.t1 CHATROOM:POST_INFO
1672528552586 inf [network] > lo FILTERLIST:UPDATE
1672528555344 inf [api] < Service operator/winamax-tv/public
1672528555345 inf [network] > Http https://wapi.winamax.fr/operator/winamax-tv/public post
1672528555569 inf [network] > wam.general.t1 CHATROOM:POST_INFO
1672528555629 inf [network] > Http https://wapi.winamax.fr/operator/winamax-tv/public ok
1672528555630 inf [api] > Service operator/winamax-tv/public
1672528555938 inf [network] < prefs TIME:GET
1672528555982 inf [network] > prefs TIME:GET_OK
1672528562023 inf [network] > wam.general.t1 CHATROOM:POST_INFO
1672528562439 inf [network] > lo FILTERLIST:SET
1672528563864 inf [network] > wam.general.t1 CHATROOM:POST_INFO
1672528565942 inf [network] < prefs TIME:GET
1672528566016 inf [network] > prefs TIME:GET_OK
1672528567942 inf [network] > wam.general.t1 CHATROOM:POST_INFO
1672528570384 inf [network] > wam.general.t1 CHATROOM:POST_INFO
1672528570459 inf [network] > wam.general.t1 CHATROOM:POST_INFO
1672528572365 inf [network] > lo FILTERLIST:SET
1672528575959 inf [network] < prefs TIME:GET
1672528576031 inf [network] > prefs TIME:GET_OK
1672528578082 inf [network] > wam.general.t1 CHATROOM:POST_INFO
1672528580946 inf [network] > tt7.ttmgr.tt7_8.t606769214 TOURNAMENT:STATUS
1672528582172 inf [network] > lo FILTERLIST:UPDATE
1672528583670 inf [network] > tt7.ttmgr.tt7_8.t606769214 TOURNAMENT:STATUS
1672528585970 inf [network] < prefs TIME:GET
1672528586056 inf [network] > prefs TIME:GET_OK
1672528589306 inf [network] > wam.general.t1 CHATROOM:POST_INFO
1672528591274 inf [network] > wam.general.t1 CHATROOM:POST_INFO
1672528591555 inf [network] > tt7.ttmgr.tt7_8.t606769214 TOURNAMENT:STATUS
1672528592169 inf [network] > lo FILTERLIST:UPDATE
1672528593560 inf [network] > tt7.ttmgr.tt7_8.t606769214 TOURNAMENT:STATUS
1672528595958 inf [network] < prefs TIME:GET
1672528596020 inf [network] > prefs TIME:GET_OK
1672528597741 inf [network] > wam.general.t1 CHATROOM:POST_INFO
1672528602295 inf [network] > lo FILTERLIST:UPDATE
1672528605965 inf [network] < prefs TIME:GET
1672528606029 inf [network] > prefs TIME:GET_OK
1672528612229 inf [network] > lo FILTERLIST:UPDATE
1672528615987 inf [network] < prefs TIME:GET
1672528616036 inf [network] > prefs TIME:GET_OK
1672528622259 inf [network] > lo FILTERLIST:UPDATE
1672528625991 inf [network] < prefs TIME:GET
1672528626048 inf [network] > prefs TIME:GET_OK
1672528632235 inf [network] > lo FILTERLIST:UPDATE
1672528635995 inf [network] < prefs TIME:GET
1672528636078 inf [network] > prefs TIME:GET_OK
1672528638788 inf [network] > wam.general.t1 CHATROOM:POST_INFO
1672528642212 inf [network] > lo FILTERLIST:UPDATE
1672528645998 inf [network] < prefs TIME:GET
1672528646063 inf [network] > prefs TIME:GET_OK
1672528652330 inf [network] > lo FILTERLIST:UPDATE
1672528656010 inf [network] < prefs TIME:GET
1672528656095 inf [network] > prefs TIME:GET_OK
1672528662316 inf [network] > lo FILTERLIST:UPDATE
1672528662898 inf [network] > wam.general.t1 CHATROOM:POST_INFO
1672528666002 inf [network] < prefs TIME:GET
1672528666091 inf [network] > prefs TIME:GET_OK
1672528670460 inf [network] > wam.general.t1 CHATROOM:POST_INFO
1672528670546 inf [network] > wam.general.t1 CHATROOM:POST_INFO
1672528671305 inf [network] > wam.general.t1 CHATROOM:POST_INFO
1672528672329 inf [network] > lo FILTERLIST:UPDATE
1672528676010 inf [network] < prefs TIME:GET
1672528676075 inf [network] > prefs TIME:GET_OK
1672528682446 inf [network] > lo FILTERLIST:SET
1672528686040 inf [network] < prefs TIME:GET
1672528686098 inf [network] > prefs TIME:GET_OK
1672528689829 inf [network] > wam.general.t1 CHATROOM:POST_INFO
1672528692720 inf [network] > lo FILTERLIST:UPDATE
1672528696050 inf [network] < prefs TIME:GET
1672528696102 inf [network] > prefs TIME:GET_OK
1672528702331 inf [network] > lo FILTERLIST:UPDATE
1672528703560 inf [network] > wam.general.t1 CHATROOM:POST_INFO
1672528705897 inf [network] > wam.general.t1 CHATROOM:POST_INFO
1672528706050 inf [network] < prefs TIME:GET
1672528706096 inf [network] > prefs TIME:GET_OK
1672528712555 inf [network] > lo FILTERLIST:UPDATE
1672528716038 inf [network] < prefs TIME:GET
1672528716101 inf [network] > prefs TIME:GET_OK
1672528718461 inf [network] > wam.general.t1 CHATROOM:POST_INFO
1672528722433 inf [network] > lo FILTERLIST:UPDATE
1672528726064 inf [network] < prefs TIME:GET
1672528726143 inf [network] > prefs TIME:GET_OK
1672528727288 inf [network] > wam.general.t1 CHATROOM:POST_INFO
1672528730093 inf [network] > wam.general.t1 CHATROOM:POST_INFO
1672528730468 inf [network] > tt7.ttmgr.tt7_8.t606769214 TOURNAMENT:STATUS
1672528732304 inf [network] > lo FILTERLIST:UPDATE
1672528732621 inf [network] > tt7.ttmgr.tt7_8.t606769214 TOURNAMENT:STATUS
1672528735263 inf [network] > wam.general.t1 CHATROOM:POST_INFO
1672528736052 inf [network] < prefs TIME:GET
1672528736116 inf [network] > prefs TIME:GET_OK
1672528741373 inf [network] > tt7.ttmgr.tt7_8.t606769214 TOURNAMENT:STATUS
1672528742353 inf [network] > lo FILTERLIST:UPDATE
1672528743627 inf [network] > tt7.ttmgr.tt7_8.t606769214 TOURNAMENT:STATUS
1672528746079 inf [network] < prefs TIME:GET
1672528746153 inf [network] > prefs TIME:GET_OK
1672528746428 inf [network] > wam.general.t1 CHATROOM:POST_INFO
1672528746767 inf [network] > wam.general.t1 CHATROOM:POST_INFO
1672528749821 inf [network] > wam.general.t1 CHATROOM:POST_INFO
1672528752329 inf [network] > lo FILTERLIST:UPDATE
1672528756090 inf [network] < prefs TIME:GET
1672528756163 inf [network] > prefs TIME:GET_OK
1672528762396 inf [network] > lo FILTERLIST:UPDATE
1672528763750 inf [network] > wam.general.t1 CHATROOM:POST_INFO
1672528766097 inf [network] < prefs TIME:GET
1672528766179 inf [network] > prefs TIME:GET_OK
1672528772449 inf [network] > lo FILTERLIST:UPDATE
1672528773100 inf [network] > wam.general.t1 CHATROOM:POST_INFO
1672528775342 inf [network] > wam.general.t1 CHATROOM:POST_INFO
1672528776107 inf [network] < prefs TIME:GET
1672528776180 inf [network] > prefs TIME:GET_OK
1672528778029 inf [network] > wam.general.t1 CHATROOM:POST_INFO
1672528782545 inf [network] > lo FILTERLIST:UPDATE
1672528786101 inf [network] < prefs TIME:GET
1672528786164 inf [network] > prefs TIME:GET_OK
1672528791417 inf [network] > wam.general.t1 CHATROOM:POST_INFO
1672528792464 inf [network] > lo FILTERLIST:UPDATE
1672528795655 inf [network] > wam.general.t1 CHATROOM:POST_INFO
1672528796120 inf [network] < prefs TIME:GET
1672528796197 inf [network] > prefs TIME:GET_OK
1672528798788 inf [network] > wam.general.t1 CHATROOM:POST_INFO
1672528802423 inf [network] > lo FILTERLIST:SET
1672528802427 inf [network] > tt7.ttmgr.tt7_8.t606769214 TOURNAMENT:STATUS
1672528806113 inf [network] < prefs TIME:GET
1672528806183 inf [network] > prefs TIME:GET_OK
1672528808228 inf [network] > wam.general.t1 CHATROOM:POST_INFO
1672528810458 inf [network] > wam.general.t1 CHATROOM:POST_INFO
1672528812431 inf [network] > lo FILTERLIST:SET
1672528816140 inf [network] < prefs TIME:GET
1672528816226 inf [network] > prefs TIME:GET_OK
1672528822476 inf [network] > lo FILTERLIST:UPDATE
1672528822862 inf [network] > wam.general.t1 CHATROOM:POST_INFO
1672528825904 inf [network] > wam.general.t1 CHATROOM:POST_INFO
1672528826142 inf [network] < prefs TIME:GET
1672528826216 inf [network] > prefs TIME:GET_OK
1672528826340 inf [network] > wam.general.t1 CHATROOM:POST_INFO
1672528828982 inf [network] > wam.general.t1 CHATROOM:POST_INFO
1672528832425 inf [network] > lo FILTERLIST:UPDATE
1672528836141 inf [network] < prefs TIME:GET
1672528836221 inf [network] > prefs TIME:GET_OK
1672528837780 inf [network] > wam.general.t1 CHATROOM:POST_INFO
1672528842476 inf [network] > lo FILTERLIST:UPDATE
1672528844623 inf [network] > wam.general.t1 CHATROOM:POST_INFO
1672528846153 inf [network] < prefs TIME:GET
1672528846263 inf [network] > prefs TIME:GET_OK
1672528852444 inf [network] > lo FILTERLIST:UPDATE
1672528855358 inf [api] < Service operator/userdata
1672528855359 inf [network] > Http https://wapi.winamax.fr/operator/userdata post
1672528855363 inf [network] < prefs CASHIER:GET
1672528855364 inf [network] < prefs CASHIER:LIST
1672528855365 inf [network] < prefs CASHIER:GET
1672528855365 inf [network] < prefs CASHIER:LIST
1672528855420 inf [network] > prefs CASHIER:GET_OK
1672528855437 inf [network] > prefs CASHIER:LIST_OK
1672528855438 inf [network] > prefs CASHIER:GET_OK
1672528855461 inf [network] > prefs CASHIER:LIST_OK
1672528855776 inf [network] > Http https://wapi.winamax.fr/operator/userdata ok
1672528855778 inf [api] > Service operator/userdata
1672528856140 inf [network] < prefs TIME:GET
1672528856198 inf [network] > prefs TIME:GET_OK
1672528863061 inf [network] > lo FILTERLIST:SET
1672528866164 inf [network] < prefs TIME:GET
1672528866218 inf [network] > prefs TIME:GET_OK
1672528873047 inf [network] > lo FILTERLIST:UPDATE
1672528876171 inf [network] < prefs TIME:GET
1672528876255 inf [network] > prefs TIME:GET_OK
1672528877345 inf [network] > wam.general.t1 CHATROOM:POST_INFO
1672528883056 inf [network] > lo FILTERLIST:UPDATE
1672528886165 inf [network] < prefs TIME:GET
1672528886227 inf [network] > prefs TIME:GET_OK
1672528887494 inf [network] > wam.general.t1 CHATROOM:POST_INFO
1672528893006 inf [network] > lo FILTERLIST:UPDATE
1672528893007 inf [network] > tt7.ttmgr.tt7_8.t606769214 TOURNAMENT:STATUS
1672528895132 inf [network] > tt7.ttmgr.tt7_8.t606769214 TOURNAMENT:STATUS
1672528896188 inf [network] < prefs TIME:GET
1672528896241 inf [network] > prefs TIME:GET_OK
1672528902516 inf [network] > lo FILTERLIST:UPDATE
1672528903550 inf [network] > wam.general.t1 CHATROOM:POST_INFO
1672528906192 inf [network] < prefs TIME:GET
1672528906259 inf [network] > prefs TIME:GET_OK
1672528911963 inf [network] > wam.general.t1 CHATROOM:POST_INFO
1672528912497 inf [network] > lo FILTERLIST:UPDATE
1672528913354 inf [network] > prefs GAMESTATS:INFO
1672528916198 inf [network] < prefs TIME:GET
1672528916318 inf [network] > prefs TIME:GET_OK
1672528918770 inf [network] > tt7.ttmgr.tt7_8.t606769214 TOURNAMENT:STATUS
1672528921564 inf [network] > tt7.ttmgr.tt7_8.t606769214 TOURNAMENT:STATUS
1672528922561 inf [network] > lo FILTERLIST:UPDATE
1672528926208 inf [network] < prefs TIME:GET
1672528926272 inf [network] > prefs TIME:GET_OK
1672528927366 inf [network] > tt7.ttmgr.tt7_8.t606769214 TOURNAMENT:STATUS
1672528929238 inf [network] > wam.general.t1 CHATROOM:POST_INFO
1672528929683 inf [network] > tt7.ttmgr.tt7_8.t606769214 TOURNAMENT:STATUS
1672528932972 inf [network] > lo FILTERLIST:UPDATE
1672528936218 inf [network] < prefs TIME:GET
1672528936281 inf [network] > prefs TIME:GET_OK
1672528939746 inf [network] > wam.general.t1 CHATROOM:POST_INFO
1672528943068 inf [network] > lo FILTERLIST:UPDATE
1672528943924 inf [network] > wam.general.t1 CHATROOM:POST_INFO
1672528946229 inf [network] < prefs TIME:GET
1672528946275 inf [network] > prefs TIME:GET_OK
1672528953116 inf [network] > lo FILTERLIST:UPDATE
1672528956237 inf [network] < prefs TIME:GET
1672528956292 inf [network] > wam.general.t1 CHATROOM:POST_INFO
1672528956294 inf [network] > prefs TIME:GET_OK
1672528962793 inf [network] > lo FILTERLIST:UPDATE
1672528964190 inf [network] > wam.general.t1 CHATROOM:POST_INFO
1672528966238 inf [network] < prefs TIME:GET
1672528966305 inf [network] > prefs TIME:GET_OK
1672528972584 inf [network] > lo FILTERLIST:UPDATE
1672528976259 inf [network] < prefs TIME:GET
1672528976345 inf [network] > prefs TIME:GET_OK
1672528983348 inf [network] > lo FILTERLIST:UPDATE
1672528986260 inf [network] < prefs TIME:GET
1672528986341 inf [network] > prefs TIME:GET_OK
1672528993234 inf [network] > lo FILTERLIST:UPDATE
1672528993242 inf [network] > wam.general.t1 CHATROOM:POST_INFO
1672528996252 inf [network] < prefs TIME:GET
1672528996326 inf [network] > prefs TIME:GET_OK
1672528998297 inf [network] > wam.general.t1 CHATROOM:POST_INFO
1672528999918 inf [network] > wam.general.t1 CHATROOM:POST_INFO
1672529003188 inf [network] > lo FILTERLIST:UPDATE
1672529006269 inf [network] < prefs TIME:GET
1672529006476 inf [network] > prefs TIME:GET_OK
1672529013239 inf [network] > lo FILTERLIST:UPDATE
1672529016274 inf [network] < prefs TIME:GET
1672529016389 inf [network] > prefs TIME:GET_OK
1672529020146 inf [network] > wam.general.t1 CHATROOM:POST_INFO
1672529022746 inf [network] > lo FILTERLIST:UPDATE
1672529026283 inf [network] < prefs TIME:GET
1672529026356 inf [network] > prefs TIME:GET_OK
1672529026545 inf [network] > wam.general.t1 CHATROOM:POST_INFO
1672529032727 inf [network] > lo FILTERLIST:UPDATE
1672529035531 inf [network] > wam.general.t1 CHATROOM:POST_INFO
1672529035629 inf [network] > wam.general.t1 CHATROOM:POST_INFO
1672529036284 inf [network] < prefs TIME:GET
1672529036373 inf [network] > wam.general.t1 CHATROOM:POST_INFO
1672529036379 inf [network] > prefs TIME:GET_OK
1672529039354 inf [network] > wam.general.t1 CHATROOM:POST_INFO
1672529042707 inf [network] > lo FILTERLIST:UPDATE
1672529046288 inf [network] < prefs TIME:GET
1672529046346 inf [network] > prefs TIME:GET_OK
1672529047565 inf [network] > tt7.ttmgr.tt7_8.t606769214 TOURNAMENT:STATUS
1672529050195 inf [network] > tt7.ttmgr.tt7_8.t606769214 TOURNAMENT:STATUS
1672529052726 inf [network] > lo FILTERLIST:UPDATE
1672529056293 inf [network] < prefs TIME:GET
1672529056344 inf [network] > prefs TIME:GET_OK
1672529057593 inf [network] > wam.general.t1 CHATROOM:POST_INFO
1672529062801 inf [network] > lo FILTERLIST:UPDATE
1672529064383 inf [network] > wam.general.t1 CHATROOM:POST_INFO
1672529066282 inf [network] < prefs TIME:GET
1672529066362 inf [network] > prefs TIME:GET_OK
1672529072762 inf [network] > lo FILTERLIST:UPDATE
1672529073459 inf [network] > wam.general.t1 CHATROOM:POST_INFO
1672529076299 inf [network] < prefs TIME:GET
1672529076386 inf [network] > prefs TIME:GET_OK
1672529076941 inf [network] > wam.general.t1 CHATROOM:POST_INFO
1672529082855 inf [network] > lo FILTERLIST:UPDATE
1672529086301 inf [network] < prefs TIME:GET
1672529086390 inf [network] > prefs TIME:GET_OK
1672529089349 inf [network] > wam.general.t1 CHATROOM:POST_INFO
1672529093304 inf [network] > lo FILTERLIST:UPDATE
1672529093306 inf [network] > wam.general.t1 CHATROOM:POST_INFO
1672529096328 inf [network] < prefs TIME:GET
1672529096399 inf [network] > prefs TIME:GET_OK
1672529103062 inf [network] > lo FILTERLIST:SET
1672529104061 inf [network] > wam.general.t1 CHATROOM:POST_INFO
1672529106320 inf [network] < prefs TIME:GET
1672529106383 inf [network] > prefs TIME:GET_OK
1672529113339 inf [network] > lo FILTERLIST:SET
1672529116330 inf [network] < prefs TIME:GET
1672529116422 inf [network] > prefs TIME:GET_OK
1672529123205 inf [network] > lo FILTERLIST:UPDATE
1672529126358 inf [network] < prefs TIME:GET
1672529126549 inf [network] > prefs TIME:GET_OK
1672529133009 inf [network] > lo FILTERLIST:UPDATE
1672529136348 inf [network] < prefs TIME:GET
1672529136414 inf [network] > prefs TIME:GET_OK
1672529140279 inf [network] > wam.general.t1 CHATROOM:POST_INFO
1672529143940 inf [network] > lo FILTERLIST:UPDATE
1672529146363 inf [network] < prefs TIME:GET
1672529146405 inf [network] > prefs TIME:GET_OK
1672529146664 inf [network] > wam.general.t1 CHATROOM:POST_INFO
1672529149226 inf [network] > wam.general.t1 CHATROOM:POST_INFO
1672529152836 inf [network] > lo FILTERLIST:UPDATE
1672529156381 inf [network] < prefs TIME:GET
1672529156481 inf [network] > prefs TIME:GET_OK
1672529160063 inf [network] > wam.general.t1 CHATROOM:POST_INFO
1672529163717 inf [network] > lo FILTERLIST:SET
1672529163757 inf [network] > wam.general.t1 CHATROOM:POST_INFO
1672529166367 inf [network] < prefs TIME:GET
1672529166406 inf [network] > prefs TIME:GET_OK
1672529172991 inf [network] > lo FILTERLIST:SET
1672529176381 inf [network] < prefs TIME:GET
1672529176439 inf [network] > prefs TIME:GET_OK
1672529182288 inf [app] Exit
1672529182293 inf [tracker] Closed
1672529182311 inf [network] Registering channel lo
1672529182312 inf [network] Registering channel tt7.ttmgr.tt7_8.t606769214
1672529182313 inf [network] Leaving channel tt7.ttmgr.tt7_8.t606769214
