1673647157677 inf [app] Launch
1673647157820 inf [scene] Bridge initialize
1673647157837 inf [scene] Scene open
1673647157856 inf [scene.1] Scene create
1673647157887 inf [scene.1] Scene loading
1673647157902 inf [app] Checking for update
1673647158077 inf [app] Update for version 1.26.3 is not available (latest version: 1.26.3, downgrade is disallowed).
1673647158637 inf [scene.1] Browser loaded
1673647158648 inf [scene.1] Scene bridge loaded
1673647158810 inf [tracker] Listening on port: 8003
1673647160693 inf [api] < Service core/authentication/token/generate
1673647160696 inf [network] > Http https://wapi.winamax.fr/core/authentication/token/generate post
1673647160793 inf [network] > Http https://wapi.winamax.fr/core/authentication/token/generate ok
1673647160795 inf [api] > Service core/authentication/token/generate
1673647160797 inf [api] < Service poker/public/config/preauth {"client":"poker","application":"desktop","opid":"wam","device":"electron","ver":"1.26.3.1671552372","os":"win32","cid":"b94b276db79aabbcbfbe64cabbfea685"}
1673647160798 inf [network] > Http https://api.winamax.fr/poker/public/config/preauth?client=poker&application=desktop&opid=wam&device=electron&ver=1.26.3.1671552372&os=win32&cid=b94b276db79aabbcbfbe64cabbfea685 get
1673647160881 inf [network] > Http https://api.winamax.fr/poker/public/config/preauth?client=poker&application=desktop&opid=wam&device=electron&ver=1.26.3.1671552372&os=win32&cid=b94b276db79aabbcbfbe64cabbfea685 ok
1673647160885 inf [api] > Service poker/public/config/preauth {"core":{"type":"wss","retry":{"count":3,"timeout":10000,"delay":2000,"random":1000},"hosts":["wapi.winamax.fr:443/poker/front/ws/websocket"],"enable":true,"zombie":{"duration":45000},"socket":{"sleep":10,"buffer":16384},"monitor":{"interrupted":true}},"features":{"vm":false,"playground":{"threshold":1000},"time":{"duration":10}},"serverstatus":{"status":"up","polling":300,"i18n":{"de_DE":{"title":"","info":"Alle Dienste sind verfügbar"},"fr_FR":{"title":"","info":"Tous les services sont fonctionnels"},"en_GB":{"title":"","info":"All services are operational."},"*":{"title":"","info":"All services are operational."},"en_US":{"title":"","info":"All services are operational."},"es_ES":{"title":"","info":"All services are operational."},"pt_PT":{"title":"","info":"All services are operational."}}},"auth":{"version":2,"timeout":6000,"refresh":{"count":3,"delay":2500}},"wspush":{"connection":{"interval":31000,"timeout":25000},"request":{"retry":{"count":0},"timeout":5000},"monitor":{"interrupted":true}},"updater":{"download":{"delay":120000}}}
1673647160902 inf [network] Registering channel prefs
1673647160904 inf [network] Enqueuing AUTH:SIGNIN
1673647160906 inf [network] Creating socket wss://wapi.winamax.fr:443/poker/front/ws/websocket
1673647160909 inf [network] Connection status: 1
1673647160978 inf [network] Socket opened
1673647160979 inf [network] Connection status: 2
1673647160980 inf [network] Connection status: 3
1673647160981 inf [network] < prefs AUTH:SIGNIN
1673647161158 inf [network] > prefs AUTH:SIGNIN_OK
1673647161160 inf [network] Connection status: 4
1673647161166 inf [network] < prefs TIME:GET
1673647161167 inf [network] < prefs GAMESTATS:JOIN
1673647161176 inf [network] > prefs NOTIFICATION:POST_INFO
1673647161183 inf [network] > prefs TIME:GET_OK
1673647161195 inf [api] < Service poker/client/prefs
1673647161196 inf [network] > Http https://wapi.winamax.fr/poker/client/prefs post
1673647161245 inf [network] > prefs GAMESTATS:JOIN_OK
1673647161290 inf [network] > Http https://wapi.winamax.fr/poker/client/prefs ok
1673647161291 inf [api] > Service poker/client/prefs
1673647161306 inf [router] Execute: wam://preload-ok
1673647161308 inf [router] Navigate: wam://lobbies
1673647161312 inf [network] > Http https://dl.winamax.fr/client/attr/settings/wam/config.1624292306 get
1673647161313 inf [network] > Http https://dl.winamax.fr/client/attr/settings/wam/ressource.1624283658 get
1673647161316 inf [router] Navigation done: wam://lobbies
1673647161318 inf [router] Execution done: wam://preload-ok
1673647161320 inf [network] Registering channel subscriptions
1673647161321 inf [api] < Service operator/userdata
1673647161322 inf [network] > Http https://wapi.winamax.fr/operator/userdata post
1673647161324 inf [api] < Service operator/winamax-tv/public
1673647161325 inf [network] > Http https://wapi.winamax.fr/operator/winamax-tv/public post
1673647161328 inf [network] < prefs SRM:JOIN
1673647161329 inf [network] < prefs NEWS:GET
1673647161330 inf [network] < prefs DATA:GET
1673647161331 inf [network] < prefs BUDDY:GET
1673647161332 inf [network] < prefs BUDDYROOM:JOIN
1673647161341 inf [network] < prefs TIME:GET
1673647161343 inf [network] < prefs CASHIER:GET
1673647161344 inf [network] < prefs CASHIER:LIST
1673647161346 inf [network] < prefs CASHIER:GET
1673647161346 inf [network] < prefs CASHIER:LIST
1673647161350 inf [network] < subscriptions FILTERLIST:CREATE
1673647161352 inf [network] < subscriptions FILTERLIST:CREATE
1673647161353 inf [network] < subscriptions FILTERLIST:CREATE
1673647161360 inf [network] > prefs SRM:JOIN_OK
1673647161363 inf [network] > prefs TIME:GET_OK
1673647161373 inf [network] > prefs BUDDYROOM:JOIN_OK
1673647161374 inf [network] > prefs CASHIER:GET_OK
1673647161375 inf [network] > prefs CASHIER:LIST_OK
1673647161376 inf [network] > prefs CASHIER:GET_OK
1673647161400 inf [network] > prefs CASHIER:LIST_OK
1673647161401 inf [network] > subscriptions FILTERLIST:CREATE_OK
1673647161403 inf [network] > subscriptions FILTERLIST:SET
1673647161404 inf [network] > subscriptions FILTERLIST:CREATE_OK
1673647161405 inf [network] > subscriptions FILTERLIST:SET
1673647161406 inf [network] > subscriptions FILTERLIST:CREATE_OK
1673647161406 inf [network] > subscriptions FILTERLIST:SET
1673647161409 inf [network] > prefs NEWS:GET_OK
1673647161410 inf [network] > prefs DATA:GET_ERR
1673647161412 inf [network] > Http https://dl.winamax.fr/client/attr/settings/wam/config.1624292306 ok
1673647161415 inf [network] > Http https://dl.winamax.fr/client/attr/settings/wam/ressource.1624283658 ok
1673647161433 inf [network] > Http https://wapi.winamax.fr/operator/winamax-tv/public ok
1673647161434 inf [api] > Service operator/winamax-tv/public
1673647161438 inf [network] > prefs BUDDY:GET_OK
1673647161444 inf [network] < prefs BUDDYROOM:JOIN
1673647161474 inf [network] > prefs BUDDYROOM:JOIN_OK
1673647161495 inf [network] Registering channel wam.general.t1
1673647161496 inf [network] < wam.general.t1 CHATROOM:JOIN
1673647161520 inf [network] > wam.general.t1 CHATROOM:JOIN_OK
1673647161524 inf [network] > Http https://wapi.winamax.fr/operator/userdata ok
1673647161525 inf [api] > Service operator/userdata
1673647163306 inf [api] < Service poker/client/prefs
1673647163307 inf [network] > Http https://wapi.winamax.fr/poker/client/prefs post
1673647163438 inf [network] > Http https://wapi.winamax.fr/poker/client/prefs ok
1673647163439 inf [api] > Service poker/client/prefs
1673647167980 inf [router] Navigate: wam://lobby-mtt
1673647167982 inf [router] Navigation done: wam://lobby-mtt
1673647168023 inf [network] Registering channel lo
1673647168024 inf [router] Execute: wam://lobby-preview?rk=&type=
1673647168025 inf [router] Execution done: wam://lobby-preview?rk=&type=
1673647168046 inf [network] < lo FILTERLIST:CREATE
1673647168227 inf [network] > lo FILTERLIST:CREATE_OK
1673647168236 inf [network] > lo FILTERLIST:SET
1673647168246 inf [router] Execute: wam://lobby-preview?rk=tt7.ttmgr.tt7_9.t611662435&type=tournament
1673647168249 inf [router] Execution done: wam://lobby-preview?rk=tt7.ttmgr.tt7_9.t611662435&type=tournament
1673647168249 inf [network] Registering channel tt7.ttmgr.tt7_9.t611662435
1673647168258 inf [network] < tt7.ttmgr.tt7_9.t611662435 TOURNAMENT:JOIN
1673647168438 inf [network] > tt7.ttmgr.tt7_9.t611662435 TOURNAMENT:JOIN_OK
1673647168439 inf [network] > tt7.ttmgr.tt7_9.t611662435 CHATROOM:JOIN_OK
1673647170290 inf [network] > lo FILTERLIST:UPDATE
1673647170822 inf [network] > wam.general.t1 CHATROOM:POST_INFO
1673647171070 inf [router] Execute: wam://lobby-preview?rk=tt3.ttmgr.tt3_9.t611663341&type=tournament
1673647171071 inf [router] Execution done: wam://lobby-preview?rk=tt3.ttmgr.tt3_9.t611663341&type=tournament
1673647171073 inf [network] Registering channel tt3.ttmgr.tt3_9.t611663341
1673647171091 inf [network] < tt3.ttmgr.tt3_9.t611663341 TOURNAMENT:JOIN
1673647171309 inf [network] > tt3.ttmgr.tt3_9.t611663341 TOURNAMENT:JOIN_OK
1673647171312 inf [network] > tt3.ttmgr.tt3_9.t611663341 CHATROOM:JOIN_OK
1673647171316 inf [network] < prefs TIME:GET
1673647171343 inf [network] > prefs TIME:GET_OK
1673647173994 inf [router] Navigate: wam://tournament?ttrk=tt3.ttmgr.tt3_9.t611663341&name=LE%20TOTEM
1673647173998 inf [router] Navigation done: wam://tournament?ttrk=tt3.ttmgr.tt3_9.t611663341&name=LE%20TOTEM
1673647174062 inf [network] < tt3.ttmgr.tt3_9.t611663341 FILTERLIST:CREATE
1673647174084 inf [network] < tt7.ttmgr.tt7_9.t611662435 TOURNAMENT:LEAVE
1673647174086 inf [network] Leaving channel tt7.ttmgr.tt7_9.t611662435
1673647174088 inf [network] > tt3.ttmgr.tt3_9.t611663341 FILTERLIST:CREATE_OK
1673647174091 inf [network] > tt3.ttmgr.tt3_9.t611663341 FILTERLIST:SET
1673647176210 inf [router] Navigate: wam://table?tblrk=tt3.tamgr.tt3_91.t22409&ttrk=tt3.ttmgr.tt3_9.t611663341&label=LE%20TOTEM
1673647176223 inf [scene] Scene open
1673647176223 inf [scene.2] Scene create
1673647176254 inf [scene.2] Scene loading
1673647176263 inf [router] Navigation done: wam://table?tblrk=tt3.tamgr.tt3_91.t22409&ttrk=tt3.ttmgr.tt3_9.t611663341&label=LE%20TOTEM
1673647176265 inf [network] Registering channel tt3.tamgr.tt3_91.t22409
1673647176275 inf [network] < tt3.tamgr.tt3_91.t22409 TABLE:JOIN
1673647176307 inf [network] > tt3.tamgr.tt3_91.t22409 TABLE:JOIN_OK
1673647176309 inf [table] 1 tt3.tamgr.tt3_91.t22409 hand 2627074045757095940-63-1673646852
1673647176312 inf [network] > tt3.tamgr.tt3_91.t22409 CHATROOM:JOIN_OK
1673647176313 inf [router] Navigate: wam://popup?type=tournament-break&ttid=2&tblid=1
1673647176315 inf [router] Navigation done: wam://popup?type=tournament-break&ttid=2&tblid=1
1673647176714 inf [scene.2] Browser loaded
1673647176727 inf [scene.2] Scene bridge loaded
1673647177751 inf [network] > tt3.ttmgr.tt3_9.t611663341 TOURNAMENT:STATUS
1673647177753 inf [network] > tt3.ttmgr.tt3_9.t611663341 TOURNAMENT:PAYOUTS
1673647179902 inf [network] > tt3.ttmgr.tt3_9.t611663341 TOURNAMENT:STATUS
1673647180314 inf [network] > lo FILTERLIST:UPDATE
1673647180825 inf [network] > wam.general.t1 CHATROOM:POST_INFO
1673647181323 inf [network] < prefs TIME:GET
1673647181341 inf [network] > prefs TIME:GET_OK
1673647182154 inf [network] > wam.general.t1 CHATROOM:POST_INFO
1673647183794 inf [network] > wam.general.t1 CHATROOM:POST_INFO
1673647186179 inf [network] > tt3.ttmgr.tt3_9.t611663341 FILTERLIST:UPDATE
1673647190349 inf [network] > lo FILTERLIST:UPDATE
1673647191346 inf [network] < prefs TIME:GET
1673647191364 inf [network] > prefs TIME:GET_OK
1673647191985 inf [network] > wam.general.t1 CHATROOM:POST_INFO
1673647194095 inf [network] < lo FILTERLIST:DELETE
1673647194097 inf [router] Execute: wam://lobby-preview?rk=&type=
1673647194098 inf [router] Execution done: wam://lobby-preview?rk=&type=
1673647194118 inf [network] > lo FILTERLIST:DELETE_OK
1673647198646 inf [network] > wam.general.t1 CHATROOM:POST_INFO
1673647201336 inf [network] < prefs TIME:GET
1673647201368 inf [network] > prefs TIME:GET_OK
1673647210316 inf [network] > tt3.ttmgr.tt3_9.t611663341 TOURNAMENT:STATUS
1673647210318 inf [network] > tt3.ttmgr.tt3_9.t611663341 TOURNAMENT:PAYOUTS
1673647211346 inf [network] < prefs TIME:GET
1673647211364 inf [network] > prefs TIME:GET_OK
1673647212773 inf [network] > tt3.ttmgr.tt3_9.t611663341 TOURNAMENT:PAYOUTS
1673647212776 inf [network] > tt3.tamgr.tt3_91.t22409 TABLE:STATUS
1673647213080 inf [network] > tt3.ttmgr.tt3_9.t611663341 TOURNAMENT:STATUS
1673647216253 inf [network] > tt3.ttmgr.tt3_9.t611663341 FILTERLIST:UPDATE
1673647218627 inf [network] > wam.general.t1 CHATROOM:POST_INFO
1673647221338 inf [network] < prefs TIME:GET
1673647221357 inf [network] > prefs TIME:GET_OK
1673647227109 inf [network] > wam.general.t1 CHATROOM:POST_INFO
1673647227318 inf [network] > tt3.ttmgr.tt3_9.t611663341 TOURNAMENT:STATUS
1673647227321 inf [network] > tt3.ttmgr.tt3_9.t611663341 TOURNAMENT:PAYOUTS
1673647228542 inf [network] > wam.general.t1 CHATROOM:POST_INFO
1673647230092 inf [network] > tt3.ttmgr.tt3_9.t611663341 TOURNAMENT:STATUS
1673647231356 inf [network] < prefs TIME:GET
1673647231377 inf [network] > prefs TIME:GET_OK
1673647231819 inf [network] > wam.general.t1 CHATROOM:POST_INFO
1673647232329 inf [network] > wam.general.t1 CHATROOM:POST_INFO
1673647236325 inf [network] > tt3.ttmgr.tt3_9.t611663341 FILTERLIST:UPDATE
1673647238227 inf [network] > wam.general.t1 CHATROOM:POST_INFO
1673647239146 inf [network] > wam.general.t1 CHATROOM:POST_INFO
1673647241037 inf [network] > wam.general.t1 CHATROOM:POST_INFO
1673647241357 inf [network] < prefs TIME:GET
1673647241381 inf [network] > prefs TIME:GET_OK
1673647243187 inf [network] > wam.general.t1 CHATROOM:POST_INFO
1673647244618 inf [network] > wam.general.t1 CHATROOM:POST_INFO
1673647246874 inf [network] > tt3.ttmgr.tt3_9.t611663341 TOURNAMENT:STATUS
1673647246876 inf [network] > tt3.ttmgr.tt3_9.t611663341 TOURNAMENT:PAYOUTS
1673647247588 inf [network] > wam.general.t1 CHATROOM:POST_INFO
1673647249023 inf [network] > tt3.ttmgr.tt3_9.t611663341 TOURNAMENT:STATUS
1673647251031 inf [network] > wam.general.t1 CHATROOM:POST_INFO
1673647251368 inf [network] < prefs TIME:GET
1673647251392 inf [network] > prefs TIME:GET_OK
1673647256293 inf [network] > tt3.ttmgr.tt3_9.t611663341 FILTERLIST:UPDATE
1673647257726 inf [network] > wam.general.t1 CHATROOM:POST_INFO
1673647259979 inf [network] > tt3.ttmgr.tt3_9.t611663341 TOURNAMENT:STATUS
1673647259981 inf [network] > tt3.ttmgr.tt3_9.t611663341 TOURNAMENT:PAYOUTS
1673647261372 inf [network] < prefs TIME:GET
1673647261393 inf [network] > prefs TIME:GET_OK
1673647262027 inf [network] > wam.general.t1 CHATROOM:POST_INFO
1673647262030 inf [network] > tt3.ttmgr.tt3_9.t611663341 TOURNAMENT:PAYOUTS
1673647262033 inf [network] > tt3.ttmgr.tt3_9.t611663341 TOURNAMENT:STATUS
1673647263257 inf [network] > tt3.tamgr.tt3_91.t22409 TABLE:POST_INFO
1673647263259 inf [network] > tt3.tamgr.tt3_91.t22409 TABLE:POST_INFO
1673647263260 inf [network] > tt3.tamgr.tt3_91.t22409 TABLE:POST_INFO
1673647263261 inf [network] > tt3.tamgr.tt3_91.t22409 TABLE:POST_INFO
1673647263263 inf [network] > tt3.tamgr.tt3_91.t22409 TABLE:POST_INFO
1673647263264 inf [network] > tt3.tamgr.tt3_91.t22409 TABLE:POST_INFO
1673647263266 inf [network] > tt3.tamgr.tt3_91.t22409 TABLE:STATUS
1673647263268 inf [table] 1 tt3.tamgr.tt3_91.t22409 hand 2627074045757095940-64-1673647263
1673647263270 inf [table] 1 tt3.tamgr.tt3_91.t22409 action AN+SB login="MacacoAstro" amount="430"
1673647263272 inf [table] 1 tt3.tamgr.tt3_91.t22409 action AN+BB login="el_conejo91" amount="780"
1673647263274 inf [table] 1 tt3.tamgr.tt3_91.t22409 action AN login="Rennes2coeur" amount="80"
1673647263276 inf [table] 1 tt3.tamgr.tt3_91.t22409 action AN login="arcrom" amount="80"
1673647263278 inf [table] 1 tt3.tamgr.tt3_91.t22409 action AN login="MateMoissa_" amount="80"
1673647263280 inf [table] 1 tt3.tamgr.tt3_91.t22409 action AN login="Kaplan15" amount="80"
1673647263283 inf [table] 1 tt3.tamgr.tt3_91.t22409 round pre-flop pot="480" totalPot="1530"
1673647266327 inf [network] > tt3.ttmgr.tt3_9.t611663341 FILTERLIST:UPDATE
1673647267147 inf [network] > wam.general.t1 CHATROOM:POST_INFO
1673647267933 inf [router] Navigate: wam://table?tblid=1&scene=2
1673647267937 inf [router] Navigation done: wam://table?tblid=1&scene=2
1673647269092 inf [network] > wam.general.t1 CHATROOM:POST_INFO
1673647269632 inf [network] > wam.general.t1 CHATROOM:POST_INFO
1673647269912 inf [network] > wam.general.t1 CHATROOM:POST_INFO
1673647271376 inf [network] < prefs TIME:GET
1673647271394 inf [network] > prefs TIME:GET_OK
1673647271671 inf [network] > tt3.tamgr.tt3_91.t22409 TABLE:ACTION_INFO
1673647271672 inf [network] > tt3.tamgr.tt3_91.t22409 TABLE:ACTION_INFO
1673647271674 inf [table] 1 tt3.tamgr.tt3_91.t22409 action fold login="Rennes2coeur"
1673647271676 inf [table] 1 tt3.tamgr.tt3_91.t22409 action fold login="arcrom"
1673647272208 inf [network] > wam.general.t1 CHATROOM:POST_INFO
1673647276363 inf [network] > wam.general.t1 CHATROOM:POST_INFO
1673647276502 inf [network] > tt3.tamgr.tt3_91.t22409 TABLE:ACTION_INFO
1673647276504 inf [table] 1 tt3.tamgr.tt3_91.t22409 action fold login="MateMoissa_"
1673647278822 inf [network] > tt3.tamgr.tt3_91.t22409 TABLE:ACTION_INFO
1673647278824 inf [table] 1 tt3.tamgr.tt3_91.t22409 action call login="Kaplan15" amount="700"
1673647280459 inf [network] > tt3.ttmgr.tt3_9.t611663341 TOURNAMENT:STATUS
1673647280461 inf [network] > tt3.ttmgr.tt3_9.t611663341 TOURNAMENT:PAYOUTS
1673647281376 inf [network] < prefs TIME:GET
1673647281395 inf [network] > prefs TIME:GET_OK
1673647282258 inf [network] > wam.general.t1 CHATROOM:POST_INFO
1673647282699 inf [network] > wam.general.t1 CHATROOM:POST_INFO
1673647282701 inf [network] > wam.general.t1 CHATROOM:POST_INFO
1673647282779 inf [network] > tt3.ttmgr.tt3_9.t611663341 TOURNAMENT:STATUS
1673647283112 inf [network] > tt3.ttmgr.tt3_9.t611663341 TOURNAMENT:PAYOUTS
1673647283286 inf [network] > tt3.tamgr.tt3_91.t22409 TABLE:ACTION_INFO
1673647283288 inf [table] 1 tt3.tamgr.tt3_91.t22409 action call login="MacacoAstro" amount="700"
1673647286400 inf [network] > tt3.ttmgr.tt3_9.t611663341 FILTERLIST:UPDATE
1673647288874 inf [network] > tt3.ttmgr.tt3_9.t611663341 TOURNAMENT:STATUS
1673647288887 inf [network] > tt3.ttmgr.tt3_9.t611663341 TOURNAMENT:PAYOUTS
1673647289360 inf [network] > tt3.tamgr.tt3_91.t22409 TABLE:ACTION_INFO
1673647289362 inf [network] > tt3.tamgr.tt3_91.t22409 TABLE:STATUS
1673647289364 inf [table] 1 tt3.tamgr.tt3_91.t22409 action check login="el_conejo91" amount="700"
1673647289366 inf [table] 1 tt3.tamgr.tt3_91.t22409 round flop board="Kd,9c,9d" pot="2580" totalPot="0"
1673647291007 inf [network] > wam.general.t1 CHATROOM:POST_INFO
1673647291043 inf [network] > tt3.ttmgr.tt3_9.t611663341 TOURNAMENT:STATUS
1673647291367 inf [network] > wam.general.t1 CHATROOM:POST_INFO
1673647291368 inf [network] < prefs TIME:GET
1673647291409 inf [network] > prefs TIME:GET_OK
1673647291519 inf [network] > tt3.ttmgr.tt3_9.t611663341 TOURNAMENT:PAYOUTS
1673647292141 inf [network] > wam.general.t1 CHATROOM:POST_INFO
1673647293364 inf [network] > tt3.ttmgr.tt3_9.t611663341 TOURNAMENT:STATUS
1673647293619 inf [network] > tt3.tamgr.tt3_91.t22409 TABLE:ACTION_INFO
1673647293621 inf [table] 1 tt3.tamgr.tt3_91.t22409 action check login="MacacoAstro"
1673647294492 inf [network] > wam.general.t1 CHATROOM:POST_INFO
1673647295204 inf [network] > tt3.tamgr.tt3_91.t22409 TABLE:ACTION_INFO
1673647295206 inf [table] 1 tt3.tamgr.tt3_91.t22409 action check login="el_conejo91"
1673647296469 inf [network] > tt3.ttmgr.tt3_9.t611663341 FILTERLIST:UPDATE
1673647297257 inf [network] > wam.general.t1 CHATROOM:POST_INFO
1673647297671 inf [network] > tt3.tamgr.tt3_91.t22409 TABLE:ACTION_INFO
1673647297673 inf [table] 1 tt3.tamgr.tt3_91.t22409 action bet login="Kaplan15" amount="903"
1673647300841 inf [network] > wam.general.t1 CHATROOM:POST_INFO
1673647301376 inf [network] < prefs TIME:GET
1673647301396 inf [network] > prefs TIME:GET_OK
1673647301495 inf [network] > tt3.tamgr.tt3_91.t22409 TABLE:ACTION_INFO
1673647301497 inf [table] 1 tt3.tamgr.tt3_91.t22409 action fold login="MacacoAstro"
1673647301953 inf [network] > tt3.ttmgr.tt3_9.t611663341 TOURNAMENT:STATUS
1673647301955 inf [network] > tt3.ttmgr.tt3_9.t611663341 TOURNAMENT:PAYOUTS
1673647302520 inf [network] > wam.general.t1 CHATROOM:POST_INFO
1673647303659 inf [network] > tt3.tamgr.tt3_91.t22409 TABLE:ACTION_INFO
1673647303661 inf [network] > tt3.tamgr.tt3_91.t22409 TABLE:SHOWDOWN_INFO
1673647303663 inf [network] > tt3.tamgr.tt3_91.t22409 TABLE:RESULT
1673647303665 inf [table] 1 tt3.tamgr.tt3_91.t22409 action fold login="el_conejo91"
1673647303669 inf [table] 1 tt3.tamgr.tt3_91.t22409 showdown login="Kaplan15" mucks
1673647303669 inf [table] 1 tt3.tamgr.tt3_91.t22409 gain login="Kaplan15" amount="3483"
1673647303671 inf [network] > tt3.tamgr.tt3_91.t22409 TABLE:CHAT_INFO
1673647303671 inf [network] > tt3.tamgr.tt3_91.t22409 TABLE:STATUS
1673647304114 inf [network] > tt3.ttmgr.tt3_9.t611663341 TOURNAMENT:STATUS
1673647305754 inf [network] > tt3.tamgr.tt3_91.t22409 TABLE:POST_INFO
1673647305756 inf [network] > tt3.tamgr.tt3_91.t22409 TABLE:POST_INFO
1673647305757 inf [network] > tt3.tamgr.tt3_91.t22409 TABLE:POST_INFO
1673647305758 inf [network] > tt3.tamgr.tt3_91.t22409 TABLE:POST_INFO
1673647305759 inf [network] > tt3.tamgr.tt3_91.t22409 TABLE:POST_INFO
1673647305760 inf [network] > tt3.tamgr.tt3_91.t22409 TABLE:STATUS
1673647305761 inf [table] 1 tt3.tamgr.tt3_91.t22409 hand 2627074045757095940-65-1673647305
1673647305762 inf [table] 1 tt3.tamgr.tt3_91.t22409 action AN+SB login="el_conejo91" amount="430"
1673647305763 inf [table] 1 tt3.tamgr.tt3_91.t22409 action AN+BB login="Rennes2coeur" amount="780"
1673647305764 inf [table] 1 tt3.tamgr.tt3_91.t22409 action AN login="MacacoAstro" amount="80"
1673647305765 inf [table] 1 tt3.tamgr.tt3_91.t22409 action AN login="MateMoissa_" amount="80"
1673647305766 inf [table] 1 tt3.tamgr.tt3_91.t22409 action AN login="Kaplan15" amount="80"
1673647305768 inf [table] 1 tt3.tamgr.tt3_91.t22409 round pre-flop pot="400" totalPot="1450"
1673647305814 inf [network] > wam.general.t1 CHATROOM:POST_INFO
1673647306110 inf [network] > wam.general.t1 CHATROOM:POST_INFO
1673647306406 inf [network] > tt3.ttmgr.tt3_9.t611663341 FILTERLIST:SET
1673647307801 inf [network] > tt3.ttmgr.tt3_9.t611663341 TOURNAMENT:STATUS
1673647309994 inf [network] > tt3.tamgr.tt3_91.t22409 TABLE:ACTION_INFO
1673647309996 inf [table] 1 tt3.tamgr.tt3_91.t22409 action raise login="MateMoissa_" amount="1750"
1673647310048 inf [network] > tt3.ttmgr.tt3_9.t611663341 TOURNAMENT:STATUS
1673647311376 inf [network] < prefs TIME:GET
1673647311400 inf [network] > prefs TIME:GET_OK
1673647312613 inf [network] > tt3.tamgr.tt3_91.t22409 TABLE:ACTION_INFO
1673647312615 inf [network] > tt3.tamgr.tt3_91.t22409 TABLE:ACTION_INFO
1673647312617 inf [table] 1 tt3.tamgr.tt3_91.t22409 action fold login="Kaplan15"
1673647312619 inf [table] 1 tt3.tamgr.tt3_91.t22409 action fold login="MacacoAstro"
1673647313432 inf [network] > wam.general.t1 CHATROOM:POST_INFO
1673647314457 inf [network] > tt3.tamgr.tt3_91.t22409 TABLE:ACTION_INFO
1673647314459 inf [table] 1 tt3.tamgr.tt3_91.t22409 action fold login="el_conejo91" amount="350"
1673647314806 inf [network] > wam.general.t1 CHATROOM:POST_INFO
1673647316383 inf [network] > tt3.ttmgr.tt3_9.t611663341 FILTERLIST:SET
1673647317017 inf [network] > wam.general.t1 CHATROOM:POST_INFO
1673647317093 inf [network] > tt3.ttmgr.tt3_9.t611663341 TOURNAMENT:STATUS
1673647317100 inf [network] > tt3.ttmgr.tt3_9.t611663341 TOURNAMENT:PAYOUTS
1673647317910 inf [network] > tt3.tamgr.tt3_91.t22409 TABLE:STATUS
1673647319064 inf [network] > tt3.tamgr.tt3_91.t22409 TABLE:ACTION_INFO
1673647319066 inf [network] > tt3.tamgr.tt3_91.t22409 TABLE:STATUS
1673647319068 inf [table] 1 tt3.tamgr.tt3_91.t22409 action call login="Rennes2coeur" amount="1750"
1673647319070 inf [table] 1 tt3.tamgr.tt3_91.t22409 round flop board="3s,8d,Qd" pot="4250" totalPot="0"
1673647319781 inf [network] > tt3.ttmgr.tt3_9.t611663341 TOURNAMENT:PAYOUTS
1673647319846 inf [network] > wam.general.t1 CHATROOM:POST_INFO
1673647319914 inf [network] > tt3.ttmgr.tt3_9.t611663341 TOURNAMENT:STATUS
1673647320293 inf [network] > tt3.tamgr.tt3_91.t22409 TABLE:ACTION_INFO
1673647320294 inf [table] 1 tt3.tamgr.tt3_91.t22409 action check login="Rennes2coeur"
1673647321377 inf [network] < prefs TIME:GET
1673647321397 inf [network] > prefs TIME:GET_OK
1673647321623 inf [network] > wam.general.t1 CHATROOM:POST_INFO
1673647322490 inf [network] > tt3.ttmgr.tt3_9.t611663341 TOURNAMENT:STATUS
1673647323752 inf [network] > tt3.ttmgr.tt3_9.t611663341 TOURNAMENT:PAYOUTS
1673647325004 inf [network] > tt3.ttmgr.tt3_9.t611663341 TOURNAMENT:STATUS
1673647326390 inf [network] > tt3.ttmgr.tt3_9.t611663341 FILTERLIST:SET
1673647326694 inf [network] > wam.general.t1 CHATROOM:POST_INFO
1673647327068 inf [network] > tt3.ttmgr.tt3_9.t611663341 TOURNAMENT:STATUS
1673647328897 inf [network] > wam.general.t1 CHATROOM:POST_INFO
1673647331264 inf [network] > tt3.tamgr.tt3_91.t22409 TABLE:ACTION_INFO
1673647331267 inf [network] > tt3.tamgr.tt3_91.t22409 TABLE:STATUS
1673647331269 inf [table] 1 tt3.tamgr.tt3_91.t22409 action check login="MateMoissa_"
1673647331271 inf [table] 1 tt3.tamgr.tt3_91.t22409 round turn board="3s,8d,Qd,Jh" pot="4250" totalPot="0"
1673647331387 inf [network] < prefs TIME:GET
1673647331414 inf [network] > prefs TIME:GET_OK
1673647332173 inf [network] > tt3.ttmgr.tt3_9.t611663341 TOURNAMENT:STATUS
1673647332174 inf [network] > tt3.ttmgr.tt3_9.t611663341 TOURNAMENT:PAYOUTS
1673647333820 inf [router] Execute: wam://playground-close?id=1
1673647333823 inf [router] Execution done: wam://playground-close?id=1
1673647333824 inf [router] Execute: wam://table-close?tblid=1
1673647333825 inf [router] Execution done: wam://table-close?tblid=1
1673647333827 inf [network] < tt3.tamgr.tt3_91.t22409 TABLE:LEAVE
1673647333828 inf [network] Leaving channel tt3.tamgr.tt3_91.t22409
1673647333828 inf [router] Execute: wam://playground-close?id=1&scene=2
1673647333829 inf [router] Execution done: wam://playground-close?id=1&scene=2
1673647334732 inf [network] > tt3.ttmgr.tt3_9.t611663341 TOURNAMENT:STATUS
1673647336475 inf [network] > tt3.ttmgr.tt3_9.t611663341 FILTERLIST:SET
1673647337088 inf [network] > tt3.ttmgr.tt3_9.t611663341 TOURNAMENT:STATUS
1673647337703 inf [network] > wam.general.t1 CHATROOM:POST_INFO
1673647338828 inf [network] > wam.general.t1 CHATROOM:POST_INFO
1673647339341 inf [network] > tt3.ttmgr.tt3_9.t611663341 TOURNAMENT:STATUS
1673647341387 inf [network] < prefs TIME:GET
1673647341389 inf [network] > wam.general.t1 CHATROOM:POST_INFO
1673647341427 inf [network] > prefs TIME:GET_OK
1673647343011 inf [network] > tt3.ttmgr.tt3_9.t611663341 TOURNAMENT:STATUS
1673647343221 inf [network] > wam.general.t1 CHATROOM:POST_INFO
1673647346099 inf [network] > tt3.ttmgr.tt3_9.t611663341 TOURNAMENT:STATUS
1673647346165 inf [network] > wam.general.t1 CHATROOM:POST_INFO
1673647346428 inf [network] > tt3.ttmgr.tt3_9.t611663341 FILTERLIST:SET
1673647350194 inf [network] > wam.general.t1 CHATROOM:POST_INFO
1673647351387 inf [network] < prefs TIME:GET
1673647351409 inf [network] > prefs TIME:GET_OK
1673647356546 inf [network] > tt3.ttmgr.tt3_9.t611663341 FILTERLIST:SET
1673647358696 inf [network] > tt3.ttmgr.tt3_9.t611663341 TOURNAMENT:STATUS
1673647358698 inf [network] > tt3.ttmgr.tt3_9.t611663341 TOURNAMENT:PAYOUTS
1673647361050 inf [network] > tt3.ttmgr.tt3_9.t611663341 TOURNAMENT:STATUS
1673647361378 inf [network] < prefs TIME:GET
1673647361399 inf [network] > prefs TIME:GET_OK
1673647364561 inf [network] > tt3.ttmgr.tt3_9.t611663341 TOURNAMENT:STATUS
1673647364570 inf [network] > tt3.ttmgr.tt3_9.t611663341 TOURNAMENT:PAYOUTS
1673647364622 inf [network] > wam.general.t1 CHATROOM:POST_INFO
1673647366479 inf [network] > tt3.ttmgr.tt3_9.t611663341 FILTERLIST:SET
1673647366886 inf [network] > tt3.ttmgr.tt3_9.t611663341 TOURNAMENT:STATUS
1673647367019 inf [network] > tt3.ttmgr.tt3_9.t611663341 TOURNAMENT:PAYOUTS
1673647367590 inf [network] > wam.general.t1 CHATROOM:POST_INFO
1673647369014 inf [network] > tt3.ttmgr.tt3_9.t611663341 TOURNAMENT:STATUS
1673647369345 inf [network] > tt3.ttmgr.tt3_9.t611663341 TOURNAMENT:PAYOUTS
1673647371393 inf [network] < prefs TIME:GET
1673647371414 inf [network] > prefs TIME:GET_OK
1673647371497 inf [network] > tt3.ttmgr.tt3_9.t611663341 TOURNAMENT:STATUS
1673647372108 inf [network] > tt3.ttmgr.tt3_9.t611663341 TOURNAMENT:PAYOUTS
1673647373337 inf [network] > wam.general.t1 CHATROOM:POST_INFO
1673647373542 inf [network] > tt3.ttmgr.tt3_9.t611663341 TOURNAMENT:STATUS
1673647374977 inf [network] > tt3.ttmgr.tt3_9.t611663341 TOURNAMENT:PAYOUTS
1673647375590 inf [network] > tt3.ttmgr.tt3_9.t611663341 TOURNAMENT:STATUS
1673647376491 inf [network] > tt3.ttmgr.tt3_9.t611663341 FILTERLIST:SET
1673647377126 inf [network] > tt3.ttmgr.tt3_9.t611663341 TOURNAMENT:PAYOUTS
1673647377740 inf [network] > tt3.ttmgr.tt3_9.t611663341 TOURNAMENT:STATUS
1673647378354 inf [network] > wam.general.t1 CHATROOM:POST_INFO
1673647379072 inf [network] > tt3.ttmgr.tt3_9.t611663341 TOURNAMENT:PAYOUTS
1673647379275 inf [network] > wam.general.t1 CHATROOM:POST_INFO
1673647379993 inf [network] > wam.general.t1 CHATROOM:POST_INFO
1673647380028 inf [network] > tt3.ttmgr.tt3_9.t611663341 TOURNAMENT:STATUS
1673647381221 inf [network] > wam.general.t1 CHATROOM:POST_INFO
1673647381397 inf [network] < prefs TIME:GET
1673647381417 inf [network] > prefs TIME:GET_OK
1673647381836 inf [network] > tt3.ttmgr.tt3_9.t611663341 TOURNAMENT:PAYOUTS
1673647382962 inf [network] > tt3.ttmgr.tt3_9.t611663341 TOURNAMENT:STATUS
1673647384044 inf [network] > tt3.ttmgr.tt3_9.t611663341 TOURNAMENT:PAYOUTS
1673647385044 inf [network] > tt3.ttmgr.tt3_9.t611663341 TOURNAMENT:STATUS
1673647386550 inf [network] > tt3.ttmgr.tt3_9.t611663341 FILTERLIST:SET
1673647386854 inf [network] > tt3.ttmgr.tt3_9.t611663341 TOURNAMENT:PAYOUTS
1673647387367 inf [network] > tt3.ttmgr.tt3_9.t611663341 TOURNAMENT:STATUS
1673647389108 inf [network] > tt3.ttmgr.tt3_9.t611663341 TOURNAMENT:PAYOUTS
1673647389444 inf [network] > tt3.ttmgr.tt3_9.t611663341 TOURNAMENT:STATUS
1673647389533 inf [network] > wam.general.t1 CHATROOM:POST_INFO
1673647391388 inf [network] < prefs TIME:GET
1673647391425 inf [network] > prefs TIME:GET_OK
1673647391768 inf [network] > wam.general.t1 CHATROOM:POST_INFO
1673647395839 inf [network] > tt3.ttmgr.tt3_9.t611663341 TOURNAMENT:STATUS
1673647396491 inf [network] > tt3.ttmgr.tt3_9.t611663341 FILTERLIST:SET
1673647396969 inf [network] > wam.general.t1 CHATROOM:POST_INFO
1673647398050 inf [network] > tt3.ttmgr.tt3_9.t611663341 TOURNAMENT:STATUS
1673647401387 inf [network] < prefs TIME:GET
1673647401408 inf [network] > prefs TIME:GET_OK
1673647402098 inf [network] > tt3.ttmgr.tt3_9.t611663341 TOURNAMENT:STATUS
1673647402102 inf [network] > tt3.ttmgr.tt3_9.t611663341 TOURNAMENT:PAYOUTS
1673647404957 inf [network] > tt3.ttmgr.tt3_9.t611663341 TOURNAMENT:STATUS
1673647405597 inf [network] > wam.general.t1 CHATROOM:POST_INFO
1673647406518 inf [network] > tt3.ttmgr.tt3_9.t611663341 FILTERLIST:SET
1673647409829 inf [network] > tt3.ttmgr.tt3_9.t611663341 TOURNAMENT:STATUS
1673647411396 inf [network] < prefs TIME:GET
1673647411416 inf [network] > prefs TIME:GET_OK
1673647411737 inf [network] > wam.general.t1 CHATROOM:POST_INFO
1673647411971 inf [network] > tt3.ttmgr.tt3_9.t611663341 TOURNAMENT:STATUS
1673647414092 inf [network] > tt3.ttmgr.tt3_9.t611663341 TOURNAMENT:PAYOUTS
1673647414707 inf [network] > tt3.ttmgr.tt3_9.t611663341 TOURNAMENT:STATUS
1673647415117 inf [network] > wam.general.t1 CHATROOM:POST_INFO
1673647416551 inf [network] > tt3.ttmgr.tt3_9.t611663341 FILTERLIST:SET
1673647416675 inf [network] > tt3.ttmgr.tt3_9.t611663341 TOURNAMENT:STATUS
1673647416981 inf [network] > tt3.ttmgr.tt3_9.t611663341 TOURNAMENT:PAYOUTS
1673647418983 inf [network] > tt3.ttmgr.tt3_9.t611663341 TOURNAMENT:STATUS
1673647419623 inf [network] > tt3.ttmgr.tt3_9.t611663341 TOURNAMENT:PAYOUTS
1673647421397 inf [network] < prefs TIME:GET
1673647421420 inf [network] > prefs TIME:GET_OK
1673647421759 inf [network] > tt3.ttmgr.tt3_9.t611663341 TOURNAMENT:STATUS
1673647422795 inf [network] > wam.general.t1 CHATROOM:POST_INFO
1673647423513 inf [network] > wam.general.t1 CHATROOM:POST_INFO
1673647424025 inf [network] > tt3.ttmgr.tt3_9.t611663341 TOURNAMENT:STATUS
1673647426277 inf [network] > wam.general.t1 CHATROOM:POST_INFO
1673647426413 inf [network] > wam.general.t1 CHATROOM:POST_INFO
1673647426543 inf [network] > tt3.ttmgr.tt3_9.t611663341 FILTERLIST:SET
1673647426857 inf [network] > tt3.ttmgr.tt3_9.t611663341 TOURNAMENT:STATUS
1673647428667 inf [network] > wam.general.t1 CHATROOM:POST_INFO
1673647429042 inf [network] > tt3.ttmgr.tt3_9.t611663341 TOURNAMENT:STATUS
1673647429075 inf [network] > tt3.ttmgr.tt3_9.t611663341 TOURNAMENT:PAYOUTS
1673647431387 inf [network] < prefs TIME:GET
1673647431392 inf [network] > tt3.ttmgr.tt3_9.t611663341 TOURNAMENT:STATUS
1673647431408 inf [network] > prefs TIME:GET_OK
1673647431808 inf [network] > tt3.ttmgr.tt3_9.t611663341 TOURNAMENT:PAYOUTS
1673647433037 inf [network] > wam.general.t1 CHATROOM:POST_INFO
1673647433896 inf [network] > tt3.ttmgr.tt3_9.t611663341 TOURNAMENT:STATUS
1673647435019 inf [network] > wam.general.t1 CHATROOM:POST_INFO
1673647436312 inf [network] > wam.general.t1 CHATROOM:POST_INFO
1673647436474 inf [network] > tt3.ttmgr.tt3_9.t611663341 TOURNAMENT:STATUS
1673647436552 inf [network] > tt3.ttmgr.tt3_9.t611663341 FILTERLIST:SET
1673647439080 inf [network] > tt3.ttmgr.tt3_9.t611663341 TOURNAMENT:STATUS
1673647440317 inf [network] > tt3.ttmgr.tt3_9.t611663341 TOURNAMENT:PAYOUTS
1673647441403 inf [network] < prefs TIME:GET
1673647441410 inf [network] > tt3.ttmgr.tt3_9.t611663341 TOURNAMENT:STATUS
1673647441425 inf [network] > prefs TIME:GET_OK
1673647443688 inf [network] > tt3.ttmgr.tt3_9.t611663341 TOURNAMENT:STATUS
1673647444339 inf [network] > tt3.ttmgr.tt3_9.t611663341 TOURNAMENT:PAYOUTS
1673647445635 inf [network] > tt3.ttmgr.tt3_9.t611663341 TOURNAMENT:STATUS
1673647446574 inf [network] > tt3.ttmgr.tt3_9.t611663341 FILTERLIST:SET
1673647447479 inf [network] > tt3.ttmgr.tt3_9.t611663341 TOURNAMENT:PAYOUTS
1673647448015 inf [network] > tt3.ttmgr.tt3_9.t611663341 TOURNAMENT:STATUS
1673647448908 inf [network] > wam.general.t1 CHATROOM:POST_INFO
1673647449887 inf [network] > tt3.ttmgr.tt3_9.t611663341 TOURNAMENT:PAYOUTS
1673647450057 inf [network] > wam.general.t1 CHATROOM:POST_INFO
1673647450823 inf [network] > wam.general.t1 CHATROOM:POST_INFO
1673647450919 inf [network] > tt3.ttmgr.tt3_9.t611663341 TOURNAMENT:STATUS
1673647451396 inf [network] < prefs TIME:GET
1673647451416 inf [network] > prefs TIME:GET_OK
1673647454599 inf [network] > tt3.ttmgr.tt3_9.t611663341 TOURNAMENT:STATUS
1673647456573 inf [network] > tt3.ttmgr.tt3_9.t611663341 FILTERLIST:SET
1673647456885 inf [network] > tt3.ttmgr.tt3_9.t611663341 TOURNAMENT:STATUS
1673647458020 inf [network] > wam.general.t1 CHATROOM:POST_INFO
1673647460704 inf [network] > wam.general.t1 CHATROOM:POST_INFO
1673647461002 inf [network] > tt3.ttmgr.tt3_9.t611663341 TOURNAMENT:STATUS
1673647461011 inf [network] > tt3.ttmgr.tt3_9.t611663341 TOURNAMENT:PAYOUTS
1673647461395 inf [network] < prefs TIME:GET
1673647461420 inf [network] > prefs TIME:GET_OK
1673647463338 inf [network] > tt3.ttmgr.tt3_9.t611663341 TOURNAMENT:STATUS
1673647464558 inf [network] > tt3.ttmgr.tt3_9.t611663341 TOURNAMENT:PAYOUTS
1673647465830 inf [network] > tt3.ttmgr.tt3_9.t611663341 TOURNAMENT:STATUS
1673647466612 inf [network] > tt3.ttmgr.tt3_9.t611663341 FILTERLIST:SET
1673647471036 inf [network] > tt3.ttmgr.tt3_9.t611663341 TOURNAMENT:STATUS
1673647471406 inf [network] < prefs TIME:GET
1673647471425 inf [network] > prefs TIME:GET_OK
1673647473175 inf [network] > tt3.ttmgr.tt3_9.t611663341 TOURNAMENT:STATUS
1673647473486 inf [network] > tt3.ttmgr.tt3_9.t611663341 TOURNAMENT:PAYOUTS
1673647474404 inf [network] > wam.general.t1 CHATROOM:POST_INFO
1673647474711 inf [network] > wam.general.t1 CHATROOM:POST_INFO
1673647475513 inf [network] > tt3.ttmgr.tt3_9.t611663341 TOURNAMENT:STATUS
1673647476607 inf [network] > tt3.ttmgr.tt3_9.t611663341 FILTERLIST:SET
1673647477451 inf [network] > tt3.ttmgr.tt3_9.t611663341 TOURNAMENT:STATUS
1673647479369 inf [network] > tt3.ttmgr.tt3_9.t611663341 TOURNAMENT:PAYOUTS
1673647479900 inf [network] > tt3.ttmgr.tt3_9.t611663341 TOURNAMENT:STATUS
1673647481415 inf [network] < prefs TIME:GET
1673647481436 inf [network] > prefs TIME:GET_OK
1673647486396 inf [network] > wam.general.t1 CHATROOM:POST_INFO
1673647486670 inf [network] > tt3.ttmgr.tt3_9.t611663341 FILTERLIST:SET
1673647490547 inf [network] > wam.general.t1 CHATROOM:POST_INFO
1673647491288 inf [network] > tt3.ttmgr.tt3_9.t611663341 TOURNAMENT:STATUS
1673647491290 inf [network] > tt3.ttmgr.tt3_9.t611663341 TOURNAMENT:PAYOUTS
1673647491416 inf [network] < prefs TIME:GET
1673647491551 inf [network] > prefs TIME:GET_OK
1673647491654 inf [network] > wam.general.t1 CHATROOM:POST_INFO
1673647493363 inf [network] > tt3.ttmgr.tt3_9.t611663341 TOURNAMENT:STATUS
1673647494884 inf [network] > wam.general.t1 CHATROOM:POST_INFO
1673647494889 inf [network] > wam.general.t1 CHATROOM:POST_INFO
1673647496627 inf [network] > tt3.ttmgr.tt3_9.t611663341 FILTERLIST:SET
1673647499878 inf [network] > tt3.ttmgr.tt3_9.t611663341 TOURNAMENT:STATUS
1673647501416 inf [network] < prefs TIME:GET
1673647501437 inf [network] > prefs TIME:GET_OK
1673647501980 inf [network] > tt3.ttmgr.tt3_9.t611663341 TOURNAMENT:STATUS
1673647502461 inf [network] > tt3.ttmgr.tt3_9.t611663341 TOURNAMENT:PAYOUTS
1673647504818 inf [network] > tt3.ttmgr.tt3_9.t611663341 TOURNAMENT:STATUS
1673647506507 inf [network] > wam.general.t1 CHATROOM:POST_INFO
1673647506659 inf [network] > tt3.ttmgr.tt3_9.t611663341 FILTERLIST:SET
1673647510348 inf [network] > tt3.ttmgr.tt3_9.t611663341 TOURNAMENT:STATUS
1673647511425 inf [network] < prefs TIME:GET
1673647511455 inf [network] > prefs TIME:GET_OK
1673647511779 inf [network] > wam.general.t1 CHATROOM:POST_INFO
1673647513103 inf [network] > tt3.ttmgr.tt3_9.t611663341 TOURNAMENT:STATUS
1673647514548 inf [network] > wam.general.t1 CHATROOM:POST_INFO
1673647514629 inf [network] > wam.general.t1 CHATROOM:POST_INFO
1673647515472 inf [network] > wam.general.t1 CHATROOM:POST_INFO
1673647516755 inf [network] > tt3.ttmgr.tt3_9.t611663341 FILTERLIST:SET
1673647517208 inf [network] > wam.general.t1 CHATROOM:POST_INFO
1673647518233 inf [network] > wam.general.t1 CHATROOM:POST_INFO
1673647521242 inf [network] > tt3.ttmgr.tt3_9.t611663341 TOURNAMENT:STATUS
1673647521427 inf [network] < prefs TIME:GET
1673647521446 inf [network] > prefs TIME:GET_OK
1673647522350 inf [network] > wam.general.t1 CHATROOM:POST_INFO
1673647523865 inf [network] > tt3.ttmgr.tt3_9.t611663341 TOURNAMENT:STATUS
1673647526009 inf [network] > tt3.ttmgr.tt3_9.t611663341 TOURNAMENT:STATUS
1673647526671 inf [network] > tt3.ttmgr.tt3_9.t611663341 FILTERLIST:SET
1673647528780 inf [network] > tt3.ttmgr.tt3_9.t611663341 TOURNAMENT:STATUS
1673647530829 inf [network] > tt3.ttmgr.tt3_9.t611663341 TOURNAMENT:STATUS
1673647531427 inf [network] < prefs TIME:GET
1673647531448 inf [network] > prefs TIME:GET_OK
1673647533080 inf [network] > tt3.ttmgr.tt3_9.t611663341 TOURNAMENT:STATUS
1673647536234 inf [network] > wam.general.t1 CHATROOM:POST_INFO
1673647536689 inf [network] > tt3.ttmgr.tt3_9.t611663341 FILTERLIST:SET
1673647538823 inf [network] > wam.general.t1 CHATROOM:POST_INFO
1673647541375 inf [network] > tt3.ttmgr.tt3_9.t611663341 TOURNAMENT:STATUS
1673647541427 inf [network] < prefs TIME:GET
1673647541453 inf [network] > prefs TIME:GET_OK
1673647543424 inf [network] > wam.general.t1 CHATROOM:POST_INFO
1673647543936 inf [network] > tt3.ttmgr.tt3_9.t611663341 TOURNAMENT:STATUS
1673647545165 inf [network] > wam.general.t1 CHATROOM:POST_INFO
1673647545574 inf [network] > wam.general.t1 CHATROOM:POST_INFO
1673647546299 inf [network] > tt3.ttmgr.tt3_9.t611663341 TOURNAMENT:STATUS
1673647546301 inf [network] > tt3.ttmgr.tt3_9.t611663341 TOURNAMENT:PAYOUTS
1673647546702 inf [network] > tt3.ttmgr.tt3_9.t611663341 FILTERLIST:SET
1673647548957 inf [network] > tt3.ttmgr.tt3_9.t611663341 TOURNAMENT:STATUS
1673647551104 inf [network] > tt3.ttmgr.tt3_9.t611663341 TOURNAMENT:STATUS
1673647551428 inf [network] < prefs TIME:GET
1673647551448 inf [network] > prefs TIME:GET_OK
1673647553655 inf [network] > tt3.ttmgr.tt3_9.t611663341 TOURNAMENT:STATUS
1673647555104 inf [network] > tt3.ttmgr.tt3_9.t611663341 TOURNAMENT:PAYOUTS
1673647556124 inf [network] > tt3.ttmgr.tt3_9.t611663341 TOURNAMENT:STATUS
1673647556726 inf [network] > tt3.ttmgr.tt3_9.t611663341 FILTERLIST:SET
1673647558089 inf [network] > wam.general.t1 CHATROOM:POST_INFO
1673647559602 inf [network] > tt3.ttmgr.tt3_9.t611663341 TOURNAMENT:STATUS
1673647559604 inf [network] > tt3.ttmgr.tt3_9.t611663341 TOURNAMENT:PAYOUTS
1673647561437 inf [network] < prefs TIME:GET
1673647561459 inf [network] > prefs TIME:GET_OK
1673647561959 inf [network] > tt3.ttmgr.tt3_9.t611663341 TOURNAMENT:STATUS
1673647564108 inf [network] > tt3.ttmgr.tt3_9.t611663341 TOURNAMENT:STATUS
1673647566727 inf [network] > tt3.ttmgr.tt3_9.t611663341 TOURNAMENT:STATUS
1673647566729 inf [network] > tt3.ttmgr.tt3_9.t611663341 TOURNAMENT:PAYOUTS
1673647566739 inf [network] > tt3.ttmgr.tt3_9.t611663341 FILTERLIST:SET
1673647568859 inf [network] > tt3.ttmgr.tt3_9.t611663341 TOURNAMENT:STATUS
1673647569500 inf [network] > wam.general.t1 CHATROOM:POST_INFO
1673647570334 inf [network] > wam.general.t1 CHATROOM:POST_INFO
1673647571432 inf [network] < prefs TIME:GET
1673647571451 inf [network] > prefs TIME:GET_OK
1673647574560 inf [network] > wam.general.t1 CHATROOM:POST_INFO
1673647576313 inf [network] > tt3.ttmgr.tt3_9.t611663341 TOURNAMENT:STATUS
1673647576809 inf [network] > tt3.ttmgr.tt3_9.t611663341 FILTERLIST:SET
1673647578414 inf [network] > wam.general.t1 CHATROOM:POST_INFO
1673647579058 inf [network] > tt3.ttmgr.tt3_9.t611663341 TOURNAMENT:STATUS
1673647580698 inf [network] > wam.general.t1 CHATROOM:POST_INFO
1673647580748 inf [network] > wam.general.t1 CHATROOM:POST_INFO
1673647581448 inf [network] < prefs TIME:GET
1673647581468 inf [network] > prefs TIME:GET_OK
1673647582770 inf [network] > wam.general.t1 CHATROOM:POST_INFO
1673647583751 inf [network] > tt3.ttmgr.tt3_9.t611663341 TOURNAMENT:STATUS
1673647583755 inf [network] > tt3.ttmgr.tt3_9.t611663341 TOURNAMENT:PAYOUTS
1673647584001 inf [network] > wam.general.t1 CHATROOM:POST_INFO
1673647585982 inf [network] > tt3.ttmgr.tt3_9.t611663341 TOURNAMENT:STATUS
1673647586755 inf [network] > tt3.ttmgr.tt3_9.t611663341 FILTERLIST:SET
1673647588279 inf [network] > tt3.ttmgr.tt3_9.t611663341 TOURNAMENT:STATUS
1673647591039 inf [network] > tt3.ttmgr.tt3_9.t611663341 TOURNAMENT:STATUS
1673647591448 inf [network] < prefs TIME:GET
1673647591468 inf [network] > prefs TIME:GET_OK
1673647592987 inf [network] > tt3.ttmgr.tt3_9.t611663341 TOURNAMENT:PAYOUTS
1673647593790 inf [network] > tt3.ttmgr.tt3_9.t611663341 TOURNAMENT:STATUS
1673647597111 inf [network] > tt3.ttmgr.tt3_9.t611663341 FILTERLIST:SET
1673647599334 inf [network] > wam.general.t1 CHATROOM:POST_INFO
1673647601457 inf [network] < prefs TIME:GET
1673647601479 inf [network] > prefs TIME:GET_OK
1673647604159 inf [network] > tt3.ttmgr.tt3_9.t611663341 TOURNAMENT:STATUS
1673647604161 inf [network] > tt3.ttmgr.tt3_9.t611663341 TOURNAMENT:PAYOUTS
1673647606835 inf [network] > tt3.ttmgr.tt3_9.t611663341 FILTERLIST:SET
1673647606902 inf [network] > tt3.ttmgr.tt3_9.t611663341 TOURNAMENT:STATUS
1673647610705 inf [network] > wam.general.t1 CHATROOM:POST_INFO
1673647611457 inf [network] < prefs TIME:GET
1673647611478 inf [network] > prefs TIME:GET_OK
1673647612402 inf [network] > wam.general.t1 CHATROOM:POST_INFO
1673647614489 inf [network] > wam.general.t1 CHATROOM:POST_INFO
1673647615103 inf [network] > wam.general.t1 CHATROOM:POST_INFO
1673647616847 inf [network] > tt3.ttmgr.tt3_9.t611663341 FILTERLIST:SET
1673647617347 inf [network] > wam.general.t1 CHATROOM:POST_INFO
1673647617713 inf [network] > wam.general.t1 CHATROOM:POST_INFO
1673647617781 inf [network] > tt3.ttmgr.tt3_9.t611663341 TOURNAMENT:STATUS
1673647619352 inf [network] > wam.general.t1 CHATROOM:POST_INFO
1673647620121 inf [network] > tt3.ttmgr.tt3_9.t611663341 TOURNAMENT:STATUS
1673647621458 inf [network] < prefs TIME:GET
1673647621479 inf [network] > prefs TIME:GET_OK
1673647626881 inf [network] > tt3.ttmgr.tt3_9.t611663341 FILTERLIST:SET
1673647626883 inf [network] > wam.general.t1 CHATROOM:POST_INFO
1673647626931 inf [network] > tt3.ttmgr.tt3_9.t611663341 TOURNAMENT:STATUS
1673647629133 inf [network] > tt3.ttmgr.tt3_9.t611663341 TOURNAMENT:STATUS
1673647629135 inf [network] > tt3.ttmgr.tt3_9.t611663341 TOURNAMENT:PAYOUTS
1673647631467 inf [network] < prefs TIME:GET
1673647631487 inf [network] > prefs TIME:GET_OK
1673647631528 inf [network] > tt3.ttmgr.tt3_9.t611663341 TOURNAMENT:STATUS
1673647631927 inf [network] > tt3.ttmgr.tt3_9.t611663341 TOURNAMENT:PAYOUTS
1673647634150 inf [network] > tt3.ttmgr.tt3_9.t611663341 TOURNAMENT:PAYOUTS
1673647634152 inf [network] > tt3.ttmgr.tt3_9.t611663341 TOURNAMENT:STATUS
1673647634213 inf [network] > wam.general.t1 CHATROOM:POST_INFO
1673647636532 inf [network] > tt3.ttmgr.tt3_9.t611663341 TOURNAMENT:STATUS
1673647636812 inf [network] > tt3.ttmgr.tt3_9.t611663341 TOURNAMENT:PAYOUTS
1673647636820 inf [network] > tt3.ttmgr.tt3_9.t611663341 FILTERLIST:SET
1673647637937 inf [network] > wam.general.t1 CHATROOM:POST_INFO
1673647639064 inf [network] > tt3.ttmgr.tt3_9.t611663341 TOURNAMENT:STATUS
1673647641113 inf [network] > tt3.ttmgr.tt3_9.t611663341 TOURNAMENT:STATUS
1673647641467 inf [network] < prefs TIME:GET
1673647641487 inf [network] > prefs TIME:GET_OK
1673647642550 inf [network] > wam.general.t1 CHATROOM:POST_INFO
1673647642571 inf [network] > tt3.ttmgr.tt3_9.t611663341 TOURNAMENT:PAYOUTS
1673647643585 inf [network] > tt3.ttmgr.tt3_9.t611663341 TOURNAMENT:STATUS
1673647645123 inf [network] > tt3.ttmgr.tt3_9.t611663341 TOURNAMENT:PAYOUTS
1673647645417 inf [network] > wam.general.t1 CHATROOM:POST_INFO
1673647645830 inf [network] > tt3.ttmgr.tt3_9.t611663341 TOURNAMENT:STATUS
1673647645832 inf [network] > wam.general.t1 CHATROOM:POST_INFO
1673647646029 inf [network] > wam.general.t1 CHATROOM:POST_INFO
1673647646855 inf [network] > tt3.ttmgr.tt3_9.t611663341 FILTERLIST:SET
1673647648441 inf [network] > wam.general.t1 CHATROOM:POST_INFO
1673647648442 inf [network] > tt3.ttmgr.tt3_9.t611663341 TOURNAMENT:STATUS
1673647648444 inf [network] > tt3.ttmgr.tt3_9.t611663341 TOURNAMENT:PAYOUTS
1673647651045 inf [network] > tt3.ttmgr.tt3_9.t611663341 TOURNAMENT:STATUS
1673647651109 inf [network] > tt3.ttmgr.tt3_9.t611663341 TOURNAMENT:PAYOUTS
1673647651467 inf [network] < prefs TIME:GET
1673647651487 inf [network] > prefs TIME:GET_OK
1673647653094 inf [network] > tt3.ttmgr.tt3_9.t611663341 TOURNAMENT:STATUS
1673647653299 inf [network] > tt3.ttmgr.tt3_9.t611663341 TOURNAMENT:PAYOUTS
1673647655143 inf [network] > wam.general.t1 CHATROOM:POST_INFO
1673647655255 inf [network] > tt3.ttmgr.tt3_9.t611663341 TOURNAMENT:STATUS
1673647655755 inf [network] > wam.general.t1 CHATROOM:POST_INFO
1673647656645 inf [network] > wam.general.t1 CHATROOM:POST_INFO
1673647656868 inf [network] > tt3.ttmgr.tt3_9.t611663341 FILTERLIST:SET
1673647658641 inf [network] > wam.general.t1 CHATROOM:POST_INFO
1673647659339 inf [network] > wam.general.t1 CHATROOM:POST_INFO
1673647661468 inf [network] < prefs TIME:GET
1673647661489 inf [network] > prefs TIME:GET_OK
1673647662209 inf [network] > tt3.ttmgr.tt3_9.t611663341 TOURNAMENT:STATUS
1673647662382 inf [network] > tt3.ttmgr.tt3_9.t611663341 TOURNAMENT:PAYOUTS
1673647665006 inf [network] > tt3.ttmgr.tt3_9.t611663341 TOURNAMENT:STATUS
1673647665524 inf [network] > wam.general.t1 CHATROOM:POST_INFO
1673647666863 inf [network] > tt3.ttmgr.tt3_9.t611663341 FILTERLIST:SET
1673647667834 inf [network] > wam.general.t1 CHATROOM:POST_INFO
1673647670473 inf [network] > tt3.ttmgr.tt3_9.t611663341 TOURNAMENT:STATUS
1673647670606 inf [network] > wam.general.t1 CHATROOM:POST_INFO
1673647671361 inf [network] > wam.general.t1 CHATROOM:POST_INFO
1673647671458 inf [network] < prefs TIME:GET
1673647671478 inf [network] > prefs TIME:GET_OK
1673647671555 inf [network] > wam.general.t1 CHATROOM:POST_INFO
1673647673062 inf [network] > tt3.ttmgr.tt3_9.t611663341 TOURNAMENT:STATUS
1673647675416 inf [network] > wam.general.t1 CHATROOM:POST_INFO
1673647675549 inf [network] > tt3.ttmgr.tt3_9.t611663341 TOURNAMENT:PAYOUTS
1673647675576 inf [network] > tt3.ttmgr.tt3_9.t611663341 TOURNAMENT:STATUS
1673647676624 inf [network] > wam.general.t1 CHATROOM:POST_INFO
1673647676876 inf [network] > tt3.ttmgr.tt3_9.t611663341 FILTERLIST:SET
1673647679922 inf [network] > tt3.ttmgr.tt3_9.t611663341 TOURNAMENT:STATUS
1673647679924 inf [network] > tt3.ttmgr.tt3_9.t611663341 TOURNAMENT:PAYOUTS
1673647681467 inf [network] < prefs TIME:GET
1673647681492 inf [network] > prefs TIME:GET_OK
1673647682073 inf [network] > tt3.ttmgr.tt3_9.t611663341 TOURNAMENT:STATUS
1673647683199 inf [network] > tt3.ttmgr.tt3_9.t611663341 TOURNAMENT:PAYOUTS
1673647683711 inf [network] > wam.general.t1 CHATROOM:POST_INFO
1673647684429 inf [network] > tt3.ttmgr.tt3_9.t611663341 TOURNAMENT:STATUS
1673647686503 inf [network] > tt3.ttmgr.tt3_9.t611663341 TOURNAMENT:STATUS
1673647686893 inf [network] > tt3.ttmgr.tt3_9.t611663341 FILTERLIST:SET
1673647687106 inf [network] > wam.general.t1 CHATROOM:POST_INFO
1673647688997 inf [network] > tt3.ttmgr.tt3_9.t611663341 TOURNAMENT:STATUS
1673647690114 inf [network] > wam.general.t1 CHATROOM:POST_INFO
1673647691467 inf [network] < prefs TIME:GET
1673647691495 inf [network] > prefs TIME:GET_OK
1673647692009 inf [network] > tt3.ttmgr.tt3_9.t611663341 TOURNAMENT:STATUS
1673647694771 inf [network] > tt3.ttmgr.tt3_9.t611663341 TOURNAMENT:STATUS
1673647695077 inf [network] > wam.general.t1 CHATROOM:POST_INFO
1673647696749 inf [network] > wam.general.t1 CHATROOM:POST_INFO
1673647696900 inf [network] > tt3.ttmgr.tt3_9.t611663341 FILTERLIST:SET
1673647697007 inf [network] > tt3.ttmgr.tt3_9.t611663341 TOURNAMENT:STATUS
1673647697842 inf [network] > tt3.ttmgr.tt3_9.t611663341 TOURNAMENT:PAYOUTS
1673647699275 inf [network] > wam.general.t1 CHATROOM:POST_INFO
1673647699992 inf [network] > tt3.ttmgr.tt3_9.t611663341 TOURNAMENT:STATUS
1673647700013 inf [network] > tt3.ttmgr.tt3_9.t611663341 TOURNAMENT:PAYOUTS
1673647701467 inf [network] < prefs TIME:GET
1673647701489 inf [network] > prefs TIME:GET_OK
1673647701938 inf [network] > tt3.ttmgr.tt3_9.t611663341 TOURNAMENT:STATUS
1673647702810 inf [network] > tt3.ttmgr.tt3_9.t611663341 TOURNAMENT:PAYOUTS
1673647703931 inf [network] > wam.general.t1 CHATROOM:POST_INFO
1673647704190 inf [network] > wam.general.t1 CHATROOM:POST_INFO
1673647704702 inf [network] > wam.general.t1 CHATROOM:POST_INFO
1673647705010 inf [network] > tt3.ttmgr.tt3_9.t611663341 TOURNAMENT:STATUS
1673647706034 inf [network] > wam.general.t1 CHATROOM:POST_INFO
1673647706601 inf [network] > tt3.ttmgr.tt3_9.t611663341 TOURNAMENT:PAYOUTS
1673647706899 inf [network] > wam.general.t1 CHATROOM:POST_INFO
1673647706979 inf [network] > tt3.ttmgr.tt3_9.t611663341 FILTERLIST:SET
1673647707016 inf [network] > tt3.ttmgr.tt3_9.t611663341 TOURNAMENT:STATUS
1673647709353 inf [network] > wam.general.t1 CHATROOM:POST_INFO
1673647711487 inf [network] < prefs TIME:GET
1673647711513 inf [network] > prefs TIME:GET_OK
1673647712280 inf [network] > tt3.ttmgr.tt3_9.t611663341 TOURNAMENT:STATUS
1673647712282 inf [network] > tt3.ttmgr.tt3_9.t611663341 TOURNAMENT:PAYOUTS
1673647713918 inf [network] > wam.general.t1 CHATROOM:POST_INFO
1673647714408 inf [network] > wam.general.t1 CHATROOM:POST_INFO
1673647715045 inf [network] > tt3.ttmgr.tt3_9.t611663341 TOURNAMENT:PAYOUTS
1673647715047 inf [network] > tt3.ttmgr.tt3_9.t611663341 TOURNAMENT:STATUS
1673647716431 inf [network] > wam.general.t1 CHATROOM:POST_INFO
1673647716926 inf [network] > tt3.ttmgr.tt3_9.t611663341 FILTERLIST:SET
1673647717762 inf [network] > tt3.ttmgr.tt3_9.t611663341 TOURNAMENT:STATUS
1673647720782 inf [network] > tt3.ttmgr.tt3_9.t611663341 TOURNAMENT:STATUS
1673647720783 inf [network] > tt3.ttmgr.tt3_9.t611663341 TOURNAMENT:PAYOUTS
1673647721072 inf [network] > wam.general.t1 CHATROOM:POST_INFO
1673647721477 inf [network] < prefs TIME:GET
1673647721507 inf [network] > prefs TIME:GET_OK
1673647723136 inf [network] > tt3.ttmgr.tt3_9.t611663341 TOURNAMENT:STATUS
1673647723441 inf [network] > wam.general.t1 CHATROOM:POST_INFO
1673647724875 inf [network] > tt3.ttmgr.tt3_9.t611663341 TOURNAMENT:PAYOUTS
1673647724877 inf [network] > wam.general.t1 CHATROOM:POST_INFO
1673647725491 inf [network] > tt3.ttmgr.tt3_9.t611663341 TOURNAMENT:STATUS
1673647725898 inf [network] > wam.general.t1 CHATROOM:POST_INFO
1673647726945 inf [network] > tt3.ttmgr.tt3_9.t611663341 FILTERLIST:SET
1673647727040 inf [network] > tt3.ttmgr.tt3_9.t611663341 TOURNAMENT:PAYOUTS
1673647728043 inf [network] > tt3.ttmgr.tt3_9.t611663341 TOURNAMENT:STATUS
1673647729435 inf [network] > tt3.ttmgr.tt3_9.t611663341 TOURNAMENT:PAYOUTS
1673647730648 inf [network] > tt3.ttmgr.tt3_9.t611663341 TOURNAMENT:STATUS
1673647731488 inf [network] < prefs TIME:GET
1673647731508 inf [network] > prefs TIME:GET_OK
1673647732831 inf [network] > tt3.ttmgr.tt3_9.t611663341 TOURNAMENT:PAYOUTS
1673647732879 inf [network] > wam.general.t1 CHATROOM:POST_INFO
1673647733045 inf [network] > tt3.ttmgr.tt3_9.t611663341 TOURNAMENT:STATUS
1673647735219 inf [network] > tt3.ttmgr.tt3_9.t611663341 TOURNAMENT:PAYOUTS
1673647735640 inf [network] > tt3.ttmgr.tt3_9.t611663341 TOURNAMENT:STATUS
1673647736138 inf [network] > wam.general.t1 CHATROOM:POST_INFO
1673647737064 inf [network] > tt3.ttmgr.tt3_9.t611663341 FILTERLIST:SET
1673647738085 inf [network] > tt3.ttmgr.tt3_9.t611663341 TOURNAMENT:STATUS
1673647741041 inf [network] > wam.general.t1 CHATROOM:POST_INFO
1673647741488 inf [network] < prefs TIME:GET
1673647741506 inf [network] > prefs TIME:GET_OK
1673647744741 inf [network] > tt3.ttmgr.tt3_9.t611663341 TOURNAMENT:STATUS
1673647746608 inf [network] > tt3.ttmgr.tt3_9.t611663341 TOURNAMENT:PAYOUTS
1673647746892 inf [network] > tt3.ttmgr.tt3_9.t611663341 TOURNAMENT:STATUS
1673647746972 inf [network] > tt3.ttmgr.tt3_9.t611663341 FILTERLIST:SET
1673647747101 inf [network] > wam.general.t1 CHATROOM:POST_INFO
1673647748302 inf [network] > wam.general.t1 CHATROOM:POST_INFO
1673647750169 inf [network] > tt3.ttmgr.tt3_9.t611663341 TOURNAMENT:STATUS
                                                                                               