1673573110280 inf [app] Launch
1673573110341 inf [scene] Bridge initialize
1673573110353 inf [scene] Scene open
1673573110361 inf [scene.1] Scene create
1673573110395 inf [scene.1] Scene loading
1673573110408 inf [app] Checking for update
1673573110582 inf [app] Update for version 1.26.3 is not available (latest version: 1.26.3, downgrade is disallowed).
1673573110936 inf [scene.1] Browser loaded
1673573110945 inf [scene.1] Scene bridge loaded
1673573111027 inf [tracker] Listening on port: 8003
1673573113184 inf [api] < Service core/authentication/token/generate
1673573113187 inf [network] > Http https://wapi.winamax.fr/core/authentication/token/generate post
1673573113286 inf [network] > Http https://wapi.winamax.fr/core/authentication/token/generate ok
1673573113289 inf [api] > Service core/authentication/token/generate
1673573113291 inf [api] < Service poker/public/config/preauth {"client":"poker","application":"desktop","opid":"wam","device":"electron","ver":"1.26.3.1671552372","os":"win32","cid":"b94b276db79aabbcbfbe64cabbfea685"}
1673573113292 inf [network] > Http https://api.winamax.fr/poker/public/config/preauth?client=poker&application=desktop&opid=wam&device=electron&ver=1.26.3.1671552372&os=win32&cid=b94b276db79aabbcbfbe64cabbfea685 get
1673573113406 inf [network] > Http https://api.winamax.fr/poker/public/config/preauth?client=poker&application=desktop&opid=wam&device=electron&ver=1.26.3.1671552372&os=win32&cid=b94b276db79aabbcbfbe64cabbfea685 ok
1673573113411 inf [api] > Service poker/public/config/preauth {"core":{"type":"wss","retry":{"count":3,"timeout":10000,"delay":2000,"random":1000},"hosts":["wapi.winamax.fr:443/poker/front/ws/websocket"],"enable":true,"zombie":{"duration":45000},"socket":{"sleep":10,"buffer":16384},"monitor":{"interrupted":true}},"features":{"vm":false,"playground":{"threshold":1000},"time":{"duration":10}},"serverstatus":{"status":"up","polling":300,"i18n":{"de_DE":{"title":"","info":"Alle Dienste sind verfügbar"},"fr_FR":{"title":"","info":"Tous les services sont fonctionnels"},"en_GB":{"title":"","info":"All services are operational."},"*":{"title":"","info":"All services are operational."},"en_US":{"title":"","info":"All services are operational."},"es_ES":{"title":"","info":"All services are operational."},"pt_PT":{"title":"","info":"All services are operational."}}},"auth":{"version":2,"timeout":6000,"refresh":{"count":3,"delay":2500}},"wspush":{"connection":{"interval":31000,"timeout":25000},"request":{"retry":{"count":0},"timeout":5000},"monitor":{"interrupted":true}},"updater":{"download":{"delay":120000}}}
1673573113415 inf [network] Registering channel prefs
1673573113417 inf [network] Enqueuing AUTH:SIGNIN
1673573113419 inf [network] Creating socket wss://wapi.winamax.fr:443/poker/front/ws/websocket
1673573113420 inf [network] Connection status: 1
1673573113504 inf [network] Socket opened
1673573113505 inf [network] Connection status: 2
1673573113507 inf [network] Connection status: 3
1673573113509 inf [network] < prefs AUTH:SIGNIN
1673573113774 inf [network] > prefs AUTH:SIGNIN_OK
1673573113777 inf [network] Connection status: 4
1673573113786 inf [network] > prefs NOTIFICATION:POST_INFO
1673573113788 inf [network] < prefs TIME:GET
1673573113789 inf [network] < prefs GAMESTATS:JOIN
1673573113808 inf [network] > prefs TIME:GET_OK
1673573113821 inf [api] < Service poker/client/prefs
1673573113821 inf [network] > Http https://wapi.winamax.fr/poker/client/prefs post
1673573113856 inf [network] > prefs GAMESTATS:JOIN_OK
1673573113926 inf [network] > Http https://wapi.winamax.fr/poker/client/prefs ok
1673573113926 inf [api] > Service poker/client/prefs
1673573113938 inf [router] Execute: wam://preload-ok
1673573113940 inf [router] Navigate: wam://lobbies
1673573113943 inf [network] > Http https://dl.winamax.fr/client/attr/settings/wam/config.1624292306 get
1673573113945 inf [network] > Http https://dl.winamax.fr/client/attr/settings/wam/ressource.1624283658 get
1673573113948 inf [router] Navigation done: wam://lobbies
1673573113950 inf [router] Execution done: wam://preload-ok
1673573113951 inf [network] Registering channel subscriptions
1673573113952 inf [api] < Service operator/userdata
1673573113952 inf [network] > Http https://wapi.winamax.fr/operator/userdata post
1673573113954 inf [api] < Service operator/winamax-tv/public
1673573113954 inf [network] > Http https://wapi.winamax.fr/operator/winamax-tv/public post
1673573113956 inf [network] < prefs SRM:JOIN
1673573113957 inf [network] < prefs NEWS:GET
1673573113958 inf [network] < prefs DATA:GET
1673573113959 inf [network] < prefs BUDDY:GET
1673573113959 inf [network] < prefs BUDDYROOM:JOIN
1673573113962 inf [network] < prefs TIME:GET
1673573113963 inf [network] < prefs CASHIER:GET
1673573113964 inf [network] < prefs CASHIER:LIST
1673573113965 inf [network] < prefs CASHIER:GET
1673573113966 inf [network] < prefs CASHIER:LIST
1673573113970 inf [network] < subscriptions FILTERLIST:CREATE
1673573113971 inf [network] < subscriptions FILTERLIST:CREATE
1673573113971 inf [network] < subscriptions FILTERLIST:CREATE
1673573113977 inf [network] > prefs SRM:JOIN_OK
1673573113979 inf [network] > prefs TIME:GET_OK
1673573113993 inf [network] > prefs BUDDYROOM:JOIN_OK
1673573113995 inf [network] > prefs CASHIER:GET_OK
1673573113997 inf [network] > prefs CASHIER:LIST_OK
1673573113998 inf [network] > prefs CASHIER:GET_OK
1673573114013 inf [network] > prefs CASHIER:LIST_OK
1673573114017 inf [network] > subscriptions FILTERLIST:CREATE_OK
1673573114019 inf [network] > subscriptions FILTERLIST:SET
1673573114019 inf [network] > subscriptions FILTERLIST:CREATE_OK
1673573114020 inf [network] > subscriptions FILTERLIST:SET
1673573114021 inf [network] > subscriptions FILTERLIST:CREATE_OK
1673573114022 inf [network] > subscriptions FILTERLIST:SET
1673573114023 inf [network] > prefs NEWS:GET_OK
1673573114026 inf [network] > Http https://dl.winamax.fr/client/attr/settings/wam/config.1624292306 ok
1673573114043 inf [network] > Http https://dl.winamax.fr/client/attr/settings/wam/ressource.1624283658 ok
1673573114050 inf [network] > Http https://wapi.winamax.fr/operator/winamax-tv/public ok
1673573114052 inf [api] > Service operator/winamax-tv/public
1673573114055 inf [network] > prefs DATA:GET_ERR
1673573114056 inf [network] > prefs BUDDY:GET_OK
1673573114058 inf [network] < prefs BUDDYROOM:JOIN
1673573114081 inf [network] > prefs BUDDYROOM:JOIN_OK
1673573114125 inf [network] > Http https://wapi.winamax.fr/operator/userdata ok
1673573114128 inf [api] > Service operator/userdata
1673573114132 inf [network] Registering channel wam.general.t1
1673573114132 inf [network] < wam.general.t1 CHATROOM:JOIN
1673573114154 inf [network] > wam.general.t1 CHATROOM:JOIN_OK
1673573115936 inf [api] < Service poker/client/prefs
1673573115937 inf [network] > Http https://wapi.winamax.fr/poker/client/prefs post
1673573116022 inf [network] > Http https://wapi.winamax.fr/poker/client/prefs ok
1673573116024 inf [api] > Service poker/client/prefs
1673573123947 inf [network] < prefs TIME:GET
1673573123977 inf [network] > prefs TIME:GET_OK
1673573133947 inf [network] < prefs TIME:GET
1673573133968 inf [network] > prefs TIME:GET_OK
1673573136292 inf [router] Execute: wam://exit
1673573136293 inf [app] Exit
1673573136296 inf [tracker] Closed
1673573136297 inf [router] Execution done: wam://exit
1673573136353 inf [app] Exit
1673573136354 inf [tracker] Closed
