1673792618522 inf [app] Launch
1673792618558 inf [scene] Bridge initialize
1673792618572 inf [scene] Scene open
1673792618576 inf [scene.1] Scene create
1673792618589 inf [scene.1] Scene loading
1673792618596 inf [app] Checking for update
1673792618726 inf [app] Update for version 1.26.3 is not available (latest version: 1.26.3, downgrade is disallowed).
1673792619269 inf [scene.1] Browser loaded
1673792619276 inf [scene.1] Scene bridge loaded
1673792619304 inf [tracker] Listening on port: 8000
1673792620998 inf [api] < Service core/authentication/token/generate
1673792620999 inf [network] > Http https://wapi.winamax.fr/core/authentication/token/generate post
1673792621079 inf [network] > Http https://wapi.winamax.fr/core/authentication/token/generate ok
1673792621080 inf [api] > Service core/authentication/token/generate
1673792621081 inf [api] < Service poker/public/config/preauth {"client":"poker","application":"desktop","opid":"wam","device":"electron","ver":"1.26.3.1671552372","os":"win32","cid":"b94b276db79aabbcbfbe64cabbfea685"}
1673792621082 inf [network] > Http https://api.winamax.fr/poker/public/config/preauth?client=poker&application=desktop&opid=wam&device=electron&ver=1.26.3.1671552372&os=win32&cid=b94b276db79aabbcbfbe64cabbfea685 get
1673792621164 inf [network] > Http https://api.winamax.fr/poker/public/config/preauth?client=poker&application=desktop&opid=wam&device=electron&ver=1.26.3.1671552372&os=win32&cid=b94b276db79aabbcbfbe64cabbfea685 ok
1673792621166 inf [api] > Service poker/public/config/preauth {"core":{"type":"wss","retry":{"count":3,"timeout":10000,"delay":2000,"random":1000},"hosts":["wapi.winamax.fr:443/poker/front/ws/websocket"],"enable":true,"zombie":{"duration":45000},"socket":{"sleep":10,"buffer":16384},"monitor":{"interrupted":true}},"features":{"vm":false,"playground":{"threshold":1000},"time":{"duration":10}},"serverstatus":{"status":"up","polling":300,"i18n":{"de_DE":{"title":"","info":"Alle Dienste sind verfügbar"},"fr_FR":{"title":"","info":"Tous les services sont fonctionnels"},"en_GB":{"title":"","info":"All services are operational."},"*":{"title":"","info":"All services are operational."},"en_US":{"title":"","info":"All services are operational."},"es_ES":{"title":"","info":"All services are operational."},"pt_PT":{"title":"","info":"All services are operational."}}},"auth":{"version":2,"timeout":6000,"refresh":{"count":3,"delay":2500}},"wspush":{"connection":{"interval":31000,"timeout":25000},"request":{"retry":{"count":0},"timeout":5000},"monitor":{"interrupted":true}},"updater":{"download":{"delay":120000}}}
1673792621180 inf [network] Registering channel prefs
1673792621181 inf [network] Enqueuing AUTH:SIGNIN
1673792621182 inf [network] Creating socket wss://wapi.winamax.fr:443/poker/front/ws/websocket
1673792621183 inf [network] Connection status: 1
1673792621258 inf [network] Socket opened
1673792621258 inf [network] Connection status: 2
1673792621259 inf [network] Connection status: 3
1673792621260 inf [network] < prefs AUTH:SIGNIN
1673792621425 inf [network] > prefs AUTH:SIGNIN_OK
1673792621426 inf [network] Connection status: 4
1673792621444 inf [network] < prefs TIME:GET
1673792621444 inf [network] < prefs GAMESTATS:JOIN
1673792621460 inf [network] > prefs TIME:GET_OK
1673792621468 inf [api] < Service poker/client/prefs
1673792621469 inf [network] > Http https://wapi.winamax.fr/poker/client/prefs post
1673792621479 inf [network] > prefs NOTIFICATION:POST_INFO
1673792621510 inf [network] > prefs GAMESTATS:JOIN_OK
1673792621554 inf [network] > Http https://wapi.winamax.fr/poker/client/prefs ok
1673792621554 inf [api] > Service poker/client/prefs
1673792621561 inf [router] Execute: wam://preload-ok
1673792621562 inf [router] Navigate: wam://lobbies
1673792621564 inf [network] > Http https://dl.winamax.fr/client/attr/settings/wam/config.1624292306 get
1673792621565 inf [network] > Http https://dl.winamax.fr/client/attr/settings/wam/ressource.1624283658 get
1673792621567 inf [router] Navigation done: wam://lobbies
1673792621568 inf [router] Execution done: wam://preload-ok
1673792621570 inf [network] Registering channel subscriptions
1673792621570 inf [api] < Service operator/userdata
1673792621571 inf [network] > Http https://wapi.winamax.fr/operator/userdata post
1673792621573 inf [api] < Service operator/winamax-tv/public
1673792621573 inf [network] > Http https://wapi.winamax.fr/operator/winamax-tv/public post
1673792621574 inf [network] < prefs SRM:JOIN
1673792621575 inf [network] < prefs NEWS:GET
1673792621575 inf [network] < prefs DATA:GET
1673792621576 inf [network] < prefs BUDDY:GET
1673792621576 inf [network] < prefs BUDDYROOM:JOIN
1673792621579 inf [network] < prefs TIME:GET
1673792621580 inf [network] < prefs CASHIER:GET
1673792621581 inf [network] < prefs CASHIER:LIST
1673792621581 inf [network] < prefs CASHIER:GET
1673792621582 inf [network] < prefs CASHIER:LIST
1673792621583 inf [network] < subscriptions FILTERLIST:CREATE
1673792621584 inf [network] < subscriptions FILTERLIST:CREATE
1673792621584 inf [network] < subscriptions FILTERLIST:CREATE
1673792621594 inf [network] > prefs SRM:JOIN_OK
1673792621599 inf [network] > prefs TIME:GET_OK
1673792621601 inf [network] > prefs BUDDYROOM:JOIN_OK
1673792621603 inf [network] > prefs CASHIER:GET_OK
1673792621606 inf [network] > prefs CASHIER:LIST_OK
1673792621606 inf [network] > prefs CASHIER:GET_OK
1673792621624 inf [network] > prefs CASHIER:LIST_OK
1673792621629 inf [network] > subscriptions FILTERLIST:CREATE_OK
1673792621630 inf [network] > subscriptions FILTERLIST:CREATE_OK
1673792621631 inf [network] > subscriptions FILTERLIST:SET
1673792621632 inf [network] > subscriptions FILTERLIST:SET
1673792621632 inf [network] > subscriptions FILTERLIST:CREATE_OK
1673792621633 inf [network] > subscriptions FILTERLIST:SET
1673792621637 inf [network] > prefs DATA:GET_ERR
1673792621639 inf [network] > prefs NEWS:GET_OK
1673792621642 inf [network] Registering channel tt4.ttmgr.tt4_8.t612333153
1673792621651 inf [network] < tt4.ttmgr.tt4_8.t612333153 TOURNAMENT:JOIN
1673792621656 inf [network] > Http https://dl.winamax.fr/client/attr/settings/wam/config.1624292306 ok
1673792621667 inf [network] > prefs BUDDY:GET_OK
1673792621669 inf [network] > Http https://wapi.winamax.fr/operator/winamax-tv/public ok
1673792621670 inf [api] > Service operator/winamax-tv/public
1673792621671 inf [network] < prefs BUDDYROOM:JOIN
1673792621678 inf [network] > tt4.ttmgr.tt4_8.t612333153 TOURNAMENT:JOIN_OK
1673792621680 inf [network] > tt4.ttmgr.tt4_8.t612333153 CHATROOM:JOIN_OK
1673792621681 inf [router] Execute: wam://table-open?rid=&tblrk=tt4.tamgr.tt4_8.t90095&ttrk=tt4.ttmgr.tt4_8.t612333153&gfsid=
1673792621688 inf [scene] Scene open
1673792621689 inf [scene.2] Scene create
1673792621695 inf [scene.2] Scene loading
1673792621699 inf [router] Execution done: wam://table-open?rid=&tblrk=tt4.tamgr.tt4_8.t90095&ttrk=tt4.ttmgr.tt4_8.t612333153&gfsid=
1673792621700 inf [network] < tt4.ttmgr.tt4_8.t612333153 TOURNAMENT:CONFIGURE
1673792621703 inf [network] Registering channel tt4.tamgr.tt4_8.t90095
1673792621704 inf [network] > Http https://dl.winamax.fr/client/attr/settings/wam/ressource.1624283658 ok
1673792621706 inf [network] > prefs BUDDYROOM:JOIN_OK
1673792621708 inf [network] Registering channel wam.general.t1
1673792621709 inf [network] < wam.general.t1 CHATROOM:JOIN
1673792621714 inf [network] < tt4.tamgr.tt4_8.t90095 TABLE:JOIN
1673792621720 inf [network] > tt4.ttmgr.tt4_8.t612333153 TOURNAMENT:CONFIGURE_OK
1673792621730 inf [network] < tt4.ttmgr.tt4_8.t612333153 TOURNAMENT:CONFIGURE
1673792621733 inf [network] > wam.general.t1 CHATROOM:JOIN_OK
1673792621735 inf [network] > Http https://wapi.winamax.fr/operator/userdata ok
1673792621736 inf [api] > Service operator/userdata
1673792621738 inf [network] > tt4.tamgr.tt4_8.t90095 TABLE:JOIN_OK
1673792621739 inf [network] > tt4.tamgr.tt4_8.t90095 TABLE:CARDS
1673792621740 inf [table] 1 tt4.tamgr.tt4_8.t90095 hand 2629950866391564293-41-1673792610
1673792621741 inf [table] 1 tt4.tamgr.tt4_8.t90095 round pre-flop pot="560" totalPot="2660"
1673792621742 inf [table] 1 tt4.tamgr.tt4_8.t90095 cards login="YL_ML_GL_42" Ad,Js
1673792621743 inf [network] > tt4.tamgr.tt4_8.t90095 CHATROOM:JOIN_OK
1673792621764 inf [network] > tt4.ttmgr.tt4_8.t612333153 TOURNAMENT:CONFIGURE_OK
1673792622083 inf [scene.2] Browser loaded
1673792622094 inf [scene.2] Scene bridge loaded
1673792623260 inf [network] > wam.general.t1 CHATROOM:POST_INFO
1673792623567 inf [api] < Service poker/client/prefs
1673792623568 inf [network] > Http https://wapi.winamax.fr/poker/client/prefs post
1673792623651 inf [network] > Http https://wapi.winamax.fr/poker/client/prefs ok
1673792623651 inf [api] > Service poker/client/prefs
1673792629211 inf [router] Navigate: wam://table?tblid=1&scene=2
1673792629213 inf [router] Navigation done: wam://table?tblid=1&scene=2
1673792629301 inf [network] < tt4.tamgr.tt4_8.t90095 TABLE:SITIN
1673792629322 inf [network] > tt4.tamgr.tt4_8.t90095 TABLE:SITIN_OK
1673792629323 inf [network] > tt4.tamgr.tt4_8.t90095 TABLE:SITIN_INFO
1673792629722 inf [network] > tt4.ttmgr.tt4_8.t612333153 TOURNAMENT:STATUS
1673792631585 inf [network] < prefs TIME:GET
1673792631605 inf [network] > prefs TIME:GET_OK
1673792632254 inf [network] > tt4.ttmgr.tt4_8.t612333153 TOURNAMENT:STATUS
1673792632652 inf [network] > tt4.ttmgr.tt4_8.t612333153 TOURNAMENT:PAYOUTS
1673792633414 inf [network] > tt4.tamgr.tt4_8.t90095 TABLE:ACTION_INFO
1673792633415 inf [table] 1 tt4.tamgr.tt4_8.t90095 action fold login="Fluo-Dragon4"
1673792634658 inf [network] > tt4.ttmgr.tt4_8.t612333153 TOURNAMENT:STATUS
1673792639289 inf [network] > wam.general.t1 CHATROOM:POST_INFO
1673792641593 inf [network] < prefs TIME:GET
1673792641611 inf [network] > prefs TIME:GET_OK
1673792642637 inf [network] > wam.general.t1 CHATROOM:POST_INFO
1673792643814 inf [network] > tt4.tamgr.tt4_8.t90095 TABLE:ACTION_INFO
1673792643816 inf [table] 1 tt4.tamgr.tt4_8.t90095 action raise login="x jacky31" amount="8648"
1673792646583 inf [network] > tt4.tamgr.tt4_8.t90095 TABLE:ACTION_INFO
1673792646584 inf [table] 1 tt4.tamgr.tt4_8.t90095 action call login="Cqfd.972" amount="8648"
1673792646861 inf [network] > wam.general.t1 CHATROOM:POST_INFO
1673792648342 inf [network] > tt4.tamgr.tt4_8.t90095 TABLE:SITIN_INFO
1673792648992 inf [network] > wam.general.t1 CHATROOM:POST_INFO
1673792649352 inf [network] > tt4.tamgr.tt4_8.t90095 TABLE:ACTION_INFO
1673792649353 inf [network] > tt4.tamgr.tt4_8.t90095 TABLE:STATUS
1673792649354 inf [table] 1 tt4.tamgr.tt4_8.t90095 action call login="michel 13" amount="8648"
1673792649360 inf [table] 1 tt4.tamgr.tt4_8.t90095 round flop board="2h,As,7s" pot="26504" totalPot="0"
1673792650144 inf [network] > tt4.ttmgr.tt4_8.t612333153 TOURNAMENT:STATUS
1673792650146 inf [network] > tt4.ttmgr.tt4_8.t612333153 TOURNAMENT:PAYOUTS
1673792651544 inf [network] > wam.general.t1 CHATROOM:POST_INFO
1673792651604 inf [network] < prefs TIME:GET
1673792651621 inf [network] > prefs TIME:GET_OK
1673792652278 inf [network] > tt4.ttmgr.tt4_8.t612333153 TOURNAMENT:STATUS
1673792655677 inf [network] > tt4.tamgr.tt4_8.t90095 TABLE:ACTION_INFO
1673792655678 inf [table] 1 tt4.tamgr.tt4_8.t90095 action bet login="x jacky31" amount="9276"
1673792657575 inf [network] > tt4.tamgr.tt4_8.t90095 TABLE:ACTION_INFO
1673792657579 inf [table] 1 tt4.tamgr.tt4_8.t90095 action fold login="Cqfd.972"
1673792660092 inf [network] > tt4.tamgr.tt4_8.t90095 TABLE:ACTION_INFO
1673792660092 inf [table] 1 tt4.tamgr.tt4_8.t90095 action raise login="michel 13" amount="18552"
1673792661614 inf [network] < prefs TIME:GET
1673792661630 inf [network] > prefs TIME:GET_OK
1673792662572 inf [network] > tt4.tamgr.tt4_8.t90095 TABLE:ACTION_INFO
1673792662572 inf [network] > tt4.tamgr.tt4_8.t90095 TABLE:STATUS
1673792662573 inf [table] 1 tt4.tamgr.tt4_8.t90095 action call login="x jacky31" amount="12232"
1673792664156 inf [network] > tt4.tamgr.tt4_8.t90095 TABLE:STATUS
1673792664170 inf [table] 1 tt4.tamgr.tt4_8.t90095 round turn board="2h,As,7s,9d" pot="57288" totalPot="0"
1673792664611 inf [network] > wam.general.t1 CHATROOM:POST_INFO
1673792665658 inf [network] > tt4.tamgr.tt4_8.t90095 TABLE:STATUS
1673792665664 inf [table] 1 tt4.tamgr.tt4_8.t90095 round river board="2h,As,7s,9d,7h" pot="57288" totalPot="0"
1673792667013 inf [network] > wam.general.t1 CHATROOM:POST_INFO
1673792667167 inf [network] > tt4.tamgr.tt4_8.t90095 TABLE:RESULT
1673792667168 inf [network] > tt4.tamgr.tt4_8.t90095 TRACKER:GET_INFO
1673792667169 inf [table] 1 tt4.tamgr.tt4_8.t90095 showdown login="x jacky31" cards="Ah,Jd" board="2h,As,7s,9d,7h"
1673792667169 inf [table] 1 tt4.tamgr.tt4_8.t90095 showdown login="michel 13" cards="Ac,3c" board="2h,As,7s,9d,7h"
1673792667169 inf [table] 1 tt4.tamgr.tt4_8.t90095 gain login="x jacky31" amount="50968"
1673792667170 inf [table] 1 tt4.tamgr.tt4_8.t90095 gain login="michel 13" amount="6320"
1673792669175 inf [network] > tt4.tamgr.tt4_8.t90095 TABLE:POST_INFO
1673792669176 inf [network] > tt4.tamgr.tt4_8.t90095 TABLE:POST_INFO
1673792669176 inf [network] > tt4.tamgr.tt4_8.t90095 TABLE:POST_INFO
1673792669177 inf [network] > tt4.tamgr.tt4_8.t90095 TABLE:POST_INFO
1673792669178 inf [network] > tt4.tamgr.tt4_8.t90095 TABLE:POST_INFO
1673792669178 inf [network] > tt4.tamgr.tt4_8.t90095 TABLE:POST_INFO
1673792669179 inf [table] 1 tt4.tamgr.tt4_8.t90095 hand 2629950866391564293-42-1673792668
1673792669179 inf [table] 1 tt4.tamgr.tt4_8.t90095 action AN+SB login="Cqfd.972" amount="370"
1673792669179 inf [table] 1 tt4.tamgr.tt4_8.t90095 action AN+BB login="reynald46" amount="670"
1673792669180 inf [table] 1 tt4.tamgr.tt4_8.t90095 action AN login="YL_ML_GL_42" amount="70"
1673792669181 inf [table] 1 tt4.tamgr.tt4_8.t90095 action AN login="fanwin" amount="70"
1673792669181 inf [table] 1 tt4.tamgr.tt4_8.t90095 action AN login="michel 13" amount="70"
1673792669182 inf [table] 1 tt4.tamgr.tt4_8.t90095 action AN login="Fluo-Dragon4" amount="70"
1673792669182 inf [network] > tt4.tamgr.tt4_8.t90095 TABLE:POST_INFO
1673792669182 inf [network] > tt4.tamgr.tt4_8.t90095 TABLE:POST_INFO
1673792669183 inf [network] > tt4.tamgr.tt4_8.t90095 TABLE:CARDS
1673792669183 inf [network] > tt4.tamgr.tt4_8.t90095 TABLE:STATUS
1673792669184 inf [network] > tt4.tamgr.tt4_8.t90095 TABLE:PREACTION_LIST
1673792669184 inf [table] 1 tt4.tamgr.tt4_8.t90095 action AN login="x jacky31" amount="70"
1673792669185 inf [table] 1 tt4.tamgr.tt4_8.t90095 action AN login="benzes68" amount="70"
1673792669186 inf [table] 1 tt4.tamgr.tt4_8.t90095 cards login="YL_ML_GL_42" 5h,4h
1673792669186 inf [table] 1 tt4.tamgr.tt4_8.t90095 round pre-flop pot="560" totalPot="1460"
1673792671611 inf [network] < prefs TIME:GET
1673792671621 inf [network] > tt4.ttmgr.tt4_8.t612333153 TOURNAMENT:STATUS
1673792671622 inf [network] > tt4.ttmgr.tt4_8.t612333153 TOURNAMENT:PAYOUTS
1673792671634 inf [network] > prefs TIME:GET_OK
1673792673129 inf [network] > wam.general.t1 CHATROOM:POST_INFO
1673792674202 inf [network] > tt4.ttmgr.tt4_8.t612333153 TOURNAMENT:STATUS
1673792680103 inf [network] > wam.general.t1 CHATROOM:POST_INFO
1673792681632 inf [network] < prefs TIME:GET
1673792681648 inf [network] > prefs TIME:GET_OK
1673792684187 inf [network] > tt4.tamgr.tt4_8.t90095 TABLE:ACTION_INFO
1673792684189 inf [network] > tt4.tamgr.tt4_8.t90095 TABLE:ACTIONSET
1673792684190 inf [table] 1 tt4.tamgr.tt4_8.t90095 action fold login="benzes68"
1673792684470 inf [router] Navigate: wam://table?tblid=1&scene=2
1673792684472 inf [router] Navigation done: wam://table?tblid=1&scene=2
1673792684487 inf [network] > wam.general.t1 CHATROOM:POST_INFO
1673792686032 inf [network] > tt4.tamgr.tt4_8.t90095 TABLE:SITIN_INFO
1673792688603 inf [network] > wam.general.t1 CHATROOM:POST_INFO
1673792689541 inf [router] Navigate: wam://table?tblid=1&scene=2
1673792689542 inf [router] Navigation done: wam://table?tblid=1&scene=2
1673792689643 inf [network] < tt4.tamgr.tt4_8.t90095 TABLE:ACTION
1673792689663 inf [network] > tt4.tamgr.tt4_8.t90095 TABLE:ACTION_OK
1673792689664 inf [network] > tt4.tamgr.tt4_8.t90095 TABLE:ACTION_INFO
1673792689665 inf [table] 1 tt4.tamgr.tt4_8.t90095 action fold login="YL_ML_GL_42"
1673792691644 inf [network] < prefs TIME:GET
1673792691660 inf [network] > prefs TIME:GET_OK
1673792692413 inf [network] > wam.general.t1 CHATROOM:POST_INFO
1673792693523 inf [network] > tt4.tamgr.tt4_8.t90095 TABLE:ACTION_INFO
1673792693525 inf [table] 1 tt4.tamgr.tt4_8.t90095 action call login="fanwin" amount="600"
1673792695915 inf [network] > tt4.tamgr.tt4_8.t90095 TABLE:ACTION_INFO
1673792695930 inf [table] 1 tt4.tamgr.tt4_8.t90095 action raise login="michel 13" amount="3260"
1673792700742 inf [network] > tt4.tamgr.tt4_8.t90095 TABLE:ACTION_INFO
1673792700743 inf [network] > tt4.tamgr.tt4_8.t90095 TABLE:ACTION_INFO
1673792700744 inf [table] 1 tt4.tamgr.tt4_8.t90095 action fold login="Fluo-Dragon4"
1673792700760 inf [table] 1 tt4.tamgr.tt4_8.t90095 action fold login="x jacky31"
1673792701629 inf [network] < prefs TIME:GET
1673792701876 inf [network] > prefs TIME:GET_OK
1673792703059 inf [network] > tt4.tamgr.tt4_8.t90095 TABLE:ACTION_INFO
1673792703060 inf [table] 1 tt4.tamgr.tt4_8.t90095 action raise login="Cqfd.972" amount="5920"
1673792706414 inf [network] > tt4.tamgr.tt4_8.t90095 TABLE:ACTION_INFO
1673792706427 inf [table] 1 tt4.tamgr.tt4_8.t90095 action fold login="reynald46" amount="600"
1673792706725 inf [network] > wam.general.t1 CHATROOM:POST_INFO
1673792708113 inf [network] > wam.general.t1 CHATROOM:POST_INFO
1673792709293 inf [network] > tt4.tamgr.tt4_8.t90095 TABLE:ACTION_INFO
1673792709294 inf [table] 1 tt4.tamgr.tt4_8.t90095 action call login="fanwin" amount="5920"
1673792711334 inf [network] > tt4.tamgr.tt4_8.t90095 TABLE:ACTION_INFO
1673792711336 inf [table] 1 tt4.tamgr.tt4_8.t90095 action raise login="michel 13" amount="24840"
1673792711644 inf [network] < prefs TIME:GET
1673792711661 inf [network] > prefs TIME:GET_OK
1673792712914 inf [network] > tt4.tamgr.tt4_8.t90095 TABLE:ACTION_INFO
1673792712917 inf [table] 1 tt4.tamgr.tt4_8.t90095 action call login="Cqfd.972" amount="11212"
1673792712984 inf [network] > tt4.ttmgr.tt4_8.t612333153 TOURNAMENT:STATUS
1673792712985 inf [network] > tt4.ttmgr.tt4_8.t612333153 TOURNAMENT:PAYOUTS
1673792715245 inf [network] > tt4.ttmgr.tt4_8.t612333153 TOURNAMENT:STATUS
1673792716206 inf [network] > tt4.tamgr.tt4_8.t90095 TABLE:ACTION_INFO
1673792716207 inf [network] > tt4.tamgr.tt4_8.t90095 TABLE:STATUS
1673792716208 inf [table] 1 tt4.tamgr.tt4_8.t90095 action fold login="fanwin" amount="5920"
1673792717347 inf [network] > wam.general.t1 CHATROOM:POST_INFO
1673792717735 inf [network] > tt4.tamgr.tt4_8.t90095 TABLE:STATUS
1673792717742 inf [table] 1 tt4.tamgr.tt4_8.t90095 round flop board="8d,Th,Jh" pot="43132" totalPot="0"
1673792719237 inf [network] > tt4.tamgr.tt4_8.t90095 TABLE:STATUS
1673792719253 inf [table] 1 tt4.tamgr.tt4_8.t90095 round turn board="8d,Th,Jh,2c" pot="43132" totalPot="0"
1673792720740 inf [network] > tt4.tamgr.tt4_8.t90095 TABLE:STATUS
1673792720742 inf [table] 1 tt4.tamgr.tt4_8.t90095 round river board="8d,Th,Jh,2c,5d" pot="43132" totalPot="0"
1673792721665 inf [network] < prefs TIME:GET
1673792721681 inf [network] > prefs TIME:GET_OK
1673792722247 inf [network] > tt4.tamgr.tt4_8.t90095 TABLE:RESULT
1673792722248 inf [network] > tt4.tamgr.tt4_8.t90095 TRACKER:GET_INFO
1673792722249 inf [table] 1 tt4.tamgr.tt4_8.t90095 showdown login="Cqfd.972" cards="Qd,5c" board="8d,Th,Jh,2c,5d"
1673792722249 inf [table] 1 tt4.tamgr.tt4_8.t90095 showdown login="michel 13" cards="7c,As" board="8d,Th,Jh,2c,5d"
1673792722250 inf [table] 1 tt4.tamgr.tt4_8.t90095 gain login="Cqfd.972" amount="29504"
1673792722250 inf [table] 1 tt4.tamgr.tt4_8.t90095 gain login="michel 13" amount="13628"
1673792722251 inf [network] > tt4.tamgr.tt4_8.t90095 TABLE:CHAT_INFO
1673792722251 inf [network] > tt4.tamgr.tt4_8.t90095 TABLE:STATUS
1673792722252 inf [network] > tt4.ttmgr.tt4_8.t612333153 TOURNAMENT:GET_TABLE_OK
1673792722255 inf [router] Execute: wam://table-close?tblrk=tt4.tamgr.tt4_8.t90291&switching=true
1673792722256 inf [router] Execution done: wam://table-close?tblrk=tt4.tamgr.tt4_8.t90291&switching=true
1673792722261 inf [network] Registering channel tt4.tamgr.tt4_8.t90291
1673792722292 inf [network] < tt4.tamgr.tt4_8.t90291 TABLE:JOIN
1673792722314 inf [network] > tt4.tamgr.tt4_8.t90291 TABLE:JOIN_OK
1673792722315 inf [table] 1 tt4.tamgr.tt4_8.t90291 hand 2629950866391564304-2-1673792721
1673792722316 inf [table] 1 tt4.tamgr.tt4_8.t90291 round pre-flop pot="280" totalPot="1180"
1673792722318 inf [network] > tt4.tamgr.tt4_8.t90291 CHATROOM:JOIN_OK
1673792723468 inf [network] > tt4.tamgr.tt4_8.t90291 TABLE:ACTION_INFO
1673792723469 inf [table] 1 tt4.tamgr.tt4_8.t90291 action call login="cichoc2" amount="600"
1673792724352 inf [network] > tt4.tamgr.tt4_8.t90095 TABLE:POST_INFO
1673792724353 inf [network] > tt4.tamgr.tt4_8.t90095 TABLE:POST_INFO
1673792724353 inf [network] > tt4.tamgr.tt4_8.t90095 TABLE:POST_INFO
1673792724354 inf [network] > tt4.tamgr.tt4_8.t90095 TABLE:POST_INFO
1673792724354 inf [network] > tt4.tamgr.tt4_8.t90095 TABLE:POST_INFO
1673792724355 inf [network] > tt4.tamgr.tt4_8.t90095 TABLE:POST_INFO
1673792724355 inf [network] > tt4.tamgr.tt4_8.t90095 TABLE:POST_INFO
1673792724356 inf [network] > tt4.tamgr.tt4_8.t90095 TABLE:STATUS
1673792726888 inf [network] > wam.general.t1 CHATROOM:POST_INFO
1673792729044 inf [network] > tt4.tamgr.tt4_8.t90095 TABLE:ACTION_INFO
1673792729401 inf [network] > wam.general.t1 CHATROOM:POST_INFO
1673792731517 inf [network] > tt4.tamgr.tt4_8.t90095 TABLE:ACTION_INFO
1673792731679 inf [network] < prefs TIME:GET
1673792731695 inf [network] > prefs TIME:GET_OK
1673792732402 inf [network] > wam.general.t1 CHATROOM:POST_INFO
1673792734093 inf [network] > wam.general.t1 CHATROOM:POST_INFO
1673792738296 inf [network] > tt4.tamgr.tt4_8.t90291 TABLE:ACTION_INFO
1673792738297 inf [table] 1 tt4.tamgr.tt4_8.t90291 action fold login="moselense"
1673792738467 inf [network] > tt4.tamgr.tt4_8.t90095 TABLE:ACTION_INFO
1673792741497 inf [network] > tt4.tamgr.tt4_8.t90291 TABLE:ACTION_INFO
1673792741499 inf [table] 1 tt4.tamgr.tt4_8.t90291 action call login="fripouille15" amount="600"
1673792741683 inf [network] < prefs TIME:GET
1673792741700 inf [network] > prefs TIME:GET_OK
1673792748465 inf [network] > tt4.tamgr.tt4_8.t90095 TABLE:ACTION_INFO
1673792749184 inf [network] > tt4.tamgr.tt4_8.t90291 TABLE:ACTION_INFO
1673792749185 inf [table] 1 tt4.tamgr.tt4_8.t90291 action raise login="salami53150" amount="3000"
1673792749904 inf [network] > tt4.tamgr.tt4_8.t90095 TABLE:ACTION_INFO
1673792751385 inf [network] > tt4.tamgr.tt4_8.t90291 TABLE:ACTION_INFO
1673792751386 inf [table] 1 tt4.tamgr.tt4_8.t90291 action raise login="cichoc2" amount="19930"
1673792751697 inf [network] < prefs TIME:GET
1673792751931 inf [network] > prefs TIME:GET_OK
1673792751975 inf [network] > wam.general.t1 CHATROOM:POST_INFO
1673792752867 inf [network] > wam.general.t1 CHATROOM:POST_INFO
1673792753808 inf [network] > wam.general.t1 CHATROOM:POST_INFO
1673792755271 inf [network] > wam.general.t1 CHATROOM:POST_INFO
1673792756581 inf [network] > tt4.tamgr.tt4_8.t90291 TABLE:ACTION_INFO
1673792756582 inf [table] 1 tt4.tamgr.tt4_8.t90291 action fold login="fripouille15" amount="600"
1673792759272 inf [network] > tt4.tamgr.tt4_8.t90291 TABLE:ACTION_INFO
1673792759273 inf [network] > tt4.tamgr.tt4_8.t90291 TABLE:STATUS
1673792759273 inf [table] 1 tt4.tamgr.tt4_8.t90291 action call login="salami53150" amount="19930"
1673792759671 inf [network] > tt4.tamgr.tt4_8.t90095 TABLE:ACTION_INFO
1673792759671 inf [network] > tt4.tamgr.tt4_8.t90095 TABLE:ACTION_INFO
1673792760801 inf [network] > tt4.tamgr.tt4_8.t90291 TABLE:STATUS
1673792760801 inf [table] 1 tt4.tamgr.tt4_8.t90291 round flop board="9d,3s,Ah" pot="40740" totalPot="0"
1673792761256 inf [network] > tt4.tamgr.tt4_8.t90095 TABLE:ACTION_INFO
1673792761700 inf [network] < prefs TIME:GET
1673792761716 inf [network] > prefs TIME:GET_OK
1673792762304 inf [network] > tt4.tamgr.tt4_8.t90291 TABLE:STATUS
1673792762305 inf [table] 1 tt4.tamgr.tt4_8.t90291 round turn board="9d,3s,Ah,Ks" pot="40740" totalPot="0"
1673792763213 inf [network] > tt4.tamgr.tt4_8.t90095 TABLE:ACTION_INFO
1673792763214 inf [network] > tt4.tamgr.tt4_8.t90095 TABLE:STATUS
1673792763807 inf [network] > tt4.tamgr.tt4_8.t90291 TABLE:STATUS
1673792763807 inf [table] 1 tt4.tamgr.tt4_8.t90291 round river board="9d,3s,Ah,Ks,Jd" pot="40740" totalPot="0"
1673792765311 inf [network] > tt4.tamgr.tt4_8.t90291 TABLE:RESULT
1673792765311 inf [table] 1 tt4.tamgr.tt4_8.t90291 showdown login="salami53150" cards="Ac,Kd" board="9d,3s,Ah,Ks,Jd"
1673792765312 inf [table] 1 tt4.tamgr.tt4_8.t90291 showdown login="cichoc2" cards="8c,Jc" board="9d,3s,Ah,Ks,Jd"
1673792765312 inf [table] 1 tt4.tamgr.tt4_8.t90291 gain login="salami53150" amount="40740"
1673792766352 inf [network] > wam.general.t1 CHATROOM:POST_INFO
1673792767314 inf [network] > tt4.tamgr.tt4_8.t90291 TABLE:STATUS
1673792767321 inf [network] > tt4.ttmgr.tt4_8.t612333153 TOURNAMENT:STATUS
1673792767322 inf [network] > tt4.tamgr.tt4_8.t90291 TABLE:CHAT_INFO
1673792768079 inf [network] > tt4.tamgr.tt4_8.t90095 TABLE:ACTION_INFO
1673792768625 inf [network] > tt4.ttmgr.tt4_8.t612333153 TOURNAMENT:PAYOUTS
1673792768628 inf [network] > tt4.tamgr.tt4_8.t90095 TABLE:STATUS
1673792769411 inf [network] > tt4.tamgr.tt4_8.t90291 TABLE:POST_INFO
1673792769412 inf [network] > tt4.tamgr.tt4_8.t90291 TABLE:POST_INFO
1673792769412 inf [network] > tt4.tamgr.tt4_8.t90291 TABLE:POST_INFO
1673792769413 inf [table] 1 tt4.tamgr.tt4_8.t90291 hand 2629950866391564304-3-1673792769
1673792769413 inf [table] 1 tt4.tamgr.tt4_8.t90291 action AN+SB login="salami53150" amount="370"
1673792769414 inf [table] 1 tt4.tamgr.tt4_8.t90291 action AN+BB login="YL_ML_GL_42" amount="670"
1673792769414 inf [network] > tt4.tamgr.tt4_8.t90291 TABLE:POST_INFO
1673792769415 inf [network] > tt4.tamgr.tt4_8.t90291 TABLE:POST_INFO
1673792769415 inf [network] > tt4.tamgr.tt4_8.t90291 TABLE:CARDS
1673792769416 inf [network] > tt4.tamgr.tt4_8.t90291 TABLE:STATUS
1673792769416 inf [network] > tt4.tamgr.tt4_8.t90291 TABLE:PREACTION_LIST
1673792769416 inf [table] 1 tt4.tamgr.tt4_8.t90291 action AN login="Lucky9854285" amount="70"
1673792769417 inf [table] 1 tt4.tamgr.tt4_8.t90291 action AN login="fripouille15" amount="70"
1673792769418 inf [table] 1 tt4.tamgr.tt4_8.t90291 action AN login="moselense" amount="70"
1673792769418 inf [table] 1 tt4.tamgr.tt4_8.t90291 cards login="YL_ML_GL_42" 3c,5c
1673792769419 inf [table] 1 tt4.tamgr.tt4_8.t90291 round pre-flop pot="350" totalPot="1250"
1673792769438 inf [network] > tt4.tamgr.tt4_8.t90095 TABLE:ACTION_INFO
1673792769609 inf [network] > tt4.ttmgr.tt4_8.t612333153 TOURNAMENT:STATUS
1673792770690 inf [network] > wam.general.t1 CHATROOM:POST_INFO
1673792771709 inf [network] < prefs TIME:GET
1673792771728 inf [network] > prefs TIME:GET_OK
1673792772051 inf [network] > tt4.tamgr.tt4_8.t90095 TABLE:ACTION_INFO
1673792774596 inf [network] > tt4.tamgr.tt4_8.t90291 TABLE:ACTION_INFO
1673792774596 inf [network] > tt4.tamgr.tt4_8.t90291 TABLE:PREACTION_LIST
1673792774597 inf [table] 1 tt4.tamgr.tt4_8.t90291 action fold login="moselense"
1673792776671 inf [network] > tt4.tamgr.tt4_8.t90291 TABLE:ACTION_INFO
1673792776671 inf [network] > tt4.tamgr.tt4_8.t90291 TABLE:ACTION_INFO
1673792776672 inf [network] > tt4.tamgr.tt4_8.t90291 TABLE:PREACTION_LIST
1673792776672 inf [table] 1 tt4.tamgr.tt4_8.t90291 action fold login="Lucky9854285"
1673792776684 inf [table] 1 tt4.tamgr.tt4_8.t90291 action fold login="fripouille15"
1673792779593 inf [network] > tt4.tamgr.tt4_8.t90291 TABLE:ACTION_INFO
1673792779594 inf [network] > tt4.tamgr.tt4_8.t90291 TABLE:SHOWCARDS_INFO
1673792779595 inf [table] 1 tt4.tamgr.tt4_8.t90291 action fold login="salami53150" amount="300"
1673792779621 inf [network] < tt4.tamgr.tt4_8.t90291 TABLE:SHOWCARDS
1673792779648 inf [network] > tt4.tamgr.tt4_8.t90291 TABLE:SHOWDOWN_INFO
1673792779649 inf [network] > tt4.tamgr.tt4_8.t90291 TABLE:RESULT
1673792779649 inf [network] > tt4.tamgr.tt4_8.t90291 TRACKER:GET_INFO
1673792779649 inf [network] > tt4.tamgr.tt4_8.t90291 TABLE:SHOWCARDS_OK
1673792779651 inf [table] 1 tt4.tamgr.tt4_8.t90291 showdown login="YL_ML_GL_42" mucks
1673792779651 inf [table] 1 tt4.tamgr.tt4_8.t90291 gain login="YL_ML_GL_42" amount="1250"
1673792781220 inf [network] > tt4.tamgr.tt4_8.t90095 TABLE:ACTION_INFO
1673792781710 inf [network] < prefs TIME:GET
1673792781727 inf [network] > prefs TIME:GET_OK
1673792781730 inf [network] > tt4.tamgr.tt4_8.t90291 TABLE:POST_INFO
1673792781730 inf [network] > tt4.tamgr.tt4_8.t90291 TABLE:POST_INFO
1673792781731 inf [network] > tt4.tamgr.tt4_8.t90291 TABLE:POST_INFO
1673792781731 inf [network] > tt4.tamgr.tt4_8.t90291 TABLE:POST_INFO
1673792781732 inf [network] > tt4.tamgr.tt4_8.t90291 TABLE:POST_INFO
1673792781733 inf [network] > tt4.tamgr.tt4_8.t90291 TABLE:CARDS
1673792781733 inf [network] > tt4.tamgr.tt4_8.t90291 TABLE:STATUS
1673792781734 inf [network] > tt4.tamgr.tt4_8.t90291 TABLE:PREACTION_LIST
1673792781735 inf [table] 1 tt4.tamgr.tt4_8.t90291 hand 2629950866391564304-4-1673792781
1673792781736 inf [table] 1 tt4.tamgr.tt4_8.t90291 action AN+SB login="YL_ML_GL_42" amount="370"
1673792781737 inf [table] 1 tt4.tamgr.tt4_8.t90291 action AN+BB login="moselense" amount="670"
1673792781737 inf [table] 1 tt4.tamgr.tt4_8.t90291 action AN login="Lucky9854285" amount="70"
1673792781738 inf [table] 1 tt4.tamgr.tt4_8.t90291 action AN login="fripouille15" amount="70"
1673792781738 inf [table] 1 tt4.tamgr.tt4_8.t90291 action AN login="salami53150" amount="70"
1673792781739 inf [table] 1 tt4.tamgr.tt4_8.t90291 cards login="YL_ML_GL_42" 2d,7c
1673792781739 inf [table] 1 tt4.tamgr.tt4_8.t90291 round pre-flop pot="350" totalPot="1250"
1673792783451 inf [network] > tt4.tamgr.tt4_8.t90095 TABLE:ACTION_INFO
1673792784738 inf [network] > wam.general.t1 CHATROOM:POST_INFO
1673792785282 inf [network] > tt4.tamgr.tt4_8.t90291 TABLE:ACTION_INFO
1673792785283 inf [network] > tt4.tamgr.tt4_8.t90291 TABLE:PREACTION_LIST
1673792785284 inf [table] 1 tt4.tamgr.tt4_8.t90291 action fold login="Lucky9854285"
1673792785297 inf [network] > tt4.ttmgr.tt4_8.t612333153 TOURNAMENT:STATUS
1673792785298 inf [network] > tt4.ttmgr.tt4_8.t612333153 TOURNAMENT:PAYOUTS
1673792785587 inf [network] > tt4.tamgr.tt4_8.t90095 TABLE:ACTION_INFO
1673792785588 inf [network] > tt4.tamgr.tt4_8.t90095 TABLE:ACTION_INFO
1673792788029 inf [network] > tt4.ttmgr.tt4_8.t612333153 TOURNAMENT:STATUS
1673792788310 inf [network] > wam.general.t1 CHATROOM:POST_INFO
1673792788657 inf [network] > tt4.tamgr.tt4_8.t90291 TABLE:ACTION_INFO
1673792788658 inf [network] > tt4.tamgr.tt4_8.t90291 TABLE:PREACTION_LIST
1673792788658 inf [table] 1 tt4.tamgr.tt4_8.t90291 action call login="fripouille15" amount="600"
1673792788801 inf [network] > tt4.tamgr.tt4_8.t90095 TABLE:ACTION_INFO
1673792788802 inf [network] > tt4.tamgr.tt4_8.t90095 TABLE:SHOWDOWN_INFO
1673792788804 inf [network] > tt4.tamgr.tt4_8.t90095 TABLE:RESULT
1673792788804 inf [network] > tt4.tamgr.tt4_8.t90095 TABLE:CHAT_INFO
1673792788804 inf [network] > tt4.tamgr.tt4_8.t90095 TABLE:STATUS
1673792788805 inf [network] > tt4.tamgr.tt4_8.t90291 TABLE:STATUS
1673792789209 inf [network] > wam.general.t1 CHATROOM:POST_INFO
1673792790450 inf [network] > tt4.tamgr.tt4_8.t90291 TABLE:ACTION_INFO
1673792790451 inf [network] > tt4.tamgr.tt4_8.t90291 TABLE:ACTIONSET
1673792790452 inf [table] 1 tt4.tamgr.tt4_8.t90291 action fold login="salami53150"
1673792790841 inf [network] > tt4.tamgr.tt4_8.t90095 TABLE:POST_INFO
1673792790843 inf [network] > tt4.tamgr.tt4_8.t90095 TABLE:POST_INFO
1673792790843 inf [network] > tt4.tamgr.tt4_8.t90095 TABLE:POST_INFO
1673792790843 inf [network] > tt4.tamgr.tt4_8.t90095 TABLE:POST_INFO
1673792790844 inf [network] > tt4.tamgr.tt4_8.t90095 TABLE:POST_INFO
1673792790844 inf [network] > tt4.tamgr.tt4_8.t90095 TABLE:POST_INFO
1673792790844 inf [network] > tt4.tamgr.tt4_8.t90095 TABLE:POST_INFO
1673792790845 inf [network] > tt4.tamgr.tt4_8.t90095 TABLE:STATUS
1673792791062 inf [network] > wam.general.t1 CHATROOM:POST_INFO
1673792791726 inf [network] < prefs TIME:GET
1673792791743 inf [network] > prefs TIME:GET_OK
1673792794287 inf [network] > tt4.tamgr.tt4_8.t90095 TABLE:ACTION_INFO
1673792798800 inf [network] > tt4.tamgr.tt4_8.t90095 TABLE:ACTION_INFO
1673792801726 inf [network] < prefs TIME:GET
1673792801744 inf [network] > prefs TIME:GET_OK
1673792801777 inf [network] > tt4.ttmgr.tt4_8.t612333153 TOURNAMENT:STATUS
1673792802459 inf [network] < prefs CLIENT:PING_OK
1673792802460 inf [network] > prefs CLIENT:PING
1673792803820 inf [network] > tt4.ttmgr.tt4_8.t612333153 TOURNAMENT:PAYOUTS
1673792804245 inf [network] > tt4.ttmgr.tt4_8.t612333153 TOURNAMENT:STATUS
1673792804278 inf [network] > wam.general.t1 CHATROOM:POST_INFO
1673792805465 inf [network] > tt4.tamgr.tt4_8.t90291 TABLE:ACTION_INFO
1673792805473 inf [table] 1 tt4.tamgr.tt4_8.t90291 action fold login="YL_ML_GL_42" amount="300"
1673792806585 inf [network] > tt4.tamgr.tt4_8.t90095 TABLE:ACTION_INFO
1673792807150 inf [network] > tt4.ttmgr.tt4_8.t612333153 TOURNAMENT:STATUS
1673792809203 inf [network] > tt4.tamgr.tt4_8.t90095 TABLE:ACTION_INFO
1673792811733 inf [network] < prefs TIME:GET
1673792811751 inf [network] > prefs TIME:GET_OK
1673792812518 inf [router] Execute: wam://table-close?tblid=1&ttid=1
1673792812519 inf [router] Execution done: wam://table-close?tblid=1&ttid=1
1673792812522 inf [network] < tt4.tamgr.tt4_8.t90291 TABLE:LEAVE
1673792812522 inf [network] Leaving channel tt4.tamgr.tt4_8.t90291
1673792814335 inf [router] Execute: wam://playground-close?id=1
1673792814336 inf [router] Execution done: wam://playground-close?id=1
1673792814337 inf [router] Execute: wam://playground-close?id=1&scene=2
1673792814337 inf [router] Execution done: wam://playground-close?id=1&scene=2
1673792814494 inf [network] > wam.general.t1 CHATROOM:POST_INFO
1673792815748 inf [network] > tt4.tamgr.tt4_8.t90095 TABLE:ACTION_INFO
1673792815748 inf [network] > tt4.tamgr.tt4_8.t90095 TABLE:ACTION_INFO
1673792815749 inf [network] > tt4.tamgr.tt4_8.t90095 TABLE:ACTION_INFO
1673792815749 inf [network] > tt4.tamgr.tt4_8.t90095 TABLE:STATUS
1673792818967 inf [network] > tt4.tamgr.tt4_8.t90095 TABLE:ACTION_INFO
1673792819786 inf [app] Exit
1673792819788 inf [tracker] Closed
1673792819791 inf [network] Registering channel tt4.ttmgr.tt4_8.t612333153
1673792819791 inf [network] Leaving channel tt4.ttmgr.tt4_8.t612333153
