1673355264103 inf [app] Launch
1673355264175 inf [scene] Bridge initialize
1673355264185 inf [scene] Scene open
1673355264192 inf [scene.1] Scene create
1673355264209 inf [scene.1] Scene loading
1673355264215 inf [app] Checking for update
1673355264497 inf [app] Update for version 1.26.3 is not available (latest version: 1.26.3, downgrade is disallowed).
1673355265131 inf [scene.1] Browser loaded
1673355265139 inf [scene.1] Scene bridge loaded
1673355265189 inf [tracker] Listening on port: 8003
1673355269845 inf [api] < Service core/authentication/token/generate
1673355269846 inf [network] > Http https://wapi.winamax.fr/core/authentication/token/generate post
1673355270033 inf [network] > Http https://wapi.winamax.fr/core/authentication/token/generate ok
1673355270034 inf [api] > Service core/authentication/token/generate
1673355270035 inf [api] < Service poker/public/config/preauth {"client":"poker","application":"desktop","opid":"wam","device":"electron","ver":"1.26.3.1671552372","os":"win32","cid":"b94b276db79aabbcbfbe64cabbfea685"}
1673355270036 inf [network] > Http https://api.winamax.fr/poker/public/config/preauth?client=poker&application=desktop&opid=wam&device=electron&ver=1.26.3.1671552372&os=win32&cid=b94b276db79aabbcbfbe64cabbfea685 get
1673355270238 inf [network] > Http https://api.winamax.fr/poker/public/config/preauth?client=poker&application=desktop&opid=wam&device=electron&ver=1.26.3.1671552372&os=win32&cid=b94b276db79aabbcbfbe64cabbfea685 ok
1673355270239 inf [api] > Service poker/public/config/preauth {"core":{"type":"wss","retry":{"count":3,"timeout":10000,"delay":2000,"random":1000},"hosts":["wapi.winamax.fr:443/poker/front/ws/websocket"],"enable":true,"zombie":{"duration":45000},"socket":{"sleep":10,"buffer":16384},"monitor":{"interrupted":true}},"features":{"vm":false,"playground":{"threshold":1000},"time":{"duration":10}},"serverstatus":{"status":"up","polling":300,"i18n":{"de_DE":{"title":"","info":"Alle Dienste sind verfügbar"},"fr_FR":{"title":"","info":"Tous les services sont fonctionnels"},"en_GB":{"title":"","info":"All services are operational."},"*":{"title":"","info":"All services are operational."},"en_US":{"title":"","info":"All services are operational."},"es_ES":{"title":"","info":"All services are operational."},"pt_PT":{"title":"","info":"All services are operational."}}},"auth":{"version":2,"timeout":6000,"refresh":{"count":3,"delay":2500}},"wspush":{"connection":{"interval":31000,"timeout":25000},"request":{"retry":{"count":0},"timeout":5000},"monitor":{"interrupted":false}},"updater":{"download":{"delay":120000}}}
1673355270251 inf [network] Registering channel prefs
1673355270252 inf [network] Enqueuing AUTH:SIGNIN
1673355270253 inf [network] Creating socket wss://wapi.winamax.fr:443/poker/front/ws/websocket
1673355270253 inf [network] Connection status: 1
1673355270414 inf [network] Socket opened
1673355270414 inf [network] Connection status: 2
1673355270415 inf [network] Connection status: 3
1673355270416 inf [network] < prefs AUTH:SIGNIN
1673355270638 inf [network] > prefs AUTH:SIGNIN_OK
1673355270639 inf [network] Connection status: 4
1673355270655 inf [network] < prefs TIME:GET
1673355270657 inf [network] < prefs GAMESTATS:JOIN
1673355270667 inf [network] > prefs NOTIFICATION:POST_INFO
1673355270700 inf [network] > prefs TIME:GET_OK
1673355270712 inf [api] < Service poker/client/prefs
1673355270713 inf [network] > Http https://wapi.winamax.fr/poker/client/prefs post
1673355270766 inf [network] > prefs GAMESTATS:JOIN_OK
1673355270954 inf [network] > Http https://wapi.winamax.fr/poker/client/prefs ok
1673355270955 inf [api] > Service poker/client/prefs
1673355270963 inf [router] Execute: wam://preload-ok
1673355270964 inf [router] Navigate: wam://lobbies
1673355270967 inf [network] > Http https://dl.winamax.fr/client/attr/settings/wam/config.1624292306 get
1673355270968 inf [network] > Http https://dl.winamax.fr/client/attr/settings/wam/ressource.1624283658 get
1673355270969 inf [router] Navigation done: wam://lobbies
1673355270970 inf [router] Execution done: wam://preload-ok
1673355270971 inf [network] Registering channel subscriptions
1673355270972 inf [api] < Service operator/userdata
1673355270972 inf [network] > Http https://wapi.winamax.fr/operator/userdata post
1673355270974 inf [api] < Service operator/winamax-tv/public
1673355270974 inf [network] > Http https://wapi.winamax.fr/operator/winamax-tv/public post
1673355270976 inf [network] < prefs SRM:JOIN
1673355270976 inf [network] < prefs NEWS:GET
1673355270977 inf [network] < prefs DATA:GET
1673355270977 inf [network] < prefs BUDDY:GET
1673355270977 inf [network] < prefs BUDDYROOM:JOIN
1673355270979 inf [network] < prefs TIME:GET
1673355270980 inf [network] < prefs CASHIER:GET
1673355270981 inf [network] < prefs CASHIER:LIST
1673355270981 inf [network] < prefs CASHIER:GET
1673355270981 inf [network] < prefs CASHIER:LIST
1673355270983 inf [network] < subscriptions FILTERLIST:CREATE
1673355270984 inf [network] < subscriptions FILTERLIST:CREATE
1673355270984 inf [network] < subscriptions FILTERLIST:CREATE
1673355271022 inf [network] > prefs TIME:GET_OK
1673355271029 inf [network] > prefs CASHIER:GET_OK
1673355271030 inf [network] > prefs CASHIER:LIST_OK
1673355271031 inf [network] > prefs SRM:JOIN_OK
1673355271032 inf [network] > prefs CASHIER:GET_OK
1673355271033 inf [network] > prefs BUDDYROOM:JOIN_OK
1673355271051 inf [network] > prefs CASHIER:LIST_OK
1673355271055 inf [network] > subscriptions FILTERLIST:CREATE_OK
1673355271057 inf [network] > subscriptions FILTERLIST:SET
1673355271058 inf [network] > subscriptions FILTERLIST:CREATE_OK
1673355271058 inf [network] > subscriptions FILTERLIST:SET
1673355271059 inf [network] > subscriptions FILTERLIST:CREATE_OK
1673355271060 inf [network] > subscriptions FILTERLIST:SET
1673355271062 inf [network] > prefs NEWS:GET_OK
1673355271063 inf [network] > prefs DATA:GET_ERR
1673355271066 inf [network] > prefs BUDDY:GET_OK
1673355271072 inf [network] Registering channel wam.general.t1
1673355271073 inf [network] < wam.general.t1 CHATROOM:JOIN
1673355271075 inf [network] < prefs BUDDYROOM:JOIN
1673355271144 inf [network] > Http https://dl.winamax.fr/client/attr/settings/wam/config.1624292306 ok
1673355271147 inf [network] > wam.general.t1 CHATROOM:JOIN_OK
1673355271157 inf [network] > prefs BUDDYROOM:JOIN_OK
1673355271188 inf [network] > Http https://dl.winamax.fr/client/attr/settings/wam/ressource.1624283658 ok
1673355271191 inf [network] > Http https://wapi.winamax.fr/operator/winamax-tv/public ok
1673355271191 inf [api] > Service operator/winamax-tv/public
1673355271295 inf [network] > Http https://wapi.winamax.fr/operator/userdata ok
1673355271296 inf [api] > Service operator/userdata
1673355272962 inf [api] < Service poker/client/prefs
1673355272963 inf [network] > Http https://wapi.winamax.fr/poker/client/prefs post
1673355273159 inf [network] > Http https://wapi.winamax.fr/poker/client/prefs ok
1673355273159 inf [api] > Service poker/client/prefs
1673355277793 inf [router] Navigate: wam://lobby-expresso
1673355277794 inf [router] Navigation done: wam://lobby-expresso
1673355280130 inf [router] Execute: wam://srm?action=create&template=expresso_nlhe&context=lo&withTicket=&buyin=1&money=real&attrs[]=exp&attrs[]=expstd
1673355280131 inf [network] < prefs SRM:ADD_RULE
1673355280234 inf [network] > prefs SRM:ADD_RULE_OK
1673355280235 inf [network] > prefs NOTIFICATION:POST_INFO
1673355280236 inf [network] > prefs SRM:UPDATE_RULE_INFO
1673355280237 inf [router] Navigate: wam://table?hash=1&label=Expresso&playgroundId=
1673355280239 inf [scene] Scene open
1673355280240 inf [scene.2] Scene create
1673355280250 inf [scene.2] Scene loading
1673355280254 inf [router] Navigation done: wam://table?hash=1&label=Expresso&playgroundId=
1673355280254 inf [router] Execution done: wam://srm?action=create&template=expresso_nlhe&context=lo&withTicket=&buyin=1&money=real&attrs[]=exp&attrs[]=expstd
1673355280255 inf [network] > prefs TOURNAMENT:RUN
1673355280258 inf [router] Execute: wam://table-open?rid=277318114&ttrk=tt6.ttmgr.tt6_1.t621163311&hash=1
1673355280263 inf [router] Execution done: wam://table-open?rid=277318114&ttrk=tt6.ttmgr.tt6_1.t621163311&hash=1
1673355280263 inf [router] Execute: wam://table-open?tblrk=tt6.tamgr.tt6_1.t499965&ttrk=tt6.ttmgr.tt6_1.t621163311
1673355280264 inf [router] Execution done: wam://table-open?tblrk=tt6.tamgr.tt6_1.t499965&ttrk=tt6.ttmgr.tt6_1.t621163311
1673355280266 inf [network] Registering channel tt6.ttmgr.tt6_1.t621163311
1673355280266 inf [network] Registering channel tt6.tamgr.tt6_1.t499965
1673355280270 inf [network] > prefs NOTIFICATION:POST_INFO
1673355280271 inf [network] < tt6.ttmgr.tt6_1.t621163311 TOURNAMENT:JOIN
1673355280272 inf [network] < tt6.tamgr.tt6_1.t499965 TABLE:JOIN
1673355280337 inf [network] > tt6.tamgr.tt6_1.t499965 TABLE:JOIN_OK
1673355280339 inf [network] > tt6.ttmgr.tt6_1.t621163311 TOURNAMENT:JOIN_OK
1673355280343 inf [network] < tt6.ttmgr.tt6_1.t621163311 TOURNAMENT:CONFIGURE
1673355280344 inf [network] > tt6.tamgr.tt6_1.t499965 CHATROOM:JOIN_OK
1673355280345 inf [network] > tt6.ttmgr.tt6_1.t621163311 CHATROOM:JOIN_OK
1673355280395 inf [network] > tt6.ttmgr.tt6_1.t621163311 TOURNAMENT:CONFIGURE_OK
1673355280406 inf [network] < tt6.ttmgr.tt6_1.t621163311 TOURNAMENT:CONFIGURE
1673355280449 inf [network] > tt6.ttmgr.tt6_1.t621163311 TOURNAMENT:CONFIGURE_OK
1673355280632 inf [scene.2] Browser loaded
1673355280641 inf [scene.2] Scene bridge loaded
1673355280879 inf [network] > subscriptions FILTERLIST:UPDATE
1673355280894 inf [network] < subscriptions FILTERLIST:CHANGE
1673355280954 inf [network] > subscriptions FILTERLIST:SET
1673355280961 inf [network] > subscriptions FILTERLIST:CHANGE_OK
1673355280971 inf [router] Execute: wam://table-open?rid=277318114&tblrk=tt6.tamgr.tt6_1.t499965&ttrk=tt6.ttmgr.tt6_1.t621163311&gfsid=
1673355280972 inf [router] Execution done: wam://table-open?rid=277318114&tblrk=tt6.tamgr.tt6_1.t499965&ttrk=tt6.ttmgr.tt6_1.t621163311&gfsid=
1673355280972 inf [network] < prefs TIME:GET
1673355281030 inf [network] > prefs TIME:GET_OK
1673355284633 inf [router] Execute: wam://srm?action=create&template=expresso_nlhe&context=lo&withTicket=&buyin=0.5&money=real&attrs[]=exp&attrs[]=expstd
1673355284635 inf [network] < prefs SRM:ADD_RULE
1673355284688 inf [network] > prefs SRM:ADD_RULE_OK
1673355284689 inf [router] Navigate: wam://table?hash=2&label=Expresso&playgroundId=
1673355284693 inf [router] Navigation done: wam://table?hash=2&label=Expresso&playgroundId=
1673355284694 inf [router] Execution done: wam://srm?action=create&template=expresso_nlhe&context=lo&withTicket=&buyin=0.5&money=real&attrs[]=exp&attrs[]=expstd
1673355284699 inf [network] > prefs NOTIFICATION:POST_INFO
1673355284700 inf [network] > prefs SRM:UPDATE_RULE_INFO
1673355284702 inf [router] Execute: wam://table-open?rid=277318179&ttrk=tt.ttmgr.tt_3.t621163362&hash=2
1673355284703 inf [router] Execution done: wam://table-open?rid=277318179&ttrk=tt.ttmgr.tt_3.t621163362&hash=2
1673355284706 inf [network] Registering channel tt.ttmgr.tt_3.t621163362
1673355284708 inf [network] < tt.ttmgr.tt_3.t621163362 TOURNAMENT:JOIN
1673355284753 inf [network] > tt.ttmgr.tt_3.t621163362 TOURNAMENT:JOIN_OK
1673355284755 inf [network] > tt.ttmgr.tt_3.t621163362 CHATROOM:JOIN_OK
1673355284756 inf [network] < tt.ttmgr.tt_3.t621163362 TOURNAMENT:CONFIGURE
1673355284801 inf [network] > tt.ttmgr.tt_3.t621163362 TOURNAMENT:CONFIGURE_OK
1673355284805 inf [network] < tt.ttmgr.tt_3.t621163362 TOURNAMENT:CONFIGURE
1673355284855 inf [network] > tt.ttmgr.tt_3.t621163362 TOURNAMENT:CONFIGURE_OK
1673355285871 inf [network] > subscriptions FILTERLIST:UPDATE
1673355285879 inf [network] < subscriptions FILTERLIST:CHANGE
1673355285926 inf [network] > subscriptions FILTERLIST:SET
1673355285927 inf [network] > subscriptions FILTERLIST:CHANGE_OK
1673355285941 inf [router] Execute: wam://table-open?rid=277318179&ttrk=tt.ttmgr.tt_3.t621163362&hash=2
1673355285942 inf [router] Execution done: wam://table-open?rid=277318179&ttrk=tt.ttmgr.tt_3.t621163362&hash=2
1673355288779 inf [network] > tt.ttmgr.tt_3.t621163362 TOURNAMENT:STATUS
1673355288780 inf [network] > tt.ttmgr.tt_3.t621163362 TOURNAMENT:STATUS
1673355288783 inf [network] > tt.ttmgr.tt_3.t621163362 TOURNAMENT:PAYOUTS
1673355288784 inf [network] > tt.ttmgr.tt_3.t621163362 TOURNAMENT:RUN
1673355288785 inf [network] > tt.ttmgr.tt_3.t621163362 TOURNAMENT:STATUS
1673355288803 inf [network] Registering channel tt.tamgr.tt_3.t496804
1673355288803 inf [router] Execute: wam://table-open?rid=277318179&tblrk=tt.tamgr.tt_3.t496804&ttrk=tt.ttmgr.tt_3.t621163362&gfsid=
1673355288804 inf [router] Execution done: wam://table-open?rid=277318179&tblrk=tt.tamgr.tt_3.t496804&ttrk=tt.ttmgr.tt_3.t621163362&gfsid=
1673355288818 inf [network] < tt.tamgr.tt_3.t496804 TABLE:JOIN
1673355288888 inf [network] > tt.tamgr.tt_3.t496804 TABLE:JOIN_OK
1673355288890 inf [network] > tt.tamgr.tt_3.t496804 CHATROOM:JOIN_OK
1673355289275 inf [network] > tt6.ttmgr.tt6_1.t621163311 TOURNAMENT:STATUS
1673355290178 inf [router] Navigate: wam://table?tblid=1&scene=2
1673355290179 inf [router] Navigation done: wam://table?tblid=1&scene=2
1673355290715 inf [network] > wam.general.t1 CHATROOM:POST_INFO
1673355290994 inf [network] < prefs TIME:GET
1673355291082 inf [network] > prefs TIME:GET_OK
1673355291352 inf [network] > tt6.tamgr.tt6_1.t499965 TABLE:STATUS
1673355293794 inf [network] > tt6.tamgr.tt6_1.t499965 TABLE:POST_INFO
1673355293795 inf [network] > tt6.tamgr.tt6_1.t499965 TABLE:POST_INFO
1673355293795 inf [network] > tt6.tamgr.tt6_1.t499965 TABLE:CARDS
1673355293796 inf [network] > tt6.tamgr.tt6_1.t499965 TABLE:STATUS
1673355293796 inf [network] > tt6.tamgr.tt6_1.t499965 TABLE:PREACTION_LIST
1673355293797 inf [table] 1 tt6.tamgr.tt6_1.t499965 hand 2667876106220077057-1-1673355294
1673355293797 inf [table] 1 tt6.tamgr.tt6_1.t499965 action SB login="YL_ML_GL_42" amount="10"
1673355293798 inf [table] 1 tt6.tamgr.tt6_1.t499965 action BB login="zapatom" amount="20"
1673355293799 inf [table] 1 tt6.tamgr.tt6_1.t499965 cards login="YL_ML_GL_42" Tc,7h
1673355293800 inf [table] 1 tt6.tamgr.tt6_1.t499965 round pre-flop pot="0" totalPot="30"
1673355297933 inf [network] > tt.ttmgr.tt_3.t621163362 TOURNAMENT:STATUS
1673355298581 inf [router] Navigate: wam://playground?id=1&slotId=1&slotType=table&stackIndex=2&insertStack=&name=&playerType=&streamData=&scene=2
1673355298583 inf [router] Navigation done: wam://playground?id=1&slotId=1&slotType=table&stackIndex=2&insertStack=&name=&playerType=&streamData=&scene=2
1673355299915 inf [network] > tt.tamgr.tt_3.t496804 TABLE:STATUS
1673355300114 inf [network] > tt6.tamgr.tt6_1.t499965 TABLE:ACTION_INFO
1673355300115 inf [network] > tt6.tamgr.tt6_1.t499965 TABLE:ACTIONSET
1673355300116 inf [table] 1 tt6.tamgr.tt6_1.t499965 action fold login="Belair54"
1673355301006 inf [network] < prefs TIME:GET
1673355301097 inf [network] > prefs TIME:GET_OK
1673355302406 inf [network] > tt.tamgr.tt_3.t496804 TABLE:POST_INFO
1673355302407 inf [network] > tt.tamgr.tt_3.t496804 TABLE:POST_INFO
1673355302408 inf [network] > tt.tamgr.tt_3.t496804 TABLE:CARDS
1673355302408 inf [network] > tt.tamgr.tt_3.t496804 TABLE:STATUS
1673355302408 inf [network] > tt.tamgr.tt_3.t496804 TABLE:ACTIONSET
1673355302409 inf [table] 2 tt.tamgr.tt_3.t496804 hand 2667876325263409153-1-1673355303
1673355302409 inf [table] 2 tt.tamgr.tt_3.t496804 action SB login="Scorpion1960" amount="10"
1673355302410 inf [table] 2 tt.tamgr.tt_3.t496804 action BB login="_0k_" amount="20"
1673355302411 inf [table] 2 tt.tamgr.tt_3.t496804 cards login="YL_ML_GL_42" 2s,2c
1673355302412 inf [table] 2 tt.tamgr.tt_3.t496804 round pre-flop pot="0" totalPot="30"
1673355303690 inf [network] < tt6.tamgr.tt6_1.t499965 TABLE:ACTION
1673355303753 inf [network] > tt6.tamgr.tt6_1.t499965 TABLE:ACTION_OK
1673355303754 inf [network] > tt6.tamgr.tt6_1.t499965 TABLE:ACTION_INFO
1673355303757 inf [table] 1 tt6.tamgr.tt6_1.t499965 action raise login="YL_ML_GL_42" amount="60"
1673355304305 inf [router] Navigate: wam://table?tblid=2&scene=2
1673355304307 inf [router] Navigation done: wam://table?tblid=2&scene=2
1673355305804 inf [network] < tt.tamgr.tt_3.t496804 TABLE:ACTION
1673355305873 inf [network] > tt.tamgr.tt_3.t496804 TABLE:ACTION_OK
1673355305873 inf [network] > tt.tamgr.tt_3.t496804 TABLE:ACTION_INFO
1673355305875 inf [table] 2 tt.tamgr.tt_3.t496804 action raise login="YL_ML_GL_42" amount="500"
1673355306876 inf [network] > tt6.tamgr.tt6_1.t499965 TABLE:ACTION_INFO
1673355306877 inf [network] > tt6.tamgr.tt6_1.t499965 TABLE:CARDS
1673355306877 inf [network] > tt6.tamgr.tt6_1.t499965 TABLE:STATUS
1673355306878 inf [table] 1 tt6.tamgr.tt6_1.t499965 action call login="zapatom" amount="60"
1673355306884 inf [table] 1 tt6.tamgr.tt6_1.t499965 round flop board="6s,Td,6c" pot="120" totalPot="0"
1673355306893 inf [network] > tt6.tamgr.tt6_1.t499965 TABLE:ACTIONSET
1673355307275 inf [network] > tt.tamgr.tt_3.t496804 TABLE:ACTION_INFO
1673355307276 inf [table] 2 tt.tamgr.tt_3.t496804 action call login="Scorpion1960" amount="500"
1673355310075 inf [router] Navigate: wam://table?tblid=1&scene=2
1673355310076 inf [router] Navigation done: wam://table?tblid=1&scene=2
1673355310835 inf [network] < tt6.tamgr.tt6_1.t499965 TABLE:ACTION
1673355310913 inf [network] > tt6.tamgr.tt6_1.t499965 TABLE:ACTION_OK
1673355310914 inf [network] > tt6.tamgr.tt6_1.t499965 TABLE:ACTION_INFO
1673355310915 inf [table] 1 tt6.tamgr.tt6_1.t499965 action bet login="YL_ML_GL_42" amount="120"
1673355311011 inf [network] < prefs TIME:GET
1673355311070 inf [network] > prefs TIME:GET_OK
1673355311522 inf [router] Navigate: wam://table?tblid=2&scene=2
1673355311523 inf [router] Navigation done: wam://table?tblid=2&scene=2
1673355312953 inf [network] > tt6.tamgr.tt6_1.t499965 TABLE:ACTION_INFO
1673355312954 inf [network] > tt6.tamgr.tt6_1.t499965 TABLE:CARDS
1673355312954 inf [network] > tt6.tamgr.tt6_1.t499965 TABLE:STATUS
1673355312954 inf [network] > tt6.tamgr.tt6_1.t499965 TABLE:ACTIONSET
1673355312955 inf [table] 1 tt6.tamgr.tt6_1.t499965 action call login="zapatom" amount="120"
1673355312956 inf [table] 1 tt6.tamgr.tt6_1.t499965 round turn board="6s,Td,6c,Qd" pot="360" totalPot="0"
1673355315676 inf [network] > tt.tamgr.tt_3.t496804 TABLE:ACTION_INFO
1673355315677 inf [network] > tt.tamgr.tt_3.t496804 TABLE:STATUS
1673355315677 inf [table] 2 tt.tamgr.tt_3.t496804 action fold login="_0k_" amount="20"
1673355316603 inf [router] Navigate: wam://table?tblid=1&scene=2
1673355316604 inf [router] Navigation done: wam://table?tblid=1&scene=2
1673355317192 inf [network] > tt.tamgr.tt_3.t496804 TABLE:CARDS
1673355317193 inf [network] > tt.tamgr.tt_3.t496804 TABLE:STATUS
1673355317202 inf [table] 2 tt.tamgr.tt_3.t496804 round flop board="Jc,Tc,3d" pot="1020" totalPot="0"
1673355317986 inf [network] < tt6.tamgr.tt6_1.t499965 TABLE:ACTION
1673355318041 inf [network] > tt6.tamgr.tt6_1.t499965 TABLE:ACTION_OK
1673355318042 inf [network] > tt6.tamgr.tt6_1.t499965 TABLE:ACTION_INFO
1673355318043 inf [table] 1 tt6.tamgr.tt6_1.t499965 action bet login="YL_ML_GL_42" amount="320"
1673355318546 inf [router] Navigate: wam://table?tblid=2&scene=2
1673355318547 inf [router] Navigation done: wam://table?tblid=2&scene=2
1673355318718 inf [network] > tt.tamgr.tt_3.t496804 TABLE:CARDS
1673355318718 inf [network] > tt.tamgr.tt_3.t496804 TABLE:STATUS
1673355318719 inf [table] 2 tt.tamgr.tt_3.t496804 round turn board="Jc,Tc,3d,6d" pot="1020" totalPot="0"
1673355320235 inf [network] > tt.tamgr.tt_3.t496804 TABLE:CARDS
1673355320236 inf [network] > tt.tamgr.tt_3.t496804 TABLE:STATUS
1673355320248 inf [table] 2 tt.tamgr.tt_3.t496804 round river board="Jc,Tc,3d,6d,3c" pot="1020" totalPot="0"
1673355320795 inf [network] > wam.general.t1 CHATROOM:POST_INFO
1673355321024 inf [network] < prefs TIME:GET
1673355321123 inf [network] > prefs TIME:GET_OK
1673355321801 inf [network] > tt.tamgr.tt_3.t496804 TABLE:RESULT
1673355321802 inf [network] > tt.tamgr.tt_3.t496804 TRACKER:GET_INFO
1673355321803 inf [table] 2 tt.tamgr.tt_3.t496804 showdown login="Scorpion1960" cards="9d,Jd" board="Jc,Tc,3d,6d,3c"
1673355321803 inf [table] 2 tt.tamgr.tt_3.t496804 showdown login="YL_ML_GL_42" cards="2s,2c" board="Jc,Tc,3d,6d,3c"
1673355321803 inf [table] 2 tt.tamgr.tt_3.t496804 gain login="Scorpion1960" amount="1020"
1673355322799 inf [network] > tt6.tamgr.tt6_1.t499965 TABLE:ACTION_INFO
1673355322800 inf [network] > tt6.tamgr.tt6_1.t499965 TABLE:STATUS
1673355322801 inf [table] 1 tt6.tamgr.tt6_1.t499965 action call login="zapatom" amount="320"
1673355323756 inf [network] > tt.tamgr.tt_3.t496804 TABLE:STATUS
1673355323757 inf [network] > tt.ttmgr.tt_3.t621163362 TOURNAMENT:STATUS
1673355323763 inf [network] > tt.ttmgr.tt_3.t621163362 TOURNAMENT:STATUS
1673355323765 inf [network] > tt.ttmgr.tt_3.t621163362 TRACKER:GET_INFO
1673355323774 inf [network] > tt.tamgr.tt_3.t496804 TABLE:CHAT_INFO
1673355323774 inf [network] > tt.ttmgr.tt_3.t621163362 TOURNAMENT:RESULT
1673355323775 inf [network] > tt.ttmgr.tt_3.t621163362 TOURNAMENT:STATUS
1673355323775 inf [network] > prefs SRM:UPDATE_RULE_INFO
1673355323778 inf [router] Navigate: wam://popup?type=tournament-result&ttid=2&tblid=2
1673355323779 inf [router] Navigation done: wam://popup?type=tournament-result&ttid=2&tblid=2
1673355323822 inf [network] > prefs GAMESTATS:INFO
1673355324396 inf [network] > tt6.tamgr.tt6_1.t499965 TABLE:CARDS
1673355324397 inf [network] > tt6.tamgr.tt6_1.t499965 TABLE:STATUS
1673355324398 inf [table] 1 tt6.tamgr.tt6_1.t499965 round river board="6s,Td,6c,Qd,Qs" pot="1000" totalPot="0"
1673355325804 inf [network] > tt.tamgr.tt_3.t496804 TABLE:POST_INFO
1673355325805 inf [network] > tt.tamgr.tt_3.t496804 TABLE:POST_INFO
1673355325805 inf [network] > tt.tamgr.tt_3.t496804 TABLE:STATUS
1673355325806 inf [table] 2 tt.tamgr.tt_3.t496804 hand 2667876325263409153-2-1673355326
1673355325806 inf [table] 2 tt.tamgr.tt_3.t496804 action SB login="_0k_" amount="10"
1673355325807 inf [table] 2 tt.tamgr.tt_3.t496804 action BB login="Scorpion1960" amount="20"
1673355325821 inf [table] 2 tt.tamgr.tt_3.t496804 round pre-flop pot="0" totalPot="30"
1673355325896 inf [network] > tt6.tamgr.tt6_1.t499965 TABLE:RESULT
1673355325897 inf [network] > tt6.tamgr.tt6_1.t499965 TRACKER:GET_INFO
1673355325898 inf [table] 1 tt6.tamgr.tt6_1.t499965 showdown login="YL_ML_GL_42" cards="Tc,7h" board="6s,Td,6c,Qd,Qs"
1673355325898 inf [table] 1 tt6.tamgr.tt6_1.t499965 showdown login="zapatom" cards="6h,Kd" board="6s,Td,6c,Qd,Qs"
1673355325898 inf [table] 1 tt6.tamgr.tt6_1.t499965 gain login="zapatom" amount="1000"
1673355325912 inf [network] > subscriptions FILTERLIST:SET
1673355326632 inf [network] > wam.general.t1 CHATROOM:POST_INFO
1673355327020 inf [router] Execute: wam://tournament-result-close?ttid=2&scene=2
1673355327021 inf [router] Execution done: wam://tournament-result-close?ttid=2&scene=2
1673355327021 inf [router] Execute: wam://srm?action=delete&rid=277318179&ttrk=tt.ttmgr.tt_3.t621163362
1673355327022 inf [router] Execution done: wam://srm?action=delete&rid=277318179&ttrk=tt.ttmgr.tt_3.t621163362
1673355327024 inf [router] Execute: wam://table-close?tblid=2&ttid=2
1673355327024 inf [router] Execution done: wam://table-close?tblid=2&ttid=2
1673355327037 inf [network] < tt.tamgr.tt_3.t496804 TABLE:LEAVE
1673355327038 inf [network] Leaving channel tt.tamgr.tt_3.t496804
1673355327916 inf [network] > tt6.ttmgr.tt6_1.t621163311 TOURNAMENT:STATUS
1673355327917 inf [network] > tt6.tamgr.tt6_1.t499965 TABLE:STATUS
1673355327918 inf [network] > tt6.ttmgr.tt6_1.t621163311 TOURNAMENT:STATUS
1673355327919 inf [network] > tt6.ttmgr.tt6_1.t621163311 TRACKER:GET_INFO
1673355327920 inf [network] > tt6.tamgr.tt6_1.t499965 TABLE:CHAT_INFO
1673355327920 inf [network] > tt6.ttmgr.tt6_1.t621163311 TOURNAMENT:RESULT
1673355327921 inf [network] > tt6.ttmgr.tt6_1.t621163311 TOURNAMENT:STATUS
1673355327922 inf [network] > prefs SRM:UPDATE_RULE_INFO
1673355327922 inf [network] > prefs NOTIFICATION:POST_INFO
1673355327923 inf [network] > prefs GAMESTATS:INFO
1673355327941 inf [router] Navigate: wam://popup?type=tournament-result&ttid=1&tblid=1
1673355327942 inf [router] Navigation done: wam://popup?type=tournament-result&ttid=1&tblid=1
1673355329923 inf [network] > tt6.tamgr.tt6_1.t499965 TABLE:POST_INFO
1673355329924 inf [table] 1 tt6.tamgr.tt6_1.t499965 hand 2667876106220077057-2-1673355330
1673355329924 inf [table] 1 tt6.tamgr.tt6_1.t499965 action SB login="zapatom" amount="10"
1673355329930 inf [network] > tt6.tamgr.tt6_1.t499965 TABLE:POST_INFO
1673355329931 inf [network] > tt6.tamgr.tt6_1.t499965 TABLE:STATUS
1673355329931 inf [table] 1 tt6.tamgr.tt6_1.t499965 action BB login="Belair54" amount="20"
1673355329932 inf [table] 1 tt6.tamgr.tt6_1.t499965 round pre-flop pot="0" totalPot="30"
1673355330056 inf [network] < tt.ttmgr.tt_3.t621163362 TOURNAMENT:LEAVE
1673355330057 inf [network] Leaving channel tt.ttmgr.tt_3.t621163362
1673355330099 inf [network] > tt.ttmgr.tt_3.t621163362 TOURNAMENT:LEAVE_OK
1673355330209 inf [router] Execute: wam://playground-close?id=1
1673355330211 inf [router] Execution done: wam://playground-close?id=1
1673355330212 inf [router] Execute: wam://srm?action=delete&hash=1
1673355330212 inf [router] Execution done: wam://srm?action=delete&hash=1
1673355330213 inf [router] Execute: wam://playground-close?id=1&scene=2
1673355330214 inf [router] Execution done: wam://playground-close?id=1&scene=2
1673355330214 inf [router] Execute: wam://table-close?tblid=1
1673355330214 inf [router] Execution done: wam://table-close?tblid=1
1673355330215 inf [network] < tt6.tamgr.tt6_1.t499965 TABLE:LEAVE
1673355330215 inf [network] Leaving channel tt6.tamgr.tt6_1.t499965
1673355330704 inf [network] Leaving channel tt6.tamgr.tt6_1.t499965
1673355330706 inf [network] > tt6.tamgr.tt6_1.t499965 TABLE:LEAVE_OK
1673355331037 inf [network] < prefs TIME:GET
1673355331083 inf [network] > prefs TIME:GET_OK
1673355331196 inf [network] > subscriptions FILTERLIST:UPDATE
1673355331949 inf [app] Exit
1673355331952 inf [tracker] Closed
1673355331956 inf [network] Registering channel tt6.ttmgr.tt6_1.t621163311
1673355331957 inf [network] Leaving channel tt6.ttmgr.tt6_1.t621163311
