1670588051531 inf [app] Launch
1670588051616 inf [scene] Bridge initialize
1670588051625 inf [scene] Scene open
1670588051633 inf [scene] Scene create
1670588051648 inf [scene] Scene loading
1670588051656 inf [app] Checking for update
1670588051989 inf [app] Update for version 1.25.0 is not available (latest version: 1.25.0, downgrade is disallowed).
1670588052496 inf [scene] Browser loaded
1670588052497 inf [scene] Bridge loaded
1670588052510 inf [tracker] Listening on port: 8003
1670588055430 inf [api] < Service core/authentication/token/generate
1670588055431 inf [network] > Http https://wapi.winamax.fr/core/authentication/token/generate post
1670588055791 inf [network] > Http https://wapi.winamax.fr/core/authentication/token/generate ok
1670588055792 inf [api] > Service core/authentication/token/generate
1670588055793 inf [api] < Service poker/public/config/preauth {"client":"poker","application":"desktop","opid":"wam","device":"electron","ver":"1.25.0.1670416964","os":"win32","cid":"b94b276db79aabbcbfbe64cabbfea685"}
1670588055794 inf [network] > Http https://api.winamax.fr/poker/public/config/preauth?client=poker&application=desktop&opid=wam&device=electron&ver=1.25.0.1670416964&os=win32&cid=b94b276db79aabbcbfbe64cabbfea685 get
1670588056084 inf [network] > Http https://api.winamax.fr/poker/public/config/preauth?client=poker&application=desktop&opid=wam&device=electron&ver=1.25.0.1670416964&os=win32&cid=b94b276db79aabbcbfbe64cabbfea685 ok
1670588056089 inf [api] > Service poker/public/config/preauth {"core":{"type":"wss","retry":{"count":3,"timeout":10000,"delay":2000,"random":1000},"hosts":["wapi.winamax.fr:443/poker/front/ws/websocket"],"enable":true,"zombie":{"duration":45000},"socket":{"sleep":10,"buffer":16384},"monitor":{"interrupted":true}},"features":{"vm":false,"playground":{"threshold":1000},"time":{"duration":10}},"serverstatus":{"status":"up","polling":300,"i18n":{"de_DE":{"title":"","info":"Alle Dienste sind verfügbar"},"fr_FR":{"title":"","info":"Tous les services sont fonctionnels"},"en_GB":{"title":"","info":"All services are operational."},"*":{"title":"","info":"All services are operational."},"en_US":{"title":"","info":"All services are operational."},"es_ES":{"title":"","info":"All services are operational."},"pt_PT":{"title":"","info":"All services are operational."}}},"auth":{"version":2,"timeout":6000,"refresh":{"count":3,"delay":2500}}}
1670588056091 inf [network] Registering channel prefs
1670588056091 inf [network] Enqueuing AUTH:SIGNIN
1670588056092 inf [network] Creating socket wss://wapi.winamax.fr:443/poker/front/ws/websocket
1670588056093 inf [network] Connection status: 1
1670588056324 inf [network] Socket opened
1670588056324 inf [network] Connection status: 2
1670588056325 inf [network] Connection status: 3
1670588056325 inf [network] < prefs AUTH:SIGNIN
1670588056572 inf [network] > prefs AUTH:SIGNIN_OK
1670588056573 inf [network] Connection status: 4
1670588056589 inf [network] < prefs TIME:GET
1670588056590 inf [network] < prefs GAMESTATS:JOIN
1670588056606 inf [network] > prefs NOTIFICATION:POST_INFO
1670588056724 inf [network] > prefs TIME:GET_OK
1670588056731 inf [api] < Service poker/client/prefs
1670588056732 inf [network] > Http https://wapi.winamax.fr/poker/client/prefs post
1670588056734 inf [network] > prefs GAMESTATS:JOIN_OK
1670588056922 inf [network] > Http https://wapi.winamax.fr/poker/client/prefs ok
1670588056923 inf [api] > Service poker/client/prefs
1670588056932 inf [router] Execute: wam://preload-ok
1670588056933 inf [router] Navigate: wam://lobbies
1670588056935 inf [network] > Http https://dl.winamax.fr/client/attr/settings/wam/config.1624292306 get
1670588056937 inf [network] > Http https://dl.winamax.fr/client/attr/settings/wam/ressource.1624283658 get
1670588056939 inf [router] Navigation done: wam://lobbies
1670588056940 inf [router] Execution done: wam://preload-ok
1670588056941 inf [network] Registering channel subscriptions
1670588056942 inf [api] < Service operator/userdata
1670588056942 inf [network] > Http https://wapi.winamax.fr/operator/userdata post
1670588056944 inf [api] < Service operator/winamax-tv/public
1670588056945 inf [network] > Http https://wapi.winamax.fr/operator/winamax-tv/public post
1670588056947 inf [network] < prefs SRM:JOIN
1670588056947 inf [network] < prefs NEWS:GET
1670588056948 inf [network] < prefs DATA:GET
1670588056948 inf [network] < prefs BUDDY:GET
1670588056949 inf [network] < prefs BUDDYROOM:JOIN
1670588056951 inf [network] < prefs TIME:GET
1670588056951 inf [network] < prefs CASHIER:GET
1670588056952 inf [network] < prefs CASHIER:LIST
1670588056952 inf [network] < prefs CASHIER:GET
1670588056953 inf [network] < prefs CASHIER:LIST
1670588056953 inf [network] < subscriptions FILTERLIST:CREATE
1670588056954 inf [network] < subscriptions FILTERLIST:CREATE
1670588056954 inf [network] < subscriptions FILTERLIST:CREATE
1670588056990 inf [network] > prefs SRM:JOIN_OK
1670588056995 inf [network] > prefs TIME:GET_OK
1670588056996 inf [network] > prefs BUDDYROOM:JOIN_OK
1670588056997 inf [network] > prefs CASHIER:GET_OK
1670588057008 inf [network] > prefs CASHIER:LIST_OK
1670588057011 inf [network] > prefs CASHIER:GET_OK
1670588057029 inf [network] > prefs CASHIER:LIST_OK
1670588057031 inf [network] > subscriptions FILTERLIST:CREATE_OK
1670588057033 inf [network] > subscriptions FILTERLIST:SET
1670588057034 inf [network] > subscriptions FILTERLIST:CREATE_OK
1670588057035 inf [network] > subscriptions FILTERLIST:SET
1670588057042 inf [network] > subscriptions FILTERLIST:CREATE_OK
1670588057043 inf [network] > subscriptions FILTERLIST:SET
1670588057045 inf [network] > prefs NEWS:GET_OK
1670588057045 inf [network] > prefs DATA:GET_ERR
1670588057064 inf [network] > prefs BUDDY:GET_OK
1670588057072 inf [network] < prefs BUDDYROOM:JOIN
1670588057091 inf [network] Registering channel wam.general.t1
1670588057092 inf [network] < wam.general.t1 CHATROOM:JOIN
1670588057101 inf [network] > Http https://dl.winamax.fr/client/attr/settings/wam/config.1624292306 ok
1670588057115 inf [network] > Http https://dl.winamax.fr/client/attr/settings/wam/ressource.1624283658 ok
1670588057154 inf [network] > prefs BUDDYROOM:JOIN_OK
1670588057230 inf [network] > Http https://wapi.winamax.fr/operator/winamax-tv/public ok
1670588057231 inf [api] > Service operator/winamax-tv/public
1670588057233 inf [network] > wam.general.t1 CHATROOM:JOIN_OK
1670588057252 inf [network] > Http https://wapi.winamax.fr/operator/userdata ok
1670588057252 inf [api] > Service operator/userdata
1670588058940 inf [api] < Service poker/client/prefs
1670588058941 inf [network] > Http https://wapi.winamax.fr/poker/client/prefs post
1670588059122 inf [network] > Http https://wapi.winamax.fr/poker/client/prefs ok
1670588059122 inf [api] > Service poker/client/prefs
1670588063364 inf [router] Navigate: wam://shop
1670588063366 inf [network] < prefs OPTOKEN:GET
1670588063483 inf [network] > prefs OPTOKEN:GET_OK
1670588063484 inf [router] Open: https://www.winamax.fr/poker/redirect.php?service=shop&token=d940d80be71e5829aa8d23d00a253760f0306437&client=electron&ver=1.25.0&oid=b94b276db79aabbcbfbe64cabbfea685&os=win32&opid=wam&lang=en_US&store=winamax&store_id=main&embed=false&pokerClient=web
1670588063484 inf [router] Navigation done: https://www.winamax.fr/poker/redirect.php?service=shop&token={$token}
1670588066960 inf [network] < prefs TIME:GET
1670588067010 inf [network] > prefs TIME:GET_OK
1670588073960 inf [network] > wam.general.t1 CHATROOM:POST_INFO
1670588076974 inf [network] < prefs TIME:GET
1670588077027 inf [network] > prefs TIME:GET_OK
1670588078823 inf [network] > prefs NOTIFICATION:POST_INFO
1670588078829 inf [network] > prefs NOTIFICATION:POST_INFO
1670588086990 inf [network] < prefs TIME:GET
1670588087033 inf [network] > prefs TIME:GET_OK
1670588092831 inf [router] Navigate: wam://lobby-expresso
1670588092832 inf [router] Navigation done: wam://lobby-expresso
1670588096991 inf [network] < prefs TIME:GET
1670588097036 inf [router] Execute: wam://srm?action=create&template=expresso_nlhe&context=lo&withTicket=true&buyin=0.5&money=real&attrsonly[]=exp&attrsonly[]=expstd
1670588097040 inf [network] < prefs SRM:ADD_RULE
1670588097055 inf [network] > prefs TIME:GET_OK
1670588097137 inf [network] > prefs SRM:ADD_RULE_OK
1670588097140 inf [router] Navigate: wam://table?hash=239014000%400&label=Expresso&playgroundId=
1670588097143 inf [scene] Scene open
1670588097143 inf [scene] Scene create
1670588097148 inf [scene] Scene loading
1670588097151 inf [router] Navigation done: wam://table?hash=239014000%400&label=Expresso&playgroundId=
1670588097152 inf [router] Execution done: wam://srm?action=create&template=expresso_nlhe&context=lo&withTicket=true&buyin=0.5&money=real&attrsonly[]=exp&attrsonly[]=expstd
1670588097190 inf [network] > prefs NOTIFICATION:POST_INFO
1670588097193 inf [network] > prefs NOTIFICATION:POST_INFO
1670588097193 inf [network] > prefs SRM:UPDATE_RULE_INFO
1670588097209 inf [network] Registering channel tt.ttmgr.tt_3.t609975521
1670588097226 inf [network] < tt.ttmgr.tt_3.t609975521 TOURNAMENT:JOIN
1670588097287 inf [network] > tt.ttmgr.tt_3.t609975521 TOURNAMENT:JOIN_OK
1670588097289 inf [network] < tt.ttmgr.tt_3.t609975521 TOURNAMENT:CONFIGURE
1670588097290 inf [network] > tt.ttmgr.tt_3.t609975521 CHATROOM:JOIN_OK
1670588097359 inf [network] > tt.ttmgr.tt_3.t609975521 TOURNAMENT:CONFIGURE_OK
1670588097366 inf [network] < tt.ttmgr.tt_3.t609975521 TOURNAMENT:CONFIGURE
1670588097436 inf [network] > tt.ttmgr.tt_3.t609975521 TOURNAMENT:CONFIGURE_OK
1670588097475 inf [scene] Browser loaded
1670588097477 inf [scene] Bridge loaded
1670588100242 inf [network] > subscriptions FILTERLIST:UPDATE
1670588100245 inf [network] < subscriptions FILTERLIST:CHANGE
1670588100332 inf [network] > subscriptions FILTERLIST:CHANGE_OK
1670588100333 inf [network] > subscriptions FILTERLIST:SET
1670588102888 inf [network] > tt.ttmgr.tt_3.t609975521 TOURNAMENT:STATUS
1670588102889 inf [network] > tt.ttmgr.tt_3.t609975521 TOURNAMENT:STATUS
1670588104000 inf [network] > wam.general.t1 CHATROOM:POST_INFO
1670588105442 inf [network] > tt.ttmgr.tt_3.t609975521 TOURNAMENT:STATUS
1670588105448 inf [network] > tt.ttmgr.tt_3.t609975521 TOURNAMENT:STATUS
1670588105449 inf [network] > tt.ttmgr.tt_3.t609975521 TOURNAMENT:PAYOUTS
1670588105449 inf [network] > tt.ttmgr.tt_3.t609975521 TOURNAMENT:RUN
1670588105451 inf [network] > tt.ttmgr.tt_3.t609975521 TOURNAMENT:STATUS
1670588105451 inf [network] Registering channel tt.tamgr.tt_3.t1695398
1670588105452 inf [router] Execute: wam://table-open?rid=239014000&tblrk=tt.tamgr.tt_3.t1695398&ttrk=tt.ttmgr.tt_3.t609975521&gfsid=
1670588105452 inf [router] Execution done: wam://table-open?rid=239014000&tblrk=tt.tamgr.tt_3.t1695398&ttrk=tt.ttmgr.tt_3.t609975521&gfsid=
1670588105472 inf [network] < tt.tamgr.tt_3.t1695398 TABLE:JOIN
1670588105476 inf [network] > prefs NOTIFICATION:POST_INFO
1670588105546 inf [network] > tt.tamgr.tt_3.t1695398 TABLE:JOIN_OK
1670588105570 inf [network] > tt.tamgr.tt_3.t1695398 CHATROOM:JOIN_OK
1670588106996 inf [network] < prefs TIME:GET
1670588107304 inf [network] > prefs TIME:GET_OK
1670588114562 inf [network] > tt.ttmgr.tt_3.t609975521 TOURNAMENT:STATUS
1670588116557 inf [network] > tt.tamgr.tt_3.t1695398 TABLE:STATUS
1670588117004 inf [network] < prefs TIME:GET
1670588117103 inf [network] > prefs TIME:GET_OK
1670588119122 inf [network] > tt.tamgr.tt_3.t1695398 TABLE:POST_INFO
1670588119123 inf [network] > tt.tamgr.tt_3.t1695398 TABLE:POST_INFO
1670588119123 inf [network] > tt.tamgr.tt_3.t1695398 TABLE:CARDS
1670588119124 inf [table] 1 tt.tamgr.tt_3.t1695398 hand 2619824914055561217-1-1670588118
1670588119125 inf [table] 1 tt.tamgr.tt_3.t1695398 action SB login="YL_ML_GL_42" amount="10"
1670588119125 inf [table] 1 tt.tamgr.tt_3.t1695398 action BB login="Sachaerso" amount="20"
1670588119128 inf [table] 1 tt.tamgr.tt_3.t1695398 cards login="YL_ML_GL_42" Qh,5s
1670588119130 inf [network] > tt.tamgr.tt_3.t1695398 TABLE:STATUS
1670588119131 inf [network] > tt.tamgr.tt_3.t1695398 TABLE:PREACTION_LIST
1670588119132 inf [table] 1 tt.tamgr.tt_3.t1695398 round pre-flop pot="0" totalPot="30"
1670588126781 inf [network] > tt.tamgr.tt_3.t1695398 TABLE:ACTION_INFO
1670588126781 inf [network] > tt.tamgr.tt_3.t1695398 TABLE:ACTIONSET
1670588126782 inf [table] 1 tt.tamgr.tt_3.t1695398 action fold login="Davi1990"
1670588127015 inf [network] < prefs TIME:GET
1670588127071 inf [network] > prefs TIME:GET_OK
1670588128653 inf [network] < tt.tamgr.tt_3.t1695398 TABLE:ACTION
1670588128722 inf [network] > tt.tamgr.tt_3.t1695398 TABLE:ACTION_OK
1670588128723 inf [network] > tt.tamgr.tt_3.t1695398 TABLE:ACTION_INFO
1670588128724 inf [network] > tt.tamgr.tt_3.t1695398 TABLE:ACTION_INFO
1670588128724 inf [network] > tt.tamgr.tt_3.t1695398 TABLE:SHOWCARDS_INFO
1670588128725 inf [table] 1 tt.tamgr.tt_3.t1695398 action raise login="YL_ML_GL_42" amount="60"
1670588128725 inf [table] 1 tt.tamgr.tt_3.t1695398 action fold login="Sachaerso" amount="20"
1670588128744 inf [network] < tt.tamgr.tt_3.t1695398 TABLE:SHOWCARDS
1670588128798 inf [network] > tt.tamgr.tt_3.t1695398 TABLE:SHOWDOWN_INFO
1670588128799 inf [network] > tt.tamgr.tt_3.t1695398 TABLE:RESULT
1670588128799 inf [network] > tt.tamgr.tt_3.t1695398 TRACKER:GET_INFO
1670588128800 inf [network] > tt.tamgr.tt_3.t1695398 TABLE:SHOWCARDS_OK
1670588128801 inf [table] 1 tt.tamgr.tt_3.t1695398 showdown login="YL_ML_GL_42" mucks
1670588128801 inf [table] 1 tt.tamgr.tt_3.t1695398 gain login="YL_ML_GL_42" amount="80"
1670588130180 inf [network] > prefs NOTIFICATION:POST_INFO
1670588130199 inf [network] > prefs NOTIFICATION:POST_INFO
1670588130881 inf [network] > tt.tamgr.tt_3.t1695398 TABLE:POST_INFO
1670588130884 inf [network] > tt.tamgr.tt_3.t1695398 TABLE:POST_INFO
1670588130885 inf [table] 1 tt.tamgr.tt_3.t1695398 hand 2619824914055561217-2-1670588130
1670588130886 inf [table] 1 tt.tamgr.tt_3.t1695398 action SB login="Sachaerso" amount="10"
1670588130888 inf [table] 1 tt.tamgr.tt_3.t1695398 action BB login="Davi1990" amount="20"
1670588130889 inf [network] > tt.tamgr.tt_3.t1695398 TABLE:CARDS
1670588130891 inf [network] > tt.tamgr.tt_3.t1695398 TABLE:STATUS
1670588130891 inf [network] > tt.tamgr.tt_3.t1695398 TABLE:ACTIONSET
1670588130892 inf [table] 1 tt.tamgr.tt_3.t1695398 cards login="YL_ML_GL_42" 4d,Js
1670588130892 inf [table] 1 tt.tamgr.tt_3.t1695398 round pre-flop pot="0" totalPot="30"
1670588132286 inf [network] < tt.tamgr.tt_3.t1695398 TABLE:ACTION
1670588132339 inf [network] > tt.tamgr.tt_3.t1695398 TABLE:ACTION_OK
1670588132340 inf [network] > tt.tamgr.tt_3.t1695398 TABLE:ACTION_INFO
1670588132343 inf [table] 1 tt.tamgr.tt_3.t1695398 action fold login="YL_ML_GL_42"
1670588133198 inf [network] > tt.tamgr.tt_3.t1695398 TABLE:ACTION_INFO
1670588133200 inf [table] 1 tt.tamgr.tt_3.t1695398 action fold login="Sachaerso" amount="10"
1670588133278 inf [network] > wam.general.t1 CHATROOM:POST_INFO
1670588136250 inf [network] > tt.tamgr.tt_3.t1695398 TABLE:SHOWDOWN_INFO
1670588136250 inf [network] > tt.tamgr.tt_3.t1695398 TABLE:RESULT
1670588136251 inf [network] > tt.tamgr.tt_3.t1695398 TRACKER:GET_INFO
1670588136251 inf [table] 1 tt.tamgr.tt_3.t1695398 showdown login="Davi1990" mucks
1670588136252 inf [table] 1 tt.tamgr.tt_3.t1695398 gain login="Davi1990" amount="30"
1670588137025 inf [network] < prefs TIME:GET
1670588137066 inf [network] > prefs TIME:GET_OK
1670588137436 inf [network] > wam.general.t1 CHATROOM:POST_INFO
1670588138322 inf [network] > tt.tamgr.tt_3.t1695398 TABLE:POST_INFO
1670588138323 inf [network] > tt.tamgr.tt_3.t1695398 TABLE:POST_INFO
1670588138324 inf [table] 1 tt.tamgr.tt_3.t1695398 hand 2619824914055561217-3-1670588137
1670588138324 inf [table] 1 tt.tamgr.tt_3.t1695398 action SB login="Davi1990" amount="10"
1670588138325 inf [network] > tt.tamgr.tt_3.t1695398 TABLE:CARDS
1670588138325 inf [network] > tt.tamgr.tt_3.t1695398 TABLE:STATUS
1670588138326 inf [network] > tt.tamgr.tt_3.t1695398 TABLE:PREACTION_LIST
1670588138326 inf [table] 1 tt.tamgr.tt_3.t1695398 action BB login="YL_ML_GL_42" amount="20"
1670588138327 inf [table] 1 tt.tamgr.tt_3.t1695398 cards login="YL_ML_GL_42" Kc,8s
1670588138328 inf [table] 1 tt.tamgr.tt_3.t1695398 round pre-flop pot="0" totalPot="30"
1670588140087 inf [network] > tt.tamgr.tt_3.t1695398 TABLE:ACTION_INFO
1670588140088 inf [network] > tt.tamgr.tt_3.t1695398 TABLE:PREACTION_LIST
1670588140088 inf [table] 1 tt.tamgr.tt_3.t1695398 action fold login="Sachaerso"
1670588143124 inf [network] > tt.tamgr.tt_3.t1695398 TABLE:ACTION_INFO
1670588143125 inf [network] > tt.tamgr.tt_3.t1695398 TABLE:ACTIONSET
1670588143126 inf [table] 1 tt.tamgr.tt_3.t1695398 action call login="Davi1990" amount="20"
1670588145142 inf [network] < tt.tamgr.tt_3.t1695398 TABLE:ACTION
1670588145250 inf [network] > tt.tamgr.tt_3.t1695398 TABLE:ACTION_OK
1670588145250 inf [network] > tt.tamgr.tt_3.t1695398 TABLE:ACTION_INFO
1670588145252 inf [table] 1 tt.tamgr.tt_3.t1695398 action raise login="YL_ML_GL_42" amount="60"
1670588147035 inf [network] < prefs TIME:GET
1670588147114 inf [network] > prefs TIME:GET_OK
1670588149518 inf [network] > tt.tamgr.tt_3.t1695398 TABLE:ACTION_INFO
1670588149519 inf [network] > tt.tamgr.tt_3.t1695398 TABLE:SHOWCARDS_INFO
1670588149519 inf [table] 1 tt.tamgr.tt_3.t1695398 action fold login="Davi1990" amount="20"
1670588149536 inf [network] < tt.tamgr.tt_3.t1695398 TABLE:SHOWCARDS
1670588149599 inf [network] > tt.tamgr.tt_3.t1695398 TABLE:SHOWDOWN_INFO
1670588149600 inf [network] > tt.tamgr.tt_3.t1695398 TABLE:RESULT
1670588149601 inf [network] > tt.tamgr.tt_3.t1695398 TRACKER:GET_INFO
1670588149601 inf [network] > tt.tamgr.tt_3.t1695398 TABLE:SHOWCARDS_OK
1670588149603 inf [table] 1 tt.tamgr.tt_3.t1695398 showdown login="YL_ML_GL_42" mucks
1670588149603 inf [table] 1 tt.tamgr.tt_3.t1695398 gain login="YL_ML_GL_42" amount="80"
1670588151763 inf [network] > tt.tamgr.tt_3.t1695398 TABLE:POST_INFO
1670588151764 inf [network] > tt.tamgr.tt_3.t1695398 TABLE:POST_INFO
1670588151764 inf [network] > tt.tamgr.tt_3.t1695398 TABLE:CARDS
1670588151765 inf [table] 1 tt.tamgr.tt_3.t1695398 hand 2619824914055561217-4-1670588151
1670588151765 inf [table] 1 tt.tamgr.tt_3.t1695398 action SB login="YL_ML_GL_42" amount="10"
1670588151766 inf [table] 1 tt.tamgr.tt_3.t1695398 action BB login="Sachaerso" amount="20"
1670588151766 inf [table] 1 tt.tamgr.tt_3.t1695398 cards login="YL_ML_GL_42" Kc,Td
1670588151767 inf [network] > tt.tamgr.tt_3.t1695398 TABLE:STATUS
1670588151768 inf [network] > tt.tamgr.tt_3.t1695398 TABLE:PREACTION_LIST
1670588151768 inf [table] 1 tt.tamgr.tt_3.t1695398 round pre-flop pot="0" totalPot="30"
1670588156154 inf [network] > wam.general.t1 CHATROOM:POST_INFO
1670588157039 inf [network] < prefs TIME:GET
1670588157273 inf [network] > prefs TIME:GET_OK
1670588159969 inf [network] > wam.general.t1 CHATROOM:POST_INFO
1670588162720 inf [network] > tt.tamgr.tt_3.t1695398 TABLE:ACTION_INFO
1670588162721 inf [network] > tt.tamgr.tt_3.t1695398 TABLE:ACTIONSET
1670588162722 inf [table] 1 tt.tamgr.tt_3.t1695398 action call login="Davi1990" amount="20"
1670588162840 inf [network] > wam.general.t1 CHATROOM:POST_INFO
1670588164822 inf [network] < tt.tamgr.tt_3.t1695398 TABLE:ACTION
1670588164881 inf [network] > tt.tamgr.tt_3.t1695398 TABLE:ACTION_OK
1670588164882 inf [network] > tt.tamgr.tt_3.t1695398 TABLE:ACTION_INFO
1670588164890 inf [table] 1 tt.tamgr.tt_3.t1695398 action raise login="YL_ML_GL_42" amount="80"
1670588166320 inf [network] > tt.tamgr.tt_3.t1695398 TABLE:ACTION_INFO
1670588166321 inf [table] 1 tt.tamgr.tt_3.t1695398 action call login="Sachaerso" amount="80"
1670588167039 inf [network] < prefs TIME:GET
1670588167096 inf [network] > prefs TIME:GET_OK
1670588167923 inf [network] > tt.tamgr.tt_3.t1695398 TABLE:ACTION_INFO
1670588167923 inf [network] > tt.tamgr.tt_3.t1695398 TABLE:CARDS
1670588167924 inf [network] > tt.tamgr.tt_3.t1695398 TABLE:STATUS
1670588167924 inf [network] > tt.tamgr.tt_3.t1695398 TABLE:ACTIONSET
1670588167925 inf [table] 1 tt.tamgr.tt_3.t1695398 action call login="Davi1990" amount="80"
1670588167925 inf [table] 1 tt.tamgr.tt_3.t1695398 round flop board="5s,4c,3h" pot="240" totalPot="0"
1670588173014 inf [network] > wam.general.t1 CHATROOM:POST_INFO
1670588174038 inf [network] < tt.tamgr.tt_3.t1695398 TABLE:ACTION
1670588174119 inf [network] > tt.tamgr.tt_3.t1695398 TABLE:ACTION_OK
1670588174120 inf [network] > tt.tamgr.tt_3.t1695398 TABLE:ACTION_INFO
1670588174136 inf [table] 1 tt.tamgr.tt_3.t1695398 action bet login="YL_ML_GL_42" amount="460"
1670588175500 inf [network] > tt.tamgr.tt_3.t1695398 TABLE:ACTION_INFO
1670588175503 inf [table] 1 tt.tamgr.tt_3.t1695398 action fold login="Sachaerso"
1670588176078 inf [network] > tt.tamgr.tt_3.t1695398 TABLE:ACTION_INFO
1670588176079 inf [network] > tt.tamgr.tt_3.t1695398 TABLE:SHOWCARDS_INFO
1670588176079 inf [table] 1 tt.tamgr.tt_3.t1695398 action fold login="Davi1990"
1670588176095 inf [network] < tt.tamgr.tt_3.t1695398 TABLE:SHOWCARDS
1670588176262 inf [network] > tt.tamgr.tt_3.t1695398 TABLE:SHOWDOWN_INFO
1670588176263 inf [network] > tt.tamgr.tt_3.t1695398 TABLE:RESULT
1670588176263 inf [network] > tt.tamgr.tt_3.t1695398 TRACKER:GET_INFO
1670588176263 inf [network] > tt.tamgr.tt_3.t1695398 TABLE:SHOWCARDS_OK
1670588176265 inf [table] 1 tt.tamgr.tt_3.t1695398 showdown login="YL_ML_GL_42" mucks
1670588176265 inf [table] 1 tt.tamgr.tt_3.t1695398 gain login="YL_ML_GL_42" amount="700"
1670588177047 inf [network] < prefs TIME:GET
1670588177095 inf [network] > prefs TIME:GET_OK
1670588178238 inf [network] > tt.tamgr.tt_3.t1695398 TABLE:POST_INFO
1670588178238 inf [network] > tt.tamgr.tt_3.t1695398 TABLE:POST_INFO
1670588178239 inf [table] 1 tt.tamgr.tt_3.t1695398 hand 2619824914055561217-5-1670588177
1670588178239 inf [table] 1 tt.tamgr.tt_3.t1695398 action SB login="Sachaerso" amount="10"
1670588178240 inf [network] > tt.tamgr.tt_3.t1695398 TABLE:CARDS
1670588178241 inf [network] > tt.tamgr.tt_3.t1695398 TABLE:STATUS
1670588178241 inf [network] > tt.tamgr.tt_3.t1695398 TABLE:ACTIONSET
1670588178241 inf [table] 1 tt.tamgr.tt_3.t1695398 action BB login="Davi1990" amount="20"
1670588178242 inf [table] 1 tt.tamgr.tt_3.t1695398 cards login="YL_ML_GL_42" Qs,Ts
1670588178243 inf [table] 1 tt.tamgr.tt_3.t1695398 round pre-flop pot="0" totalPot="30"
1670588180720 inf [network] > wam.general.t1 CHATROOM:POST_INFO
1670588181006 inf [network] < tt.tamgr.tt_3.t1695398 TABLE:ACTION
1670588181091 inf [network] > tt.tamgr.tt_3.t1695398 TABLE:ACTION_OK
1670588181091 inf [network] > tt.tamgr.tt_3.t1695398 TABLE:ACTION_INFO
1670588181092 inf [table] 1 tt.tamgr.tt_3.t1695398 action raise login="YL_ML_GL_42" amount="70"
1670588183321 inf [network] > tt.tamgr.tt_3.t1695398 TABLE:ACTION_INFO
1670588183321 inf [network] > tt.tamgr.tt_3.t1695398 TABLE:PREACTION_LIST
1670588183322 inf [table] 1 tt.tamgr.tt_3.t1695398 action raise login="Sachaerso" amount="230"
1670588184804 inf [network] > tt.tamgr.tt_3.t1695398 TABLE:ACTION_INFO
1670588184805 inf [network] > tt.tamgr.tt_3.t1695398 TABLE:ACTIONSET
1670588184806 inf [table] 1 tt.tamgr.tt_3.t1695398 action fold login="Davi1990" amount="20"
1670588186758 inf [network] < tt.tamgr.tt_3.t1695398 TABLE:ACTION
1670588186839 inf [network] > tt.tamgr.tt_3.t1695398 TABLE:ACTION_OK
1670588186840 inf [network] > tt.tamgr.tt_3.t1695398 TABLE:ACTION_INFO
1670588186841 inf [table] 1 tt.tamgr.tt_3.t1695398 action raise login="YL_ML_GL_42" amount="700"
1670588187048 inf [network] < prefs TIME:GET
1670588187131 inf [network] > prefs TIME:GET_OK
1670588188078 inf [network] > tt.tamgr.tt_3.t1695398 TABLE:ACTION_INFO
1670588188078 inf [network] > tt.tamgr.tt_3.t1695398 TABLE:STATUS
1670588188079 inf [table] 1 tt.tamgr.tt_3.t1695398 action call login="Sachaerso" amount="390"
1670588189702 inf [network] > tt.tamgr.tt_3.t1695398 TABLE:CARDS
1670588189703 inf [network] > tt.tamgr.tt_3.t1695398 TABLE:STATUS
1670588189717 inf [table] 1 tt.tamgr.tt_3.t1695398 round flop board="2c,9c,Ac" pot="1110" totalPot="0"
1670588191120 inf [network] > tt.tamgr.tt_3.t1695398 TABLE:CARDS
1670588191121 inf [network] > tt.tamgr.tt_3.t1695398 TABLE:STATUS
1670588191131 inf [table] 1 tt.tamgr.tt_3.t1695398 round turn board="2c,9c,Ac,Qd" pot="1110" totalPot="0"
1670588192640 inf [network] > tt.tamgr.tt_3.t1695398 TABLE:CARDS
1670588192641 inf [network] > tt.tamgr.tt_3.t1695398 TABLE:STATUS
1670588192655 inf [table] 1 tt.tamgr.tt_3.t1695398 round river board="2c,9c,Ac,Qd,6s" pot="1110" totalPot="0"
1670588194347 inf [network] > tt.tamgr.tt_3.t1695398 TABLE:RESULT
1670588194348 inf [network] > tt.tamgr.tt_3.t1695398 TRACKER:GET_INFO
1670588194349 inf [table] 1 tt.tamgr.tt_3.t1695398 showdown login="Sachaerso" cards="Ks,Kc" board="2c,9c,Ac,Qd,6s"
1670588194349 inf [table] 1 tt.tamgr.tt_3.t1695398 showdown login="YL_ML_GL_42" cards="Qs,Ts" board="2c,9c,Ac,Qd,6s"
1670588194349 inf [table] 1 tt.tamgr.tt_3.t1695398 gain login="Sachaerso" amount="800"
1670588194350 inf [table] 1 tt.tamgr.tt_3.t1695398 gain login="YL_ML_GL_42" amount="310"
1670588196241 inf [network] > tt.tamgr.tt_3.t1695398 TABLE:POST_INFO
1670588196242 inf [network] > tt.tamgr.tt_3.t1695398 TABLE:POST_INFO
1670588196243 inf [table] 1 tt.tamgr.tt_3.t1695398 hand 2619824914055561217-6-1670588195
1670588196243 inf [table] 1 tt.tamgr.tt_3.t1695398 action SB login="Davi1990" amount="10"
1670588196243 inf [table] 1 tt.tamgr.tt_3.t1695398 action BB login="YL_ML_GL_42" amount="20"
1670588196245 inf [network] > tt.tamgr.tt_3.t1695398 TABLE:CARDS
1670588196245 inf [network] > tt.tamgr.tt_3.t1695398 TABLE:STATUS
1670588196245 inf [network] > tt.tamgr.tt_3.t1695398 TABLE:PREACTION_LIST
1670588196246 inf [table] 1 tt.tamgr.tt_3.t1695398 cards login="YL_ML_GL_42" Kh,Ah
1670588196260 inf [table] 1 tt.tamgr.tt_3.t1695398 round pre-flop pot="0" totalPot="30"
1670588197054 inf [network] < prefs TIME:GET
1670588197123 inf [network] > prefs TIME:GET_OK
1670588198466 inf [network] > tt.tamgr.tt_3.t1695398 TABLE:ACTION_INFO
1670588198467 inf [network] > tt.tamgr.tt_3.t1695398 TABLE:PREACTION_LIST
1670588198468 inf [table] 1 tt.tamgr.tt_3.t1695398 action fold login="Sachaerso"
1670588202253 inf [network] > tt.tamgr.tt_3.t1695398 TABLE:ACTION_INFO
1670588202254 inf [network] > tt.tamgr.tt_3.t1695398 TABLE:ACTIONSET
1670588202254 inf [table] 1 tt.tamgr.tt_3.t1695398 action raise login="Davi1990" amount="60"
1670588204510 inf [network] < tt.tamgr.tt_3.t1695398 TABLE:ACTION
1670588204560 inf [network] > tt.tamgr.tt_3.t1695398 TABLE:ACTION_OK
1670588204561 inf [network] > tt.tamgr.tt_3.t1695398 TABLE:ACTION_INFO
1670588204562 inf [table] 1 tt.tamgr.tt_3.t1695398 action raise login="YL_ML_GL_42" amount="310"
1670588204582 inf [network] > tt.ttmgr.tt_3.t609975521 TOURNAMENT:STATUS
1670588206158 inf [network] > tt.tamgr.tt_3.t1695398 TABLE:ACTION_INFO
1670588206158 inf [network] > tt.tamgr.tt_3.t1695398 TABLE:STATUS
1670588206159 inf [table] 1 tt.tamgr.tt_3.t1695398 action raise login="Davi1990" amount="390"
1670588207056 inf [network] < prefs TIME:GET
1670588207112 inf [network] > prefs TIME:GET_OK
1670588207784 inf [network] > tt.tamgr.tt_3.t1695398 TABLE:CARDS
1670588207785 inf [network] > tt.tamgr.tt_3.t1695398 TABLE:STATUS
1670588207801 inf [table] 1 tt.tamgr.tt_3.t1695398 round flop board="7d,5s,4d" pot="700" totalPot="0"
1670588209245 inf [network] > tt.tamgr.tt_3.t1695398 TABLE:CARDS
1670588209245 inf [network] > tt.tamgr.tt_3.t1695398 TABLE:STATUS
1670588209259 inf [table] 1 tt.tamgr.tt_3.t1695398 round turn board="7d,5s,4d,Qs" pot="700" totalPot="0"
1670588210766 inf [network] > tt.tamgr.tt_3.t1695398 TABLE:CARDS
1670588210767 inf [network] > tt.tamgr.tt_3.t1695398 TABLE:STATUS
1670588210780 inf [table] 1 tt.tamgr.tt_3.t1695398 round river board="7d,5s,4d,Qs,4c" pot="700" totalPot="0"
1670588212322 inf [network] > tt.tamgr.tt_3.t1695398 TABLE:RESULT
1670588212323 inf [network] > tt.tamgr.tt_3.t1695398 TRACKER:GET_INFO
1670588212324 inf [table] 1 tt.tamgr.tt_3.t1695398 showdown login="Davi1990" cards="Qh,Qd" board="7d,5s,4d,Qs,4c"
1670588212324 inf [table] 1 tt.tamgr.tt_3.t1695398 showdown login="YL_ML_GL_42" cards="Kh,Ah" board="7d,5s,4d,Qs,4c"
1670588212324 inf [table] 1 tt.tamgr.tt_3.t1695398 gain login="Davi1990" amount="700"
1670588214324 inf [network] > tt.tamgr.tt_3.t1695398 TABLE:STATUS
1670588214325 inf [network] > tt.ttmgr.tt_3.t609975521 TOURNAMENT:STATUS
1670588214326 inf [network] > tt.ttmgr.tt_3.t609975521 TOURNAMENT:STATUS
1670588214328 inf [network] > tt.ttmgr.tt_3.t609975521 TRACKER:GET_INFO
1670588214329 inf [network] > tt.tamgr.tt_3.t1695398 TABLE:CHAT_INFO
1670588214330 inf [network] > tt.ttmgr.tt_3.t609975521 TOURNAMENT:RESULT
1670588214330 inf [network] > tt.ttmgr.tt_3.t609975521 TOURNAMENT:STATUS
1670588214332 inf [network] > prefs SRM:UPDATE_RULE_INFO
1670588214332 inf [network] > prefs NOTIFICATION:POST_INFO
1670588214333 inf [network] > prefs GAMESTATS:INFO
1670588214333 inf [router] Navigate: wam://popup?type=tournament-result&ttid=1
1670588214334 inf [router] Navigation done: wam://popup?type=tournament-result&ttid=1
1670588215358 inf [network] > subscriptions FILTERLIST:UPDATE
1670588216318 inf [network] > tt.tamgr.tt_3.t1695398 TABLE:POST_INFO
1670588216329 inf [table] 1 tt.tamgr.tt_3.t1695398 hand 2619824914055561217-7-1670588215
1670588216329 inf [table] 1 tt.tamgr.tt_3.t1695398 action SB login="Sachaerso" amount="15"
1670588216330 inf [network] > tt.tamgr.tt_3.t1695398 TABLE:POST_INFO
1670588216330 inf [network] > tt.tamgr.tt_3.t1695398 TABLE:STATUS
1670588216331 inf [table] 1 tt.tamgr.tt_3.t1695398 action BB login="Davi1990" amount="30"
1670588216331 inf [table] 1 tt.tamgr.tt_3.t1695398 round pre-flop pot="0" totalPot="45"
1670588216486 inf [router] Execute: wam://table-close?tblid=1
1670588216489 inf [router] Execution done: wam://table-close?tblid=1
1670588216491 inf [network] < tt.tamgr.tt_3.t1695398 TABLE:LEAVE
1670588216491 inf [network] Leaving channel tt.tamgr.tt_3.t1695398
1670588216492 inf [network] < tt.ttmgr.tt_3.t609975521 TOURNAMENT:LEAVE
1670588216492 inf [network] Leaving channel tt.ttmgr.tt_3.t609975521
1670588216544 inf [network] Leaving channel tt.tamgr.tt_3.t1695398
1670588216546 inf [network] > tt.tamgr.tt_3.t1695398 TABLE:LEAVE_OK
1670588217059 inf [network] < prefs TIME:GET
1670588217104 inf [network] > prefs TIME:GET_OK
1670588218836 inf [router] Execute: wam://playground-close?id=1
1670588218837 inf [router] Execution done: wam://playground-close?id=1
1670588218838 inf [router] Execute: wam://playground-close?id=1&scene=2
1670588218839 inf [router] Execution done: wam://playground-close?id=1&scene=2
1670588221284 inf [router] Navigate: wam://lobby-mtt
1670588221285 inf [router] Navigation done: wam://lobby-mtt
1670588221326 inf [network] Registering channel lo
1670588221326 inf [router] Execute: wam://lobby-preview?rk=&type=
1670588221327 inf [router] Execution done: wam://lobby-preview?rk=&type=
1670588221358 inf [network] < lo FILTERLIST:CREATE
1670588221441 inf [network] > lo FILTERLIST:CREATE_OK
1670588221475 inf [network] > lo FILTERLIST:SET
1670588221482 inf [router] Execute: wam://lobby-preview?rk=tt2.ttmgr.tt2_1.t598824698&type=tournament
1670588221485 inf [router] Execution done: wam://lobby-preview?rk=tt2.ttmgr.tt2_1.t598824698&type=tournament
1670588221486 inf [network] Registering channel tt2.ttmgr.tt2_1.t598824698
1670588221500 inf [network] < tt2.ttmgr.tt2_1.t598824698 TOURNAMENT:JOIN
1670588221559 inf [network] > tt2.ttmgr.tt2_1.t598824698 TOURNAMENT:JOIN_OK
1670588221560 inf [network] > tt2.ttmgr.tt2_1.t598824698 CHATROOM:JOIN_OK
1670588224300 inf [network] > wam.general.t1 CHATROOM:POST_INFO
1670588225470 inf [network] > lo FILTERLIST:UPDATE
1670588227073 inf [network] < prefs TIME:GET
1670588227127 inf [network] > prefs TIME:GET_OK
1670588231737 inf [app] Exit
1670588231739 inf [tracker] Closed
1670588231742 inf [network] Registering channel subscriptions
1670588231743 inf [network] Registering channel lo
1670588231744 inf [network] Registering channel tt2.ttmgr.tt2_1.t598824698
1670588231744 inf [network] Leaving channel tt2.ttmgr.tt2_1.t598824698
