1670607579325 inf [app] Launch
1670607579380 inf [scene] Bridge initialize
1670607579390 inf [scene] Scene open
1670607579394 inf [scene] Scene create
1670607579407 inf [scene.1] Scene loading
1670607579414 inf [app] Checking for update
1670607579831 inf [app] Update for version 1.25.2 is not available (latest version: 1.25.2, downgrade is disallowed).
1670607580266 inf [scene.1] Browser loaded
1670607580274 inf [scene.1] Bridge loaded
1670607580308 inf [tracker] Listening on port: 8003
1670607582393 inf [api] < Service core/authentication/token/generate
1670607582394 inf [network] > Http https://wapi.winamax.fr/core/authentication/token/generate post
1670607582727 inf [network] > Http https://wapi.winamax.fr/core/authentication/token/generate ok
1670607582728 inf [api] > Service core/authentication/token/generate
1670607582729 inf [api] < Service poker/public/config/preauth {"client":"poker","application":"desktop","opid":"wam","device":"electron","ver":"1.25.2.1670589810","os":"win32","cid":"b94b276db79aabbcbfbe64cabbfea685"}
1670607582730 inf [network] > Http https://api.winamax.fr/poker/public/config/preauth?client=poker&application=desktop&opid=wam&device=electron&ver=1.25.2.1670589810&os=win32&cid=b94b276db79aabbcbfbe64cabbfea685 get
1670607583046 inf [network] > Http https://api.winamax.fr/poker/public/config/preauth?client=poker&application=desktop&opid=wam&device=electron&ver=1.25.2.1670589810&os=win32&cid=b94b276db79aabbcbfbe64cabbfea685 ok
1670607583048 inf [api] > Service poker/public/config/preauth {"core":{"type":"wss","retry":{"count":3,"timeout":10000,"delay":2000,"random":1000},"hosts":["wapi.winamax.fr:443/poker/front/ws/websocket"],"enable":true,"zombie":{"duration":45000},"socket":{"sleep":10,"buffer":16384},"monitor":{"interrupted":true}},"features":{"vm":false,"playground":{"threshold":1000},"time":{"duration":10}},"serverstatus":{"status":"up","polling":300,"i18n":{"de_DE":{"title":"","info":"Alle Dienste sind verfügbar"},"fr_FR":{"title":"","info":"Tous les services sont fonctionnels"},"en_GB":{"title":"","info":"All services are operational."},"*":{"title":"","info":"All services are operational."},"en_US":{"title":"","info":"All services are operational."},"es_ES":{"title":"","info":"All services are operational."},"pt_PT":{"title":"","info":"All services are operational."}}},"auth":{"version":2,"timeout":6000,"refresh":{"count":3,"delay":2500}}}
1670607583052 inf [network] Registering channel prefs
1670607583052 inf [network] Enqueuing AUTH:SIGNIN
1670607583053 inf [network] Creating socket wss://wapi.winamax.fr:443/poker/front/ws/websocket
1670607583054 inf [network] Connection status: 1
1670607583326 inf [network] Socket opened
1670607583327 inf [network] Connection status: 2
1670607583328 inf [network] Connection status: 3
1670607583328 inf [network] < prefs AUTH:SIGNIN
1670607583760 inf [network] > prefs AUTH:SIGNIN_OK
1670607583761 inf [network] Connection status: 4
1670607583763 inf [network] > prefs NOTIFICATION:POST_INFO
1670607583764 inf [network] < prefs TIME:GET
1670607583768 inf [network] < prefs GAMESTATS:JOIN
1670607583811 inf [network] > prefs TIME:GET_OK
1670607583819 inf [api] < Service poker/client/prefs
1670607583819 inf [network] > Http https://wapi.winamax.fr/poker/client/prefs post
1670607584056 inf [network] > Http https://wapi.winamax.fr/poker/client/prefs ok
1670607584057 inf [api] > Service poker/client/prefs
1670607584065 inf [router] Execute: wam://preload-ok
1670607584066 inf [router] Navigate: wam://lobbies
1670607584068 inf [network] > Http https://dl.winamax.fr/client/attr/settings/wam/config.1624292306 get
1670607584070 inf [network] > Http https://dl.winamax.fr/client/attr/settings/wam/ressource.1624283658 get
1670607584072 inf [router] Navigation done: wam://lobbies
1670607584072 inf [router] Execution done: wam://preload-ok
1670607584073 inf [network] Registering channel subscriptions
1670607584074 inf [api] < Service operator/userdata
1670607584074 inf [network] > Http https://wapi.winamax.fr/operator/userdata post
1670607584076 inf [api] < Service operator/winamax-tv/public
1670607584076 inf [network] > Http https://wapi.winamax.fr/operator/winamax-tv/public post
1670607584078 inf [network] < prefs SRM:JOIN
1670607584079 inf [network] < prefs NEWS:GET
1670607584079 inf [network] < prefs DATA:GET
1670607584080 inf [network] < prefs BUDDY:GET
1670607584080 inf [network] < prefs BUDDYROOM:JOIN
1670607584082 inf [network] < prefs TIME:GET
1670607584083 inf [network] < prefs CASHIER:GET
1670607584083 inf [network] < prefs CASHIER:LIST
1670607584084 inf [network] < prefs CASHIER:GET
1670607584084 inf [network] < prefs CASHIER:LIST
1670607584086 inf [network] < subscriptions FILTERLIST:CREATE
1670607584087 inf [network] < subscriptions FILTERLIST:CREATE
1670607584088 inf [network] < subscriptions FILTERLIST:CREATE
1670607584119 inf [network] > prefs SRM:JOIN_OK
1670607584156 inf [network] > prefs TIME:GET_OK
1670607584161 inf [network] > prefs CASHIER:GET_OK
1670607584162 inf [network] > prefs CASHIER:LIST_OK
1670607584164 inf [network] > subscriptions FILTERLIST:CREATE_OK
1670607584165 inf [network] > prefs CASHIER:GET_OK
1670607584167 inf [network] > subscriptions FILTERLIST:SET
1670607584168 inf [network] > subscriptions FILTERLIST:CREATE_OK
1670607584169 inf [network] > subscriptions FILTERLIST:SET
1670607584246 inf [network] Registering channel wam.general.t1
1670607584246 inf [network] < wam.general.t1 CHATROOM:JOIN
1670607584315 inf [network] > prefs CASHIER:LIST_OK
1670607584316 inf [network] > prefs BUDDYROOM:JOIN_OK
1670607584316 inf [network] > subscriptions FILTERLIST:CREATE_OK
1670607584317 inf [network] > subscriptions FILTERLIST:SET
1670607584352 inf [network] > prefs NEWS:GET_OK
1670607584355 inf [network] > prefs BUDDY:GET_OK
1670607584369 inf [network] < prefs BUDDYROOM:JOIN
1670607584572 inf [network] > prefs DATA:GET_ERR
1670607584588 inf [network] > wam.general.t1 CHATROOM:JOIN_OK
1670607584600 inf [network] > prefs BUDDYROOM:JOIN_OK
1670607584635 inf [network] > Http https://wapi.winamax.fr/operator/winamax-tv/public ok
1670607584636 inf [api] > Service operator/winamax-tv/public
1670607584646 inf [network] > prefs BUDDYROOM:JOIN_INFO
1670607584982 inf [network] > Http https://wapi.winamax.fr/operator/userdata ok
1670607584982 inf [api] > Service operator/userdata
1670607584998 inf [network] > Http https://dl.winamax.fr/client/attr/settings/wam/config.1624292306 ok
1670607585050 inf [network] > Http https://dl.winamax.fr/client/attr/settings/wam/ressource.1624283658 ok
1670607585659 inf [network] > prefs GAMESTATS:JOIN_OK
1670607586080 inf [api] < Service poker/client/prefs
1670607586080 inf [network] > Http https://wapi.winamax.fr/poker/client/prefs post
1670607586291 inf [network] > Http https://wapi.winamax.fr/poker/client/prefs ok
1670607586291 inf [api] > Service poker/client/prefs
1670607587555 inf [router] Navigate: wam://contacts?tab=buddies
1670607587556 inf [router] Navigation done: wam://contacts?tab=buddies
1670607588918 inf [network] > wam.general.t1 CHATROOM:POST_INFO
1670607589329 inf [network] < prefs FILTERLIST:FIND
1670607589330 inf [network] < prefs FILTERLIST:FIND
1670607589330 inf [network] < prefs FILTERLIST:FIND
1670607589331 inf [network] < prefs FILTERLIST:FIND
1670607589331 inf [network] < prefs FILTERLIST:FIND
1670607589332 inf [network] < prefs FILTERLIST:FIND
1670607589408 inf [network] > prefs FILTERLIST:FIND_OK
1670607589409 inf [network] > prefs FILTERLIST:FIND_OK
1670607589410 inf [network] > prefs FILTERLIST:FIND_OK
1670607589410 inf [network] > prefs FILTERLIST:FIND_OK
1670607589411 inf [network] > prefs FILTERLIST:FIND_OK
1670607589420 inf [network] > prefs FILTERLIST:FIND_OK
1670607590700 inf [network] < prefs FILTERLIST:FIND
1670607590701 inf [network] < prefs FILTERLIST:FIND
1670607590701 inf [network] < prefs FILTERLIST:FIND
1670607590772 inf [network] > prefs FILTERLIST:FIND_OK
1670607590775 inf [network] > prefs FILTERLIST:FIND_OK
1670607591052 inf [network] > prefs FILTERLIST:FIND_OK
1670607591788 inf [router] Navigate: wam://tournament?ttrk=tt.ttmgr.tt_9.t598827518&name=MYSTERY%20KO
1670607591789 inf [router] Navigation done: wam://tournament?ttrk=tt.ttmgr.tt_9.t598827518&name=MYSTERY%20KO
1670607591791 inf [network] Registering channel tt.ttmgr.tt_9.t598827518
1670607591794 inf [network] < tt.ttmgr.tt_9.t598827518 TOURNAMENT:JOIN
1670607592122 inf [network] > tt.ttmgr.tt_9.t598827518 TOURNAMENT:JOIN_OK
1670607592123 inf [network] > tt.ttmgr.tt_9.t598827518 CHATROOM:JOIN_OK
1670607592153 inf [network] < tt.ttmgr.tt_9.t598827518 FILTERLIST:CREATE
1670607592218 inf [network] > tt.ttmgr.tt_9.t598827518 FILTERLIST:CREATE_OK
1670607592507 inf [network] > tt.ttmgr.tt_9.t598827518 FILTERLIST:SET
1670607592966 inf [network] > wam.general.t1 CHATROOM:POST_INFO
1670607594085 inf [network] < prefs TIME:GET
1670607594169 inf [network] > prefs TIME:GET_OK
1670607604070 inf [network] < prefs TIME:GET
1670607604145 inf [network] > prefs TIME:GET_OK
1670607614100 inf [network] < prefs TIME:GET
1670607614162 inf [network] > prefs TIME:GET_OK
1670607615204 inf [network] > wam.general.t1 CHATROOM:POST_INFO
1670607624090 inf [network] < prefs TIME:GET
1670607624174 inf [network] > prefs TIME:GET_OK
1670607626128 inf [network] > tt.ttmgr.tt_9.t598827518 FILTERLIST:SET
1670607634118 inf [network] < prefs TIME:GET
1670607634210 inf [network] > prefs TIME:GET_OK
1670607637097 inf [network] > tt.ttmgr.tt_9.t598827518 FILTERLIST:SET
1670607644131 inf [network] < prefs TIME:GET
1670607644172 inf [network] > prefs TIME:GET_OK
1670607654142 inf [network] < prefs TIME:GET
1670607654205 inf [network] > prefs TIME:GET_OK
1670607656128 inf [network] > tt.ttmgr.tt_9.t598827518 FILTERLIST:SET
1670607659861 inf [network] > wam.general.t1 CHATROOM:POST_INFO
1670607664146 inf [network] < prefs TIME:GET
1670607664204 inf [network] > prefs TIME:GET_OK
1670607674157 inf [network] < prefs TIME:GET
1670607674247 inf [network] > prefs TIME:GET_OK
1670607684163 inf [network] < prefs TIME:GET
1670607684248 inf [network] > prefs TIME:GET_OK
1670607689542 inf [network] > wam.general.t1 CHATROOM:POST_INFO
1670607694173 inf [network] < prefs TIME:GET
1670607694247 inf [network] > prefs TIME:GET_OK
1670607695398 inf [network] > tt.ttmgr.tt_9.t598827518 TOURNAMENT:STATUS
1670607696470 inf [network] > tt.ttmgr.tt_9.t598827518 FILTERLIST:SET
1670607697636 inf [network] > tt.ttmgr.tt_9.t598827518 TOURNAMENT:STATUS
1670607704186 inf [network] < prefs TIME:GET
1670607704244 inf [network] > prefs TIME:GET_OK
1670607708401 inf [network] > tt.ttmgr.tt_9.t598827518 TOURNAMENT:STATUS
1670607710489 inf [network] > tt.ttmgr.tt_9.t598827518 TOURNAMENT:STATUS
1670607714199 inf [network] < prefs TIME:GET
1670607714285 inf [network] > prefs TIME:GET_OK
1670607716043 inf [network] > tt.ttmgr.tt_9.t598827518 FILTERLIST:UPDATE
1670607724204 inf [network] < prefs TIME:GET
1670607724245 inf [network] > prefs TIME:GET_OK
1670607734216 inf [network] < prefs TIME:GET
1670607734325 inf [network] > prefs TIME:GET_OK
1670607744228 inf [network] < prefs TIME:GET
1670607744360 inf [network] > prefs TIME:GET_OK
1670607746025 inf [network] > tt.ttmgr.tt_9.t598827518 FILTERLIST:UPDATE
1670607754233 inf [network] < prefs TIME:GET
1670607754318 inf [network] > prefs TIME:GET_OK
1670607764241 inf [network] < prefs TIME:GET
1670607764408 inf [network] > prefs TIME:GET_OK
1670607774253 inf [network] < prefs TIME:GET
1670607774326 inf [network] > prefs TIME:GET_OK
1670607776398 inf [network] > tt.ttmgr.tt_9.t598827518 FILTERLIST:UPDATE
1670607779511 inf [network] > tt.ttmgr.tt_9.t598827518 TOURNAMENT:STATUS
1670607782162 inf [network] > tt.ttmgr.tt_9.t598827518 TOURNAMENT:STATUS
1670607784261 inf [network] < prefs TIME:GET
1670607784322 inf [network] > prefs TIME:GET_OK
1670607786277 inf [network] > tt.ttmgr.tt_9.t598827518 FILTERLIST:SET
1670607792694 inf [network] > tt.ttmgr.tt_9.t598827518 TOURNAMENT:STATUS
1670607794274 inf [network] < prefs TIME:GET
1670607794323 inf [network] > prefs TIME:GET_OK
1670607794805 inf [network] > tt.ttmgr.tt_9.t598827518 TOURNAMENT:STATUS
1670607796098 inf [network] > tt.ttmgr.tt_9.t598827518 FILTERLIST:UPDATE
1670607804261 inf [network] < prefs TIME:GET
1670607804343 inf [network] > prefs TIME:GET_OK
1670607806083 inf [network] > tt.ttmgr.tt_9.t598827518 FILTERLIST:UPDATE
1670607814286 inf [network] < prefs TIME:GET
1670607814360 inf [network] > prefs TIME:GET_OK
1670607824293 inf [network] < prefs TIME:GET
1670607824359 inf [network] > prefs TIME:GET_OK
1670607834279 inf [network] < prefs TIME:GET
1670607834359 inf [network] > prefs TIME:GET_OK
1670607836176 inf [network] > tt.ttmgr.tt_9.t598827518 FILTERLIST:UPDATE
1670607844295 inf [network] < prefs TIME:GET
1670607844364 inf [network] > prefs TIME:GET_OK
1670607854298 inf [network] < prefs TIME:GET
1670607854492 inf [network] > prefs TIME:GET_OK
1670607856453 inf [network] > tt.ttmgr.tt_9.t598827518 FILTERLIST:SET
1670607864297 inf [network] < prefs TIME:GET
1670607864360 inf [network] > prefs TIME:GET_OK
1670607866616 inf [network] > tt.ttmgr.tt_9.t598827518 FILTERLIST:SET
1670607869919 inf [network] > wam.general.t1 CHATROOM:POST_INFO
1670607874293 inf [network] < prefs TIME:GET
1670607874351 inf [network] > prefs TIME:GET_OK
1670607876367 inf [network] > tt.ttmgr.tt_9.t598827518 FILTERLIST:UPDATE
1670607884314 inf [network] < prefs TIME:GET
1670607884403 inf [network] > prefs TIME:GET_OK
1670607894316 inf [network] < prefs TIME:GET
1670607894364 inf [network] > prefs TIME:GET_OK
1670607904329 inf [network] < prefs TIME:GET
1670607904399 inf [network] > prefs TIME:GET_OK
1670607904817 inf [network] > tt.ttmgr.tt_9.t598827518 TOURNAMENT:STATUS
1670607914340 inf [network] < prefs TIME:GET
1670607914437 inf [network] > prefs TIME:GET_OK
1670607916490 inf [network] > tt.ttmgr.tt_9.t598827518 FILTERLIST:SET
1670607924355 inf [network] < prefs TIME:GET
1670607924442 inf [network] > prefs TIME:GET_OK
1670607934370 inf [network] < prefs TIME:GET
1670607934648 inf [network] > prefs TIME:GET_OK
1670607944383 inf [network] < prefs TIME:GET
1670607944434 inf [network] > prefs TIME:GET_OK
1670607946313 inf [network] > tt.ttmgr.tt_9.t598827518 FILTERLIST:UPDATE
1670607954399 inf [network] < prefs TIME:GET
1670607954467 inf [network] > prefs TIME:GET_OK
1670607964400 inf [network] < prefs TIME:GET
1670607964482 inf [network] > prefs TIME:GET_OK
1670607974389 inf [network] < prefs TIME:GET
1670607974455 inf [network] > prefs TIME:GET_OK
1670607974670 inf [network] > wam.general.t1 CHATROOM:POST_INFO
1670607976893 inf [network] > tt.ttmgr.tt_9.t598827518 FILTERLIST:SET
1670607984411 inf [network] < prefs TIME:GET
1670607984472 inf [network] > prefs TIME:GET_OK
1670607986400 inf [network] > tt.ttmgr.tt_9.t598827518 FILTERLIST:UPDATE
1670607994419 inf [network] < prefs TIME:GET
1670607994515 inf [network] > prefs TIME:GET_OK
1670608004419 inf [network] < prefs TIME:GET
1670608004512 inf [network] > prefs TIME:GET_OK
1670608006475 inf [network] > tt.ttmgr.tt_9.t598827518 FILTERLIST:UPDATE
1670608014425 inf [network] < prefs TIME:GET
1670608014504 inf [network] > prefs TIME:GET_OK
1670608021025 inf [network] > wam.general.t1 CHATROOM:POST_INFO
1670608022916 inf [network] > wam.general.t1 CHATROOM:POST_INFO
1670608024438 inf [network] < prefs TIME:GET
1670608024507 inf [network] > prefs TIME:GET_OK
1670608025746 inf [network] > wam.general.t1 CHATROOM:POST_INFO
1670608026394 inf [network] > tt.ttmgr.tt_9.t598827518 FILTERLIST:UPDATE
1670608033667 inf [network] > wam.general.t1 CHATROOM:POST_INFO
1670608034450 inf [network] < prefs TIME:GET
1670608034549 inf [network] > prefs TIME:GET_OK
1670608044451 inf [network] < prefs TIME:GET
1670608044560 inf [network] > prefs TIME:GET_OK
1670608046637 inf [network] > tt.ttmgr.tt_9.t598827518 FILTERLIST:SET
1670608054462 inf [network] < prefs TIME:GET
1670608054547 inf [network] > prefs TIME:GET_OK
1670608057509 inf [network] > wam.general.t1 CHATROOM:POST_INFO
1670608064447 inf [network] < prefs TIME:GET
1670608064510 inf [network] > prefs TIME:GET_OK
1670608072589 inf [network] > wam.general.t1 CHATROOM:POST_INFO
1670608074468 inf [network] < prefs TIME:GET
1670608074584 inf [network] > prefs TIME:GET_OK
1670608076668 inf [network] > tt.ttmgr.tt_9.t598827518 FILTERLIST:SET
1670608076987 inf [network] > wam.general.t1 CHATROOM:POST_INFO
1670608083513 inf [network] > tt.ttmgr.tt_9.t598827518 TOURNAMENT:STATUS
1670608084478 inf [network] < prefs TIME:GET
1670608084548 inf [network] > prefs TIME:GET_OK
1670608086473 inf [network] > tt.ttmgr.tt_9.t598827518 TOURNAMENT:STATUS
1670608086540 inf [system] Screen locked
1670608086541 inf [app] Paused
1670608086542 inf [network] Connection status: 5
1670608086545 inf [tracker] Closed
1670608086602 inf [network] > tt.ttmgr.tt_9.t598827518 FILTERLIST:SET
1670608086604 inf [network] Socket closed
1670608131615 inf [api] < Service poker/public/client/error {"type":"warn","data":{"description":"Connection zombie killed","callstack":["at Object.B.warn (C:Users\\YaminLEGZOULI\\AppData\\Local\\Programs\\winamax\\resources\\app\\build\\main.js:2:10250)","at du._a (C:Users\\YaminLEGZOULI\\AppData\\Local\\Programs\\winamax\\resources\\app\\build\\main.js:2:1679178)","at listOnTimeout (node:internal/timers:557:17)","at processTimers (node:internal/timers:500:7)"]},"client":"poker","application":"desktop","opid":"wam","device":"electron","ver":"1.25.2.1670589810","os":"win32","cid":"b94b276db79aabbcbfbe64cabbfea685","ts":1670608131,"process":"main","osver":"10.0.19042","login":"YL_ML_GL_42"}
1670608131616 inf [network] > Http https://api.winamax.fr/poker/public/client/error post
1670608131909 inf [network] > Http https://api.winamax.fr/poker/public/client/error ok
1670608131909 inf [api] > Service poker/public/client/error {}
1670608404377 inf [system] Suspended
1670610608186 inf [system] Resumed
1670610614709 inf [system] Screen unlocked
1670610614710 inf [app] Resumed
1670610614720 inf [router] Execute: wam://logout?reason=idle
1670610614725 inf [network] Disconnecting
1670610614726 inf [network] Connection status: 7
1670610614727 inf [network] Connection status: 8
1670610614734 inf [router] Execution done: wam://logout?reason=idle
1670610614737 inf [network] Ignoring TOURNAMENT:LEAVE
1670610614739 inf [router] Navigate: wam://popup?type=error&message=You%20have%20been%20disconnected%20due%20to%20inactivity.
1670610614744 inf [router] Navigation done: wam://popup?type=error&message=You%20have%20been%20disconnected%20due%20to%20inactivity.
1670610614748 inf [tracker] Listening on port: 8003
1670610634450 inf [api] < Service core/authentication/token/generate
1670610634451 inf [network] > Http https://wapi.winamax.fr/core/authentication/token/generate post
1670610634673 inf [network] > Http https://wapi.winamax.fr/core/authentication/token/generate ok
1670610634674 inf [api] > Service core/authentication/token/generate
1670610634675 inf [api] < Service poker/public/config/preauth {"client":"poker","application":"desktop","opid":"wam","device":"electron","ver":"1.25.2.1670589810","os":"win32","cid":"b94b276db79aabbcbfbe64cabbfea685"}
1670610634675 inf [network] > Http https://api.winamax.fr/poker/public/config/preauth?client=poker&application=desktop&opid=wam&device=electron&ver=1.25.2.1670589810&os=win32&cid=b94b276db79aabbcbfbe64cabbfea685 get
1670610634918 inf [network] > Http https://api.winamax.fr/poker/public/config/preauth?client=poker&application=desktop&opid=wam&device=electron&ver=1.25.2.1670589810&os=win32&cid=b94b276db79aabbcbfbe64cabbfea685 ok
1670610634919 inf [api] > Service poker/public/config/preauth {"core":{"type":"wss","retry":{"count":3,"timeout":10000,"delay":2000,"random":1000},"hosts":["wapi.winamax.fr:443/poker/front/ws/websocket"],"enable":true,"zombie":{"duration":45000},"socket":{"sleep":10,"buffer":16384},"monitor":{"interrupted":true}},"features":{"vm":false,"playground":{"threshold":1000},"time":{"duration":10}},"serverstatus":{"status":"up","polling":300,"i18n":{"de_DE":{"title":"","info":"Alle Dienste sind verfügbar"},"fr_FR":{"title":"","info":"Tous les services sont fonctionnels"},"en_GB":{"title":"","info":"All services are operational."},"*":{"title":"","info":"All services are operational."},"en_US":{"title":"","info":"All services are operational."},"es_ES":{"title":"","info":"All services are operational."},"pt_PT":{"title":"","info":"All services are operational."}}},"auth":{"version":2,"timeout":6000,"refresh":{"count":3,"delay":2500}}}
1670610634936 inf [network] Registering channel prefs
1670610634936 inf [network] Enqueuing AUTH:SIGNIN
1670610634937 inf [network] Creating socket wss://wapi.winamax.fr:443/poker/front/ws/websocket
1670610634937 inf [network] Connection status: 1
1670610635114 inf [network] Socket opened
1670610635115 inf [network] Connection status: 2
1670610635115 inf [network] Connection status: 3
1670610635115 inf [network] < prefs AUTH:SIGNIN
1670610635382 inf [network] > prefs AUTH:SIGNIN_OK
1670610635382 inf [network] Connection status: 4
1670610635395 inf [network] < prefs TIME:GET
1670610635404 inf [network] < prefs GAMESTATS:JOIN
1670610635404 inf [network] < prefs SRM:JOIN
1670610635405 inf [network] > prefs NOTIFICATION:POST_INFO
1670610635450 inf [network] > prefs TIME:GET_OK
1670610635453 inf [api] < Service poker/client/prefs
1670610635454 inf [network] > Http https://wapi.winamax.fr/poker/client/prefs post
1670610635490 inf [network] > prefs SRM:JOIN_OK
1670610635511 inf [network] > prefs GAMESTATS:JOIN_OK
1670610635652 inf [network] > Http https://wapi.winamax.fr/poker/client/prefs ok
1670610635653 inf [api] > Service poker/client/prefs
1670610635659 inf [router] Execute: wam://preload-ok
1670610635660 inf [router] Navigate: wam://lobbies
1670610635660 inf [network] > Http https://dl.winamax.fr/client/attr/settings/wam/config.1624292306 get
1670610635662 inf [network] > Http https://dl.winamax.fr/client/attr/settings/wam/ressource.1624283658 get
1670610635663 inf [router] Navigation done: wam://lobbies
1670610635663 inf [router] Execution done: wam://preload-ok
1670610635664 inf [network] Registering channel subscriptions
1670610635664 inf [api] < Service operator/userdata
1670610635665 inf [network] > Http https://wapi.winamax.fr/operator/userdata post
1670610635666 inf [api] < Service operator/winamax-tv/public
1670610635666 inf [network] > Http https://wapi.winamax.fr/operator/winamax-tv/public post
1670610635667 inf [network] < prefs NEWS:GET
1670610635668 inf [network] < prefs DATA:GET
1670610635668 inf [network] < prefs BUDDY:GET
1670610635669 inf [network] < prefs BUDDYROOM:JOIN
1670610635672 inf [network] < prefs TIME:GET
1670610635672 inf [network] < prefs CASHIER:GET
1670610635673 inf [network] < prefs CASHIER:LIST
1670610635673 inf [network] < prefs CASHIER:GET
1670610635674 inf [network] < prefs CASHIER:LIST
1670610635675 inf [network] < subscriptions FILTERLIST:CREATE
1670610635676 inf [network] < subscriptions FILTERLIST:CREATE
1670610635676 inf [network] < subscriptions FILTERLIST:CREATE
1670610635703 inf [network] Registering channel wam.general.t1
1670610635704 inf [network] < wam.general.t1 CHATROOM:JOIN
1670610635727 inf [network] > prefs TIME:GET_OK
1670610635729 inf [network] > prefs CASHIER:GET_OK
1670610635730 inf [network] > subscriptions FILTERLIST:CREATE_OK
1670610635730 inf [network] > subscriptions FILTERLIST:SET
1670610635731 inf [network] > prefs CASHIER:LIST_OK
1670610635731 inf [network] > subscriptions FILTERLIST:CREATE_OK
1670610635731 inf [network] > prefs CASHIER:GET_OK
1670610635732 inf [network] > subscriptions FILTERLIST:SET
1670610635760 inf [network] > prefs CASHIER:LIST_OK
1670610635761 inf [network] > prefs BUDDYROOM:JOIN_OK
1670610635761 inf [network] > subscriptions FILTERLIST:CREATE_OK
1670610635761 inf [network] > subscriptions FILTERLIST:SET
1670610635763 inf [network] > prefs NEWS:GET_OK
1670610635763 inf [network] > prefs DATA:GET_ERR
1670610635765 inf [network] > prefs BUDDY:GET_OK
1670610635767 inf [network] < prefs BUDDYROOM:JOIN
1670610635768 inf [network] > wam.general.t1 CHATROOM:JOIN_OK
1670610635819 inf [network] > prefs BUDDYROOM:JOIN_OK
1670610635868 inf [network] > Http https://dl.winamax.fr/client/attr/settings/wam/config.1624292306 ok
1670610635869 inf [network] > Http https://dl.winamax.fr/client/attr/settings/wam/ressource.1624283658 ok
1670610635892 inf [network] > Http https://wapi.winamax.fr/operator/winamax-tv/public ok
1670610635892 inf [api] > Service operator/winamax-tv/public
1670610635952 inf [network] > Http https://wapi.winamax.fr/operator/userdata ok
1670610635952 inf [api] > Service operator/userdata
1670610637659 inf [api] < Service poker/client/prefs
1670610637660 inf [network] > Http https://wapi.winamax.fr/poker/client/prefs post
1670610637850 inf [network] > Http https://wapi.winamax.fr/poker/client/prefs ok
1670610637851 inf [api] > Service poker/client/prefs
1670610643568 inf [network] > wam.general.t1 CHATROOM:POST_INFO
1670610645676 inf [network] < prefs TIME:GET
1670610645726 inf [network] > prefs TIME:GET_OK
1670610652044 inf [network] > wam.general.t1 CHATROOM:POST_INFO
1670610655692 inf [network] < prefs TIME:GET
1670610655749 inf [network] > prefs TIME:GET_OK
1670610660212 inf [network] > wam.general.t1 CHATROOM:POST_INFO
1670610661726 inf [network] > wam.general.t1 CHATROOM:POST_INFO
1670610665707 inf [network] < prefs TIME:GET
1670610665820 inf [network] > prefs TIME:GET_OK
1670610668610 inf [network] > wam.general.t1 CHATROOM:POST_INFO
1670610672198 inf [network] > wam.general.t1 CHATROOM:POST_INFO
1670610675414 inf [router] Navigate: wam://refill-real
1670610675418 inf [network] < prefs OPTOKEN:GET
1670610675531 inf [network] > prefs OPTOKEN:GET_OK
1670610675532 inf [router] Open: https://www.winamax.fr/poker/redirect.php?service=deposit&token=eddffc470b78c49649494cf6f283f54a0ef075a3&client=electron&ver=1.25.2&oid=b94b276db79aabbcbfbe64cabbfea685&os=win32&opid=wam&lang=en_US&store=winamax&store_id=main&embed=false&pokerClient=web
1670610675532 inf [router] Navigation done: https://www.winamax.fr/poker/redirect.php?service=deposit&token={$token}
1670610675606 inf [network] > wam.general.t1 CHATROOM:POST_INFO
1670610675712 inf [network] < prefs TIME:GET
1670610675785 inf [network] > prefs TIME:GET_OK
1670610685020 inf [network] > wam.general.t1 CHATROOM:POST_INFO
1670610685715 inf [network] < prefs TIME:GET
1670610685768 inf [network] > prefs TIME:GET_OK
1670610692229 inf [network] > wam.general.t1 CHATROOM:POST_INFO
1670610695728 inf [network] < prefs TIME:GET
1670610695807 inf [network] > prefs TIME:GET_OK
1670610705717 inf [network] < prefs TIME:GET
1670610705767 inf [network] > prefs TIME:GET_OK
1670610708286 inf [network] > wam.general.t1 CHATROOM:POST_INFO
1670610715731 inf [network] < prefs TIME:GET
1670610715819 inf [network] > prefs TIME:GET_OK
1670610720062 inf [network] > wam.general.t1 CHATROOM:POST_INFO
1670610725343 inf [network] > wam.general.t1 CHATROOM:POST_INFO
1670610725737 inf [network] < prefs TIME:GET
1670610726130 inf [network] > prefs TIME:GET_OK
1670610730496 inf [network] > wam.general.t1 CHATROOM:POST_INFO
1670610735753 inf [network] < prefs TIME:GET
1670610735854 inf [network] > prefs TIME:GET_OK
1670610737502 inf [network] > wam.general.t1 CHATROOM:POST_INFO
1670610745764 inf [network] < prefs TIME:GET
1670610745822 inf [network] > prefs TIME:GET_OK
1670610753964 inf [network] > wam.general.t1 CHATROOM:POST_INFO
1670610755768 inf [network] < prefs TIME:GET
1670610755832 inf [network] > prefs TIME:GET_OK
1670610757890 inf [network] > wam.general.t1 CHATROOM:POST_INFO
1670610765775 inf [network] < prefs TIME:GET
1670610765887 inf [network] > prefs TIME:GET_OK
1670610766328 inf [network] > wam.general.t1 CHATROOM:POST_INFO
1670610773377 inf [network] > wam.general.t1 CHATROOM:POST_INFO
1670610775088 inf [network] > wam.general.t1 CHATROOM:POST_INFO
1670610775777 inf [network] < prefs TIME:GET
1670610775851 inf [network] > prefs TIME:GET_OK
1670610785668 inf [network] > wam.general.t1 CHATROOM:POST_INFO
1670610785785 inf [network] < prefs TIME:GET
1670610786050 inf [network] > prefs TIME:GET_OK
1670610790927 inf [network] > wam.general.t1 CHATROOM:POST_INFO
1670610791329 inf [network] > wam.general.t1 CHATROOM:POST_INFO
1670610795793 inf [network] < prefs TIME:GET
1670610795855 inf [network] > prefs TIME:GET_OK
1670610796809 inf [network] > wam.general.t1 CHATROOM:POST_INFO
1670610798071 inf [network] > wam.general.t1 CHATROOM:POST_INFO
1670610805796 inf [network] < prefs TIME:GET
1670610805850 inf [network] > prefs TIME:GET_OK
1670610807900 inf [network] > wam.general.t1 CHATROOM:POST_INFO
1670610815797 inf [network] < prefs TIME:GET
1670610815895 inf [network] > prefs TIME:GET_OK
1670610816738 inf [network] > wam.general.t1 CHATROOM:POST_INFO
1670610816831 inf [network] > wam.general.t1 CHATROOM:POST_INFO
1670610817093 inf [network] > wam.general.t1 CHATROOM:POST_INFO
1670610820606 inf [network] > wam.general.t1 CHATROOM:POST_INFO
1670610825799 inf [network] < prefs TIME:GET
1670610825895 inf [network] > wam.general.t1 CHATROOM:POST_INFO
1670610825933 inf [network] > prefs TIME:GET_OK
1670610831570 inf [network] > wam.general.t1 CHATROOM:POST_INFO
1670610835813 inf [network] < prefs TIME:GET
1670610835939 inf [network] > prefs TIME:GET_OK
1670610837109 inf [network] > wam.general.t1 CHATROOM:POST_INFO
1670610838071 inf [network] > wam.general.t1 CHATROOM:POST_INFO
1670610841581 inf [network] > wam.general.t1 CHATROOM:POST_INFO
1670610845817 inf [network] < prefs TIME:GET
1670610845940 inf [network] > prefs TIME:GET_OK
1670610850975 inf [network] > wam.general.t1 CHATROOM:POST_INFO
1670610854522 inf [network] > wam.general.t1 CHATROOM:POST_INFO
1670610855829 inf [network] < prefs TIME:GET
1670610855912 inf [network] > prefs TIME:GET_OK
1670610859895 inf [network] > wam.general.t1 CHATROOM:POST_INFO
1670610861081 inf [network] > wam.general.t1 CHATROOM:POST_INFO
1670610865832 inf [network] < prefs TIME:GET
1670610866139 inf [network] > prefs TIME:GET_OK
1670610869152 inf [network] > wam.general.t1 CHATROOM:POST_INFO
1670610871531 inf [network] > wam.general.t1 CHATROOM:POST_INFO
1670610874062 inf [network] > wam.general.t1 CHATROOM:POST_INFO
1670610875848 inf [network] < prefs TIME:GET
1670610875945 inf [network] > prefs TIME:GET_OK
1670610882022 inf [network] > wam.general.t1 CHATROOM:POST_INFO
1670610883764 inf [network] > wam.general.t1 CHATROOM:POST_INFO
1670610885854 inf [network] < prefs TIME:GET
1670610886001 inf [network] > prefs TIME:GET_OK
1670610893440 inf [network] > wam.general.t1 CHATROOM:POST_INFO
1670610895870 inf [network] < prefs TIME:GET
1670610896257 inf [network] > prefs TIME:GET_OK
1670610902214 inf [network] > wam.general.t1 CHATROOM:POST_INFO
1670610903040 inf [network] > wam.general.t1 CHATROOM:POST_INFO
1670610905870 inf [network] < prefs TIME:GET
1670610906062 inf [network] > prefs TIME:GET_OK
1670610908962 inf [network] > wam.general.t1 CHATROOM:POST_INFO
1670610909543 inf [network] > wam.general.t1 CHATROOM:POST_INFO
1670610911118 inf [network] > wam.general.t1 CHATROOM:POST_INFO
1670610913841 inf [network] > wam.general.t1 CHATROOM:POST_INFO
1670610914203 inf [network] > wam.general.t1 CHATROOM:POST_INFO
1670610915884 inf [network] < prefs TIME:GET
1670610916096 inf [network] > prefs TIME:GET_OK
1670610920246 inf [network] > wam.general.t1 CHATROOM:POST_INFO
1670610921324 inf [network] > wam.general.t1 CHATROOM:POST_INFO
1670610925887 inf [network] < prefs TIME:GET
1670610925954 inf [network] > prefs TIME:GET_OK
1670610929887 inf [network] > wam.general.t1 CHATROOM:POST_INFO
1670610934095 inf [network] > wam.general.t1 CHATROOM:POST_INFO
1670610935895 inf [network] < prefs TIME:GET
1670610936001 inf [network] > prefs TIME:GET_OK
1670610938894 inf [network] > wam.general.t1 CHATROOM:POST_INFO
1670610938984 inf [network] > wam.general.t1 CHATROOM:POST_INFO
1670610938984 inf [network] > wam.general.t1 CHATROOM:POST_INFO
1670610945901 inf [network] < prefs TIME:GET
1670610945969 inf [network] > prefs TIME:GET_OK
1670610955907 inf [network] < prefs TIME:GET
1670610956001 inf [network] > prefs TIME:GET_OK
1670610958286 inf [network] > wam.general.t1 CHATROOM:POST_INFO
1670610960210 inf [network] > wam.general.t1 CHATROOM:POST_INFO
1670610961128 inf [network] > wam.general.t1 CHATROOM:POST_INFO
1670610965919 inf [network] < prefs TIME:GET
1670610965992 inf [network] > prefs TIME:GET_OK
1670610968365 inf [network] > wam.general.t1 CHATROOM:POST_INFO
1670610969696 inf [network] > wam.general.t1 CHATROOM:POST_INFO
1670610972023 inf [network] > wam.general.t1 CHATROOM:POST_INFO
1670610972286 inf [network] > wam.general.t1 CHATROOM:POST_INFO
1670610975495 inf [network] > wam.general.t1 CHATROOM:POST_INFO
1670610975924 inf [network] < prefs TIME:GET
1670610976009 inf [network] > prefs TIME:GET_OK
1670610978412 inf [network] > wam.general.t1 CHATROOM:POST_INFO
1670610980526 inf [network] > wam.general.t1 CHATROOM:POST_INFO
1670610981969 inf [network] > wam.general.t1 CHATROOM:POST_INFO
1670610982646 inf [network] > wam.general.t1 CHATROOM:POST_INFO
1670610985934 inf [network] < prefs TIME:GET
1670610986084 inf [network] > prefs TIME:GET_OK
1670610995942 inf [network] < prefs TIME:GET
1670610995997 inf [network] > prefs TIME:GET_OK
1670611000377 inf [network] > wam.general.t1 CHATROOM:POST_INFO
1670611000616 inf [network] > wam.general.t1 CHATROOM:POST_INFO
1670611005945 inf [network] < prefs TIME:GET
1670611006317 inf [network] > prefs TIME:GET_OK
1670611006776 inf [network] > wam.general.t1 CHATROOM:POST_INFO
1670611009812 inf [network] > wam.general.t1 CHATROOM:POST_INFO
1670611012967 inf [network] > wam.general.t1 CHATROOM:POST_INFO
1670611015948 inf [network] < prefs TIME:GET
1670611016035 inf [network] > prefs TIME:GET_OK
1670611021765 inf [network] > wam.general.t1 CHATROOM:POST_INFO
1670611025951 inf [network] < prefs TIME:GET
1670611026006 inf [network] > prefs TIME:GET_OK
1670611027131 inf [network] > wam.general.t1 CHATROOM:POST_INFO
1670611035849 inf [network] > wam.general.t1 CHATROOM:POST_INFO
1670611035960 inf [network] < prefs TIME:GET
1670611036167 inf [network] > prefs TIME:GET_OK
1670611038613 inf [network] > wam.general.t1 CHATROOM:POST_INFO
1670611041172 inf [network] > wam.general.t1 CHATROOM:POST_INFO
1670611042450 inf [network] > wam.general.t1 CHATROOM:POST_INFO
1670611045421 inf [network] > wam.general.t1 CHATROOM:POST_INFO
1670611045975 inf [network] < prefs TIME:GET
1670611046071 inf [network] > prefs TIME:GET_OK
1670611046771 inf [network] > wam.general.t1 CHATROOM:POST_INFO
1670611048135 inf [network] > wam.general.t1 CHATROOM:POST_INFO
1670611051039 inf [network] > wam.general.t1 CHATROOM:POST_INFO
1670611051842 inf [network] > wam.general.t1 CHATROOM:POST_INFO
1670611052643 inf [network] > wam.general.t1 CHATROOM:POST_INFO
1670611055979 inf [network] < prefs TIME:GET
1670611056052 inf [network] > prefs TIME:GET_OK
1670611065983 inf [network] < prefs TIME:GET
1670611066055 inf [network] > prefs TIME:GET_OK
1670611075994 inf [network] < prefs TIME:GET
1670611076087 inf [network] > prefs TIME:GET_OK
1670611076370 inf [network] > wam.general.t1 CHATROOM:POST_INFO
1670611076743 inf [network] > wam.general.t1 CHATROOM:POST_INFO
1670611081241 inf [network] > wam.general.t1 CHATROOM:POST_INFO
1670611086003 inf [network] < prefs TIME:GET
1670611086086 inf [network] > prefs TIME:GET_OK
1670611087168 inf [network] > wam.general.t1 CHATROOM:POST_INFO
1670611096003 inf [network] < prefs TIME:GET
1670611096127 inf [network] > prefs TIME:GET_OK
1670611098130 inf [network] > wam.general.t1 CHATROOM:POST_INFO
1670611100457 inf [network] > wam.general.t1 CHATROOM:POST_INFO
1670611106009 inf [network] < prefs TIME:GET
1670611106068 inf [network] > prefs TIME:GET_OK
1670611114606 inf [network] > wam.general.t1 CHATROOM:POST_INFO
1670611115568 inf [network] > wam.general.t1 CHATROOM:POST_INFO
1670611116012 inf [network] < prefs TIME:GET
1670611116079 inf [network] > prefs TIME:GET_OK
1670611126021 inf [network] < prefs TIME:GET
1670611126129 inf [network] > prefs TIME:GET_OK
1670611126606 inf [network] > wam.general.t1 CHATROOM:POST_INFO
1670611127735 inf [network] > wam.general.t1 CHATROOM:POST_INFO
1670611136025 inf [network] < prefs TIME:GET
1670611136086 inf [network] > prefs TIME:GET_OK
1670611138768 inf [network] > wam.general.t1 CHATROOM:POST_INFO
1670611145172 inf [network] > wam.general.t1 CHATROOM:POST_INFO
1670611146040 inf [network] < prefs TIME:GET
1670611146086 inf [network] > prefs TIME:GET_OK
1670611146696 inf [network] > wam.general.t1 CHATROOM:POST_INFO
1670611156040 inf [network] < prefs TIME:GET
1670611156048 inf [network] > wam.general.t1 CHATROOM:POST_INFO
1670611156129 inf [network] > prefs TIME:GET_OK
1670611156445 inf [network] > wam.general.t1 CHATROOM:POST_INFO
1670611157002 inf [network] > wam.general.t1 CHATROOM:POST_INFO
1670611161652 inf [network] > wam.general.t1 CHATROOM:POST_INFO
1670611164568 inf [network] > wam.general.t1 CHATROOM:POST_INFO
1670611166051 inf [network] < prefs TIME:GET
1670611166166 inf [network] > prefs TIME:GET_OK
1670611172536 inf [network] > wam.general.t1 CHATROOM:POST_INFO
1670611174368 inf [network] > wam.general.t1 CHATROOM:POST_INFO
1670611175808 inf [network] > wam.general.t1 CHATROOM:POST_INFO
1670611176053 inf [network] < prefs TIME:GET
1670611176134 inf [network] > prefs TIME:GET_OK
1670611177489 inf [network] > wam.general.t1 CHATROOM:POST_INFO
1670611180128 inf [network] > wam.general.t1 CHATROOM:POST_INFO
1670611183659 inf [network] > wam.general.t1 CHATROOM:POST_INFO
1670611186046 inf [network] < prefs TIME:GET
1670611186195 inf [network] > prefs TIME:GET_OK
1670611190938 inf [network] > wam.general.t1 CHATROOM:POST_INFO
1670611191809 inf [network] > wam.general.t1 CHATROOM:POST_INFO
1670611196048 inf [network] < prefs TIME:GET
1670611196128 inf [network] > wam.general.t1 CHATROOM:POST_INFO
1670611196163 inf [network] > prefs TIME:GET_OK
1670611199442 inf [network] > wam.general.t1 CHATROOM:POST_INFO
1670611201489 inf [network] > wam.general.t1 CHATROOM:POST_INFO
1670611204129 inf [network] > wam.general.t1 CHATROOM:POST_INFO
1670611206057 inf [network] < prefs TIME:GET
1670611206135 inf [network] > prefs TIME:GET_OK
1670611206606 inf [network] > wam.general.t1 CHATROOM:POST_INFO
1670611214367 inf [network] > wam.general.t1 CHATROOM:POST_INFO
1670611214529 inf [network] > wam.general.t1 CHATROOM:POST_INFO
1670611214804 inf [network] > wam.general.t1 CHATROOM:POST_INFO
1670611216066 inf [network] < prefs TIME:GET
1670611216134 inf [network] > prefs TIME:GET_OK
1670611220533 inf [network] > wam.general.t1 CHATROOM:POST_INFO
1670611226078 inf [network] < prefs TIME:GET
1670611226166 inf [network] > prefs TIME:GET_OK
1670611227888 inf [network] > wam.general.t1 CHATROOM:POST_INFO
1670611235667 inf [api] < Service operator/userdata
1670611235668 inf [network] > Http https://wapi.winamax.fr/operator/userdata post
1670611235669 inf [network] < prefs CASHIER:GET
1670611235670 inf [network] < prefs CASHIER:LIST
1670611235670 inf [network] < prefs CASHIER:GET
1670611235671 inf [network] < prefs CASHIER:LIST
1670611235824 inf [network] > prefs CASHIER:GET_OK
1670611235825 inf [network] > prefs CASHIER:LIST_OK
1670611235828 inf [network] > prefs CASHIER:GET_OK
1670611235870 inf [network] > prefs CASHIER:LIST_OK
1670611236077 inf [network] < prefs TIME:GET
1670611236128 inf [network] > Http https://wapi.winamax.fr/operator/userdata ok
1670611236130 inf [api] > Service operator/userdata
1670611236134 inf [network] > prefs TIME:GET_OK
1670611240983 inf [network] > wam.general.t1 CHATROOM:POST_INFO
1670611241543 inf [network] > wam.general.t1 CHATROOM:POST_INFO
1670611241883 inf [network] > wam.general.t1 CHATROOM:POST_INFO
1670611246097 inf [network] < prefs TIME:GET
1670611246194 inf [network] > prefs TIME:GET_OK
1670611248069 inf [network] > wam.general.t1 CHATROOM:POST_INFO
1670611249416 inf [network] > wam.general.t1 CHATROOM:POST_INFO
1670611254416 inf [network] > wam.general.t1 CHATROOM:POST_INFO
1670611256104 inf [network] < prefs TIME:GET
1670611256183 inf [network] > prefs TIME:GET_OK
1670611257787 inf [network] > wam.general.t1 CHATROOM:POST_INFO
1670611262747 inf [network] > wam.general.t1 CHATROOM:POST_INFO
1670611265785 inf [network] > wam.general.t1 CHATROOM:POST_INFO
1670611266113 inf [network] < prefs TIME:GET
1670611266192 inf [network] > prefs TIME:GET_OK
1670611273865 inf [network] > wam.general.t1 CHATROOM:POST_INFO
1670611276116 inf [network] < prefs TIME:GET
1670611276176 inf [network] > wam.general.t1 CHATROOM:POST_INFO
1670611276188 inf [network] > prefs TIME:GET_OK
1670611286122 inf [network] < prefs TIME:GET
1670611286189 inf [network] > prefs TIME:GET_OK
1670611288353 inf [network] > wam.general.t1 CHATROOM:POST_INFO
1670611296131 inf [network] < prefs TIME:GET
1670611296188 inf [network] > prefs TIME:GET_OK
1670611298428 inf [network] > wam.general.t1 CHATROOM:POST_INFO
1670611305384 inf [network] > wam.general.t1 CHATROOM:POST_INFO
1670611305862 inf [network] > wam.general.t1 CHATROOM:POST_INFO
1670611306118 inf [network] < prefs TIME:GET
1670611306185 inf [network] > prefs TIME:GET_OK
1670611308472 inf [network] > wam.general.t1 CHATROOM:POST_INFO
1670611313848 inf [network] > wam.general.t1 CHATROOM:POST_INFO
1670611314992 inf [network] > wam.general.t1 CHATROOM:POST_INFO
1670611316138 inf [network] < prefs TIME:GET
1670611316349 inf [network] > prefs TIME:GET_OK
1670611317702 inf [network] > wam.general.t1 CHATROOM:POST_INFO
1670611320665 inf [network] > wam.general.t1 CHATROOM:POST_INFO
1670611324753 inf [network] > wam.general.t1 CHATROOM:POST_INFO
1670611326155 inf [network] < prefs TIME:GET
1670611326343 inf [network] > prefs TIME:GET_OK
1670611336159 inf [network] < prefs TIME:GET
1670611336227 inf [network] > prefs TIME:GET_OK
1670611338906 inf [network] > wam.general.t1 CHATROOM:POST_INFO
1670611341547 inf [network] > wam.general.t1 CHATROOM:POST_INFO
1670611346164 inf [network] < prefs TIME:GET
1670611346285 inf [network] > prefs TIME:GET_OK
1670611352509 inf [network] > wam.general.t1 CHATROOM:POST_INFO
1670611355621 inf [network] > wam.general.t1 CHATROOM:POST_INFO
1670611356173 inf [network] < prefs TIME:GET
1670611356302 inf [network] > prefs TIME:GET_OK
1670611365550 inf [network] > wam.general.t1 CHATROOM:POST_INFO
1670611366184 inf [network] < prefs TIME:GET
1670611366327 inf [network] > wam.general.t1 CHATROOM:POST_INFO
1670611366336 inf [network] > prefs TIME:GET_OK
1670611373979 inf [network] > wam.general.t1 CHATROOM:POST_INFO
1670611376168 inf [network] < prefs TIME:GET
1670611376337 inf [network] > prefs TIME:GET_OK
1670611377120 inf [network] > wam.general.t1 CHATROOM:POST_INFO
1670611382983 inf [network] > wam.general.t1 CHATROOM:POST_INFO
1670611385324 inf [network] > wam.general.t1 CHATROOM:POST_INFO
1670611386189 inf [network] < prefs TIME:GET
1670611386256 inf [network] > prefs TIME:GET_OK
1670611386749 inf [network] > wam.general.t1 CHATROOM:POST_INFO
1670611396192 inf [network] < prefs TIME:GET
1670611396255 inf [network] > prefs TIME:GET_OK
1670611406201 inf [network] < prefs TIME:GET
1670611406305 inf [network] > prefs TIME:GET_OK
1670611416199 inf [network] < prefs TIME:GET
1670611416260 inf [network] > prefs TIME:GET_OK
1670611419061 inf [network] > wam.general.t1 CHATROOM:POST_INFO
1670611426211 inf [network] < prefs TIME:GET
1670611426279 inf [network] > prefs TIME:GET_OK
1670611427773 inf [network] > wam.general.t1 CHATROOM:POST_INFO
1670611430448 inf [network] > wam.general.t1 CHATROOM:POST_INFO
1670611430624 inf [network] > wam.general.t1 CHATROOM:POST_INFO
1670611431200 inf [network] > prefs NOTIFICATION:POST_INFO
1670611435449 inf [network] > wam.general.t1 CHATROOM:POST_INFO
1670611436216 inf [network] < prefs TIME:GET
1670611436306 inf [network] > prefs TIME:GET_OK
1670611436355 inf [network] > wam.general.t1 CHATROOM:POST_INFO
1670611443386 inf [network] > wam.general.t1 CHATROOM:POST_INFO
1670611445472 inf [network] > wam.general.t1 CHATROOM:POST_INFO
1670611446204 inf [network] < prefs TIME:GET
1670611446271 inf [network] > prefs TIME:GET_OK
1670611452663 inf [network] > wam.general.t1 CHATROOM:POST_INFO
1670611456222 inf [network] < prefs TIME:GET
1670611456283 inf [network] > prefs TIME:GET_OK
1670611466180 inf [network] > wam.general.t1 CHATROOM:POST_INFO
1670611466236 inf [network] < prefs TIME:GET
1670611466305 inf [network] > prefs TIME:GET_OK
1670611472305 inf [network] > wam.general.t1 CHATROOM:POST_INFO
1670611476236 inf [network] < prefs TIME:GET
1670611476522 inf [network] > prefs TIME:GET_OK
1670611481543 inf [network] > wam.general.t1 CHATROOM:POST_INFO
1670611486252 inf [network] < prefs TIME:GET
1670611486382 inf [network] > prefs TIME:GET_OK
1670611496253 inf [network] < prefs TIME:GET
1670611496337 inf [network] > prefs TIME:GET_OK
1670611500714 inf [network] > wam.general.t1 CHATROOM:POST_INFO
1670611505862 inf [network] > wam.general.t1 CHATROOM:POST_INFO
1670611506260 inf [network] < prefs TIME:GET
1670611506344 inf [network] > prefs TIME:GET_OK
1670611507908 inf [network] > wam.general.t1 CHATROOM:POST_INFO
1670611508106 inf [network] > wam.general.t1 CHATROOM:POST_INFO
1670611511227 inf [network] > wam.general.t1 CHATROOM:POST_INFO
1670611516262 inf [network] < prefs TIME:GET
1670611516352 inf [network] > prefs TIME:GET_OK
1670611516686 inf [network] > wam.general.t1 CHATROOM:POST_INFO
1670611518106 inf [network] > wam.general.t1 CHATROOM:POST_INFO
1670611518425 inf [network] > wam.general.t1 CHATROOM:POST_INFO
1670611520613 inf [network] > wam.general.t1 CHATROOM:POST_INFO
1670611521993 inf [network] > wam.general.t1 CHATROOM:POST_INFO
1670611526270 inf [network] < prefs TIME:GET
1670611526343 inf [network] > prefs TIME:GET_OK
1670611530662 inf [network] > wam.general.t1 CHATROOM:POST_INFO
1670611533866 inf [network] > wam.general.t1 CHATROOM:POST_INFO
1670611535661 inf [api] < Service operator/winamax-tv/public
1670611535661 inf [network] > Http https://wapi.winamax.fr/operator/winamax-tv/public post
1670611535988 inf [network] > Http https://wapi.winamax.fr/operator/winamax-tv/public ok
1670611535989 inf [api] > Service operator/winamax-tv/public
1670611536273 inf [network] < prefs TIME:GET
1670611536345 inf [network] > prefs TIME:GET_OK
1670611543388 inf [network] > wam.general.t1 CHATROOM:POST_INFO
1670611546286 inf [network] < prefs TIME:GET
1670611546655 inf [network] > prefs TIME:GET_OK
1670611548423 inf [network] > wam.general.t1 CHATROOM:POST_INFO
1670611551708 inf [network] > wam.general.t1 CHATROOM:POST_INFO
1670611552359 inf [network] > wam.general.t1 CHATROOM:POST_INFO
1670611556286 inf [network] < prefs TIME:GET
1670611556355 inf [network] > wam.general.t1 CHATROOM:POST_INFO
1670611556392 inf [network] > prefs TIME:GET_OK
1670611558825 inf [network] > wam.general.t1 CHATROOM:POST_INFO
1670611566293 inf [network] < prefs TIME:GET
1670611566369 inf [network] > prefs TIME:GET_OK
1670611569623 inf [network] > wam.general.t1 CHATROOM:POST_INFO
1670611575626 inf [network] > wam.general.t1 CHATROOM:POST_INFO
1670611576300 inf [network] < prefs TIME:GET
1670611576368 inf [network] > prefs TIME:GET_OK
1670611581630 inf [network] > wam.general.t1 CHATROOM:POST_INFO
1670611586304 inf [network] < prefs TIME:GET
1670611586386 inf [network] > prefs TIME:GET_OK
1670611589382 inf [network] > wam.general.t1 CHATROOM:POST_INFO
1670611594133 inf [network] > wam.general.t1 CHATROOM:POST_INFO
1670611596317 inf [network] < prefs TIME:GET
1670611596603 inf [network] > prefs TIME:GET_OK
1670611599614 inf [network] > wam.general.t1 CHATROOM:POST_INFO
1670611602090 inf [network] > wam.general.t1 CHATROOM:POST_INFO
1670611606320 inf [network] < prefs TIME:GET
1670611606373 inf [network] > prefs TIME:GET_OK
1670611612893 inf [network] > wam.general.t1 CHATROOM:POST_INFO
1670611613295 inf [network] > wam.general.t1 CHATROOM:POST_INFO
1670611616336 inf [network] < prefs TIME:GET
1670611616391 inf [network] > prefs TIME:GET_OK
1670611618518 inf [network] > wam.general.t1 CHATROOM:POST_INFO
1670611626339 inf [network] < prefs TIME:GET
1670611627056 inf [network] > prefs TIME:GET_OK
1670611630382 inf [network] > wam.general.t1 CHATROOM:POST_INFO
1670611632974 inf [network] > wam.general.t1 CHATROOM:POST_INFO
1670611636338 inf [network] < prefs TIME:GET
1670611636597 inf [network] > prefs TIME:GET_OK
1670611644732 inf [network] > wam.general.t1 CHATROOM:POST_INFO
1670611645688 inf [network] > wam.general.t1 CHATROOM:POST_INFO
1670611646366 inf [network] < prefs TIME:GET
1670611646418 inf [network] > prefs TIME:GET_OK
1670611652179 inf [network] > wam.general.t1 CHATROOM:POST_INFO
1670611656370 inf [network] < prefs TIME:GET
1670611656414 inf [network] > prefs TIME:GET_OK
1670611661370 inf [network] > wam.general.t1 CHATROOM:POST_INFO
1670611666242 inf [network] > wam.general.t1 CHATROOM:POST_INFO
1670611666366 inf [network] < prefs TIME:GET
1670611666587 inf [network] > prefs TIME:GET_OK
1670611668599 inf [network] > wam.general.t1 CHATROOM:POST_INFO
1670611671607 inf [network] > wam.general.t1 CHATROOM:POST_INFO
1670611671942 inf [network] > wam.general.t1 CHATROOM:POST_INFO
1670611675762 inf [network] > wam.general.t1 CHATROOM:POST_INFO
1670611676389 inf [network] < prefs TIME:GET
1670611676793 inf [network] > prefs TIME:GET_OK
1670611685591 inf [router] Navigate: wam://lobby-expresso
1670611685592 inf [router] Navigation done: wam://lobby-expresso
1670611686396 inf [network] < prefs TIME:GET
1670611686451 inf [network] > prefs TIME:GET_OK
1670611694093 inf [network] > wam.general.t1 CHATROOM:POST_INFO
1670611696411 inf [network] < prefs TIME:GET
1670611696466 inf [network] > prefs TIME:GET_OK
1670611699538 inf [network] > wam.general.t1 CHATROOM:POST_INFO
1670611706416 inf [network] < prefs TIME:GET
1670611706489 inf [network] > prefs TIME:GET_OK
1670611710654 inf [network] > wam.general.t1 CHATROOM:POST_INFO
1670611716422 inf [network] < prefs TIME:GET
1670611716475 inf [network] > prefs TIME:GET_OK
1670611717573 inf [network] > wam.general.t1 CHATROOM:POST_INFO
1670611726426 inf [network] < prefs TIME:GET
1670611726495 inf [network] > prefs TIME:GET_OK
1670611728892 inf [network] > wam.general.t1 CHATROOM:POST_INFO
1670611736425 inf [network] < prefs TIME:GET
1670611736491 inf [network] > prefs TIME:GET_OK
1670611746437 inf [network] < prefs TIME:GET
1670611748165 inf [network] > wam.general.t1 CHATROOM:POST_INFO
1670611748166 inf [network] > prefs TIME:GET_OK
1670611749164 inf [network] > wam.general.t1 CHATROOM:POST_INFO
1670611751021 inf [network] > wam.general.t1 CHATROOM:POST_INFO
1670611751996 inf [network] > wam.general.t1 CHATROOM:POST_INFO
1670611755297 inf [network] > wam.general.t1 CHATROOM:POST_INFO
1670611756440 inf [network] < prefs TIME:GET
1670611756657 inf [network] > prefs TIME:GET_OK
1670611757488 inf [network] > wam.general.t1 CHATROOM:POST_INFO
1670611757954 inf [network] > wam.general.t1 CHATROOM:POST_INFO
1670611764488 inf [network] > wam.general.t1 CHATROOM:POST_INFO
1670611766447 inf [network] < prefs TIME:GET
1670611767802 inf [network] > prefs TIME:GET_OK
1670611771194 inf [network] > wam.general.t1 CHATROOM:POST_INFO
1670611776460 inf [network] < prefs TIME:GET
1670611776738 inf [network] > prefs TIME:GET_OK
1670611777010 inf [network] > wam.general.t1 CHATROOM:POST_INFO
1670611777418 inf [network] > wam.general.t1 CHATROOM:POST_INFO
1670611786464 inf [network] < prefs TIME:GET
1670611787576 inf [network] > prefs TIME:GET_OK
1670611796475 inf [network] < prefs TIME:GET
1670611798342 inf [network] > prefs TIME:GET_OK
1670611806482 inf [network] < prefs TIME:GET
1670611806551 inf [network] > prefs TIME:GET_OK
1670611809888 inf [network] > wam.general.t1 CHATROOM:POST_INFO
1670611811581 inf [network] > wam.general.t1 CHATROOM:POST_INFO
1670611816493 inf [network] < prefs TIME:GET
1670611816550 inf [network] > prefs TIME:GET_OK
1670611818427 inf [network] > wam.general.t1 CHATROOM:POST_INFO
1670611826500 inf [network] < prefs TIME:GET
1670611826573 inf [network] > prefs TIME:GET_OK
1670611835484 inf [network] > wam.general.t1 CHATROOM:POST_INFO
1670611835668 inf [api] < Service operator/userdata
1670611835669 inf [network] > Http https://wapi.winamax.fr/operator/userdata post
1670611835670 inf [network] < prefs CASHIER:GET
1670611835671 inf [network] < prefs CASHIER:LIST
1670611835672 inf [network] < prefs CASHIER:GET
1670611835673 inf [network] < prefs CASHIER:LIST
1670611835725 inf [network] > prefs CASHIER:GET_OK
1670611835764 inf [network] > prefs CASHIER:LIST_OK
1670611835764 inf [network] > prefs CASHIER:GET_OK
1670611835769 inf [router] Navigate: wam://lobby-flooop
1670611835770 inf [router] Navigation done: wam://lobby-flooop
1670611835806 inf [network] Registering channel lo
1670611835824 inf [network] < lo FILTERLIST:CREATE
1670611836086 inf [network] > Http https://wapi.winamax.fr/operator/userdata ok
1670611836117 inf [api] > Service operator/userdata
1670611836216 inf [network] > prefs CASHIER:LIST_OK
1670611836363 inf [network] > lo FILTERLIST:CREATE_OK
1670611836364 inf [network] > lo FILTERLIST:SET
1670611836510 inf [network] < prefs TIME:GET
1670611836562 inf [network] > prefs TIME:GET_OK
1670611840329 inf [network] > wam.general.t1 CHATROOM:POST_INFO
1670611840847 inf [network] > wam.general.t1 CHATROOM:POST_INFO
1670611846509 inf [network] < prefs TIME:GET
1670611846566 inf [network] > prefs TIME:GET_OK
1670611854374 inf [network] > wam.general.t1 CHATROOM:POST_INFO
1670611855969 inf [network] > lo FILTERLIST:UPDATE
1670611855991 inf [router] Navigate: wam://contacts?tab=buddies
1670611855992 inf [router] Navigation done: wam://contacts?tab=buddies
1670611856527 inf [network] < prefs TIME:GET
1670611856573 inf [network] > prefs TIME:GET_OK
1670611857138 inf [network] < prefs FILTERLIST:FIND
1670611857138 inf [network] < prefs FILTERLIST:FIND
1670611857139 inf [network] < prefs FILTERLIST:FIND
1670611857139 inf [network] < prefs FILTERLIST:FIND
1670611857139 inf [network] < prefs FILTERLIST:FIND
1670611857140 inf [network] < prefs FILTERLIST:FIND
1670611857206 inf [network] > prefs FILTERLIST:FIND_OK
1670611857207 inf [network] > prefs FILTERLIST:FIND_OK
1670611857207 inf [network] > prefs FILTERLIST:FIND_OK
1670611857208 inf [network] > prefs FILTERLIST:FIND_OK
1670611857208 inf [network] > prefs FILTERLIST:FIND_OK
1670611857209 inf [network] > prefs FILTERLIST:FIND_OK
1670611859219 inf [network] > wam.general.t1 CHATROOM:POST_INFO
1670611865358 inf [network] > wam.general.t1 CHATROOM:POST_INFO
1670611866010 inf [network] > wam.general.t1 CHATROOM:POST_INFO
1670611866011 inf [network] > lo FILTERLIST:UPDATE
1670611866541 inf [network] < prefs TIME:GET
1670611866655 inf [network] > prefs TIME:GET_OK
1670611872003 inf [network] > wam.general.t1 CHATROOM:POST_INFO
1670611873043 inf [network] > wam.general.t1 CHATROOM:POST_INFO
1670611875964 inf [network] > lo FILTERLIST:UPDATE
1670611876549 inf [network] < prefs TIME:GET
1670611876601 inf [network] > wam.general.t1 CHATROOM:POST_INFO
1670611876646 inf [network] > prefs TIME:GET_OK
1670611879322 inf [network] > wam.general.t1 CHATROOM:POST_INFO
1670611880967 inf [network] > wam.general.t1 CHATROOM:POST_INFO
1670611881763 inf [network] > wam.general.t1 CHATROOM:POST_INFO
1670611886001 inf [network] > lo FILTERLIST:UPDATE
1670611886554 inf [network] < prefs TIME:GET
1670611886603 inf [network] > prefs TIME:GET_OK
1670611895023 inf [network] > wam.general.t1 CHATROOM:POST_INFO
1670611895061 inf [network] > wam.general.t1 CHATROOM:POST_INFO
1670611896108 inf [network] > lo FILTERLIST:UPDATE
1670611896559 inf [network] < prefs TIME:GET
1670611896607 inf [network] > prefs TIME:GET_OK
1670611899270 inf [network] > wam.general.t1 CHATROOM:POST_INFO
1670611905420 inf [network] > wam.general.t1 CHATROOM:POST_INFO
1670611906021 inf [network] > lo FILTERLIST:UPDATE
1670611906565 inf [network] < prefs TIME:GET
1670611906620 inf [network] > prefs TIME:GET_OK
1670611916068 inf [network] > lo FILTERLIST:UPDATE
1670611916543 inf [network] > wam.general.t1 CHATROOM:POST_INFO
1670611916574 inf [network] < prefs TIME:GET
1670611917039 inf [network] > prefs TIME:GET_OK
1670611919899 inf [network] > wam.general.t1 CHATROOM:POST_INFO
1670611926114 inf [network] > lo FILTERLIST:UPDATE
1670611926583 inf [network] < prefs TIME:GET
1670611926675 inf [network] > prefs TIME:GET_OK
1670611930515 inf [network] > wam.general.t1 CHATROOM:POST_INFO
1670611933343 inf [network] > wam.general.t1 CHATROOM:POST_INFO
1670611936064 inf [network] > lo FILTERLIST:UPDATE
1670611936181 inf [network] > wam.general.t1 CHATROOM:POST_INFO
1670611936584 inf [network] < prefs TIME:GET
1670611936699 inf [network] > prefs TIME:GET_OK
1670611939210 inf [network] > wam.general.t1 CHATROOM:POST_INFO
1670611941739 inf [network] > wam.general.t1 CHATROOM:POST_INFO
1670611946067 inf [network] > lo FILTERLIST:UPDATE
1670611946585 inf [network] < prefs TIME:GET
1670611946634 inf [network] > prefs TIME:GET_OK
1670611956067 inf [network] > lo FILTERLIST:UPDATE
1670611956584 inf [network] < prefs TIME:GET
1670611956662 inf [network] > prefs TIME:GET_OK
1670611962496 inf [network] > wam.general.t1 CHATROOM:POST_INFO
1670611962644 inf [network] > wam.general.t1 CHATROOM:POST_INFO
1670611966100 inf [network] > lo FILTERLIST:UPDATE
1670611966590 inf [network] < prefs TIME:GET
1670611966662 inf [network] > prefs TIME:GET_OK
1670611972462 inf [network] > wam.general.t1 CHATROOM:POST_INFO
1670611974060 inf [network] > prefs NOTIFICATION:POST_INFO
1670611976618 inf [network] < prefs TIME:GET
1670611976657 inf [network] > prefs TIME:GET_OK
1670611984881 inf [network] > wam.general.t1 CHATROOM:POST_INFO
1670611986283 inf [network] > wam.general.t1 CHATROOM:POST_INFO
1670611986617 inf [network] < prefs TIME:GET
1670611986676 inf [network] > prefs TIME:GET_OK
1670611991995 inf [network] > wam.general.t1 CHATROOM:POST_INFO
1670611996276 inf [network] > wam.general.t1 CHATROOM:POST_INFO
1670611996627 inf [network] < prefs TIME:GET
1670611996675 inf [network] > prefs TIME:GET_OK
1670612006633 inf [network] < prefs TIME:GET
1670612006695 inf [network] > prefs TIME:GET_OK
1670612010718 inf [network] > wam.general.t1 CHATROOM:POST_INFO
1670612015099 inf [network] > wam.general.t1 CHATROOM:POST_INFO
1670612016268 inf [network] > lo FILTERLIST:UPDATE
1670612016631 inf [network] < prefs TIME:GET
1670612016689 inf [network] > prefs TIME:GET_OK
1670612018682 inf [network] > wam.general.t1 CHATROOM:POST_INFO
1670612019775 inf [network] > wam.general.t1 CHATROOM:POST_INFO
1670612026647 inf [network] < prefs TIME:GET
1670612026948 inf [network] > prefs TIME:GET_OK
1670612036508 inf [network] > lo FILTERLIST:UPDATE
1670612036652 inf [network] < prefs TIME:GET
1670612036929 inf [network] > prefs TIME:GET_OK
1670612037008 inf [network] > wam.general.t1 CHATROOM:POST_INFO
1670612046660 inf [network] < prefs TIME:GET
1670612047200 inf [network] > lo FILTERLIST:UPDATE
1670612047557 inf [network] > prefs TIME:GET_OK
1670612053525 inf [network] > wam.general.t1 CHATROOM:POST_INFO
1670612055572 inf [network] > wam.general.t1 CHATROOM:POST_INFO
1670612056668 inf [network] < prefs TIME:GET
1670612057140 inf [network] > lo FILTERLIST:UPDATE
1670612057419 inf [network] > prefs TIME:GET_OK
1670612057772 inf [network] > wam.general.t1 CHATROOM:POST_INFO
1670612064815 inf [network] > wam.general.t1 CHATROOM:POST_INFO
1670612066279 inf [network] > lo FILTERLIST:UPDATE
1670612066677 inf [network] < prefs TIME:GET
1670612066730 inf [network] > prefs TIME:GET_OK
1670612068156 inf [network] > wam.general.t1 CHATROOM:POST_INFO
1670612076275 inf [network] > lo FILTERLIST:UPDATE
1670612076681 inf [network] < prefs TIME:GET
1670612076740 inf [network] > prefs TIME:GET_OK
1670612086272 inf [network] > lo FILTERLIST:UPDATE
1670612086687 inf [network] < prefs TIME:GET
1670612086741 inf [network] > prefs TIME:GET_OK
1670612087675 inf [network] > wam.general.t1 CHATROOM:POST_INFO
1670612096278 inf [network] > lo FILTERLIST:UPDATE
1670612096695 inf [network] < prefs TIME:GET
1670612096758 inf [network] > prefs TIME:GET_OK
1670612097115 inf [network] > wam.general.t1 CHATROOM:POST_INFO
1670612105043 inf [network] > wam.general.t1 CHATROOM:POST_INFO
1670612106339 inf [network] > lo FILTERLIST:UPDATE
1670612106709 inf [network] < prefs TIME:GET
1670612106762 inf [network] > prefs TIME:GET_OK
1670612107195 inf [network] > wam.general.t1 CHATROOM:POST_INFO
1670612116712 inf [network] < prefs TIME:GET
1670612117247 inf [network] > prefs TIME:GET_OK
1670612119597 inf [network] > wam.general.t1 CHATROOM:POST_INFO
1670612126615 inf [network] > lo FILTERLIST:UPDATE
1670612126722 inf [network] < prefs TIME:GET
1670612126775 inf [network] > prefs TIME:GET_OK
1670612133610 inf [network] > wam.general.t1 CHATROOM:POST_INFO
1670612136325 inf [network] > lo FILTERLIST:UPDATE
1670612136731 inf [network] < prefs TIME:GET
1670612136802 inf [network] > prefs TIME:GET_OK
1670612140078 inf [network] > wam.general.t1 CHATROOM:POST_INFO
1670612141686 inf [network] > wam.general.t1 CHATROOM:POST_INFO
1670612146078 inf [network] > wam.general.t1 CHATROOM:POST_INFO
1670612146324 inf [network] > lo FILTERLIST:UPDATE
1670612146723 inf [network] < prefs TIME:GET
1670612146788 inf [network] > prefs TIME:GET_OK
1670612151669 inf [network] > wam.general.t1 CHATROOM:POST_INFO
1670612152361 inf [network] > wam.general.t1 CHATROOM:POST_INFO
1670612156319 inf [network] > lo FILTERLIST:UPDATE
1670612156725 inf [network] < prefs TIME:GET
1670612157036 inf [network] > prefs TIME:GET_OK
1670612162623 inf [network] > wam.general.t1 CHATROOM:POST_INFO
1670612166399 inf [network] > lo FILTERLIST:UPDATE
1670612166754 inf [network] < prefs TIME:GET
1670612166841 inf [network] > prefs TIME:GET_OK
1670612167032 inf [network] > prefs NOTIFICATION:POST_INFO
1670612176768 inf [network] < prefs TIME:GET
1670612176840 inf [network] > prefs TIME:GET_OK
1670612181281 inf [network] > wam.general.t1 CHATROOM:POST_INFO
1670612184476 inf [network] > wam.general.t1 CHATROOM:POST_INFO
1670612186386 inf [network] > lo FILTERLIST:UPDATE
1670612186774 inf [network] < prefs TIME:GET
1670612186846 inf [network] > prefs TIME:GET_OK
1670612196432 inf [network] > lo FILTERLIST:UPDATE
1670612196772 inf [network] < prefs TIME:GET
1670612196919 inf [network] > prefs TIME:GET_OK
1670612204446 inf [network] > wam.general.t1 CHATROOM:POST_INFO
1670612206400 inf [network] > lo FILTERLIST:UPDATE
1670612206788 inf [network] < prefs TIME:GET
1670612206869 inf [network] > prefs TIME:GET_OK
1670612216428 inf [network] > lo FILTERLIST:UPDATE
1670612216803 inf [network] < prefs TIME:GET
1670612216879 inf [network] > prefs TIME:GET_OK
1670612220721 inf [network] > wam.general.t1 CHATROOM:POST_INFO
1670612226007 inf [network] > wam.general.t1 CHATROOM:POST_INFO
1670612226407 inf [network] > lo FILTERLIST:UPDATE
1670612226810 inf [network] < prefs TIME:GET
1670612226850 inf [network] > prefs TIME:GET_OK
1670612227199 inf [network] > wam.general.t1 CHATROOM:POST_INFO
1670612236820 inf [network] < prefs TIME:GET
1670612237102 inf [network] > lo FILTERLIST:UPDATE
1670612237129 inf [network] > prefs TIME:GET_OK
1670612239337 inf [network] > prefs NOTIFICATION:POST_INFO
1670612243084 inf [network] > wam.general.t1 CHATROOM:POST_INFO
1670612245023 inf [network] > wam.general.t1 CHATROOM:POST_INFO
1670612246518 inf [network] > lo FILTERLIST:UPDATE
1670612246817 inf [network] < prefs TIME:GET
1670612246999 inf [network] > prefs TIME:GET_OK
1670612248785 inf [network] > wam.general.t1 CHATROOM:POST_INFO
1670612256841 inf [network] < prefs TIME:GET
1670612256952 inf [network] > lo FILTERLIST:UPDATE
1670612257336 inf [network] > prefs TIME:GET_OK
1670612262170 inf [network] > wam.general.t1 CHATROOM:POST_INFO
1670612263596 inf [network] > wam.general.t1 CHATROOM:POST_INFO
1670612266847 inf [network] < prefs TIME:GET
1670612267163 inf [network] > lo FILTERLIST:UPDATE
1670612267896 inf [network] > prefs TIME:GET_OK
1670612276596 inf [network] > lo FILTERLIST:UPDATE
1670612276855 inf [network] < prefs TIME:GET
1670612276955 inf [network] > prefs TIME:GET_OK
1670612279906 inf [network] > wam.general.t1 CHATROOM:POST_INFO
1670612282370 inf [network] > wam.general.t1 CHATROOM:POST_INFO
1670612284273 inf [network] > wam.general.t1 CHATROOM:POST_INFO
1670612286762 inf [network] > wam.general.t1 CHATROOM:POST_INFO
1670612286871 inf [network] < prefs TIME:GET
1670612286925 inf [network] > prefs TIME:GET_OK
1670612290703 inf [network] > wam.general.t1 CHATROOM:POST_INFO
1670612296582 inf [network] > lo FILTERLIST:UPDATE
1670612296871 inf [network] < prefs TIME:GET
1670612296922 inf [network] > prefs TIME:GET_OK
1670612297284 inf [network] > wam.general.t1 CHATROOM:POST_INFO
1670612302796 inf [network] > wam.general.t1 CHATROOM:POST_INFO
1670612306515 inf [network] > lo FILTERLIST:UPDATE
1670612306871 inf [network] < prefs TIME:GET
1670612306920 inf [network] > prefs TIME:GET_OK
1670612309121 inf [network] > wam.general.t1 CHATROOM:POST_INFO
1670612316399 inf [network] > wam.general.t1 CHATROOM:POST_INFO
1670612316609 inf [network] > lo FILTERLIST:UPDATE
1670612316873 inf [network] < prefs TIME:GET
1670612316914 inf [network] > prefs TIME:GET_OK
1670612317595 inf [network] > wam.general.t1 CHATROOM:POST_INFO
1670612319999 inf [network] > wam.general.t1 CHATROOM:POST_INFO
1670612321720 inf [network] > wam.general.t1 CHATROOM:POST_INFO
1670612326678 inf [network] > lo FILTERLIST:UPDATE
1670612326679 inf [network] > wam.general.t1 CHATROOM:POST_INFO
1670612326879 inf [network] < prefs TIME:GET
1670612326957 inf [network] > prefs TIME:GET_OK
1670612332396 inf [network] > wam.general.t1 CHATROOM:POST_INFO
1670612334320 inf [network] > wam.general.t1 CHATROOM:POST_INFO
1670612336882 inf [network] < prefs TIME:GET
1670612337158 inf [network] > prefs TIME:GET_OK
1670612339408 inf [network] > wam.general.t1 CHATROOM:POST_INFO
1670612346597 inf [network] > lo FILTERLIST:UPDATE
1670612346883 inf [network] < prefs TIME:GET
1670612346948 inf [network] > prefs TIME:GET_OK
1670612347758 inf [network] > wam.general.t1 CHATROOM:POST_INFO
1670612356641 inf [network] > lo FILTERLIST:UPDATE
1670612356885 inf [network] < prefs TIME:GET
1670612356956 inf [network] > prefs TIME:GET_OK
1670612358566 inf [network] > wam.general.t1 CHATROOM:POST_INFO
1670612364363 inf [network] > wam.general.t1 CHATROOM:POST_INFO
1670612366895 inf [network] < prefs TIME:GET
1670612366984 inf [network] > prefs TIME:GET_OK
1670612368097 inf [network] > wam.general.t1 CHATROOM:POST_INFO
1670612373538 inf [network] > wam.general.t1 CHATROOM:POST_INFO
1670612376678 inf [network] > lo FILTERLIST:UPDATE
1670612376904 inf [network] < prefs TIME:GET
1670612376941 inf [network] > prefs TIME:GET_OK
1670612386916 inf [network] < prefs TIME:GET
1670612387202 inf [network] > wam.general.t1 CHATROOM:POST_INFO
1670612387797 inf [network] > prefs TIME:GET_OK
1670612395651 inf [network] > wam.general.t1 CHATROOM:POST_INFO
1670612396680 inf [network] > lo FILTERLIST:UPDATE
1670612396924 inf [network] < prefs TIME:GET
1670612396975 inf [network] > prefs TIME:GET_OK
1670612403554 inf [network] > wam.general.t1 CHATROOM:POST_INFO
1670612406677 inf [network] > lo FILTERLIST:UPDATE
1670612406929 inf [network] < prefs TIME:GET
1670612406982 inf [network] > prefs TIME:GET_OK
1670612416923 inf [network] < prefs TIME:GET
1670612416994 inf [network] > prefs TIME:GET_OK
1670612418125 inf [network] > wam.general.t1 CHATROOM:POST_INFO
1670612420045 inf [network] > wam.general.t1 CHATROOM:POST_INFO
1670612422754 inf [network] > prefs NOTIFICATION:POST_INFO
1670612425652 inf [network] > wam.general.t1 CHATROOM:POST_INFO
1670612426774 inf [network] > lo FILTERLIST:UPDATE
1670612426939 inf [network] < prefs TIME:GET
1670612427021 inf [network] > prefs TIME:GET_OK
1670612430755 inf [network] > wam.general.t1 CHATROOM:POST_INFO
1670612435660 inf [api] < Service operator/winamax-tv/public
1670612435661 inf [network] > Http https://wapi.winamax.fr/operator/winamax-tv/public post
1670612435676 inf [api] < Service operator/userdata
1670612435677 inf [network] > Http https://wapi.winamax.fr/operator/userdata post
1670612435678 inf [network] < prefs CASHIER:GET
1670612435678 inf [network] < prefs CASHIER:LIST
1670612435679 inf [network] < prefs CASHIER:GET
1670612435679 inf [network] < prefs CASHIER:LIST
1670612435736 inf [network] > prefs CASHIER:GET_OK
1670612435737 inf [network] > prefs CASHIER:LIST_OK
1670612435737 inf [network] > prefs CASHIER:GET_OK
1670612435869 inf [network] > prefs CASHIER:LIST_OK
1670612435978 inf [network] > Http https://wapi.winamax.fr/operator/winamax-tv/public ok
1670612435978 inf [api] > Service operator/winamax-tv/public
1670612436022 inf [network] > Http https://wapi.winamax.fr/operator/userdata ok
1670612436026 inf [api] > Service operator/userdata
1670612436755 inf [network] > lo FILTERLIST:UPDATE
1670612436943 inf [network] < prefs TIME:GET
1670612436999 inf [network] > prefs TIME:GET_OK
1670612440121 inf [network] > wam.general.t1 CHATROOM:POST_INFO
1670612441771 inf [network] > wam.general.t1 CHATROOM:POST_INFO
1670612446777 inf [network] > lo FILTERLIST:UPDATE
1670612446955 inf [network] < prefs TIME:GET
1670612447011 inf [network] > prefs TIME:GET_OK
1670612455406 inf [network] > wam.general.t1 CHATROOM:POST_INFO
1670612456722 inf [network] > lo FILTERLIST:UPDATE
1670612456963 inf [network] < prefs TIME:GET
1670612457037 inf [network] > prefs TIME:GET_OK
1670612463026 inf [network] > wam.general.t1 CHATROOM:POST_INFO
1670612466155 inf [network] > wam.general.t1 CHATROOM:POST_INFO
1670612466758 inf [network] > lo FILTERLIST:UPDATE
1670612466971 inf [network] < prefs TIME:GET
1670612467042 inf [network] > prefs TIME:GET_OK
1670612475160 inf [network] > wam.general.t1 CHATROOM:POST_INFO
1670612476765 inf [network] > lo FILTERLIST:UPDATE
1670612476986 inf [network] < prefs TIME:GET
1670612477040 inf [network] > prefs TIME:GET_OK
1670612486993 inf [network] < prefs TIME:GET
1670612487233 inf [network] > lo FILTERLIST:UPDATE
1670612487546 inf [network] > prefs TIME:GET_OK
1670612491173 inf [network] > wam.general.t1 CHATROOM:POST_INFO
1670612496133 inf [network] > wam.general.t1 CHATROOM:POST_INFO
1670612497006 inf [network] < prefs TIME:GET
1670612497049 inf [network] > lo FILTERLIST:UPDATE
1670612497082 inf [network] > prefs TIME:GET_OK
1670612502675 inf [network] > wam.general.t1 CHATROOM:POST_INFO
1670612507012 inf [network] < prefs TIME:GET
1670612507218 inf [network] > prefs TIME:GET_OK
1670612516759 inf [network] > wam.general.t1 CHATROOM:POST_INFO
1670612516795 inf [network] > lo FILTERLIST:UPDATE
1670612517014 inf [network] < prefs TIME:GET
1670612517076 inf [network] > prefs TIME:GET_OK
1670612520039 inf [network] > wam.general.t1 CHATROOM:POST_INFO
1670612521954 inf [network] > wam.general.t1 CHATROOM:POST_INFO
1670612524143 inf [network] > wam.general.t1 CHATROOM:POST_INFO
1670612525985 inf [network] > wam.general.t1 CHATROOM:POST_INFO
1670612527017 inf [network] < prefs TIME:GET
1670612527121 inf [network] > prefs TIME:GET_OK
1670612529966 inf [network] > wam.general.t1 CHATROOM:POST_INFO
1670612531123 inf [network] > wam.general.t1 CHATROOM:POST_INFO
1670612531245 inf [network] > wam.general.t1 CHATROOM:POST_INFO
1670612532123 inf [network] > wam.general.t1 CHATROOM:POST_INFO
1670612536842 inf [network] > lo FILTERLIST:UPDATE
1670612537018 inf [network] < prefs TIME:GET
1670612537099 inf [network] > prefs TIME:GET_OK
1670612541006 inf [network] > wam.general.t1 CHATROOM:POST_INFO
1670612546853 inf [network] > lo FILTERLIST:UPDATE
1670612547024 inf [network] < prefs TIME:GET
1670612547073 inf [network] > prefs TIME:GET_OK
1670612552603 inf [network] > wam.general.t1 CHATROOM:POST_INFO
1670612556877 inf [network] > lo FILTERLIST:UPDATE
1670612557027 inf [network] < prefs TIME:GET
1670612557084 inf [network] > prefs TIME:GET_OK
1670612564121 inf [network] > wam.general.t1 CHATROOM:POST_INFO
1670612565159 inf [network] > wam.general.t1 CHATROOM:POST_INFO
1670612567039 inf [network] < prefs TIME:GET
1670612571284 inf [network] > lo FILTERLIST:UPDATE
1670612571284 inf [network] > prefs TIME:GET_OK
1670612571285 inf [network] > wam.general.t1 CHATROOM:POST_INFO
1670612577052 inf [network] < prefs TIME:GET
1670612577211 inf [network] > lo FILTERLIST:UPDATE
1670612577217 inf [network] > prefs TIME:GET_OK
1670612581998 inf [network] > wam.general.t1 CHATROOM:POST_INFO
1670612586162 inf [network] > wam.general.t1 CHATROOM:POST_INFO
1670612587051 inf [network] < prefs TIME:GET
1670612587442 inf [network] > lo FILTERLIST:UPDATE
1670612587442 inf [network] > prefs TIME:GET_OK
1670612591276 inf [network] > wam.general.t1 CHATROOM:POST_INFO
1670612592681 inf [network] > wam.general.t1 CHATROOM:POST_INFO
1670612597057 inf [network] < prefs TIME:GET
1670612598015 inf [network] > prefs TIME:GET_OK
1670612601721 inf [network] > wam.general.t1 CHATROOM:POST_INFO
1670612607056 inf [network] < prefs TIME:GET
1670612607119 inf [network] > prefs TIME:GET_OK
1670612612041 inf [network] > wam.general.t1 CHATROOM:POST_INFO
1670612616961 inf [network] > lo FILTERLIST:UPDATE
1670612617065 inf [network] < prefs TIME:GET
1670612617190 inf [network] > prefs TIME:GET_OK
1670612623255 inf [network] > wam.general.t1 CHATROOM:POST_INFO
1670612626691 inf [network] > wam.general.t1 CHATROOM:POST_INFO
1670612626978 inf [network] > lo FILTERLIST:UPDATE
1670612627075 inf [network] < prefs TIME:GET
1670612627138 inf [network] > prefs TIME:GET_OK
1670612630617 inf [network] > wam.general.t1 CHATROOM:POST_INFO
1670612636999 inf [network] > lo FILTERLIST:UPDATE
1670612637074 inf [network] < prefs TIME:GET
1670612637120 inf [network] > prefs TIME:GET_OK
1670612638021 inf [network] > wam.general.t1 CHATROOM:POST_INFO
1670612638713 inf [network] > wam.general.t1 CHATROOM:POST_INFO
1670612643877 inf [network] > wam.general.t1 CHATROOM:POST_INFO
1670612647003 inf [network] > lo FILTERLIST:UPDATE
1670612647085 inf [network] < prefs TIME:GET
1670612647174 inf [network] > prefs TIME:GET_OK
1670612648451 inf [network] > wam.general.t1 CHATROOM:POST_INFO
1670612648788 inf [network] > wam.general.t1 CHATROOM:POST_INFO
1670612657100 inf [network] < prefs TIME:GET
1670612657244 inf [network] > lo FILTERLIST:UPDATE
1670612657427 inf [network] > prefs TIME:GET_OK
1670612659516 inf [network] > wam.general.t1 CHATROOM:POST_INFO
1670612660606 inf [network] > wam.general.t1 CHATROOM:POST_INFO
1670612667040 inf [network] > lo FILTERLIST:UPDATE
1670612667107 inf [network] < prefs TIME:GET
1670612667174 inf [network] > prefs TIME:GET_OK
1670612670839 inf [network] > wam.general.t1 CHATROOM:POST_INFO
1670612671234 inf [network] > wam.general.t1 CHATROOM:POST_INFO
1670612677067 inf [network] > lo FILTERLIST:UPDATE
1670612677108 inf [network] < prefs TIME:GET
1670612677171 inf [network] > prefs TIME:GET_OK
1670612682161 inf [network] > wam.general.t1 CHATROOM:POST_INFO
1670612687070 inf [network] > lo FILTERLIST:UPDATE
1670612687114 inf [network] < prefs TIME:GET
1670612687185 inf [network] > prefs TIME:GET_OK
1670612697050 inf [network] > lo FILTERLIST:UPDATE
1670612697102 inf [network] < prefs TIME:GET
1670612697172 inf [network] > prefs TIME:GET_OK
1670612707063 inf [network] > lo FILTERLIST:UPDATE
1670612707132 inf [network] < prefs TIME:GET
1670612707175 inf [network] > prefs TIME:GET_OK
1670612707773 inf [network] > wam.general.t1 CHATROOM:POST_INFO
1670612709453 inf [network] > wam.general.t1 CHATROOM:POST_INFO
1670612717126 inf [network] < prefs TIME:GET
1670612717185 inf [network] > prefs TIME:GET_OK
1670612722559 inf [network] > wam.general.t1 CHATROOM:POST_INFO
1670612722651 inf [network] > wam.general.t1 CHATROOM:POST_INFO
1670612723366 inf [network] > wam.general.t1 CHATROOM:POST_INFO
1670612725978 inf [network] > wam.general.t1 CHATROOM:POST_INFO
1670612727093 inf [network] > lo FILTERLIST:UPDATE
1670612727149 inf [network] < prefs TIME:GET
1670612727205 inf [network] > prefs TIME:GET_OK
1670612730173 inf [network] > wam.general.t1 CHATROOM:POST_INFO
1670612737155 inf [network] < prefs TIME:GET
1670612737349 inf [network] > prefs TIME:GET_OK
1670612739591 inf [network] > wam.general.t1 CHATROOM:POST_INFO
1670612747157 inf [network] < prefs TIME:GET
1670612747172 inf [network] > lo FILTERLIST:UPDATE
1670612747298 inf [network] > prefs TIME:GET_OK
1670612753489 inf [network] > wam.general.t1 CHATROOM:POST_INFO
1670612756276 inf [network] > wam.general.t1 CHATROOM:POST_INFO
1670612757155 inf [network] < prefs TIME:GET
1670612757157 inf [network] > lo FILTERLIST:UPDATE
1670612757219 inf [network] > prefs TIME:GET_OK
1670612763381 inf [network] > wam.general.t1 CHATROOM:POST_INFO
1670612767156 inf [network] < prefs TIME:GET
1670612767263 inf [network] > lo FILTERLIST:UPDATE
1670612767264 inf [network] > prefs TIME:GET_OK
1670612768903 inf [network] > wam.general.t1 CHATROOM:POST_INFO
1670612774502 inf [network] > wam.general.t1 CHATROOM:POST_INFO
1670612777144 inf [network] > lo FILTERLIST:UPDATE
1670612777154 inf [network] < prefs TIME:GET
1670612777225 inf [network] > prefs TIME:GET_OK
1670612787146 inf [network] < prefs TIME:GET
1670612787180 inf [network] > lo FILTERLIST:UPDATE
1670612787183 inf [network] > prefs TIME:GET_OK
1670612795305 inf [network] > wam.general.t1 CHATROOM:POST_INFO
1670612797171 inf [network] < prefs TIME:GET
1670612797228 inf [network] > lo FILTERLIST:UPDATE
1670612797228 inf [network] > prefs TIME:GET_OK
1670612807181 inf [network] < prefs TIME:GET
1670612807233 inf [network] > lo FILTERLIST:UPDATE
1670612807265 inf [network] > prefs TIME:GET_OK
1670612817183 inf [network] < prefs TIME:GET
1670612817184 inf [network] > lo FILTERLIST:UPDATE
1670612817217 inf [network] > prefs TIME:GET_OK
1670612817701 inf [network] > wam.general.t1 CHATROOM:POST_INFO
1670612823144 inf [network] > wam.general.t1 CHATROOM:POST_INFO
1670612827185 inf [network] < prefs TIME:GET
1670612827226 inf [network] > lo FILTERLIST:UPDATE
1670612827250 inf [network] > prefs TIME:GET_OK
1670612837203 inf [network] < prefs TIME:GET
1670612837245 inf [network] > lo FILTERLIST:UPDATE
1670612837261 inf [network] > prefs TIME:GET_OK
1670612838380 inf [network] > wam.general.t1 CHATROOM:POST_INFO
1670612847209 inf [network] < prefs TIME:GET
1670612847361 inf [network] > lo FILTERLIST:UPDATE
1670612847361 inf [network] > prefs TIME:GET_OK
1670612852698 inf [network] > wam.general.t1 CHATROOM:POST_INFO
1670612856463 inf [network] > wam.general.t1 CHATROOM:POST_INFO
1670612857209 inf [network] < prefs TIME:GET
1670612857268 inf [network] > prefs TIME:GET_OK
1670612859824 inf [network] > wam.general.t1 CHATROOM:POST_INFO
1670612867198 inf [network] < prefs TIME:GET
1670612867246 inf [network] > prefs TIME:GET_OK
1670612867250 inf [network] > lo FILTERLIST:UPDATE
1670612873262 inf [network] > wam.general.t1 CHATROOM:POST_INFO
1670612877217 inf [network] < prefs TIME:GET
1670612877299 inf [network] > prefs TIME:GET_OK
1670612880780 inf [network] > wam.general.t1 CHATROOM:POST_INFO
1670612886621 inf [network] > wam.general.t1 CHATROOM:POST_INFO
1670612887224 inf [network] < prefs TIME:GET
1670612887278 inf [network] > lo FILTERLIST:UPDATE
1670612887297 inf [network] > prefs TIME:GET_OK
1670612892297 inf [network] > wam.general.t1 CHATROOM:POST_INFO
1670612893264 inf [network] > wam.general.t1 CHATROOM:POST_INFO
1670612897232 inf [network] < prefs TIME:GET
1670612897274 inf [network] > prefs TIME:GET_OK
1670612905181 inf [network] > wam.general.t1 CHATROOM:POST_INFO
1670612906940 inf [network] > wam.general.t1 CHATROOM:POST_INFO
1670612907224 inf [network] < prefs TIME:GET
1670612907297 inf [network] > prefs TIME:GET_OK
1670612907380 inf [network] > lo FILTERLIST:UPDATE
1670612917240 inf [network] < prefs TIME:GET
1670612917280 inf [network] > wam.general.t1 CHATROOM:POST_INFO
1670612917336 inf [network] > prefs TIME:GET_OK
1670612917378 inf [network] > lo FILTERLIST:UPDATE
1670612927249 inf [network] < prefs TIME:GET
1670612927287 inf [network] > prefs TIME:GET_OK
1670612927345 inf [network] > lo FILTERLIST:UPDATE
1670612935904 inf [network] > wam.general.t1 CHATROOM:POST_INFO
1670612936624 inf [network] > wam.general.t1 CHATROOM:POST_INFO
1670612937251 inf [network] < prefs TIME:GET
1670612937294 inf [network] > prefs TIME:GET_OK
1670612937362 inf [network] > lo FILTERLIST:UPDATE
1670612947242 inf [network] < prefs TIME:GET
1670612947304 inf [network] > prefs TIME:GET_OK
1670612947706 inf [network] > lo FILTERLIST:UPDATE
1670612956060 inf [network] > wam.general.t1 CHATROOM:POST_INFO
1670612957257 inf [network] < prefs TIME:GET
1670612957338 inf [network] > prefs TIME:GET_OK
1670612957700 inf [network] > lo FILTERLIST:UPDATE
1670612967072 inf [network] > wam.general.t1 CHATROOM:POST_INFO
1670612967266 inf [network] < prefs TIME:GET
1670612967385 inf [network] > prefs TIME:GET_OK
1670612967542 inf [network] > lo FILTERLIST:UPDATE
1670612971987 inf [network] > wam.general.t1 CHATROOM:POST_INFO
1670612977267 inf [network] < prefs TIME:GET
1670612977457 inf [network] > prefs TIME:GET_OK
1670612977667 inf [network] > lo FILTERLIST:UPDATE
1670612987273 inf [network] < prefs TIME:GET
1670612987341 inf [network] > prefs TIME:GET_OK
1670612987557 inf [network] > lo FILTERLIST:UPDATE
1670612992139 inf [network] > wam.general.t1 CHATROOM:POST_INFO
1670612997287 inf [network] < prefs TIME:GET
1670612997378 inf [network] > prefs TIME:GET_OK
1670612997463 inf [network] > lo FILTERLIST:UPDATE
1670613007285 inf [network] < prefs TIME:GET
1670613007381 inf [network] > prefs TIME:GET_OK
1670613007458 inf [network] > lo FILTERLIST:UPDATE
1670613012622 inf [network] > wam.general.t1 CHATROOM:POST_INFO
1670613017300 inf [network] < prefs TIME:GET
1670613017395 inf [network] > prefs TIME:GET_OK
1670613017456 inf [network] > lo FILTERLIST:UPDATE
1670613027306 inf [network] < prefs TIME:GET
1670613027380 inf [network] > prefs TIME:GET_OK
1670613027503 inf [network] > lo FILTERLIST:UPDATE
1670613028377 inf [network] > wam.general.t1 CHATROOM:POST_INFO
1670613035686 inf [api] < Service operator/userdata
1670613035687 inf [network] > Http https://wapi.winamax.fr/operator/userdata post
1670613035688 inf [network] < prefs CASHIER:GET
1670613035689 inf [network] < prefs CASHIER:LIST
1670613035689 inf [network] < prefs CASHIER:GET
1670613035690 inf [network] < prefs CASHIER:LIST
1670613036109 inf [network] > prefs CASHIER:GET_OK
1670613036112 inf [network] > prefs CASHIER:LIST_OK
1670613036113 inf [network] > prefs CASHIER:GET_OK
1670613036268 inf [network] > prefs CASHIER:LIST_OK
1670613036346 inf [network] > Http https://wapi.winamax.fr/operator/userdata ok
1670613036347 inf [api] > Service operator/userdata
1670613036419 inf [network] > wam.general.t1 CHATROOM:POST_INFO
1670613037321 inf [network] < prefs TIME:GET
1670613037419 inf [network] > prefs TIME:GET_OK
1670613037499 inf [network] > lo FILTERLIST:UPDATE
1670613043425 inf [network] > wam.general.t1 CHATROOM:POST_INFO
1670613047332 inf [network] < prefs TIME:GET
1670613047383 inf [network] > prefs TIME:GET_OK
1670613047504 inf [network] > lo FILTERLIST:UPDATE
1670613057333 inf [network] < prefs TIME:GET
1670613057384 inf [network] > prefs TIME:GET_OK
1670613057501 inf [network] > lo FILTERLIST:UPDATE
1670613063920 inf [system] Screen locked
1670613063921 inf [app] Paused
1670613063922 inf [network] Connection status: 5
1670613063923 inf [tracker] Closed
1670613064018 inf [network] Socket closed
1670613362020 inf [system] Suspended
1670616248170 inf [system] Resumed
1670616248744 inf [system] Suspended
1670616254235 inf [system] Resumed
1670616254395 inf [system] Suspended
1670616302622 inf [system] Resumed
1670616302838 inf [system] Suspended
1670616308234 inf [system] Resumed
1670616308400 inf [system] Suspended
1670616772507 inf [system] Resumed
1670616777484 inf [system] Suspended
1670617691882 inf [system] Resumed
1670617696889 inf [system] Suspended
1670621918115 inf [system] Resumed
1670621927681 inf [system] Screen unlocked
1670621927682 inf [app] Resumed
1670621927688 inf [router] Execute: wam://logout?reason=idle
1670621927694 inf [network] Disconnecting
1670621927695 inf [network] Connection status: 7
1670621927695 inf [network] Connection status: 8
1670621927699 inf [router] Execution done: wam://logout?reason=idle
1670621927703 inf [router] Navigate: wam://popup?type=error&message=You%20have%20been%20disconnected%20due%20to%20inactivity.
1670621927707 inf [router] Navigation done: wam://popup?type=error&message=You%20have%20been%20disconnected%20due%20to%20inactivity.
1670621927712 inf [tracker] Listening on port: 8003
1670623506493 inf [app] Exit
1670623506495 inf [tracker] Closed
