1671140595670 inf [app] Launch
1671140595730 inf [scene] Bridge initialize
1671140595749 inf [scene] Scene open
1671140595759 inf [scene] Scene create
1671140595803 inf [scene.1] Scene loading
1671140595815 inf [app] Checking for update
1671140596207 inf [app] Update for version 1.25.2 is not available (latest version: 1.25.2, downgrade is disallowed).
1671140596682 inf [scene.1] Browser loaded
1671140596695 inf [scene.1] Bridge loaded
1671140596784 inf [tracker] Listening on port: 8003
1671140598712 inf [api] < Service core/authentication/token/generate
1671140598713 inf [network] > Http https://wapi.winamax.fr/core/authentication/token/generate post
1671140598910 inf [network] > Http https://wapi.winamax.fr/core/authentication/token/generate ok
1671140598912 inf [api] > Service core/authentication/token/generate
1671140598914 inf [api] < Service poker/public/config/preauth {"client":"poker","application":"desktop","opid":"wam","device":"electron","ver":"1.25.2.1670589810","os":"win32","cid":"b94b276db79aabbcbfbe64cabbfea685"}
1671140598915 inf [network] > Http https://api.winamax.fr/poker/public/config/preauth?client=poker&application=desktop&opid=wam&device=electron&ver=1.25.2.1670589810&os=win32&cid=b94b276db79aabbcbfbe64cabbfea685 get
1671140599119 inf [network] > Http https://api.winamax.fr/poker/public/config/preauth?client=poker&application=desktop&opid=wam&device=electron&ver=1.25.2.1670589810&os=win32&cid=b94b276db79aabbcbfbe64cabbfea685 ok
1671140599124 inf [api] > Service poker/public/config/preauth {"core":{"type":"wss","retry":{"count":3,"timeout":10000,"delay":2000,"random":1000},"hosts":["wapi.winamax.fr:443/poker/front/ws/websocket"],"enable":true,"zombie":{"duration":45000},"socket":{"sleep":10,"buffer":16384},"monitor":{"interrupted":true}},"features":{"vm":false,"playground":{"threshold":1000},"time":{"duration":10}},"serverstatus":{"status":"up","polling":300,"i18n":{"de_DE":{"title":"","info":"Alle Dienste sind verfügbar"},"fr_FR":{"title":"","info":"Tous les services sont fonctionnels"},"en_GB":{"title":"","info":"All services are operational."},"*":{"title":"","info":"All services are operational."},"en_US":{"title":"","info":"All services are operational."},"es_ES":{"title":"","info":"All services are operational."},"pt_PT":{"title":"","info":"All services are operational."}}},"auth":{"version":2,"timeout":6000,"refresh":{"count":3,"delay":2500}}}
1671140599128 inf [network] Registering channel prefs
1671140599131 inf [network] Enqueuing AUTH:SIGNIN
1671140599134 inf [network] Creating socket wss://wapi.winamax.fr:443/poker/front/ws/websocket
1671140599135 inf [network] Connection status: 1
1671140599316 inf [network] Socket opened
1671140599316 inf [network] Connection status: 2
1671140599318 inf [network] Connection status: 3
1671140599319 inf [network] < prefs AUTH:SIGNIN
1671140599533 inf [network] > prefs AUTH:SIGNIN_OK
1671140599534 inf [network] Connection status: 4
1671140599541 inf [network] < prefs TIME:GET
1671140599547 inf [network] < prefs GAMESTATS:JOIN
1671140599552 inf [network] > prefs NOTIFICATION:POST_INFO
1671140599583 inf [network] > prefs TIME:GET_OK
1671140599600 inf [api] < Service poker/client/prefs
1671140599601 inf [network] > Http https://wapi.winamax.fr/poker/client/prefs post
1671140599640 inf [network] > prefs GAMESTATS:JOIN_OK
1671140599780 inf [network] > Http https://wapi.winamax.fr/poker/client/prefs ok
1671140599782 inf [api] > Service poker/client/prefs
1671140599802 inf [router] Execute: wam://preload-ok
1671140599805 inf [router] Navigate: wam://lobbies
1671140599810 inf [network] > Http https://dl.winamax.fr/client/attr/settings/wam/config.1624292306 get
1671140599812 inf [network] > Http https://dl.winamax.fr/client/attr/settings/wam/ressource.1624283658 get
1671140599816 inf [router] Navigation done: wam://lobbies
1671140599818 inf [router] Execution done: wam://preload-ok
1671140599820 inf [network] Registering channel subscriptions
1671140599822 inf [api] < Service operator/userdata
1671140599823 inf [network] > Http https://wapi.winamax.fr/operator/userdata post
1671140599826 inf [api] < Service operator/winamax-tv/public
1671140599826 inf [network] > Http https://wapi.winamax.fr/operator/winamax-tv/public post
1671140599830 inf [network] < prefs SRM:JOIN
1671140599832 inf [network] < prefs NEWS:GET
1671140599833 inf [network] < prefs DATA:GET
1671140599835 inf [network] < prefs BUDDY:GET
1671140599835 inf [network] < prefs BUDDYROOM:JOIN
1671140599842 inf [network] < prefs TIME:GET
1671140599843 inf [network] < prefs CASHIER:GET
1671140599844 inf [network] < prefs CASHIER:LIST
1671140599845 inf [network] < prefs CASHIER:GET
1671140599845 inf [network] < prefs CASHIER:LIST
1671140599849 inf [network] < subscriptions FILTERLIST:CREATE
1671140599850 inf [network] < subscriptions FILTERLIST:CREATE
1671140599851 inf [network] < subscriptions FILTERLIST:CREATE
1671140599927 inf [network] > prefs SRM:JOIN_OK
1671140600020 inf [network] Registering channel wam.general.t1
1671140600021 inf [network] < wam.general.t1 CHATROOM:JOIN
1671140600103 inf [network] > prefs TIME:GET_OK
1671140600105 inf [network] > prefs BUDDYROOM:JOIN_OK
1671140600105 inf [network] > subscriptions FILTERLIST:CREATE_OK
1671140600106 inf [network] > subscriptions FILTERLIST:SET
1671140600109 inf [network] > subscriptions FILTERLIST:CREATE_OK
1671140600110 inf [network] > subscriptions FILTERLIST:SET
1671140600111 inf [network] > prefs CASHIER:GET_OK
1671140600112 inf [network] > subscriptions FILTERLIST:CREATE_OK
1671140600113 inf [network] > prefs CASHIER:LIST_OK
1671140600114 inf [network] > subscriptions FILTERLIST:SET
1671140600115 inf [network] > prefs CASHIER:GET_OK
1671140600180 inf [network] > prefs CASHIER:LIST_OK
1671140600183 inf [network] > prefs NEWS:GET_OK
1671140600185 inf [network] > prefs BUDDY:GET_OK
1671140600186 inf [network] > prefs DATA:GET_ERR
1671140600189 inf [network] > wam.general.t1 CHATROOM:JOIN_OK
1671140600192 inf [network] > Http https://wapi.winamax.fr/operator/winamax-tv/public ok
1671140600192 inf [api] > Service operator/winamax-tv/public
1671140600194 inf [network] > Http https://dl.winamax.fr/client/attr/settings/wam/config.1624292306 ok
1671140600199 inf [network] > Http https://dl.winamax.fr/client/attr/settings/wam/ressource.1624283658 ok
1671140600202 inf [network] < prefs BUDDYROOM:JOIN
1671140600203 inf [network] > Http https://wapi.winamax.fr/operator/userdata ok
1671140600204 inf [api] > Service operator/userdata
1671140600263 inf [network] > prefs BUDDYROOM:JOIN_OK
1671140601808 inf [api] < Service poker/client/prefs
1671140601809 inf [network] > Http https://wapi.winamax.fr/poker/client/prefs post
1671140601968 inf [network] > Http https://wapi.winamax.fr/poker/client/prefs ok
1671140601969 inf [api] > Service poker/client/prefs
1671140603241 inf [network] > wam.general.t1 CHATROOM:POST_INFO
1671140608848 inf [router] Navigate: wam://lobby-mtt
1671140608850 inf [router] Navigation done: wam://lobby-mtt
1671140608887 inf [network] Registering channel lo
1671140608888 inf [router] Execute: wam://lobby-preview?rk=&type=
1671140608890 inf [router] Execution done: wam://lobby-preview?rk=&type=
1671140608898 inf [network] < lo FILTERLIST:CREATE
1671140609284 inf [network] > lo FILTERLIST:CREATE_OK
1671140609305 inf [network] > lo FILTERLIST:SET
1671140609327 inf [router] Execute: wam://lobby-preview?rk=tt2.ttmgr.tt2_9.t600778402&type=tournament
1671140609330 inf [router] Execution done: wam://lobby-preview?rk=tt2.ttmgr.tt2_9.t600778402&type=tournament
1671140609335 inf [network] Registering channel tt2.ttmgr.tt2_9.t600778402
1671140609363 inf [network] < tt2.ttmgr.tt2_9.t600778402 TOURNAMENT:JOIN
1671140609700 inf [network] > tt2.ttmgr.tt2_9.t600778402 TOURNAMENT:JOIN_OK
1671140609702 inf [network] > tt2.ttmgr.tt2_9.t600778402 CHATROOM:JOIN_OK
1671140609816 inf [network] < prefs TIME:GET
1671140610068 inf [network] > prefs TIME:GET_OK
1671140611390 inf [network] > lo FILTERLIST:UPDATE
1671140612936 inf [network] > tt2.ttmgr.tt2_9.t600778402 TOURNAMENT:STATUS
1671140615550 inf [network] > tt2.ttmgr.tt2_9.t600778402 TOURNAMENT:STATUS
1671140615675 inf [router] Execute: wam://lobby-preview?rk=tt.ttmgr.tt_9.t600779659&type=tournament
1671140615681 inf [router] Execution done: wam://lobby-preview?rk=tt.ttmgr.tt_9.t600779659&type=tournament
1671140615683 inf [network] < tt2.ttmgr.tt2_9.t600778402 TOURNAMENT:LEAVE
1671140615685 inf [network] Leaving channel tt2.ttmgr.tt2_9.t600778402
1671140615687 inf [network] Registering channel tt.ttmgr.tt_9.t600779659
1671140615698 inf [network] < tt.ttmgr.tt_9.t600779659 TOURNAMENT:JOIN
1671140616044 inf [network] > tt.ttmgr.tt_9.t600779659 TOURNAMENT:JOIN_OK
1671140616061 inf [network] > tt.ttmgr.tt_9.t600779659 CHATROOM:JOIN_OK
1671140617200 inf [router] Navigate: wam://tournament?ttrk=tt.ttmgr.tt_9.t600779659&name=Kill%20The%20Fish
1671140617202 inf [router] Navigation done: wam://tournament?ttrk=tt.ttmgr.tt_9.t600779659&name=Kill%20The%20Fish
1671140617259 inf [network] < tt.ttmgr.tt_9.t600779659 FILTERLIST:CREATE
1671140617553 inf [network] > tt.ttmgr.tt_9.t600779659 FILTERLIST:CREATE_OK
1671140617642 inf [network] > tt.ttmgr.tt_9.t600779659 FILTERLIST:SET
1671140617653 inf [network] > tt.ttmgr.tt_9.t600779659 TOURNAMENT:STATUS
1671140617803 inf [network] > wam.general.t1 CHATROOM:POST_INFO
1671140619823 inf [network] < prefs TIME:GET
1671140619923 inf [network] > prefs TIME:GET_OK
1671140621407 inf [network] > lo FILTERLIST:UPDATE
1671140623620 inf [network] < lo FILTERLIST:CHANGE
1671140623670 inf [network] > lo FILTERLIST:CHANGE_OK
1671140623733 inf [network] > lo FILTERLIST:SET
1671140626018 inf [network] > tt.ttmgr.tt_9.t600779659 TOURNAMENT:STATUS
1671140627216 inf [network] < lo FILTERLIST:CHANGE
1671140627274 inf [network] > lo FILTERLIST:CHANGE_OK
1671140627305 inf [network] > lo FILTERLIST:SET
1671140627404 inf [network] > tt.ttmgr.tt_9.t600779659 FILTERLIST:SET
1671140627936 inf [network] < lo FILTERLIST:CHANGE
1671140627999 inf [network] > lo FILTERLIST:CHANGE_OK
1671140628017 inf [network] > lo FILTERLIST:SET
1671140628432 inf [network] > tt.ttmgr.tt_9.t600779659 TOURNAMENT:STATUS
1671140629837 inf [network] < prefs TIME:GET
1671140629997 inf [network] > prefs TIME:GET_OK
1671140630885 inf [network] < lo FILTERLIST:CHANGE
1671140630889 inf [network] > tt.ttmgr.tt_9.t600779659 TOURNAMENT:STATUS
1671140630890 inf [network] > tt.ttmgr.tt_9.t600779659 TOURNAMENT:PAYOUTS
1671140631179 inf [network] > wam.general.t1 CHATROOM:POST_INFO
1671140631305 inf [network] > lo FILTERLIST:UPDATE
1671140631306 inf [network] > lo FILTERLIST:CHANGE_OK
1671140631332 inf [network] > lo FILTERLIST:SET
1671140631761 inf [network] < tt.ttmgr.tt_9.t600779659 FILTERLIST:DELETE
1671140631818 inf [network] > tt.ttmgr.tt_9.t600779659 FILTERLIST:DELETE_OK
1671140633337 inf [network] > tt.ttmgr.tt_9.t600779659 TOURNAMENT:STATUS
1671140635339 inf [network] > tt.ttmgr.tt_9.t600779659 TOURNAMENT:STATUS
1671140635735 inf [router] Execute: wam://lobby-preview?rk=tt.ttmgr.tt_9.t600778999&type=tournament
1671140635736 inf [router] Execution done: wam://lobby-preview?rk=tt.ttmgr.tt_9.t600778999&type=tournament
1671140635737 inf [network] Registering channel tt.ttmgr.tt_9.t600778999
1671140635749 inf [network] < tt.ttmgr.tt_9.t600778999 TOURNAMENT:JOIN
1671140635815 inf [network] > tt.ttmgr.tt_9.t600778999 TOURNAMENT:JOIN_OK
1671140635818 inf [network] > tt.ttmgr.tt_9.t600778999 CHATROOM:JOIN_OK
1671140636606 inf [network] > wam.general.t1 CHATROOM:POST_INFO
1671140637105 inf [network] > tt.ttmgr.tt_9.t600779659 TOURNAMENT:PAYOUTS
1671140637349 inf [network] > tt.ttmgr.tt_9.t600778999 TOURNAMENT:PAYOUTS
1671140637781 inf [network] > tt.ttmgr.tt_9.t600779659 TOURNAMENT:STATUS
1671140638288 inf [router] Navigate: wam://tournament?ttrk=tt.ttmgr.tt_9.t600778999&name=AFTER%20FOOT
1671140638289 inf [router] Navigation done: wam://tournament?ttrk=tt.ttmgr.tt_9.t600778999&name=AFTER%20FOOT
1671140638315 inf [network] > tt.ttmgr.tt_9.t600778999 TOURNAMENT:STATUS
1671140638340 inf [network] < tt.ttmgr.tt_9.t600778999 FILTERLIST:CREATE
1671140638473 inf [network] > tt.ttmgr.tt_9.t600778999 FILTERLIST:CREATE_OK
1671140638535 inf [network] > tt.ttmgr.tt_9.t600778999 FILTERLIST:SET
1671140639420 inf [network] > tt.ttmgr.tt_9.t600778999 TOURNAMENT:PAYOUTS
1671140639838 inf [network] < prefs TIME:GET
1671140639931 inf [network] > prefs TIME:GET_OK
1671140640015 inf [network] > wam.general.t1 CHATROOM:POST_INFO
1671140640351 inf [network] > tt.ttmgr.tt_9.t600778999 TOURNAMENT:STATUS
1671140641324 inf [network] > lo FILTERLIST:UPDATE
1671140641982 inf [network] > tt.ttmgr.tt_9.t600778999 TOURNAMENT:PAYOUTS
1671140643269 inf [network] > tt.ttmgr.tt_9.t600778999 TOURNAMENT:STATUS
1671140643701 inf [network] > tt.ttmgr.tt_9.t600778999 FILTERLIST:UPDATE
1671140644473 inf [network] < lo FILTERLIST:CHANGE
1671140644480 inf [network] > tt.ttmgr.tt_9.t600778999 TOURNAMENT:PAYOUTS
1671140644530 inf [network] > lo FILTERLIST:CHANGE_OK
1671140644582 inf [network] > lo FILTERLIST:SET
1671140644619 inf [network] > wam.general.t1 CHATROOM:POST_INFO
1671140645342 inf [network] > tt.ttmgr.tt_9.t600778999 TOURNAMENT:STATUS
1671140646547 inf [network] < lo FILTERLIST:CHANGE
1671140646556 inf [network] > tt.ttmgr.tt_9.t600778999 TOURNAMENT:PAYOUTS
1671140646610 inf [network] > lo FILTERLIST:CHANGE_OK
1671140646636 inf [network] > lo FILTERLIST:SET
1671140647185 inf [network] < lo FILTERLIST:CHANGE
1671140647274 inf [network] > lo FILTERLIST:CHANGE_OK
1671140647353 inf [network] > lo FILTERLIST:SET
1671140647648 inf [network] > tt.ttmgr.tt_9.t600778999 TOURNAMENT:STATUS
1671140648170 inf [network] < lo FILTERLIST:CHANGE
1671140648271 inf [network] > lo FILTERLIST:CHANGE_OK
1671140648288 inf [network] > lo FILTERLIST:SET
1671140648912 inf [network] > tt.ttmgr.tt_9.t600778999 TOURNAMENT:PAYOUTS
1671140649814 inf [network] > tt.ttmgr.tt_9.t600778999 TOURNAMENT:STATUS
1671140649856 inf [network] < prefs TIME:GET
1671140649900 inf [network] > prefs TIME:GET_OK
1671140650545 inf [network] < tt.ttmgr.tt_9.t600778999 FILTERLIST:DELETE
1671140650592 inf [network] > tt.ttmgr.tt_9.t600778999 FILTERLIST:DELETE_OK
1671140650665 inf [network] < tt.ttmgr.tt_9.t600779659 FILTERLIST:CREATE
1671140650778 inf [network] > tt.ttmgr.tt_9.t600779659 FILTERLIST:CREATE_OK
1671140650797 inf [network] > tt.ttmgr.tt_9.t600779659 FILTERLIST:SET
1671140650799 inf [network] > tt.ttmgr.tt_9.t600779659 TOURNAMENT:STATUS
1671140651133 inf [network] > tt.ttmgr.tt_9.t600779659 TOURNAMENT:PAYOUTS
1671140651296 inf [network] > lo FILTERLIST:UPDATE
1671140651373 inf [network] > tt.ttmgr.tt_9.t600778999 TOURNAMENT:PAYOUTS
1671140651877 inf [network] > tt.ttmgr.tt_9.t600778999 TOURNAMENT:STATUS
1671140652708 inf [network] > wam.general.t1 CHATROOM:POST_INFO
1671140652801 inf [router] Execute: wam://tournament-registration?ttrk=tt.ttmgr.tt_9.t600779659&channel=mtt-home-2&registrationMode=
1671140652803 inf [router] Execution done: wam://tournament-registration?ttrk=tt.ttmgr.tt_9.t600779659&channel=mtt-home-2&registrationMode=
1671140652906 inf [network] > tt.ttmgr.tt_9.t600779659 TOURNAMENT:STATUS
1671140653864 inf [network] < tt.ttmgr.tt_9.t600779659 TOURNAMENT:SUBSCRIBE
1671140653939 inf [network] > tt.ttmgr.tt_9.t600779659 TOURNAMENT:PAYOUTS
1671140653940 inf [network] > tt.ttmgr.tt_9.t600779659 TOURNAMENT:SUBSCRIBE_OK
1671140653941 inf [network] > prefs NOTIFICATION:POST_INFO
1671140653942 inf [network] > tt.ttmgr.tt_9.t600779659 TOURNAMENT:GET_TABLE_OK
1671140653945 inf [network] < tt.ttmgr.tt_9.t600779659 TOURNAMENT:GET_TABLE
1671140653946 inf [network] < tt.ttmgr.tt_9.t600779659 TOURNAMENT:CONFIGURE
1671140653947 inf [network] < tt.ttmgr.tt_9.t600779659 TOURNAMENT:GET_TABLE
1671140653967 inf [network] > prefs NOTIFICATION:POST_INFO
1671140653970 inf [router] Execute: wam://tournament-registration-close?ttid=2
1671140653971 inf [router] Execution done: wam://tournament-registration-close?ttid=2
1671140654005 inf [network] > tt.ttmgr.tt_9.t600779659 TOURNAMENT:GET_TABLE_OK
1671140654006 inf [network] > tt.ttmgr.tt_9.t600779659 TOURNAMENT:CONFIGURE_OK
1671140654008 inf [network] < tt.ttmgr.tt_9.t600779659 TOURNAMENT:CONFIGURE
1671140654045 inf [network] > tt.ttmgr.tt_9.t600779659 TOURNAMENT:GET_TABLE_OK
1671140654059 inf [network] > tt.ttmgr.tt_9.t600779659 TOURNAMENT:CONFIGURE_OK
1671140654260 inf [network] > tt.ttmgr.tt_9.t600778999 TOURNAMENT:PAYOUTS
1671140654377 inf [network] > tt.ttmgr.tt_9.t600778999 TOURNAMENT:STATUS
1671140655257 inf [network] > tt.ttmgr.tt_9.t600779659 TOURNAMENT:STATUS
1671140656064 inf [network] > tt.ttmgr.tt_9.t600779659 TOURNAMENT:PAYOUTS
1671140657383 inf [network] > tt.ttmgr.tt_9.t600779659 TOURNAMENT:STATUS
1671140657463 inf [network] > tt.ttmgr.tt_9.t600779659 FILTERLIST:SET
1671140658749 inf [network] > subscriptions FILTERLIST:UPDATE
1671140658760 inf [network] < subscriptions FILTERLIST:CHANGE
1671140658803 inf [network] > tt.ttmgr.tt_9.t600778999 TOURNAMENT:PAYOUTS
1671140658805 inf [network] > tt.ttmgr.tt_9.t600778999 TOURNAMENT:STATUS
1671140658816 inf [network] > subscriptions FILTERLIST:SET
1671140658817 inf [network] > subscriptions FILTERLIST:CHANGE_OK
1671140658823 inf [router] Execute: wam://table-open?rid=&tblrk=tt.tamgr.tt_91.t49173&ttrk=tt.ttmgr.tt_9.t600779659&gfsid=
1671140658834 inf [scene] Scene open
1671140658835 inf [scene] Scene create
1671140658847 inf [scene.2] Scene loading
1671140658859 inf [router] Execution done: wam://table-open?rid=&tblrk=tt.tamgr.tt_91.t49173&ttrk=tt.ttmgr.tt_9.t600779659&gfsid=
1671140658874 inf [network] Registering channel tt.tamgr.tt_91.t49173
1671140658883 inf [network] < tt.tamgr.tt_91.t49173 TABLE:JOIN
1671140658929 inf [network] > tt.tamgr.tt_91.t49173 TABLE:JOIN_OK
1671140658931 inf [table] 1 tt.tamgr.tt_91.t49173 hand 2580328987507032074-50-1671140636
1671140658932 inf [table] 1 tt.tamgr.tt_91.t49173 round pre-flop pot="840" totalPot="33472"
1671140658934 inf [network] > tt.tamgr.tt_91.t49173 CHATROOM:JOIN_OK
1671140661573 inf [network] < prefs TIME:GET
1671140661576 inf [network] > wam.general.t1 CHATROOM:POST_INFO
1671140661578 inf [network] > tt.ttmgr.tt_9.t600779659 TOURNAMENT:STATUS
1671140661579 inf [network] > tt.ttmgr.tt_9.t600778999 TOURNAMENT:STATUS
1671140661581 inf [network] > lo FILTERLIST:UPDATE
1671140661582 inf [network] > tt.ttmgr.tt_9.t600778999 TOURNAMENT:PAYOUTS
1671140661635 inf [network] > prefs TIME:GET_OK
1671140662340 inf [network] > tt.ttmgr.tt_9.t600779659 TOURNAMENT:STATUS
1671140663189 inf [scene.2] Browser loaded
1671140663419 inf [scene.2] Bridge loaded
1671140664518 inf [network] > tt.ttmgr.tt_9.t600779659 TOURNAMENT:STATUS
1671140664839 inf [network] > tt.ttmgr.tt_9.t600778999 TOURNAMENT:PAYOUTS
1671140664842 inf [network] > tt.ttmgr.tt_9.t600778999 TOURNAMENT:STATUS
1671140665747 inf [network] > tt.ttmgr.tt_9.t600779659 TOURNAMENT:PAYOUTS
1671140665800 inf [router] Navigate: wam://table?tblid=1&scene=2
1671140665804 inf [router] Navigation done: wam://table?tblid=1&scene=2
1671140666377 inf [network] > tt.ttmgr.tt_9.t600779659 TOURNAMENT:STATUS
1671140667264 inf [network] > tt.ttmgr.tt_9.t600778999 TOURNAMENT:PAYOUTS
1671140667266 inf [network] > tt.ttmgr.tt_9.t600778999 TOURNAMENT:STATUS
1671140667601 inf [network] > tt.ttmgr.tt_9.t600779659 FILTERLIST:SET
1671140669408 inf [network] > tt.ttmgr.tt_9.t600778999 TOURNAMENT:PAYOUTS
1671140669410 inf [network] > tt.ttmgr.tt_9.t600778999 TOURNAMENT:STATUS
1671140670689 inf [network] < lo FILTERLIST:DELETE
1671140670691 inf [router] Execute: wam://lobby-preview?rk=&type=
1671140670692 inf [router] Execution done: wam://lobby-preview?rk=&type=
1671140670747 inf [network] > lo FILTERLIST:DELETE_OK
1671140671562 inf [network] < prefs TIME:GET
1671140671608 inf [network] > prefs TIME:GET_OK
1671140675619 inf [network] > tt.ttmgr.tt_9.t600778999 TOURNAMENT:STATUS
1671140675620 inf [network] > tt.ttmgr.tt_9.t600778999 TOURNAMENT:PAYOUTS
1671140676260 inf [network] > tt.tamgr.tt_91.t49173 TABLE:ACTION_INFO
1671140676264 inf [table] 1 tt.tamgr.tt_91.t49173 action raise login="Levadriel" amount="34734"
1671140677490 inf [network] > tt.ttmgr.tt_9.t600779659 FILTERLIST:SET
1671140677842 inf [network] > tt.ttmgr.tt_9.t600778999 TOURNAMENT:PAYOUTS
1671140677843 inf [network] > tt.ttmgr.tt_9.t600778999 TOURNAMENT:STATUS
1671140677848 inf [network] > tt.tamgr.tt_91.t49173 TABLE:ACTION_INFO
1671140677849 inf [table] 1 tt.tamgr.tt_91.t49173 action fold login="Pet2Fouf" amount="500"
1671140681562 inf [network] < prefs TIME:GET
1671140681608 inf [network] > prefs TIME:GET_OK
1671140682223 inf [network] > tt.ttmgr.tt_9.t600778999 TOURNAMENT:STATUS
1671140682224 inf [network] > tt.ttmgr.tt_9.t600778999 TOURNAMENT:PAYOUTS
1671140682254 inf [network] > tt.tamgr.tt_91.t49173 TABLE:ACTION_INFO
1671140682255 inf [network] > tt.tamgr.tt_91.t49173 TABLE:STATUS
1671140682257 inf [table] 1 tt.tamgr.tt_91.t49173 action fold login="max la frist" amount="1000"
1671140682611 inf [network] > tt.ttmgr.tt_9.t600779659 TOURNAMENT:STATUS
1671140683922 inf [network] < tt.ttmgr.tt_9.t600778999 FILTERLIST:CREATE
1671140683946 inf [network] > tt.tamgr.tt_91.t49173 TABLE:STATUS
1671140683948 inf [table] 1 tt.tamgr.tt_91.t49173 round flop board="6c,8c,Th" pot="68206" totalPot="0"
1671140684011 inf [network] > tt.ttmgr.tt_9.t600778999 FILTERLIST:CREATE_OK
1671140684032 inf [network] > tt.ttmgr.tt_9.t600778999 FILTERLIST:SET
1671140684452 inf [network] > tt.ttmgr.tt_9.t600778999 TOURNAMENT:PAYOUTS
1671140684455 inf [network] > tt.ttmgr.tt_9.t600778999 TOURNAMENT:STATUS
1671140684967 inf [network] > tt.ttmgr.tt_9.t600779659 TOURNAMENT:STATUS
1671140685341 inf [network] > tt.tamgr.tt_91.t49173 TABLE:STATUS
1671140685343 inf [table] 1 tt.tamgr.tt_91.t49173 round turn board="6c,8c,Th,8s" pot="68206" totalPot="0"
1671140685391 inf [router] Execute: wam://tournament-registration?ttrk=tt.ttmgr.tt_9.t600778999&channel=mtt-home-3&registrationMode=
1671140685393 inf [router] Execution done: wam://tournament-registration?ttrk=tt.ttmgr.tt_9.t600778999&channel=mtt-home-3&registrationMode=
1671140685993 inf [network] > tt.ttmgr.tt_9.t600779659 TOURNAMENT:PAYOUTS
1671140686704 inf [network] > tt.ttmgr.tt_9.t600778999 TOURNAMENT:PAYOUTS
1671140686724 inf [network] < tt.ttmgr.tt_9.t600778999 TOURNAMENT:SUBSCRIBE
1671140686783 inf [network] > tt.ttmgr.tt_9.t600778999 TOURNAMENT:SUBSCRIBE_OK
1671140686784 inf [network] > prefs NOTIFICATION:POST_INFO
1671140686786 inf [network] < tt.ttmgr.tt_9.t600778999 TOURNAMENT:CONFIGURE
1671140686798 inf [router] Execute: wam://tournament-registration-close?ttid=3
1671140686799 inf [router] Execution done: wam://tournament-registration-close?ttid=3
1671140686811 inf [network] > tt.tamgr.tt_91.t49173 TABLE:STATUS
1671140686813 inf [table] 1 tt.tamgr.tt_91.t49173 round river board="6c,8c,Th,8s,Kc" pot="68206" totalPot="0"
1671140686826 inf [network] > tt.ttmgr.tt_9.t600778999 TOURNAMENT:CONFIGURE_OK
1671140686830 inf [network] < tt.ttmgr.tt_9.t600778999 TOURNAMENT:CONFIGURE
1671140686897 inf [network] > tt.ttmgr.tt_9.t600778999 TOURNAMENT:CONFIGURE_OK
1671140687207 inf [network] > tt.ttmgr.tt_9.t600778999 TOURNAMENT:STATUS
1671140687536 inf [network] > tt.ttmgr.tt_9.t600779659 TOURNAMENT:STATUS
1671140687542 inf [network] > tt.ttmgr.tt_9.t600779659 FILTERLIST:SET
1671140688428 inf [network] > tt.tamgr.tt_91.t49173 TABLE:RESULT
1671140688430 inf [table] 1 tt.tamgr.tt_91.t49173 showdown login="JAVITO-MARIN" cards="Kh,Ks" board="6c,8c,Th,8s,Kc"
1671140688431 inf [table] 1 tt.tamgr.tt_91.t49173 showdown login="Levadriel" cards="4h,4d" board="6c,8c,Th,8s,Kc"
1671140688431 inf [table] 1 tt.tamgr.tt_91.t49173 gain login="JAVITO-MARIN" amount="64604"
1671140688432 inf [table] 1 tt.tamgr.tt_91.t49173 gain login="Levadriel" amount="3602"
1671140688721 inf [network] > tt.ttmgr.tt_9.t600778999 TOURNAMENT:PAYOUTS
1671140688921 inf [network] > subscriptions FILTERLIST:UPDATE
1671140688937 inf [network] < subscriptions FILTERLIST:CHANGE
1671140688978 inf [network] > subscriptions FILTERLIST:CHANGE_OK
1671140688979 inf [network] > subscriptions FILTERLIST:SET
1671140689431 inf [network] > tt.ttmgr.tt_9.t600778999 TOURNAMENT:STATUS
1671140690353 inf [network] > tt.tamgr.tt_91.t49173 TABLE:POST_INFO
1671140690354 inf [network] > tt.tamgr.tt_91.t49173 TABLE:POST_INFO
1671140690355 inf [network] > tt.tamgr.tt_91.t49173 TABLE:POST_INFO
1671140690356 inf [network] > tt.tamgr.tt_91.t49173 TABLE:POST_INFO
1671140690356 inf [network] > tt.tamgr.tt_91.t49173 TABLE:POST_INFO
1671140690358 inf [table] 1 tt.tamgr.tt_91.t49173 hand 2580328987507032074-51-1671140691
1671140690358 inf [table] 1 tt.tamgr.tt_91.t49173 action AN+SB login="max la frist" amount="620"
1671140690360 inf [table] 1 tt.tamgr.tt_91.t49173 action AN+BB login="YL_ML_GL_42" amount="1120"
1671140690362 inf [table] 1 tt.tamgr.tt_91.t49173 action AN login="Humboldt 1" amount="120"
1671140690363 inf [table] 1 tt.tamgr.tt_91.t49173 action AN login="JAVITO-MARIN" amount="120"
1671140690363 inf [table] 1 tt.tamgr.tt_91.t49173 action AN login="Levadriel" amount="120"
1671140690368 inf [network] > tt.tamgr.tt_91.t49173 TABLE:POST_INFO
1671140690369 inf [network] > tt.tamgr.tt_91.t49173 TABLE:POST_INFO
1671140690370 inf [network] > tt.tamgr.tt_91.t49173 TABLE:POST_INFO
1671140690371 inf [network] > tt.tamgr.tt_91.t49173 TABLE:CARDS
1671140690372 inf [network] > tt.tamgr.tt_91.t49173 TABLE:STATUS
1671140690373 inf [network] > tt.tamgr.tt_91.t49173 TABLE:PREACTION_LIST
1671140690374 inf [table] 1 tt.tamgr.tt_91.t49173 action AN login="Pet2Fouf" amount="120"
1671140690375 inf [table] 1 tt.tamgr.tt_91.t49173 action AN login="tASlanus" amount="120"
1671140690376 inf [table] 1 tt.tamgr.tt_91.t49173 action AN login="Djimcroque" amount="120"
1671140690378 inf [table] 1 tt.tamgr.tt_91.t49173 cards login="YL_ML_GL_42" 4h,Jd
1671140690379 inf [table] 1 tt.tamgr.tt_91.t49173 round pre-flop pot="960" totalPot="2460"
1671140691107 inf [network] > tt.ttmgr.tt_9.t600778999 TOURNAMENT:PAYOUTS
1671140691521 inf [network] > tt.ttmgr.tt_9.t600778999 TOURNAMENT:STATUS
1671140691562 inf [network] < prefs TIME:GET
1671140691603 inf [network] > prefs TIME:GET_OK
1671140693422 inf [network] > tt.ttmgr.tt_9.t600778999 TOURNAMENT:PAYOUTS
1671140693703 inf [network] > tt.ttmgr.tt_9.t600778999 FILTERLIST:UPDATE
1671140693921 inf [network] < tt.ttmgr.tt_9.t600779659 FILTERLIST:DELETE
1671140693970 inf [network] > tt.ttmgr.tt_9.t600779659 FILTERLIST:DELETE_OK
1671140697194 inf [network] > tt.ttmgr.tt_9.t600778999 TOURNAMENT:STATUS
1671140697197 inf [network] > tt.ttmgr.tt_9.t600778999 TOURNAMENT:PAYOUTS
1671140697304 inf [router] Navigate: wam://table?tblid=1&scene=2
1671140697306 inf [router] Navigation done: wam://table?tblid=1&scene=2
1671140699299 inf [network] > tt.ttmgr.tt_9.t600778999 TOURNAMENT:STATUS
1671140699334 inf [network] > tt.ttmgr.tt_9.t600778999 TOURNAMENT:PAYOUTS
1671140699790 inf [network] > tt.tamgr.tt_91.t49173 TABLE:ACTION_INFO
1671140699792 inf [table] 1 tt.tamgr.tt_91.t49173 action raise login="tASlanus" amount="2500"
1671140699793 inf [network] > tt.tamgr.tt_91.t49173 TABLE:ACTION_INFO
1671140699794 inf [network] > tt.tamgr.tt_91.t49173 TABLE:PREACTION_LIST
1671140699795 inf [table] 1 tt.tamgr.tt_91.t49173 action fold login="Djimcroque"
1671140700666 inf [network] > tt.ttmgr.tt_9.t600779659 TOURNAMENT:STATUS
1671140700667 inf [network] > tt.ttmgr.tt_9.t600778999 TOURNAMENT:RUN
1671140700671 inf [router] Execute: wam://table-open?rid=&tblrk=tt.tamgr.tt_92.t49332&ttrk=tt.ttmgr.tt_9.t600778999&gfsid=
1671140700677 inf [router] Execution done: wam://table-open?rid=&tblrk=tt.tamgr.tt_92.t49332&ttrk=tt.ttmgr.tt_9.t600778999&gfsid=
1671140700679 inf [network] Registering channel tt.tamgr.tt_92.t49332
1671140700691 inf [network] < tt.tamgr.tt_92.t49332 TABLE:JOIN
1671140700781 inf [network] > tt.tamgr.tt_92.t49332 TABLE:JOIN_OK
1671140700785 inf [network] > tt.tamgr.tt_92.t49332 CHATROOM:JOIN_OK
1671140701230 inf [network] > tt.ttmgr.tt_9.t600779659 TOURNAMENT:PAYOUTS
1671140701326 inf [network] > tt.ttmgr.tt_9.t600778999 TOURNAMENT:STATUS
1671140701552 inf [network] < prefs TIME:GET
1671140701657 inf [network] > prefs TIME:GET_OK
1671140702123 inf [network] > wam.general.t1 CHATROOM:POST_INFO
1671140703187 inf [network] > tt.tamgr.tt_92.t49332 TABLE:STATUS
1671140703398 inf [network] > tt.ttmgr.tt_9.t600779659 TOURNAMENT:STATUS
1671140704442 inf [router] Navigate: wam://table?tblid=2&scene=2
1671140704444 inf [router] Navigation done: wam://table?tblid=2&scene=2
1671140704706 inf [network] > tt.tamgr.tt_91.t49173 TABLE:ACTION_INFO
1671140704708 inf [network] > tt.tamgr.tt_91.t49173 TABLE:PREACTION_LIST
1671140704715 inf [table] 1 tt.tamgr.tt_91.t49173 action fold login="Humboldt 1"
1671140705131 inf [network] > tt.ttmgr.tt_9.t600778999 TOURNAMENT:STATUS
1671140705133 inf [network] > tt.ttmgr.tt_9.t600778999 TOURNAMENT:PAYOUTS
1671140705424 inf [network] > tt.tamgr.tt_92.t49332 TABLE:POST_INFO
1671140705426 inf [network] > tt.tamgr.tt_92.t49332 TABLE:POST_INFO
1671140705427 inf [network] > tt.tamgr.tt_92.t49332 TABLE:POST_INFO
1671140705428 inf [network] > tt.tamgr.tt_92.t49332 TABLE:POST_INFO
1671140705429 inf [network] > tt.tamgr.tt_92.t49332 TABLE:POST_INFO
1671140705430 inf [network] > tt.tamgr.tt_92.t49332 TABLE:POST_INFO
1671140705431 inf [network] > tt.tamgr.tt_92.t49332 TABLE:CARDS
1671140705435 inf [table] 2 tt.tamgr.tt_92.t49332 hand 2580326152828616745-1-1671140706
1671140705436 inf [table] 2 tt.tamgr.tt_92.t49332 action AN+SB login="Sankukai1970" amount="125"
1671140705437 inf [table] 2 tt.tamgr.tt_92.t49332 action AN+BB login="bzh56800" amount="225"
1671140705438 inf [table] 2 tt.tamgr.tt_92.t49332 action AN login="sKKiPy" amount="25"
1671140705439 inf [table] 2 tt.tamgr.tt_92.t49332 action AN login="YL_ML_GL_42" amount="25"
1671140705440 inf [table] 2 tt.tamgr.tt_92.t49332 action AN login="Omar.Sy" amount="25"
1671140705442 inf [table] 2 tt.tamgr.tt_92.t49332 action AN login="Maner33600" amount="25"
1671140705443 inf [table] 2 tt.tamgr.tt_92.t49332 cards login="YL_ML_GL_42" 8c,Ac
1671140705445 inf [network] > tt.tamgr.tt_92.t49332 TABLE:STATUS
1671140705446 inf [network] > tt.tamgr.tt_92.t49332 TABLE:PREACTION_LIST
1671140705451 inf [table] 2 tt.tamgr.tt_92.t49332 round pre-flop pot="150" totalPot="450"
1671140705872 inf [router] Navigate: wam://playground?id=1&slotId=2&slotType=table&stackIndex=2&insertStack=&name=&playerType=&streamData=&scene=2
1671140705875 inf [router] Navigation done: wam://playground?id=1&slotId=2&slotType=table&stackIndex=2&insertStack=&name=&playerType=&streamData=&scene=2
1671140706418 inf [network] > tt.ttmgr.tt_9.t600779659 TOURNAMENT:STATUS
1671140706856 inf [network] > wam.general.t1 CHATROOM:POST_INFO
1671140707368 inf [network] > tt.ttmgr.tt_9.t600778999 TOURNAMENT:STATUS
1671140707946 inf [network] > tt.tamgr.tt_91.t49173 TABLE:ACTION_INFO
1671140707946 inf [network] > tt.tamgr.tt_91.t49173 TABLE:PREACTION_LIST
1671140707947 inf [table] 1 tt.tamgr.tt_91.t49173 action fold login="JAVITO-MARIN"
1671140708342 inf [network] > tt.ttmgr.tt_9.t600779659 TOURNAMENT:STATUS
1671140709426 inf [network] > tt.tamgr.tt_91.t49173 TABLE:ACTION_INFO
1671140709427 inf [network] > tt.tamgr.tt_91.t49173 TABLE:PREACTION_LIST
1671140709430 inf [table] 1 tt.tamgr.tt_91.t49173 action raise login="Levadriel" amount="3482"
1671140710106 inf [router] Navigate: wam://playground?id=1&slotId=2&slotType=table&stackIndex=3&insertStack=true&name=&playerType=&streamData=&scene=2
1671140710111 inf [router] Navigation done: wam://playground?id=1&slotId=2&slotType=table&stackIndex=3&insertStack=true&name=&playerType=&streamData=&scene=2
1671140710947 inf [network] > tt.ttmgr.tt_9.t600779659 TOURNAMENT:STATUS
1671140711384 inf [network] > tt.ttmgr.tt_9.t600778999 TOURNAMENT:STATUS
1671140711385 inf [network] > tt.ttmgr.tt_9.t600778999 TOURNAMENT:PAYOUTS
1671140711578 inf [network] < prefs TIME:GET
1671140711641 inf [network] > prefs TIME:GET_OK
1671140713542 inf [network] > tt.ttmgr.tt_9.t600778999 TOURNAMENT:STATUS
1671140713827 inf [network] > tt.ttmgr.tt_9.t600778999 FILTERLIST:SET
1671140713834 inf [router] Navigate: wam://table?tblid=1&scene=2
1671140713836 inf [router] Navigation done: wam://table?tblid=1&scene=2
1671140713953 inf [network] > tt.ttmgr.tt_9.t600778999 TOURNAMENT:PAYOUTS
1671140714415 inf [network] > tt.ttmgr.tt_9.t600779659 TOURNAMENT:STATUS
1671140715720 inf [network] > tt.ttmgr.tt_9.t600778999 TOURNAMENT:STATUS
1671140716529 inf [network] > tt.ttmgr.tt_9.t600779659 TOURNAMENT:PAYOUTS
1671140716655 inf [network] > tt.ttmgr.tt_9.t600779659 TOURNAMENT:STATUS
1671140717220 inf [network] > tt.ttmgr.tt_9.t600778999 TOURNAMENT:PAYOUTS
1671140717843 inf [network] > tt.ttmgr.tt_9.t600778999 TOURNAMENT:STATUS
1671140718803 inf [router] Navigate: wam://table?tblid=2&scene=2
1671140718806 inf [router] Navigation done: wam://table?tblid=2&scene=2
1671140719314 inf [network] > tt.ttmgr.tt_9.t600779659 TOURNAMENT:STATUS
1671140719402 inf [network] > tt.ttmgr.tt_9.t600778999 TOURNAMENT:PAYOUTS
1671140719938 inf [network] > tt.ttmgr.tt_9.t600778999 TOURNAMENT:STATUS
1671140721494 inf [network] > tt.ttmgr.tt_9.t600779659 TOURNAMENT:STATUS
1671140721582 inf [network] < prefs TIME:GET
1671140721810 inf [network] > prefs TIME:GET_OK
1671140721812 inf [network] > tt.ttmgr.tt_9.t600778999 TOURNAMENT:PAYOUTS
1671140722548 inf [network] > tt.ttmgr.tt_9.t600778999 TOURNAMENT:STATUS
1671140723809 inf [network] > tt.ttmgr.tt_9.t600778999 FILTERLIST:SET
1671140724165 inf [network] > tt.ttmgr.tt_9.t600778999 TOURNAMENT:PAYOUTS
1671140724595 inf [network] > tt.tamgr.tt_91.t49173 TABLE:ACTION_INFO
1671140724596 inf [network] > tt.tamgr.tt_91.t49173 TABLE:PREACTION_LIST
1671140724597 inf [table] 1 tt.tamgr.tt_91.t49173 action fold login="Pet2Fouf"
1671140725298 inf [network] > tt.ttmgr.tt_9.t600778999 TOURNAMENT:STATUS
1671140726379 inf [network] > tt.ttmgr.tt_9.t600778999 TOURNAMENT:PAYOUTS
1671140727498 inf [network] > tt.ttmgr.tt_9.t600778999 TOURNAMENT:STATUS
1671140728374 inf [network] > tt.tamgr.tt_91.t49173 TABLE:ACTION_INFO
1671140728376 inf [network] > tt.tamgr.tt_91.t49173 TABLE:ACTIONSET
1671140728378 inf [table] 1 tt.tamgr.tt_91.t49173 action fold login="max la frist" amount="500"
1671140728797 inf [network] > tt.ttmgr.tt_9.t600778999 TOURNAMENT:PAYOUTS
1671140730171 inf [network] > tt.ttmgr.tt_9.t600778999 TOURNAMENT:STATUS
1671140731094 inf [network] > tt.ttmgr.tt_9.t600778999 TOURNAMENT:PAYOUTS
1671140731595 inf [network] < prefs TIME:GET
1671140731636 inf [network] > prefs TIME:GET_OK
1671140732263 inf [network] > tt.ttmgr.tt_9.t600778999 TOURNAMENT:STATUS
1671140732285 inf [network] > wam.general.t1 CHATROOM:POST_INFO
1671140733377 inf [network] > tt.ttmgr.tt_9.t600778999 TOURNAMENT:PAYOUTS
1671140733790 inf [network] > tt.ttmgr.tt_9.t600778999 FILTERLIST:SET
1671140734398 inf [network] > tt.ttmgr.tt_9.t600778999 TOURNAMENT:STATUS
1671140734444 inf [network] > wam.general.t1 CHATROOM:POST_INFO
1671140734596 inf [network] > tt.ttmgr.tt_9.t600779659 TOURNAMENT:STATUS
1671140734658 inf [router] Navigate: wam://table?tblid=1&scene=2
1671140734660 inf [router] Navigation done: wam://table?tblid=1&scene=2
1671140734766 inf [network] < tt.tamgr.tt_91.t49173 TABLE:ACTION
1671140734800 inf [network] > tt.tamgr.tt_91.t49173 TABLE:ACTION_OK
1671140734803 inf [network] > tt.tamgr.tt_91.t49173 TABLE:ACTION_INFO
1671140734813 inf [table] 1 tt.tamgr.tt_91.t49173 action fold login="YL_ML_GL_42" amount="1000"
1671140735396 inf [network] > tt.ttmgr.tt_9.t600778999 TOURNAMENT:PAYOUTS
1671140735507 inf [network] > tt.tamgr.tt_92.t49332 TABLE:CHAT_INFO
1671140735510 inf [network] > tt.tamgr.tt_92.t49332 TABLE:STATUS
1671140736165 inf [network] > tt.tamgr.tt_91.t49173 TABLE:ACTION_INFO
1671140736166 inf [network] > tt.tamgr.tt_91.t49173 TABLE:STATUS
1671140736167 inf [table] 1 tt.tamgr.tt_91.t49173 action call login="tASlanus" amount="3482"
1671140737017 inf [network] > tt.ttmgr.tt_9.t600778999 TOURNAMENT:STATUS
1671140737496 inf [network] > tt.ttmgr.tt_9.t600779659 TOURNAMENT:STATUS
1671140737585 inf [network] > tt.ttmgr.tt_9.t600778999 TOURNAMENT:PAYOUTS
1671140737703 inf [network] > tt.tamgr.tt_91.t49173 TABLE:STATUS
1671140737705 inf [table] 1 tt.tamgr.tt_91.t49173 round flop board="5c,8d,Qd" pot="9424" totalPot="0"
1671140738957 inf [network] > tt.ttmgr.tt_9.t600779659 TOURNAMENT:PAYOUTS
1671140739237 inf [network] > tt.tamgr.tt_91.t49173 TABLE:STATUS
1671140739239 inf [table] 1 tt.tamgr.tt_91.t49173 round turn board="5c,8d,Qd,3c" pot="9424" totalPot="0"
1671140739453 inf [network] > tt.ttmgr.tt_9.t600778999 TOURNAMENT:STATUS
1671140739900 inf [network] > tt.ttmgr.tt_9.t600779659 TOURNAMENT:STATUS
1671140740191 inf [network] > tt.ttmgr.tt_9.t600778999 TOURNAMENT:PAYOUTS
1671140740734 inf [network] > tt.tamgr.tt_91.t49173 TABLE:STATUS
1671140740735 inf [table] 1 tt.tamgr.tt_91.t49173 round river board="5c,8d,Qd,3c,8c" pot="9424" totalPot="0"
1671140741602 inf [network] < prefs TIME:GET
1671140741636 inf [network] > prefs TIME:GET_OK
1671140742311 inf [network] > tt.tamgr.tt_91.t49173 TABLE:RESULT
1671140742313 inf [network] > tt.tamgr.tt_91.t49173 TRACKER:GET_INFO
1671140742315 inf [table] 1 tt.tamgr.tt_91.t49173 showdown login="tASlanus" cards="Kc,Kh" board="5c,8d,Qd,3c,8c"
1671140742315 inf [table] 1 tt.tamgr.tt_91.t49173 showdown login="Levadriel" cards="Ad,9c" board="5c,8d,Qd,3c,8c"
1671140742316 inf [table] 1 tt.tamgr.tt_91.t49173 gain login="tASlanus" amount="9424"
1671140742319 inf [network] > tt.ttmgr.tt_9.t600778999 TOURNAMENT:STATUS
1671140742385 inf [network] > tt.ttmgr.tt_9.t600778999 TOURNAMENT:PAYOUTS
1671140743623 inf [network] > tt.ttmgr.tt_9.t600779659 TOURNAMENT:STATUS
1671140743625 inf [network] > tt.ttmgr.tt_9.t600779659 TOURNAMENT:PAYOUTS
1671140743850 inf [network] > tt.ttmgr.tt_9.t600778999 FILTERLIST:SET
1671140744299 inf [network] > tt.tamgr.tt_91.t49173 TABLE:STATUS
1671140744301 inf [network] > tt.tamgr.tt_91.t49173 TABLE:CHAT_INFO
1671140744304 inf [network] > tt.tamgr.tt_91.t49173 TABLE:CHAT_INFO
1671140744859 inf [network] > tt.ttmgr.tt_9.t600778999 TOURNAMENT:STATUS
1671140744860 inf [network] > tt.ttmgr.tt_9.t600778999 TOURNAMENT:PAYOUTS
1671140745722 inf [network] > tt.ttmgr.tt_9.t600779659 TOURNAMENT:STATUS
1671140746254 inf [network] > tt.tamgr.tt_91.t49173 TABLE:POST_INFO
1671140746256 inf [network] > tt.tamgr.tt_91.t49173 TABLE:POST_INFO
1671140746257 inf [network] > tt.tamgr.tt_91.t49173 TABLE:POST_INFO
1671140746258 inf [table] 1 tt.tamgr.tt_91.t49173 hand 2580328987507032074-52-1671140746
1671140746258 inf [table] 1 tt.tamgr.tt_91.t49173 action AN+SB login="YL_ML_GL_42" amount="620"
1671140746259 inf [table] 1 tt.tamgr.tt_91.t49173 action AN+BB login="tASlanus" amount="1120"
1671140746260 inf [table] 1 tt.tamgr.tt_91.t49173 action AN login="Humboldt 1" amount="120"
1671140746279 inf [network] > tt.tamgr.tt_91.t49173 TABLE:POST_INFO
1671140746280 inf [network] > tt.tamgr.tt_91.t49173 TABLE:POST_INFO
1671140746281 inf [network] > tt.tamgr.tt_91.t49173 TABLE:POST_INFO
1671140746281 inf [network] > tt.tamgr.tt_91.t49173 TABLE:POST_INFO
1671140746282 inf [network] > tt.tamgr.tt_91.t49173 TABLE:CARDS
1671140746283 inf [network] > tt.tamgr.tt_91.t49173 TABLE:STATUS
1671140746283 inf [network] > tt.tamgr.tt_91.t49173 TABLE:PREACTION_LIST
1671140746284 inf [table] 1 tt.tamgr.tt_91.t49173 action AN login="JAVITO-MARIN" amount="120"
1671140746285 inf [table] 1 tt.tamgr.tt_91.t49173 action AN login="Pet2Fouf" amount="120"
1671140746285 inf [table] 1 tt.tamgr.tt_91.t49173 action AN login="max la frist" amount="120"
1671140746286 inf [table] 1 tt.tamgr.tt_91.t49173 action AN login="Djimcroque" amount="120"
1671140746287 inf [table] 1 tt.tamgr.tt_91.t49173 cards login="YL_ML_GL_42" Ad,6c
1671140746288 inf [table] 1 tt.tamgr.tt_91.t49173 round pre-flop pot="840" totalPot="2340"
1671140746936 inf [network] > tt.ttmgr.tt_9.t600778999 TOURNAMENT:PAYOUTS
1671140747430 inf [network] > tt.ttmgr.tt_9.t600778999 TOURNAMENT:STATUS
1671140748970 inf [network] > tt.tamgr.tt_91.t49173 TABLE:ACTION_INFO
1671140748972 inf [network] > tt.tamgr.tt_91.t49173 TABLE:PREACTION_LIST
1671140748974 inf [table] 1 tt.tamgr.tt_91.t49173 action raise login="Djimcroque" amount="3000"
1671140749127 inf [network] > tt.ttmgr.tt_9.t600778999 TOURNAMENT:PAYOUTS
1671140749993 inf [network] > tt.ttmgr.tt_9.t600778999 TOURNAMENT:STATUS
1671140749995 inf [network] > tt.ttmgr.tt_9.t600779659 TOURNAMENT:STATUS
1671140751392 inf [network] > tt.ttmgr.tt_9.t600778999 TOURNAMENT:PAYOUTS
1671140751611 inf [network] < prefs TIME:GET
1671140751706 inf [network] > prefs TIME:GET_OK
1671140752463 inf [network] > tt.ttmgr.tt_9.t600778999 TOURNAMENT:STATUS
1671140752465 inf [network] > tt.ttmgr.tt_9.t600779659 TOURNAMENT:STATUS
1671140753596 inf [network] > tt.ttmgr.tt_9.t600778999 TOURNAMENT:PAYOUTS
1671140753859 inf [network] > tt.ttmgr.tt_9.t600778999 FILTERLIST:SET
1671140754596 inf [network] > wam.general.t1 CHATROOM:POST_INFO
1671140754634 inf [network] > tt.ttmgr.tt_9.t600779659 TOURNAMENT:STATUS
1671140754918 inf [router] Navigate: wam://table?tblid=2&scene=2
1671140754919 inf [router] Navigation done: wam://table?tblid=2&scene=2
1671140755141 inf [network] > wam.general.t1 CHATROOM:POST_INFO
1671140755313 inf [network] > tt.ttmgr.tt_9.t600778999 TOURNAMENT:STATUS
1671140755550 inf [network] > tt.tamgr.tt_92.t49332 TABLE:ACTION_INFO
1671140755551 inf [network] > tt.tamgr.tt_92.t49332 TABLE:ACTIONSET
1671140755552 inf [table] 2 tt.tamgr.tt_92.t49332 action fold login="sKKiPy"
1671140755809 inf [network] > tt.ttmgr.tt_9.t600778999 TOURNAMENT:PAYOUTS
1671140756991 inf [network] > tt.ttmgr.tt_9.t600779659 TOURNAMENT:STATUS
1671140757426 inf [network] > tt.ttmgr.tt_9.t600778999 TOURNAMENT:STATUS
1671140758400 inf [network] > tt.ttmgr.tt_9.t600778999 TOURNAMENT:PAYOUTS
1671140759288 inf [router] Navigate: wam://table?tblid=2&scene=2
1671140759290 inf [router] Navigation done: wam://table?tblid=2&scene=2
1671140759320 inf [network] < tt.tamgr.tt_92.t49332 TABLE:ACTION
1671140759367 inf [network] > tt.tamgr.tt_92.t49332 TABLE:ACTION_OK
1671140759368 inf [network] > tt.tamgr.tt_92.t49332 TABLE:ACTION_INFO
1671140759369 inf [network] > tt.tamgr.tt_92.t49332 TABLE:ACTION_INFO
1671140759370 inf [network] > tt.tamgr.tt_92.t49332 TABLE:ACTION_INFO
1671140759372 inf [table] 2 tt.tamgr.tt_92.t49332 action raise login="YL_ML_GL_42" amount="600"
1671140759373 inf [table] 2 tt.tamgr.tt_92.t49332 action fold login="Omar.Sy"
1671140759375 inf [table] 2 tt.tamgr.tt_92.t49332 action fold login="Maner33600"
1671140759717 inf [network] > tt.ttmgr.tt_9.t600778999 TOURNAMENT:STATUS
1671140760837 inf [network] > tt.ttmgr.tt_9.t600778999 TOURNAMENT:PAYOUTS
1671140761288 inf [network] > tt.ttmgr.tt_9.t600779659 TOURNAMENT:PAYOUTS
1671140761290 inf [network] > tt.ttmgr.tt_9.t600779659 TOURNAMENT:STATUS
1671140761497 inf [network] > tt.tamgr.tt_91.t49173 TABLE:ACTION_INFO
1671140761499 inf [network] > tt.tamgr.tt_91.t49173 TABLE:PREACTION_LIST
1671140761501 inf [table] 1 tt.tamgr.tt_91.t49173 action fold login="Humboldt 1"
1671140761609 inf [network] < prefs TIME:GET
1671140761743 inf [network] > prefs TIME:GET_OK
1671140761916 inf [network] > tt.ttmgr.tt_9.t600778999 TOURNAMENT:STATUS
1671140762154 inf [network] > tt.tamgr.tt_92.t49332 TABLE:ACTION_INFO
1671140762155 inf [table] 2 tt.tamgr.tt_92.t49332 action fold login="Sankukai1970" amount="100"
1671140763205 inf [network] > tt.ttmgr.tt_9.t600778999 TOURNAMENT:PAYOUTS
1671140763423 inf [network] > tt.ttmgr.tt_9.t600779659 TOURNAMENT:STATUS
1671140763882 inf [network] > tt.ttmgr.tt_9.t600778999 FILTERLIST:SET
1671140764424 inf [network] > tt.ttmgr.tt_9.t600778999 TOURNAMENT:STATUS
1671140765426 inf [network] > tt.ttmgr.tt_9.t600778999 TOURNAMENT:PAYOUTS
1671140767400 inf [network] > tt.ttmgr.tt_9.t600778999 TOURNAMENT:STATUS
1671140767809 inf [network] > tt.ttmgr.tt_9.t600778999 TOURNAMENT:PAYOUTS
1671140768114 inf [network] > tt.tamgr.tt_91.t49173 TABLE:ACTION_INFO
1671140768116 inf [network] > tt.tamgr.tt_91.t49173 TABLE:PREACTION_LIST
1671140768118 inf [table] 1 tt.tamgr.tt_91.t49173 action fold login="JAVITO-MARIN"
1671140769632 inf [network] > tt.ttmgr.tt_9.t600778999 TOURNAMENT:STATUS
1671140770060 inf [network] > tt.ttmgr.tt_9.t600778999 TOURNAMENT:PAYOUTS
1671140771083 inf [network] > wam.general.t1 CHATROOM:POST_INFO
1671140771627 inf [network] < prefs TIME:GET
1671140771686 inf [network] > prefs TIME:GET_OK
1671140772025 inf [network] > tt.tamgr.tt_91.t49173 TABLE:ACTION_INFO
1671140772026 inf [network] > tt.tamgr.tt_91.t49173 TABLE:PREACTION_LIST
1671140772028 inf [table] 1 tt.tamgr.tt_91.t49173 action fold login="Pet2Fouf"
1671140772325 inf [network] > tt.ttmgr.tt_9.t600778999 TOURNAMENT:STATUS
1671140772459 inf [network] > tt.ttmgr.tt_9.t600778999 TOURNAMENT:PAYOUTS
1671140773856 inf [network] > tt.ttmgr.tt_9.t600778999 FILTERLIST:SET
1671140776677 inf [network] > tt.ttmgr.tt_9.t600778999 TOURNAMENT:STATUS
1671140777866 inf [network] > tt.ttmgr.tt_9.t600778999 TOURNAMENT:PAYOUTS
1671140778407 inf [network] > tt.ttmgr.tt_9.t600779659 TOURNAMENT:STATUS
1671140778865 inf [network] > tt.ttmgr.tt_9.t600778999 TOURNAMENT:STATUS
1671140778916 inf [network] > wam.general.t1 CHATROOM:POST_INFO
1671140779992 inf [network] > tt.ttmgr.tt_9.t600778999 TOURNAMENT:PAYOUTS
1671140780026 inf [network] > tt.tamgr.tt_91.t49173 TABLE:ACTION_INFO
1671140780027 inf [network] > tt.tamgr.tt_91.t49173 TABLE:ACTIONSET
1671140780029 inf [table] 1 tt.tamgr.tt_91.t49173 action call login="max la frist" amount="3000"
1671140781030 inf [network] > tt.ttmgr.tt_9.t600779659 TOURNAMENT:STATUS
1671140781122 inf [network] > tt.ttmgr.tt_9.t600778999 TOURNAMENT:STATUS
1671140781305 inf [network] > tt.tamgr.tt_92.t49332 TABLE:ACTION_INFO
1671140781306 inf [network] > tt.tamgr.tt_92.t49332 TABLE:ACTIONSET
1671140781307 inf [table] 2 tt.tamgr.tt_92.t49332 action raise login="bzh56800" amount="1800"
1671140781626 inf [network] < prefs TIME:GET
1671140781675 inf [network] > prefs TIME:GET_OK
1671140782249 inf [router] Navigate: wam://table?tblid=1&scene=2
1671140782250 inf [router] Navigation done: wam://table?tblid=1&scene=2
1671140782565 inf [network] > tt.ttmgr.tt_9.t600778999 TOURNAMENT:PAYOUTS
1671140783054 inf [network] < tt.tamgr.tt_91.t49173 TABLE:ACTION
1671140783162 inf [network] > tt.tamgr.tt_91.t49173 TABLE:ACTION_OK
1671140783164 inf [network] > tt.tamgr.tt_91.t49173 TABLE:ACTION_INFO
1671140783165 inf [network] > tt.tamgr.tt_91.t49173 TABLE:ACTION_INFO
1671140783167 inf [table] 1 tt.tamgr.tt_91.t49173 action raise login="YL_ML_GL_42" amount="18760"
1671140783169 inf [table] 1 tt.tamgr.tt_91.t49173 action fold login="tASlanus" amount="1000"
1671140783355 inf [network] > tt.ttmgr.tt_9.t600778999 TOURNAMENT:STATUS
1671140783881 inf [network] > tt.ttmgr.tt_9.t600778999 FILTERLIST:SET
1671140784156 inf [router] Navigate: wam://table?tblid=2&scene=2
1671140784158 inf [router] Navigation done: wam://table?tblid=2&scene=2
1671140785216 inf [network] > tt.ttmgr.tt_9.t600778999 TOURNAMENT:PAYOUTS
1671140785835 inf [network] > tt.ttmgr.tt_9.t600778999 TOURNAMENT:STATUS
1671140786679 inf [network] < tt.tamgr.tt_92.t49332 TABLE:ACTION
1671140786739 inf [network] > tt.tamgr.tt_92.t49332 TABLE:ACTION_OK
1671140786741 inf [network] > tt.tamgr.tt_92.t49332 TABLE:ACTION_INFO
1671140786744 inf [table] 2 tt.tamgr.tt_92.t49332 action raise login="YL_ML_GL_42" amount="19975"
1671140787325 inf [network] > tt.ttmgr.tt_9.t600778999 TOURNAMENT:PAYOUTS
1671140787881 inf [network] > tt.tamgr.tt_91.t49173 TABLE:ACTION_INFO
1671140787886 inf [table] 1 tt.tamgr.tt_91.t49173 action raise login="Djimcroque" amount="45950"
1671140788337 inf [network] > tt.ttmgr.tt_9.t600778999 TOURNAMENT:STATUS
1671140789926 inf [network] > tt.tamgr.tt_92.t49332 TABLE:ACTION_INFO
1671140789929 inf [network] > tt.tamgr.tt_92.t49332 TABLE:STATUS
1671140789930 inf [table] 2 tt.tamgr.tt_92.t49332 action call login="bzh56800" amount="19975"
1671140790246 inf [network] > tt.ttmgr.tt_9.t600778999 TOURNAMENT:PAYOUTS
1671140790968 inf [network] > tt.ttmgr.tt_9.t600778999 TOURNAMENT:STATUS
1671140791438 inf [network] > tt.tamgr.tt_92.t49332 TABLE:CARDS
1671140791439 inf [network] > tt.tamgr.tt_92.t49332 TABLE:STATUS
1671140791442 inf [table] 2 tt.tamgr.tt_92.t49332 round flop board="Jd,5h,Jh" pot="40200" totalPot="0"
1671140791638 inf [network] < prefs TIME:GET
1671140791677 inf [network] > prefs TIME:GET_OK
1671140792586 inf [network] > wam.general.t1 CHATROOM:POST_INFO
1671140792918 inf [network] > tt.tamgr.tt_92.t49332 TABLE:CARDS
1671140792919 inf [network] > tt.tamgr.tt_92.t49332 TABLE:STATUS
1671140792922 inf [table] 2 tt.tamgr.tt_92.t49332 round turn board="Jd,5h,Jh,2d" pot="40200" totalPot="0"
1671140793904 inf [network] > tt.ttmgr.tt_9.t600778999 FILTERLIST:SET
1671140793906 inf [network] > tt.ttmgr.tt_9.t600778999 TOURNAMENT:STATUS
1671140793907 inf [network] > tt.ttmgr.tt_9.t600778999 TOURNAMENT:PAYOUTS
1671140794110 inf [network] > tt.tamgr.tt_91.t49173 TABLE:STATUS
1671140794405 inf [network] > tt.tamgr.tt_92.t49332 TABLE:CARDS
1671140794407 inf [network] > tt.tamgr.tt_92.t49332 TABLE:STATUS
1671140794409 inf [table] 2 tt.tamgr.tt_92.t49332 round river board="Jd,5h,Jh,2d,Js" pot="40200" totalPot="0"
1671140795584 inf [network] > wam.general.t1 CHATROOM:POST_INFO
1671140795747 inf [network] > tt.tamgr.tt_91.t49173 TABLE:ACTION_INFO
1671140795748 inf [network] > tt.tamgr.tt_91.t49173 TABLE:STATUS
1671140795749 inf [table] 1 tt.tamgr.tt_91.t49173 action fold login="max la frist" amount="3000"
1671140795967 inf [network] > tt.tamgr.tt_92.t49332 TABLE:RESULT
1671140795968 inf [network] > tt.tamgr.tt_92.t49332 TRACKER:GET_INFO
1671140795971 inf [table] 2 tt.tamgr.tt_92.t49332 showdown login="bzh56800" cards="Ah,Qc" board="Jd,5h,Jh,2d,Js"
1671140795972 inf [table] 2 tt.tamgr.tt_92.t49332 showdown login="YL_ML_GL_42" cards="8c,Ac" board="Jd,5h,Jh,2d,Js"
1671140795973 inf [table] 2 tt.tamgr.tt_92.t49332 gain login="bzh56800" amount="40200"
1671140796074 inf [network] > tt.ttmgr.tt_9.t600778999 TOURNAMENT:STATUS
1671140796342 inf [network] > tt.ttmgr.tt_9.t600778999 TOURNAMENT:PAYOUTS
1671140797315 inf [network] > tt.tamgr.tt_91.t49173 TABLE:CARDS
1671140797316 inf [network] > tt.tamgr.tt_91.t49173 TABLE:STATUS
1671140797318 inf [table] 1 tt.tamgr.tt_91.t49173 round flop board="9h,7s,8h" pot="69550" totalPot="0"
1671140798016 inf [network] > tt.tamgr.tt_92.t49332 TABLE:STATUS
1671140798017 inf [network] > tt.tamgr.tt_92.t49332 TABLE:CHAT_INFO
1671140798019 inf [network] > tt.ttmgr.tt_9.t600778999 TRACKER:GET_INFO
1671140798019 inf [network] > tt.tamgr.tt_92.t49332 TABLE:CHAT_INFO
1671140798020 inf [network] > tt.ttmgr.tt_9.t600778999 TOURNAMENT:RESULT
1671140798021 inf [network] > prefs GAMESTATS:INFO
1671140798350 inf [network] > tt.ttmgr.tt_9.t600778999 TOURNAMENT:STATUS
1671140798833 inf [network] > tt.tamgr.tt_91.t49173 TABLE:CARDS
1671140798834 inf [network] > tt.tamgr.tt_91.t49173 TABLE:STATUS
1671140798851 inf [table] 1 tt.tamgr.tt_91.t49173 round turn board="9h,7s,8h,Qh" pot="69550" totalPot="0"
1671140798947 inf [network] > tt.tamgr.tt_92.t49332 TABLE:STATUS
1671140798984 inf [network] > subscriptions FILTERLIST:SET
1671140799045 inf [network] > tt.ttmgr.tt_9.t600778999 TOURNAMENT:PAYOUTS
1671140799970 inf [network] > tt.tamgr.tt_92.t49332 TABLE:POST_INFO
1671140799973 inf [table] 2 tt.tamgr.tt_92.t49332 hand 2580326152828616745-2-1671140800
1671140799973 inf [table] 2 tt.tamgr.tt_92.t49332 action AN+SB login="bzh56800" amount="125"
1671140799991 inf [network] > tt.tamgr.tt_92.t49332 TABLE:POST_INFO
1671140799992 inf [network] > tt.tamgr.tt_92.t49332 TABLE:POST_INFO
1671140799994 inf [network] > tt.tamgr.tt_92.t49332 TABLE:POST_INFO
1671140799994 inf [network] > tt.tamgr.tt_92.t49332 TABLE:POST_INFO
1671140799995 inf [network] > tt.tamgr.tt_92.t49332 TABLE:POST_INFO
1671140799996 inf [network] > tt.tamgr.tt_92.t49332 TABLE:STATUS
1671140799997 inf [table] 2 tt.tamgr.tt_92.t49332 action AN+BB login="sKKiPy" amount="225"
1671140799998 inf [table] 2 tt.tamgr.tt_92.t49332 action AN login="Elparino84" amount="25"
1671140799998 inf [table] 2 tt.tamgr.tt_92.t49332 action AN login="Omar.Sy" amount="25"
1671140799999 inf [table] 2 tt.tamgr.tt_92.t49332 action AN login="Maner33600" amount="25"
1671140800000 inf [table] 2 tt.tamgr.tt_92.t49332 action AN login="Sankukai1970" amount="25"
1671140800001 inf [table] 2 tt.tamgr.tt_92.t49332 round pre-flop pot="150" totalPot="450"
1671140800344 inf [network] > tt.tamgr.tt_91.t49173 TABLE:CARDS
1671140800345 inf [network] > tt.tamgr.tt_91.t49173 TABLE:STATUS
1671140800347 inf [table] 1 tt.tamgr.tt_91.t49173 round river board="9h,7s,8h,Qh,Kc" pot="69550" totalPot="0"
1671140800541 inf [router] Navigate: wam://popup?type=tournament-reentry&ttid=3
1671140800542 inf [router] Navigation done: wam://popup?type=tournament-reentry&ttid=3
1671140800916 inf [network] > tt.ttmgr.tt_9.t600778999 TOURNAMENT:STATUS
1671140801081 inf [network] > tt.tamgr.tt_92.t49332 TABLE:CHAT_INFO
1671140801083 inf [network] > tt.tamgr.tt_92.t49332 TABLE:STATUS
1671140801349 inf [network] > tt.ttmgr.tt_9.t600778999 TOURNAMENT:PAYOUTS
1671140801647 inf [network] < prefs TIME:GET
1671140801705 inf [network] > prefs TIME:GET_OK
1671140801831 inf [network] > tt.tamgr.tt_91.t49173 TABLE:RESULT
1671140801832 inf [network] > tt.tamgr.tt_91.t49173 TRACKER:GET_INFO
1671140801834 inf [table] 1 tt.tamgr.tt_91.t49173 showdown login="YL_ML_GL_42" cards="Ad,6c" board="9h,7s,8h,Qh,Kc"
1671140801835 inf [table] 1 tt.tamgr.tt_91.t49173 showdown login="Djimcroque" cards="Jc,Jh" board="9h,7s,8h,Qh,Kc"
1671140801835 inf [table] 1 tt.tamgr.tt_91.t49173 gain login="Djimcroque" amount="69550"
1671140803016 inf [network] > tt.tamgr.tt_92.t49332 TABLE:SITIN_INFO
1671140803454 inf [network] > tt.ttmgr.tt_9.t600778999 TOURNAMENT:STATUS
1671140803755 inf [network] > tt.ttmgr.tt_9.t600778999 TOURNAMENT:PAYOUTS
1671140803840 inf [network] > tt.ttmgr.tt_9.t600779659 TOURNAMENT:STATUS
1671140803843 inf [network] > tt.tamgr.tt_91.t49173 TABLE:STATUS
1671140803845 inf [network] > tt.tamgr.tt_91.t49173 TABLE:CHAT_INFO
1671140803849 inf [network] > tt.ttmgr.tt_9.t600779659 TRACKER:GET_INFO
1671140803850 inf [network] > tt.tamgr.tt_91.t49173 TABLE:CHAT_INFO
1671140803850 inf [network] > tt.ttmgr.tt_9.t600779659 TOURNAMENT:RESULT
1671140803895 inf [network] > tt.ttmgr.tt_9.t600778999 FILTERLIST:SET
1671140803897 inf [network] > prefs GAMESTATS:INFO
1671140803898 inf [network] > prefs NOTIFICATION:POST_INFO
1671140803994 inf [network] > subscriptions FILTERLIST:UPDATE
1671140804466 inf [router] Navigate: wam://popup?type=tournament-result&ttid=3
1671140804467 inf [router] Navigation done: wam://popup?type=tournament-result&ttid=3
1671140804704 inf [network] > wam.general.t1 CHATROOM:POST_INFO
1671140805939 inf [network] > tt.tamgr.tt_91.t49173 TABLE:POST_INFO
1671140805940 inf [table] 1 tt.tamgr.tt_91.t49173 hand 2580328987507032074-53-1671140806
1671140805940 inf [table] 1 tt.tamgr.tt_91.t49173 action AN+SB login="tASlanus" amount="740"
1671140805941 inf [network] > tt.tamgr.tt_91.t49173 TABLE:POST_INFO
1671140805942 inf [network] > tt.tamgr.tt_91.t49173 TABLE:POST_INFO
1671140805943 inf [network] > tt.tamgr.tt_91.t49173 TABLE:POST_INFO
1671140805944 inf [network] > tt.tamgr.tt_91.t49173 TABLE:POST_INFO
1671140805944 inf [network] > tt.tamgr.tt_91.t49173 TABLE:POST_INFO
1671140805945 inf [network] > tt.tamgr.tt_91.t49173 TABLE:POST_INFO
1671140805947 inf [network] > tt.tamgr.tt_91.t49173 TABLE:STATUS
1671140805947 inf [table] 1 tt.tamgr.tt_91.t49173 action AN+BB login="Djimcroque" amount="1340"
1671140805949 inf [table] 1 tt.tamgr.tt_91.t49173 action AN login="Humboldt 1" amount="140"
1671140805949 inf [table] 1 tt.tamgr.tt_91.t49173 action AN login="JAVITO-MARIN" amount="140"
1671140805950 inf [table] 1 tt.tamgr.tt_91.t49173 action AN login="jean2525s" amount="140"
1671140805951 inf [table] 1 tt.tamgr.tt_91.t49173 action AN login="Pet2Fouf" amount="140"
1671140805952 inf [table] 1 tt.tamgr.tt_91.t49173 action AN login="max la frist" amount="140"
1671140805953 inf [table] 1 tt.tamgr.tt_91.t49173 round pre-flop pot="980" totalPot="2780"
1671140805993 inf [network] > tt.ttmgr.tt_9.t600778999 TOURNAMENT:PAYOUTS
1671140806305 inf [router] Execute: wam://playground-close?id=1
1671140806312 inf [router] Execution done: wam://playground-close?id=1
1671140806313 inf [router] Execute: wam://table-close?tblid=1
1671140806314 inf [router] Execution done: wam://table-close?tblid=1
1671140806315 inf [router] Execute: wam://table-close?tblid=2
1671140806315 inf [router] Execution done: wam://table-close?tblid=2
1671140806317 inf [network] < tt.tamgr.tt_92.t49332 TABLE:LEAVE
1671140806318 inf [network] Leaving channel tt.tamgr.tt_92.t49332
1671140806319 inf [network] < tt.tamgr.tt_91.t49173 TABLE:LEAVE
1671140806319 inf [network] Leaving channel tt.tamgr.tt_91.t49173
1671140806322 inf [router] Execute: wam://playground-close?id=1&scene=2
1671140806322 inf [router] Execution done: wam://playground-close?id=1&scene=2
1671140806973 inf [router] Navigate: wam://popup?type=tournament-result&ttid=2
1671140806978 inf [router] Navigation done: wam://popup?type=tournament-result&ttid=2
1671140806981 inf [network] > tt.ttmgr.tt_9.t600778999 TOURNAMENT:STATUS
1671140806984 inf [network] > tt.tamgr.tt_92.t49332 TABLE:ACTION_INFO
1671140806987 inf [network] > tt.ttmgr.tt_9.t600779659 TOURNAMENT:STATUS
1671140806990 inf [network] Registering channel tt.tamgr.tt_91.t49173
1671140807013 inf [network] < tt.tamgr.tt_91.t49173 TABLE:JOIN
1671140807077 inf [network] > tt.tamgr.tt_91.t49173 TABLE:JOIN_OK
1671140807079 inf [table] 3 tt.tamgr.tt_91.t49173 hand 2580328987507032074-53-1671140806
1671140807080 inf [table] 3 tt.tamgr.tt_91.t49173 round pre-flop pot="980" totalPot="2780"
1671140807089 inf [network] > tt.tamgr.tt_91.t49173 CHATROOM:JOIN_OK
1671140808375 inf [network] > tt.ttmgr.tt_9.t600778999 TOURNAMENT:PAYOUTS
1671140808377 inf [network] > tt.ttmgr.tt_9.t600778999 TOURNAMENT:STATUS
1671140809063 inf [router] Execute: wam://tournament-close?ttid=2
1671140809065 inf [router] Execution done: wam://tournament-close?ttid=2
1671140809065 inf [router] Execute: wam://tournament-close?ttid=3
1671140809067 inf [router] Execution done: wam://tournament-close?ttid=3
1671140809067 inf [network] < tt.ttmgr.tt_9.t600778999 TOURNAMENT:LEAVE
1671140809068 inf [network] Leaving channel tt.ttmgr.tt_9.t600778999
1671140809068 inf [network] Registering channel tt.ttmgr.tt_9.t600778999
1671140809069 inf [network] < tt.ttmgr.tt_9.t600778999 FILTERLIST:DELETE
1671140809232 inf [app] Exit
1671140809239 inf [tracker] Closed
1671140809251 inf [network] Registering channel subscriptions
1671140809252 inf [network] Registering channel tt.ttmgr.tt_9.t600779659
1671140809253 inf [network] Leaving channel tt.ttmgr.tt_9.t600779659
1671140809255 inf [network] Registering channel tt.tamgr.tt_91.t49173
1671140809256 inf [network] Leaving channel tt.tamgr.tt_91.t49173
