1672910289012 inf [app] Launch
1672910289050 inf [scene] Bridge initialize
1672910289061 inf [scene] Scene open
1672910289066 inf [scene.1] Scene create
1672910289079 inf [scene.1] Scene loading
1672910289085 inf [app] Checking for update
1672910289308 inf [app] Update for version 1.26.3 is not available (latest version: 1.26.3, downgrade is disallowed).
1672910289495 inf [scene.1] Browser loaded
1672910289503 inf [scene.1] Scene bridge loaded
1672910289546 inf [tracker] Listening on port: 8003
1672910291166 inf [api] < Service core/authentication/token/generate
1672910291167 inf [network] > Http https://wapi.winamax.fr/core/authentication/token/generate post
1672910291315 inf [network] > Http https://wapi.winamax.fr/core/authentication/token/generate ok
1672910291317 inf [api] > Service core/authentication/token/generate
1672910291318 inf [api] < Service poker/public/config/preauth {"client":"poker","application":"desktop","opid":"wam","device":"electron","ver":"1.26.3.1671552372","os":"win32","cid":"b94b276db79aabbcbfbe64cabbfea685"}
1672910291319 inf [network] > Http https://api.winamax.fr/poker/public/config/preauth?client=poker&application=desktop&opid=wam&device=electron&ver=1.26.3.1671552372&os=win32&cid=b94b276db79aabbcbfbe64cabbfea685 get
1672910291621 inf [network] > Http https://api.winamax.fr/poker/public/config/preauth?client=poker&application=desktop&opid=wam&device=electron&ver=1.26.3.1671552372&os=win32&cid=b94b276db79aabbcbfbe64cabbfea685 ok
1672910291623 inf [api] > Service poker/public/config/preauth {"core":{"type":"wss","retry":{"count":3,"timeout":10000,"delay":2000,"random":1000},"hosts":["wapi.winamax.fr:443/poker/front/ws/websocket"],"enable":true,"zombie":{"duration":45000},"socket":{"sleep":10,"buffer":16384},"monitor":{"interrupted":true}},"features":{"vm":false,"playground":{"threshold":1000},"time":{"duration":10}},"serverstatus":{"status":"up","polling":300,"i18n":{"de_DE":{"title":"","info":"Alle Dienste sind verfügbar"},"fr_FR":{"title":"","info":"Tous les services sont fonctionnels"},"en_GB":{"title":"","info":"All services are operational."},"*":{"title":"","info":"All services are operational."},"en_US":{"title":"","info":"All services are operational."},"es_ES":{"title":"","info":"All services are operational."},"pt_PT":{"title":"","info":"All services are operational."}}},"auth":{"version":2,"timeout":6000,"refresh":{"count":3,"delay":2500}},"updater":{"download":{"delay":120000}},"wspush":{"monitor":{"interrupted":true},"connection":{"timeout":30000,"interval":31000},"request":{"timeout":5000,"retry":{"count":0}}}}
1672910291630 inf [network] Registering channel prefs
1672910291631 inf [network] Enqueuing AUTH:SIGNIN
1672910291632 inf [network] Creating socket wss://wapi.winamax.fr:443/poker/front/ws/websocket
1672910291633 inf [network] Connection status: 1
1672910291781 inf [network] Socket opened
1672910291782 inf [network] Connection status: 2
1672910291783 inf [network] Connection status: 3
1672910291784 inf [network] < prefs AUTH:SIGNIN
1672910291989 inf [network] > prefs AUTH:SIGNIN_OK
1672910291990 inf [network] Connection status: 4
1672910292006 inf [network] < prefs TIME:GET
1672910292006 inf [network] < prefs GAMESTATS:JOIN
1672910292029 inf [network] > prefs NOTIFICATION:POST_INFO
1672910292041 inf [network] > prefs TIME:GET_OK
1672910292049 inf [api] < Service poker/client/prefs
1672910292049 inf [network] > Http https://wapi.winamax.fr/poker/client/prefs post
1672910292100 inf [network] > prefs GAMESTATS:JOIN_OK
1672910292300 inf [network] > Http https://wapi.winamax.fr/poker/client/prefs ok
1672910292301 inf [api] > Service poker/client/prefs
1672910292307 inf [router] Execute: wam://preload-ok
1672910292309 inf [router] Navigate: wam://lobbies
1672910292311 inf [network] > Http https://dl.winamax.fr/client/attr/settings/wam/config.1624292306 get
1672910292312 inf [network] > Http https://dl.winamax.fr/client/attr/settings/wam/ressource.1624283658 get
1672910292314 inf [router] Navigation done: wam://lobbies
1672910292315 inf [router] Execution done: wam://preload-ok
1672910292316 inf [network] Registering channel subscriptions
1672910292317 inf [api] < Service operator/userdata
1672910292318 inf [network] > Http https://wapi.winamax.fr/operator/userdata post
1672910292320 inf [api] < Service operator/winamax-tv/public
1672910292321 inf [network] > Http https://wapi.winamax.fr/operator/winamax-tv/public post
1672910292323 inf [network] < prefs SRM:JOIN
1672910292324 inf [network] < prefs NEWS:GET
1672910292324 inf [network] < prefs DATA:GET
1672910292325 inf [network] < prefs BUDDY:GET
1672910292326 inf [network] < prefs BUDDYROOM:JOIN
1672910292328 inf [network] < prefs TIME:GET
1672910292329 inf [network] < prefs CASHIER:GET
1672910292329 inf [network] < prefs CASHIER:LIST
1672910292330 inf [network] < prefs CASHIER:GET
1672910292330 inf [network] < prefs CASHIER:LIST
1672910292332 inf [network] < subscriptions FILTERLIST:CREATE
1672910292332 inf [network] < subscriptions FILTERLIST:CREATE
1672910292333 inf [network] < subscriptions FILTERLIST:CREATE
1672910292373 inf [network] > prefs SRM:JOIN_OK
1672910292374 inf [network] > prefs TIME:GET_OK
1672910292377 inf [network] > prefs CASHIER:GET_OK
1672910292378 inf [network] > prefs CASHIER:LIST_OK
1672910292388 inf [network] > prefs CASHIER:GET_OK
1672910292401 inf [network] > prefs CASHIER:LIST_OK
1672910292402 inf [network] > prefs BUDDYROOM:JOIN_OK
1672910292403 inf [network] > subscriptions FILTERLIST:CREATE_OK
1672910292404 inf [network] > subscriptions FILTERLIST:SET
1672910292404 inf [network] > subscriptions FILTERLIST:CREATE_OK
1672910292405 inf [network] > subscriptions FILTERLIST:SET
1672910292407 inf [network] > subscriptions FILTERLIST:CREATE_OK
1672910292408 inf [network] > subscriptions FILTERLIST:SET
1672910292410 inf [network] > prefs NEWS:GET_OK
1672910292411 inf [network] > prefs DATA:GET_ERR
1672910292414 inf [network] Registering channel wam.general.t1
1672910292415 inf [network] < wam.general.t1 CHATROOM:JOIN
1672910292451 inf [network] > prefs BUDDY:GET_OK
1672910292454 inf [network] < prefs BUDDYROOM:JOIN
1672910292475 inf [network] > Http https://dl.winamax.fr/client/attr/settings/wam/config.1624292306 ok
1672910292480 inf [network] > wam.general.t1 CHATROOM:JOIN_OK
1672910292482 inf [network] > Http https://dl.winamax.fr/client/attr/settings/wam/ressource.1624283658 ok
1672910292500 inf [network] > prefs BUDDYROOM:JOIN_OK
1672910292518 inf [network] > Http https://wapi.winamax.fr/operator/winamax-tv/public ok
1672910292519 inf [api] > Service operator/winamax-tv/public
1672910292597 inf [network] > Http https://wapi.winamax.fr/operator/userdata ok
1672910292598 inf [api] > Service operator/userdata
1672910294322 inf [api] < Service poker/client/prefs
1672910294322 inf [network] > Http https://wapi.winamax.fr/poker/client/prefs post
1672910294498 inf [network] > Http https://wapi.winamax.fr/poker/client/prefs ok
1672910294498 inf [api] > Service poker/client/prefs
1672910302318 inf [network] < prefs TIME:GET
1672910302364 inf [network] > prefs TIME:GET_OK
1672910306519 inf [router] Navigate: wam://contacts?tab=buddies
1672910306520 inf [router] Navigation done: wam://contacts?tab=buddies
1672910308951 inf [network] < prefs FILTERLIST:FIND
1672910308952 inf [network] < prefs FILTERLIST:FIND
1672910308952 inf [network] < prefs FILTERLIST:FIND
1672910308953 inf [network] < prefs FILTERLIST:FIND
1672910308953 inf [network] < prefs FILTERLIST:FIND
1672910308953 inf [network] < prefs FILTERLIST:FIND
1672910309000 inf [network] > prefs FILTERLIST:FIND_OK
1672910309004 inf [network] > prefs FILTERLIST:FIND_OK
1672910309004 inf [network] > prefs FILTERLIST:FIND_OK
1672910309005 inf [network] > prefs FILTERLIST:FIND_OK
1672910309005 inf [network] > prefs FILTERLIST:FIND_OK
1672910309006 inf [network] > prefs FILTERLIST:FIND_OK
1672910311201 inf [network] < prefs FILTERLIST:FIND
1672910311202 inf [network] < prefs FILTERLIST:FIND
1672910311202 inf [network] < prefs FILTERLIST:FIND
1672910311268 inf [network] > prefs FILTERLIST:FIND_OK
1672910311269 inf [network] > prefs FILTERLIST:FIND_OK
1672910311270 inf [network] > prefs FILTERLIST:FIND_OK
1672910311712 inf [network] < prefs FILTERLIST:FIND
1672910311712 inf [network] < prefs FILTERLIST:FIND
1672910311713 inf [network] < prefs FILTERLIST:FIND
1672910311772 inf [network] > prefs FILTERLIST:FIND_OK
1672910311773 inf [network] > prefs FILTERLIST:FIND_OK
1672910311810 inf [network] > prefs FILTERLIST:FIND_OK
1672910311881 inf [network] < prefs FILTERLIST:FIND
1672910311881 inf [network] < prefs FILTERLIST:FIND
1672910311882 inf [network] < prefs FILTERLIST:FIND
1672910311931 inf [network] > prefs FILTERLIST:FIND_OK
1672910311938 inf [network] > prefs FILTERLIST:FIND_OK
1672910311985 inf [network] > prefs FILTERLIST:FIND_OK
1672910312144 inf [network] < prefs FILTERLIST:FIND
1672910312145 inf [network] < prefs FILTERLIST:FIND
1672910312145 inf [network] < prefs FILTERLIST:FIND
1672910312191 inf [network] > prefs FILTERLIST:FIND_OK
1672910312191 inf [network] > prefs FILTERLIST:FIND_OK
1672910312192 inf [network] > prefs FILTERLIST:FIND_OK
1672910312327 inf [network] < prefs TIME:GET
1672910312328 inf [network] < prefs FILTERLIST:FIND
1672910312329 inf [network] < prefs FILTERLIST:FIND
1672910312329 inf [network] < prefs FILTERLIST:FIND
1672910312387 inf [network] > prefs TIME:GET_OK
1672910312395 inf [network] > prefs FILTERLIST:FIND_OK
1672910312463 inf [network] > prefs FILTERLIST:FIND_OK
1672910312464 inf [network] > prefs FILTERLIST:FIND_OK
1672910312519 inf [network] < prefs FILTERLIST:FIND
1672910312520 inf [network] < prefs FILTERLIST:FIND
1672910312520 inf [network] < prefs FILTERLIST:FIND
1672910312572 inf [network] > prefs FILTERLIST:FIND_OK
1672910312572 inf [network] > prefs FILTERLIST:FIND_OK
1672910312583 inf [network] > prefs FILTERLIST:FIND_OK
1672910312695 inf [network] < prefs FILTERLIST:FIND
1672910312696 inf [network] < prefs FILTERLIST:FIND
1672910312696 inf [network] < prefs FILTERLIST:FIND
1672910312743 inf [network] > prefs FILTERLIST:FIND_OK
1672910312743 inf [network] > prefs FILTERLIST:FIND_OK
1672910312744 inf [network] > prefs FILTERLIST:FIND_OK
1672910312872 inf [network] < prefs FILTERLIST:FIND
1672910312873 inf [network] < prefs FILTERLIST:FIND
1672910312873 inf [network] < prefs FILTERLIST:FIND
1672910312923 inf [network] > prefs FILTERLIST:FIND_OK
1672910312924 inf [network] > prefs FILTERLIST:FIND_OK
1672910312925 inf [network] > prefs FILTERLIST:FIND_OK
1672910313063 inf [network] < prefs FILTERLIST:FIND
1672910313064 inf [network] < prefs FILTERLIST:FIND
1672910313065 inf [network] < prefs FILTERLIST:FIND
1672910313105 inf [network] > prefs FILTERLIST:FIND_OK
1672910313113 inf [network] > prefs FILTERLIST:FIND_OK
1672910313121 inf [network] > prefs FILTERLIST:FIND_OK
1672910313209 inf [network] < prefs FILTERLIST:FIND
1672910313209 inf [network] < prefs FILTERLIST:FIND
1672910313210 inf [network] < prefs FILTERLIST:FIND
1672910313268 inf [network] > prefs FILTERLIST:FIND_OK
1672910313273 inf [network] > prefs FILTERLIST:FIND_OK
1672910313337 inf [network] > prefs FILTERLIST:FIND_OK
1672910313375 inf [network] < prefs FILTERLIST:FIND
1672910313376 inf [network] < prefs FILTERLIST:FIND
1672910313376 inf [network] < prefs FILTERLIST:FIND
1672910313429 inf [network] > prefs FILTERLIST:FIND_OK
1672910313429 inf [network] > prefs FILTERLIST:FIND_OK
1672910313430 inf [network] > prefs FILTERLIST:FIND_OK
1672910313569 inf [network] < prefs FILTERLIST:FIND
1672910313570 inf [network] < prefs FILTERLIST:FIND
1672910313570 inf [network] < prefs FILTERLIST:FIND
1672910313624 inf [network] > prefs FILTERLIST:FIND_OK
1672910313624 inf [network] > prefs FILTERLIST:FIND_OK
1672910313664 inf [network] > prefs FILTERLIST:FIND_OK
1672910317231 inf [app] Exit
1672910317234 inf [tracker] Closed
