1672763011585 inf [app] Launch
1672763011661 inf [scene] Bridge initialize
1672763011671 inf [scene] Scene open
1672763011679 inf [scene.1] Scene create
1672763011698 inf [scene.1] Scene loading
1672763011706 inf [app] Checking for update
1672763012214 inf [app] Update for version 1.26.3 is not available (latest version: 1.26.3, downgrade is disallowed).
1672763012564 inf [scene.1] Browser loaded
1672763012573 inf [scene.1] Scene bridge loaded
1672763012612 inf [tracker] Listening on port: 8003
1672763014436 inf [api] < Service core/authentication/token/generate
1672763014437 inf [network] > Http https://wapi.winamax.fr/core/authentication/token/generate post
1672763014693 inf [network] > Http https://wapi.winamax.fr/core/authentication/token/generate ok
1672763014694 inf [api] > Service core/authentication/token/generate
1672763014695 inf [api] < Service poker/public/config/preauth {"client":"poker","application":"desktop","opid":"wam","device":"electron","ver":"1.26.3.1671552372","os":"win32","cid":"b94b276db79aabbcbfbe64cabbfea685"}
1672763014696 inf [network] > Http https://api.winamax.fr/poker/public/config/preauth?client=poker&application=desktop&opid=wam&device=electron&ver=1.26.3.1671552372&os=win32&cid=b94b276db79aabbcbfbe64cabbfea685 get
1672763014966 inf [network] > Http https://api.winamax.fr/poker/public/config/preauth?client=poker&application=desktop&opid=wam&device=electron&ver=1.26.3.1671552372&os=win32&cid=b94b276db79aabbcbfbe64cabbfea685 ok
1672763014968 inf [api] > Service poker/public/config/preauth {"core":{"type":"wss","retry":{"count":3,"timeout":10000,"delay":2000,"random":1000},"hosts":["wapi.winamax.fr:443/poker/front/ws/websocket"],"enable":true,"zombie":{"duration":45000},"socket":{"sleep":10,"buffer":16384},"monitor":{"interrupted":true}},"features":{"vm":false,"playground":{"threshold":1000},"time":{"duration":10}},"serverstatus":{"status":"up","polling":300,"i18n":{"de_DE":{"title":"","info":"Alle Dienste sind verfügbar"},"fr_FR":{"title":"","info":"Tous les services sont fonctionnels"},"en_GB":{"title":"","info":"All services are operational."},"*":{"title":"","info":"All services are operational."},"en_US":{"title":"","info":"All services are operational."},"es_ES":{"title":"","info":"All services are operational."},"pt_PT":{"title":"","info":"All services are operational."}}},"auth":{"version":2,"timeout":6000,"refresh":{"count":3,"delay":2500}}}
1672763014977 inf [network] Registering channel prefs
1672763014977 inf [network] Enqueuing AUTH:SIGNIN
1672763014978 inf [network] Creating socket wss://wapi.winamax.fr:443/poker/front/ws/websocket
1672763014979 inf [network] Connection status: 1
1672763015179 inf [network] Socket opened
1672763015179 inf [network] Connection status: 2
1672763015180 inf [network] Connection status: 3
1672763015181 inf [network] < prefs AUTH:SIGNIN
1672763015412 inf [network] > prefs AUTH:SIGNIN_OK
1672763015413 inf [network] Connection status: 4
1672763015430 inf [network] < prefs TIME:GET
1672763015430 inf [network] < prefs GAMESTATS:JOIN
1672763015456 inf [network] > prefs NOTIFICATION:POST_INFO
1672763015489 inf [network] > prefs TIME:GET_OK
1672763015499 inf [api] < Service poker/client/prefs
1672763015500 inf [network] > Http https://wapi.winamax.fr/poker/client/prefs post
1672763015532 inf [network] > prefs GAMESTATS:JOIN_OK
1672763015686 inf [network] > Http https://wapi.winamax.fr/poker/client/prefs ok
1672763015687 inf [api] > Service poker/client/prefs
1672763015697 inf [router] Execute: wam://preload-ok
1672763015698 inf [router] Navigate: wam://lobbies
1672763015701 inf [network] > Http https://dl.winamax.fr/client/attr/settings/wam/config.1624292306 get
1672763015702 inf [network] > Http https://dl.winamax.fr/client/attr/settings/wam/ressource.1624283658 get
1672763015703 inf [router] Navigation done: wam://lobbies
1672763015704 inf [router] Execution done: wam://preload-ok
1672763015705 inf [network] Registering channel subscriptions
1672763015706 inf [api] < Service operator/userdata
1672763015706 inf [network] > Http https://wapi.winamax.fr/operator/userdata post
1672763015708 inf [api] < Service operator/winamax-tv/public
1672763015708 inf [network] > Http https://wapi.winamax.fr/operator/winamax-tv/public post
1672763015709 inf [network] < prefs SRM:JOIN
1672763015710 inf [network] < prefs NEWS:GET
1672763015710 inf [network] < prefs DATA:GET
1672763015711 inf [network] < prefs BUDDY:GET
1672763015711 inf [network] < prefs BUDDYROOM:JOIN
1672763015715 inf [network] < prefs TIME:GET
1672763015716 inf [network] < prefs CASHIER:GET
1672763015716 inf [network] < prefs CASHIER:LIST
1672763015717 inf [network] < prefs CASHIER:GET
1672763015717 inf [network] < prefs CASHIER:LIST
1672763015719 inf [network] < subscriptions FILTERLIST:CREATE
1672763015719 inf [network] < subscriptions FILTERLIST:CREATE
1672763015720 inf [network] < subscriptions FILTERLIST:CREATE
1672763015761 inf [network] > prefs TIME:GET_OK
1672763015764 inf [network] > prefs SRM:JOIN_OK
1672763015765 inf [network] > prefs BUDDYROOM:JOIN_OK
1672763015769 inf [network] > prefs CASHIER:GET_OK
1672763015771 inf [network] > prefs CASHIER:LIST_OK
1672763015772 inf [network] > prefs CASHIER:GET_OK
1672763015788 inf [network] > prefs CASHIER:LIST_OK
1672763015790 inf [network] > subscriptions FILTERLIST:CREATE_OK
1672763015792 inf [network] > subscriptions FILTERLIST:SET
1672763015792 inf [network] > subscriptions FILTERLIST:CREATE_OK
1672763015793 inf [network] > subscriptions FILTERLIST:SET
1672763015794 inf [network] > subscriptions FILTERLIST:CREATE_OK
1672763015794 inf [network] > subscriptions FILTERLIST:SET
1672763015795 inf [network] > prefs DATA:GET_ERR
1672763015797 inf [network] > prefs NEWS:GET_OK
1672763015799 inf [network] Registering channel wam.general.t1
1672763015799 inf [network] < wam.general.t1 CHATROOM:JOIN
1672763015806 inf [network] > prefs BUDDY:GET_OK
1672763015811 inf [network] < prefs BUDDYROOM:JOIN
1672763015862 inf [network] > wam.general.t1 CHATROOM:JOIN_OK
1672763015864 inf [network] > prefs BUDDYROOM:JOIN_OK
1672763015866 inf [network] > Http https://dl.winamax.fr/client/attr/settings/wam/ressource.1624283658 ok
1672763015875 inf [network] > Http https://dl.winamax.fr/client/attr/settings/wam/config.1624292306 ok
1672763015906 inf [network] > Http https://wapi.winamax.fr/operator/winamax-tv/public ok
1672763015907 inf [api] > Service operator/winamax-tv/public
1672763015999 inf [network] > Http https://wapi.winamax.fr/operator/userdata ok
1672763016000 inf [api] > Service operator/userdata
1672763017697 inf [api] < Service poker/client/prefs
1672763017697 inf [network] > Http https://wapi.winamax.fr/poker/client/prefs post
1672763017933 inf [network] > Http https://wapi.winamax.fr/poker/client/prefs ok
1672763017934 inf [api] > Service poker/client/prefs
1672763020401 inf [router] Navigate: wam://shop
1672763020414 inf [network] < prefs OPTOKEN:GET
1672763020530 inf [network] > prefs OPTOKEN:GET_OK
1672763020530 inf [router] Open: https://www.winamax.fr/poker/redirect.php?service=shop&token=f22b9ba3b1a89f91f16b61d878932c9089fcee35&client=electron&ver=1.26.3&oid=b94b276db79aabbcbfbe64cabbfea685&os=win32&opid=wam&lang=en_US&store=winamax&store_id=main&embed=false&pokerClient=web
1672763020531 inf [router] Navigation done: https://www.winamax.fr/poker/redirect.php?service=shop&token={$token}
1672763024827 inf [network] > wam.general.t1 CHATROOM:POST_INFO
1672763025718 inf [network] < prefs TIME:GET
1672763025767 inf [network] > prefs TIME:GET_OK
1672763032247 inf [network] > wam.general.t1 CHATROOM:POST_INFO
1672763035708 inf [network] < prefs TIME:GET
1672763035769 inf [network] > prefs TIME:GET_OK
1672763039711 inf [network] > prefs NOTIFICATION:POST_INFO
1672763039722 inf [network] > prefs NOTIFICATION:POST_INFO
1672763045452 inf [network] > wam.general.t1 CHATROOM:POST_INFO
1672763045735 inf [network] < prefs TIME:GET
1672763045789 inf [network] > prefs TIME:GET_OK
1672763050497 inf [router] Navigate: wam://lobby-expresso
1672763050499 inf [router] Navigation done: wam://lobby-expresso
1672763051209 inf [network] > wam.general.t1 CHATROOM:POST_INFO
1672763052978 inf [router] Execute: wam://srm?action=create&template=expresso_nlhe&context=lo&withTicket=true&buyin=0.25&money=real&attrs[]=exp&attrs[]=expstd
1672763052982 inf [network] < prefs SRM:ADD_RULE
1672763053035 inf [network] > prefs SRM:ADD_RULE_OK
1672763053042 inf [router] Navigate: wam://table?hash=1&label=Expresso&playgroundId=
1672763053045 inf [scene] Scene open
1672763053045 inf [scene.2] Scene create
1672763053052 inf [scene.2] Scene loading
1672763053057 inf [router] Navigation done: wam://table?hash=1&label=Expresso&playgroundId=
1672763053058 inf [router] Execution done: wam://srm?action=create&template=expresso_nlhe&context=lo&withTicket=true&buyin=0.25&money=real&attrs[]=exp&attrs[]=expstd
1672763053136 inf [network] > prefs NOTIFICATION:POST_INFO
1672763053159 inf [network] > prefs NOTIFICATION:POST_INFO
1672763053160 inf [network] > prefs SRM:UPDATE_RULE_INFO
1672763053163 inf [router] Execute: wam://table-open?rid=268479811&ttrk=tt3.ttmgr.tt3_3.t618539651&hash=1
1672763053167 inf [router] Execution done: wam://table-open?rid=268479811&ttrk=tt3.ttmgr.tt3_3.t618539651&hash=1
1672763053167 inf [network] Registering channel tt3.ttmgr.tt3_3.t618539651
1672763053198 inf [network] < tt3.ttmgr.tt3_3.t618539651 TOURNAMENT:JOIN
1672763053329 inf [network] > tt3.ttmgr.tt3_3.t618539651 TOURNAMENT:JOIN_OK
1672763053331 inf [network] < tt3.ttmgr.tt3_3.t618539651 TOURNAMENT:CONFIGURE
1672763053333 inf [network] > tt3.ttmgr.tt3_3.t618539651 CHATROOM:JOIN_OK
1672763053392 inf [scene.2] Browser loaded
1672763053401 inf [scene.2] Scene bridge loaded
1672763053423 inf [network] > tt3.ttmgr.tt3_3.t618539651 TOURNAMENT:CONFIGURE_OK
1672763053426 inf [network] > tt3.ttmgr.tt3_3.t618539651 TOURNAMENT:STATUS
1672763053427 inf [network] > tt3.ttmgr.tt3_3.t618539651 TOURNAMENT:STATUS
1672763053428 inf [network] > tt3.ttmgr.tt3_3.t618539651 TOURNAMENT:RUN
1672763053428 inf [network] > tt3.ttmgr.tt3_3.t618539651 TOURNAMENT:STATUS
1672763053432 inf [network] < tt3.ttmgr.tt3_3.t618539651 TOURNAMENT:CONFIGURE
1672763053441 inf [network] Registering channel tt3.tamgr.tt3_3.t252474
1672763053446 inf [network] < tt3.tamgr.tt3_3.t252474 TABLE:JOIN
1672763053470 inf [network] > prefs NOTIFICATION:POST_INFO
1672763053487 inf [network] > tt3.ttmgr.tt3_3.t618539651 TOURNAMENT:CONFIGURE_OK
1672763053531 inf [network] > tt3.tamgr.tt3_3.t252474 TABLE:JOIN_OK
1672763053563 inf [network] > tt3.tamgr.tt3_3.t252474 CHATROOM:JOIN_OK
1672763055721 inf [network] < prefs TIME:GET
1672763055776 inf [network] > prefs TIME:GET_OK
1672763056029 inf [network] > subscriptions FILTERLIST:UPDATE
1672763056061 inf [network] < subscriptions FILTERLIST:CHANGE
1672763056112 inf [network] > subscriptions FILTERLIST:SET
1672763056113 inf [network] > subscriptions FILTERLIST:CHANGE_OK
1672763056123 inf [router] Execute: wam://table-open?rid=268479811&tblrk=tt3.tamgr.tt3_3.t252474&ttrk=tt3.ttmgr.tt3_3.t618539651&gfsid=
1672763056124 inf [router] Execution done: wam://table-open?rid=268479811&tblrk=tt3.tamgr.tt3_3.t252474&ttrk=tt3.ttmgr.tt3_3.t618539651&gfsid=
1672763060969 inf [network] > wam.general.t1 CHATROOM:POST_INFO
1672763062571 inf [network] > tt3.ttmgr.tt3_3.t618539651 TOURNAMENT:STATUS
1672763064530 inf [network] > tt3.tamgr.tt3_3.t252474 TABLE:STATUS
1672763065751 inf [network] < prefs TIME:GET
1672763065818 inf [network] > prefs TIME:GET_OK
1672763067058 inf [network] > tt3.tamgr.tt3_3.t252474 TABLE:POST_INFO
1672763067059 inf [network] > tt3.tamgr.tt3_3.t252474 TABLE:POST_INFO
1672763067060 inf [table] 1 tt3.tamgr.tt3_3.t252474 hand 2656607572324253697-1-1672763067
1672763067060 inf [table] 1 tt3.tamgr.tt3_3.t252474 action SB login="Bignobru13" amount="10"
1672763067061 inf [table] 1 tt3.tamgr.tt3_3.t252474 action BB login="YL_ML_GL_42" amount="20"
1672763067068 inf [network] > tt3.tamgr.tt3_3.t252474 TABLE:CARDS
1672763067069 inf [network] > tt3.tamgr.tt3_3.t252474 TABLE:STATUS
1672763067069 inf [network] > tt3.tamgr.tt3_3.t252474 TABLE:PREACTION_LIST
1672763067070 inf [table] 1 tt3.tamgr.tt3_3.t252474 cards login="YL_ML_GL_42" 5h,7h
1672763067071 inf [table] 1 tt3.tamgr.tt3_3.t252474 round pre-flop pot="0" totalPot="30"
1672763074050 inf [network] > tt3.tamgr.tt3_3.t252474 TABLE:ACTION_INFO
1672763074050 inf [network] > tt3.tamgr.tt3_3.t252474 TABLE:PREACTION_LIST
1672763074051 inf [table] 1 tt3.tamgr.tt3_3.t252474 action raise login="Aledo1006" amount="500"
1672763074108 inf [network] > wam.general.t1 CHATROOM:POST_INFO
1672763075525 inf [network] > tt3.tamgr.tt3_3.t252474 TABLE:ACTION_INFO
1672763075526 inf [network] > tt3.tamgr.tt3_3.t252474 TABLE:ACTIONSET
1672763075527 inf [table] 1 tt3.tamgr.tt3_3.t252474 action call login="Bignobru13" amount="500"
1672763075764 inf [network] < prefs TIME:GET
1672763075807 inf [network] > prefs TIME:GET_OK
1672763076354 inf [network] < tt3.tamgr.tt3_3.t252474 TABLE:ACTION
1672763076410 inf [network] > tt3.tamgr.tt3_3.t252474 TABLE:ACTION_OK
1672763076410 inf [network] > tt3.tamgr.tt3_3.t252474 TABLE:ACTION_INFO
1672763076412 inf [table] 1 tt3.tamgr.tt3_3.t252474 action fold login="YL_ML_GL_42" amount="20"
1672763076413 inf [network] > tt3.tamgr.tt3_3.t252474 TABLE:STATUS
1672763078012 inf [network] > tt3.tamgr.tt3_3.t252474 TABLE:STATUS
1672763078013 inf [table] 1 tt3.tamgr.tt3_3.t252474 round flop board="Ah,2h,5c" pot="1020" totalPot="0"
1672763079493 inf [network] > tt3.tamgr.tt3_3.t252474 TABLE:STATUS
1672763079502 inf [table] 1 tt3.tamgr.tt3_3.t252474 round turn board="Ah,2h,5c,9d" pot="1020" totalPot="0"
1672763081050 inf [network] > tt3.tamgr.tt3_3.t252474 TABLE:STATUS
1672763081051 inf [table] 1 tt3.tamgr.tt3_3.t252474 round river board="Ah,2h,5c,9d,6h" pot="1020" totalPot="0"
1672763082502 inf [network] > tt3.tamgr.tt3_3.t252474 TABLE:RESULT
1672763082502 inf [network] > tt3.tamgr.tt3_3.t252474 TRACKER:GET_INFO
1672763082503 inf [table] 1 tt3.tamgr.tt3_3.t252474 showdown login="Bignobru13" cards="Jh,Js" board="Ah,2h,5c,9d,6h"
1672763082503 inf [table] 1 tt3.tamgr.tt3_3.t252474 showdown login="Aledo1006" cards="2c,Tc" board="Ah,2h,5c,9d,6h"
1672763082504 inf [table] 1 tt3.tamgr.tt3_3.t252474 gain login="Bignobru13" amount="1020"
1672763084498 inf [network] > tt3.tamgr.tt3_3.t252474 TABLE:STATUS
1672763084502 inf [network] > tt3.ttmgr.tt3_3.t618539651 TOURNAMENT:STATUS
1672763084507 inf [network] > tt3.ttmgr.tt3_3.t618539651 TOURNAMENT:STATUS
1672763084508 inf [network] > tt3.tamgr.tt3_3.t252474 TABLE:CHAT_INFO
1672763084509 inf [network] > tt3.ttmgr.tt3_3.t618539651 TOURNAMENT:STATUS
1672763085767 inf [network] < prefs TIME:GET
1672763085821 inf [network] > prefs TIME:GET_OK
1672763086572 inf [network] > tt3.tamgr.tt3_3.t252474 TABLE:POST_INFO
1672763086576 inf [table] 1 tt3.tamgr.tt3_3.t252474 hand 2656607572324253697-2-1672763086
1672763086576 inf [table] 1 tt3.tamgr.tt3_3.t252474 action SB login="YL_ML_GL_42" amount="10"
1672763086617 inf [network] > tt3.tamgr.tt3_3.t252474 TABLE:POST_INFO
1672763086617 inf [network] > tt3.tamgr.tt3_3.t252474 TABLE:CARDS
1672763086618 inf [network] > tt3.tamgr.tt3_3.t252474 TABLE:STATUS
1672763086618 inf [network] > tt3.tamgr.tt3_3.t252474 TABLE:ACTIONSET
1672763086619 inf [table] 1 tt3.tamgr.tt3_3.t252474 action BB login="Bignobru13" amount="20"
1672763086619 inf [table] 1 tt3.tamgr.tt3_3.t252474 cards login="YL_ML_GL_42" 5s,7h
1672763086620 inf [table] 1 tt3.tamgr.tt3_3.t252474 round pre-flop pot="0" totalPot="30"
1672763088277 inf [network] < tt3.tamgr.tt3_3.t252474 TABLE:ACTION
1672763088344 inf [network] > tt3.tamgr.tt3_3.t252474 TABLE:ACTION_OK
1672763088345 inf [network] > tt3.tamgr.tt3_3.t252474 TABLE:ACTION_INFO
1672763088346 inf [table] 1 tt3.tamgr.tt3_3.t252474 action fold login="YL_ML_GL_42" amount="10"
1672763088347 inf [network] > tt3.tamgr.tt3_3.t252474 TABLE:SHOWDOWN_INFO
1672763088348 inf [network] > tt3.tamgr.tt3_3.t252474 TABLE:RESULT
1672763088348 inf [network] > tt3.tamgr.tt3_3.t252474 TRACKER:GET_INFO
1672763088349 inf [table] 1 tt3.tamgr.tt3_3.t252474 showdown login="Bignobru13" mucks
1672763088349 inf [table] 1 tt3.tamgr.tt3_3.t252474 gain login="Bignobru13" amount="30"
1672763090415 inf [network] > tt3.tamgr.tt3_3.t252474 TABLE:POST_INFO
1672763090416 inf [network] > tt3.tamgr.tt3_3.t252474 TABLE:POST_INFO
1672763090416 inf [network] > tt3.tamgr.tt3_3.t252474 TABLE:CARDS
1672763090416 inf [network] > tt3.tamgr.tt3_3.t252474 TABLE:STATUS
1672763090417 inf [network] > tt3.tamgr.tt3_3.t252474 TABLE:PREACTION_LIST
1672763090417 inf [table] 1 tt3.tamgr.tt3_3.t252474 hand 2656607572324253697-3-1672763090
1672763090418 inf [table] 1 tt3.tamgr.tt3_3.t252474 action SB login="Bignobru13" amount="10"
1672763090418 inf [table] 1 tt3.tamgr.tt3_3.t252474 action BB login="YL_ML_GL_42" amount="20"
1672763090419 inf [table] 1 tt3.tamgr.tt3_3.t252474 cards login="YL_ML_GL_42" Jd,3d
1672763090420 inf [table] 1 tt3.tamgr.tt3_3.t252474 round pre-flop pot="0" totalPot="30"
1672763091770 inf [network] > tt3.tamgr.tt3_3.t252474 TABLE:ACTION_INFO
1672763091771 inf [network] > tt3.tamgr.tt3_3.t252474 TABLE:ACTIONSET
1672763091771 inf [table] 1 tt3.tamgr.tt3_3.t252474 action call login="Bignobru13" amount="20"
1672763092530 inf [network] > wam.general.t1 CHATROOM:POST_INFO
1672763093212 inf [network] < tt3.tamgr.tt3_3.t252474 TABLE:ACTION
1672763093264 inf [network] > tt3.tamgr.tt3_3.t252474 TABLE:ACTION_OK
1672763093267 inf [network] > tt3.tamgr.tt3_3.t252474 TABLE:ACTION_INFO
1672763093268 inf [network] > tt3.tamgr.tt3_3.t252474 TABLE:CARDS
1672763093268 inf [network] > tt3.tamgr.tt3_3.t252474 TABLE:STATUS
1672763093269 inf [network] > tt3.tamgr.tt3_3.t252474 TABLE:ACTIONSET
1672763093269 inf [table] 1 tt3.tamgr.tt3_3.t252474 action check login="YL_ML_GL_42" amount="20"
1672763093270 inf [table] 1 tt3.tamgr.tt3_3.t252474 round flop board="Th,Ts,6s" pot="40" totalPot="0"
1672763095781 inf [network] < prefs TIME:GET
1672763095819 inf [network] > prefs TIME:GET_OK
1672763096402 inf [network] < tt3.tamgr.tt3_3.t252474 TABLE:ACTION
1672763096452 inf [network] > tt3.tamgr.tt3_3.t252474 TABLE:ACTION_OK
1672763096452 inf [network] > tt3.tamgr.tt3_3.t252474 TABLE:ACTION_INFO
1672763096463 inf [table] 1 tt3.tamgr.tt3_3.t252474 action check login="YL_ML_GL_42"
1672763097491 inf [network] > tt3.tamgr.tt3_3.t252474 TABLE:ACTION_INFO
1672763097492 inf [network] > tt3.tamgr.tt3_3.t252474 TABLE:CARDS
1672763097493 inf [network] > tt3.tamgr.tt3_3.t252474 TABLE:STATUS
1672763097493 inf [network] > tt3.tamgr.tt3_3.t252474 TABLE:ACTIONSET
1672763097494 inf [table] 1 tt3.tamgr.tt3_3.t252474 action check login="Bignobru13"
1672763097509 inf [table] 1 tt3.tamgr.tt3_3.t252474 round turn board="Th,Ts,6s,Qh" pot="40" totalPot="0"
1672763099442 inf [network] < tt3.tamgr.tt3_3.t252474 TABLE:ACTION
1672763099500 inf [network] > tt3.tamgr.tt3_3.t252474 TABLE:ACTION_OK
1672763099501 inf [network] > tt3.tamgr.tt3_3.t252474 TABLE:ACTION_INFO
1672763099502 inf [table] 1 tt3.tamgr.tt3_3.t252474 action check login="YL_ML_GL_42"
1672763100448 inf [network] > tt3.tamgr.tt3_3.t252474 TABLE:ACTION_INFO
1672763100449 inf [network] > tt3.tamgr.tt3_3.t252474 TABLE:CARDS
1672763100450 inf [network] > tt3.tamgr.tt3_3.t252474 TABLE:STATUS
1672763100450 inf [network] > tt3.tamgr.tt3_3.t252474 TABLE:ACTIONSET
1672763100450 inf [table] 1 tt3.tamgr.tt3_3.t252474 action check login="Bignobru13"
1672763100454 inf [table] 1 tt3.tamgr.tt3_3.t252474 round river board="Th,Ts,6s,Qh,4c" pot="40" totalPot="0"
1672763102413 inf [network] > wam.general.t1 CHATROOM:POST_INFO
1672763102738 inf [network] < tt3.tamgr.tt3_3.t252474 TABLE:ACTION
1672763102844 inf [network] > tt3.tamgr.tt3_3.t252474 TABLE:ACTION_OK
1672763102845 inf [network] > tt3.tamgr.tt3_3.t252474 TABLE:ACTION_INFO
1672763102847 inf [table] 1 tt3.tamgr.tt3_3.t252474 action check login="YL_ML_GL_42"
1672763103930 inf [network] > tt3.tamgr.tt3_3.t252474 TABLE:ACTION_INFO
1672763103931 inf [network] > tt3.tamgr.tt3_3.t252474 TABLE:SHOWDOWN_INFO
1672763103931 inf [table] 1 tt3.tamgr.tt3_3.t252474 action check login="Bignobru13"
1672763103937 inf [network] > tt3.tamgr.tt3_3.t252474 TABLE:SHOWDOWN_INFO
1672763103938 inf [network] > tt3.tamgr.tt3_3.t252474 TABLE:RESULT
1672763103938 inf [network] > tt3.tamgr.tt3_3.t252474 TRACKER:GET_INFO
1672763103949 inf [table] 1 tt3.tamgr.tt3_3.t252474 showdown login="YL_ML_GL_42" cards="Jd,3d" board="Th,Ts,6s,Qh,4c"
1672763103950 inf [table] 1 tt3.tamgr.tt3_3.t252474 showdown login="Bignobru13" cards="4d,9d" board="Th,Ts,6s,Qh,4c"
1672763103950 inf [table] 1 tt3.tamgr.tt3_3.t252474 gain login="Bignobru13" amount="40"
1672763105787 inf [network] < prefs TIME:GET
1672763105838 inf [network] > prefs TIME:GET_OK
1672763108035 inf [network] > tt3.tamgr.tt3_3.t252474 TABLE:POST_INFO
1672763108036 inf [network] > tt3.tamgr.tt3_3.t252474 TABLE:POST_INFO
1672763108036 inf [network] > tt3.tamgr.tt3_3.t252474 TABLE:CARDS
1672763108036 inf [network] > tt3.tamgr.tt3_3.t252474 TABLE:STATUS
1672763108037 inf [network] > tt3.tamgr.tt3_3.t252474 TABLE:ACTIONSET
1672763108037 inf [table] 1 tt3.tamgr.tt3_3.t252474 hand 2656607572324253697-4-1672763108
1672763108038 inf [table] 1 tt3.tamgr.tt3_3.t252474 action SB login="YL_ML_GL_42" amount="10"
1672763108038 inf [table] 1 tt3.tamgr.tt3_3.t252474 action BB login="Bignobru13" amount="20"
1672763108039 inf [table] 1 tt3.tamgr.tt3_3.t252474 cards login="YL_ML_GL_42" 3h,7s
1672763108042 inf [table] 1 tt3.tamgr.tt3_3.t252474 round pre-flop pot="0" totalPot="30"
1672763109547 inf [network] < tt3.tamgr.tt3_3.t252474 TABLE:ACTION
1672763109605 inf [network] > tt3.tamgr.tt3_3.t252474 TABLE:ACTION_OK
1672763109615 inf [network] > tt3.tamgr.tt3_3.t252474 TABLE:ACTION_INFO
1672763109615 inf [network] > tt3.tamgr.tt3_3.t252474 TABLE:SHOWDOWN_INFO
1672763109616 inf [network] > tt3.tamgr.tt3_3.t252474 TABLE:RESULT
1672763109616 inf [network] > tt3.tamgr.tt3_3.t252474 TRACKER:GET_INFO
1672763109618 inf [table] 1 tt3.tamgr.tt3_3.t252474 action fold login="YL_ML_GL_42" amount="10"
1672763109618 inf [table] 1 tt3.tamgr.tt3_3.t252474 showdown login="Bignobru13" mucks
1672763109619 inf [table] 1 tt3.tamgr.tt3_3.t252474 gain login="Bignobru13" amount="30"
1672763111637 inf [network] > tt3.tamgr.tt3_3.t252474 TABLE:POST_INFO
1672763111638 inf [network] > tt3.tamgr.tt3_3.t252474 TABLE:POST_INFO
1672763111638 inf [network] > tt3.tamgr.tt3_3.t252474 TABLE:CARDS
1672763111639 inf [network] > tt3.tamgr.tt3_3.t252474 TABLE:STATUS
1672763111639 inf [network] > tt3.tamgr.tt3_3.t252474 TABLE:PREACTION_LIST
1672763111639 inf [table] 1 tt3.tamgr.tt3_3.t252474 hand 2656607572324253697-5-1672763111
1672763111640 inf [table] 1 tt3.tamgr.tt3_3.t252474 action SB login="Bignobru13" amount="10"
1672763111640 inf [table] 1 tt3.tamgr.tt3_3.t252474 action BB login="YL_ML_GL_42" amount="20"
1672763111641 inf [table] 1 tt3.tamgr.tt3_3.t252474 cards login="YL_ML_GL_42" 5d,5c
1672763111645 inf [table] 1 tt3.tamgr.tt3_3.t252474 round pre-flop pot="0" totalPot="30"
1672763113090 inf [network] > tt3.tamgr.tt3_3.t252474 TABLE:ACTION_INFO
1672763113091 inf [network] > tt3.tamgr.tt3_3.t252474 TABLE:ACTIONSET
1672763113092 inf [table] 1 tt3.tamgr.tt3_3.t252474 action call login="Bignobru13" amount="20"
1672763115274 inf [network] < tt3.tamgr.tt3_3.t252474 TABLE:ACTION
1672763115329 inf [network] > tt3.tamgr.tt3_3.t252474 TABLE:ACTION_OK
1672763115330 inf [network] > tt3.tamgr.tt3_3.t252474 TABLE:ACTION_INFO
1672763115331 inf [table] 1 tt3.tamgr.tt3_3.t252474 action raise login="YL_ML_GL_42" amount="440"
1672763115802 inf [network] < prefs TIME:GET
1672763115891 inf [network] > prefs TIME:GET_OK
1672763116849 inf [network] > tt3.tamgr.tt3_3.t252474 TABLE:ACTION_INFO
1672763116850 inf [network] > tt3.tamgr.tt3_3.t252474 TABLE:SHOWCARDS_INFO
1672763116851 inf [table] 1 tt3.tamgr.tt3_3.t252474 action fold login="Bignobru13" amount="20"
1672763116861 inf [network] < tt3.tamgr.tt3_3.t252474 TABLE:SHOWCARDS
1672763116913 inf [network] > tt3.tamgr.tt3_3.t252474 TABLE:SHOWDOWN_INFO
1672763116913 inf [network] > tt3.tamgr.tt3_3.t252474 TABLE:RESULT
1672763116914 inf [network] > tt3.tamgr.tt3_3.t252474 TRACKER:GET_INFO
1672763116914 inf [network] > tt3.tamgr.tt3_3.t252474 TABLE:SHOWCARDS_OK
1672763116916 inf [table] 1 tt3.tamgr.tt3_3.t252474 showdown login="YL_ML_GL_42" mucks
1672763116916 inf [table] 1 tt3.tamgr.tt3_3.t252474 gain login="YL_ML_GL_42" amount="460"
1672763117409 inf [network] > wam.general.t1 CHATROOM:POST_INFO
1672763118995 inf [network] > tt3.tamgr.tt3_3.t252474 TABLE:POST_INFO
1672763118995 inf [network] > tt3.tamgr.tt3_3.t252474 TABLE:POST_INFO
1672763118996 inf [network] > tt3.tamgr.tt3_3.t252474 TABLE:CARDS
1672763118996 inf [network] > tt3.tamgr.tt3_3.t252474 TABLE:STATUS
1672763118997 inf [network] > tt3.tamgr.tt3_3.t252474 TABLE:ACTIONSET
1672763118997 inf [table] 1 tt3.tamgr.tt3_3.t252474 hand 2656607572324253697-6-1672763119
1672763118998 inf [table] 1 tt3.tamgr.tt3_3.t252474 action SB login="YL_ML_GL_42" amount="10"
1672763118998 inf [table] 1 tt3.tamgr.tt3_3.t252474 action BB login="Bignobru13" amount="20"
1672763118999 inf [table] 1 tt3.tamgr.tt3_3.t252474 cards login="YL_ML_GL_42" Jc,Ac
1672763118999 inf [table] 1 tt3.tamgr.tt3_3.t252474 round pre-flop pot="0" totalPot="30"
1672763121219 inf [network] < tt3.tamgr.tt3_3.t252474 TABLE:ACTION
1672763121276 inf [network] > tt3.tamgr.tt3_3.t252474 TABLE:ACTION_OK
1672763121277 inf [network] > tt3.tamgr.tt3_3.t252474 TABLE:ACTION_INFO
1672763121278 inf [table] 1 tt3.tamgr.tt3_3.t252474 action raise login="YL_ML_GL_42" amount="60"
1672763123570 inf [network] > tt3.tamgr.tt3_3.t252474 TABLE:ACTION_INFO
1672763123570 inf [network] > tt3.tamgr.tt3_3.t252474 TABLE:SHOWCARDS_INFO
1672763123571 inf [table] 1 tt3.tamgr.tt3_3.t252474 action fold login="Bignobru13" amount="20"
1672763123576 inf [network] < tt3.tamgr.tt3_3.t252474 TABLE:SHOWCARDS
1672763123633 inf [network] > tt3.tamgr.tt3_3.t252474 TABLE:SHOWDOWN_INFO
1672763123634 inf [network] > tt3.tamgr.tt3_3.t252474 TABLE:RESULT
1672763123634 inf [network] > tt3.tamgr.tt3_3.t252474 TRACKER:GET_INFO
1672763123634 inf [network] > tt3.tamgr.tt3_3.t252474 TABLE:SHOWCARDS_OK
1672763123635 inf [table] 1 tt3.tamgr.tt3_3.t252474 showdown login="YL_ML_GL_42" mucks
1672763123636 inf [table] 1 tt3.tamgr.tt3_3.t252474 gain login="YL_ML_GL_42" amount="80"
1672763125688 inf [network] > tt3.tamgr.tt3_3.t252474 TABLE:POST_INFO
1672763125689 inf [network] > tt3.tamgr.tt3_3.t252474 TABLE:POST_INFO
1672763125689 inf [network] > tt3.tamgr.tt3_3.t252474 TABLE:CARDS
1672763125691 inf [table] 1 tt3.tamgr.tt3_3.t252474 hand 2656607572324253697-7-1672763125
1672763125691 inf [table] 1 tt3.tamgr.tt3_3.t252474 action SB login="Bignobru13" amount="10"
1672763125692 inf [table] 1 tt3.tamgr.tt3_3.t252474 action BB login="YL_ML_GL_42" amount="20"
1672763125693 inf [table] 1 tt3.tamgr.tt3_3.t252474 cards login="YL_ML_GL_42" 3s,9s
1672763125694 inf [network] > tt3.tamgr.tt3_3.t252474 TABLE:STATUS
1672763125694 inf [network] > tt3.tamgr.tt3_3.t252474 TABLE:PREACTION_LIST
1672763125695 inf [table] 1 tt3.tamgr.tt3_3.t252474 round pre-flop pot="0" totalPot="30"
1672763125817 inf [network] < prefs TIME:GET
1672763125867 inf [network] > prefs TIME:GET_OK
1672763127050 inf [network] > tt3.tamgr.tt3_3.t252474 TABLE:ACTION_INFO
1672763127050 inf [network] > tt3.tamgr.tt3_3.t252474 TABLE:SHOWCARDS_INFO
1672763127051 inf [table] 1 tt3.tamgr.tt3_3.t252474 action fold login="Bignobru13" amount="10"
1672763127064 inf [network] < tt3.tamgr.tt3_3.t252474 TABLE:SHOWCARDS
1672763127177 inf [network] > tt3.tamgr.tt3_3.t252474 TABLE:SHOWDOWN_INFO
1672763127178 inf [network] > tt3.tamgr.tt3_3.t252474 TABLE:RESULT
1672763127178 inf [network] > tt3.tamgr.tt3_3.t252474 TRACKER:GET_INFO
1672763127178 inf [network] > tt3.tamgr.tt3_3.t252474 TABLE:SHOWCARDS_OK
1672763127180 inf [table] 1 tt3.tamgr.tt3_3.t252474 showdown login="YL_ML_GL_42" mucks
1672763127180 inf [table] 1 tt3.tamgr.tt3_3.t252474 gain login="YL_ML_GL_42" amount="30"
1672763129217 inf [network] > tt3.tamgr.tt3_3.t252474 TABLE:POST_INFO
1672763129218 inf [network] > tt3.tamgr.tt3_3.t252474 TABLE:POST_INFO
1672763129218 inf [network] > tt3.tamgr.tt3_3.t252474 TABLE:CARDS
1672763129219 inf [table] 1 tt3.tamgr.tt3_3.t252474 hand 2656607572324253697-8-1672763129
1672763129219 inf [table] 1 tt3.tamgr.tt3_3.t252474 action SB login="YL_ML_GL_42" amount="10"
1672763129220 inf [table] 1 tt3.tamgr.tt3_3.t252474 action BB login="Bignobru13" amount="20"
1672763129220 inf [table] 1 tt3.tamgr.tt3_3.t252474 cards login="YL_ML_GL_42" Qs,Ad
1672763129221 inf [network] > tt3.tamgr.tt3_3.t252474 TABLE:STATUS
1672763129221 inf [network] > tt3.tamgr.tt3_3.t252474 TABLE:ACTIONSET
1672763129228 inf [table] 1 tt3.tamgr.tt3_3.t252474 round pre-flop pot="0" totalPot="30"
1672763131530 inf [network] < tt3.tamgr.tt3_3.t252474 TABLE:ACTION
1672763131648 inf [network] > tt3.tamgr.tt3_3.t252474 TABLE:ACTION_OK
1672763131649 inf [network] > tt3.tamgr.tt3_3.t252474 TABLE:ACTION_INFO
1672763131650 inf [table] 1 tt3.tamgr.tt3_3.t252474 action raise login="YL_ML_GL_42" amount="60"
1672763134459 inf [network] > tt3.tamgr.tt3_3.t252474 TABLE:ACTION_INFO
1672763134459 inf [network] > tt3.tamgr.tt3_3.t252474 TABLE:CARDS
1672763134460 inf [network] > tt3.tamgr.tt3_3.t252474 TABLE:STATUS
1672763134460 inf [network] > tt3.tamgr.tt3_3.t252474 TABLE:PREACTION_LIST
1672763134461 inf [table] 1 tt3.tamgr.tt3_3.t252474 action call login="Bignobru13" amount="60"
1672763134462 inf [table] 1 tt3.tamgr.tt3_3.t252474 round flop board="2s,9h,6c" pot="120" totalPot="0"
1672763135806 inf [network] < prefs TIME:GET
1672763135859 inf [network] > prefs TIME:GET_OK
1672763136898 inf [network] > tt3.tamgr.tt3_3.t252474 TABLE:ACTION_INFO
1672763136899 inf [network] > tt3.tamgr.tt3_3.t252474 TABLE:ACTIONSET
1672763136900 inf [table] 1 tt3.tamgr.tt3_3.t252474 action bet login="Bignobru13" amount="120"
1672763139090 inf [network] < tt3.tamgr.tt3_3.t252474 TABLE:ACTION
1672763139172 inf [network] > tt3.tamgr.tt3_3.t252474 TABLE:ACTION_OK
1672763139172 inf [network] > tt3.tamgr.tt3_3.t252474 TABLE:ACTION_INFO
1672763139173 inf [table] 1 tt3.tamgr.tt3_3.t252474 action raise login="YL_ML_GL_42" amount="430"
1672763140973 inf [network] > tt3.tamgr.tt3_3.t252474 TABLE:ACTION_INFO
1672763140973 inf [network] > tt3.tamgr.tt3_3.t252474 TABLE:STATUS
1672763140974 inf [table] 1 tt3.tamgr.tt3_3.t252474 action call login="Bignobru13" amount="430"
1672763142578 inf [network] > tt3.tamgr.tt3_3.t252474 TABLE:CARDS
1672763142579 inf [network] > tt3.tamgr.tt3_3.t252474 TABLE:STATUS
1672763142585 inf [table] 1 tt3.tamgr.tt3_3.t252474 round turn board="2s,9h,6c,Jc" pot="980" totalPot="0"
1672763144047 inf [network] > tt3.tamgr.tt3_3.t252474 TABLE:CARDS
1672763144047 inf [network] > tt3.tamgr.tt3_3.t252474 TABLE:STATUS
1672763144052 inf [table] 1 tt3.tamgr.tt3_3.t252474 round river board="2s,9h,6c,Jc,As" pot="980" totalPot="0"
1672763145623 inf [network] > tt3.tamgr.tt3_3.t252474 TABLE:RESULT
1672763145624 inf [network] > tt3.tamgr.tt3_3.t252474 TRACKER:GET_INFO
1672763145625 inf [table] 1 tt3.tamgr.tt3_3.t252474 showdown login="Bignobru13" cards="4s,4c" board="2s,9h,6c,Jc,As"
1672763145625 inf [table] 1 tt3.tamgr.tt3_3.t252474 showdown login="YL_ML_GL_42" cards="Qs,Ad" board="2s,9h,6c,Jc,As"
1672763145625 inf [table] 1 tt3.tamgr.tt3_3.t252474 gain login="YL_ML_GL_42" amount="980"
1672763145817 inf [network] < prefs TIME:GET
1672763145869 inf [network] > prefs TIME:GET_OK
1672763149538 inf [network] > wam.general.t1 CHATROOM:POST_INFO
1672763149615 inf [network] > tt3.tamgr.tt3_3.t252474 TABLE:POST_INFO
1672763149616 inf [network] > tt3.tamgr.tt3_3.t252474 TABLE:POST_INFO
1672763149616 inf [table] 1 tt3.tamgr.tt3_3.t252474 hand 2656607572324253697-9-1672763149
1672763149617 inf [table] 1 tt3.tamgr.tt3_3.t252474 action SB login="Bignobru13" amount="10"
1672763149617 inf [table] 1 tt3.tamgr.tt3_3.t252474 action BB login="YL_ML_GL_42" amount="20"
1672763149619 inf [network] > tt3.tamgr.tt3_3.t252474 TABLE:CARDS
1672763149619 inf [network] > tt3.tamgr.tt3_3.t252474 TABLE:STATUS
1672763149620 inf [network] > tt3.tamgr.tt3_3.t252474 TABLE:PREACTION_LIST
1672763149620 inf [table] 1 tt3.tamgr.tt3_3.t252474 cards login="YL_ML_GL_42" 3d,8h
1672763149621 inf [table] 1 tt3.tamgr.tt3_3.t252474 round pre-flop pot="0" totalPot="30"
1672763150849 inf [network] > wam.general.t1 CHATROOM:POST_INFO
1672763151051 inf [network] > tt3.tamgr.tt3_3.t252474 TABLE:ACTION_INFO
1672763151051 inf [network] > tt3.tamgr.tt3_3.t252474 TABLE:ACTIONSET
1672763151052 inf [table] 1 tt3.tamgr.tt3_3.t252474 action call login="Bignobru13" amount="20"
1672763152537 inf [network] > tt3.ttmgr.tt3_3.t618539651 TOURNAMENT:STATUS
1672763153098 inf [network] < tt3.tamgr.tt3_3.t252474 TABLE:ACTION
1672763153152 inf [network] > tt3.tamgr.tt3_3.t252474 TABLE:ACTION_OK
1672763153153 inf [network] > tt3.tamgr.tt3_3.t252474 TABLE:ACTION_INFO
1672763153160 inf [table] 1 tt3.tamgr.tt3_3.t252474 action check login="YL_ML_GL_42" amount="20"
1672763153160 inf [network] > tt3.tamgr.tt3_3.t252474 TABLE:CARDS
1672763153161 inf [network] > tt3.tamgr.tt3_3.t252474 TABLE:STATUS
1672763153162 inf [network] > tt3.tamgr.tt3_3.t252474 TABLE:ACTIONSET
1672763153162 inf [table] 1 tt3.tamgr.tt3_3.t252474 round flop board="2c,7c,Kh" pot="40" totalPot="0"
1672763155435 inf [network] < tt3.tamgr.tt3_3.t252474 TABLE:ACTION
1672763155490 inf [network] > tt3.tamgr.tt3_3.t252474 TABLE:ACTION_OK
1672763155490 inf [network] > tt3.tamgr.tt3_3.t252474 TABLE:ACTION_INFO
1672763155491 inf [table] 1 tt3.tamgr.tt3_3.t252474 action check login="YL_ML_GL_42"
1672763155848 inf [network] < prefs TIME:GET
1672763155926 inf [network] > prefs TIME:GET_OK
1672763156526 inf [network] > tt3.tamgr.tt3_3.t252474 TABLE:ACTION_INFO
1672763156527 inf [network] > tt3.tamgr.tt3_3.t252474 TABLE:CARDS
1672763156527 inf [network] > tt3.tamgr.tt3_3.t252474 TABLE:STATUS
1672763156528 inf [network] > tt3.tamgr.tt3_3.t252474 TABLE:ACTIONSET
1672763156528 inf [table] 1 tt3.tamgr.tt3_3.t252474 action check login="Bignobru13"
1672763156529 inf [table] 1 tt3.tamgr.tt3_3.t252474 round turn board="2c,7c,Kh,6s" pot="40" totalPot="0"
1672763157936 inf [network] < tt3.tamgr.tt3_3.t252474 TABLE:ACTION
1672763157998 inf [network] > tt3.tamgr.tt3_3.t252474 TABLE:ACTION_OK
1672763157999 inf [network] > tt3.tamgr.tt3_3.t252474 TABLE:ACTION_INFO
1672763157999 inf [table] 1 tt3.tamgr.tt3_3.t252474 action check login="YL_ML_GL_42"
1672763158889 inf [network] > tt3.tamgr.tt3_3.t252474 TABLE:ACTION_INFO
1672763158890 inf [network] > tt3.tamgr.tt3_3.t252474 TABLE:CARDS
1672763158890 inf [network] > tt3.tamgr.tt3_3.t252474 TABLE:STATUS
1672763158890 inf [network] > tt3.tamgr.tt3_3.t252474 TABLE:ACTIONSET
1672763158891 inf [table] 1 tt3.tamgr.tt3_3.t252474 action check login="Bignobru13"
1672763158902 inf [table] 1 tt3.tamgr.tt3_3.t252474 round river board="2c,7c,Kh,6s,4d" pot="40" totalPot="0"
1672763161995 inf [network] < tt3.tamgr.tt3_3.t252474 TABLE:ACTION
1672763162060 inf [network] > tt3.tamgr.tt3_3.t252474 TABLE:ACTION_OK
1672763162061 inf [network] > tt3.tamgr.tt3_3.t252474 TABLE:ACTION_INFO
1672763162062 inf [table] 1 tt3.tamgr.tt3_3.t252474 action check login="YL_ML_GL_42"
1672763163063 inf [network] > tt3.tamgr.tt3_3.t252474 TABLE:ACTION_INFO
1672763163064 inf [network] > tt3.tamgr.tt3_3.t252474 TABLE:SHOWDOWN_INFO
1672763163064 inf [network] > tt3.tamgr.tt3_3.t252474 TABLE:SHOWDOWN_INFO
1672763163065 inf [network] > tt3.tamgr.tt3_3.t252474 TABLE:RESULT
1672763163065 inf [network] > tt3.tamgr.tt3_3.t252474 TRACKER:GET_INFO
1672763163065 inf [table] 1 tt3.tamgr.tt3_3.t252474 action check login="Bignobru13"
1672763163066 inf [table] 1 tt3.tamgr.tt3_3.t252474 showdown login="YL_ML_GL_42" cards="3d,8h" board="2c,7c,Kh,6s,4d"
1672763163067 inf [table] 1 tt3.tamgr.tt3_3.t252474 showdown login="Bignobru13" cards="Jd,Tc" board="2c,7c,Kh,6s,4d"
1672763163067 inf [table] 1 tt3.tamgr.tt3_3.t252474 gain login="Bignobru13" amount="40"
1672763165861 inf [network] < prefs TIME:GET
1672763165909 inf [network] > prefs TIME:GET_OK
1672763167223 inf [network] > tt3.tamgr.tt3_3.t252474 TABLE:POST_INFO
1672763167225 inf [network] > tt3.tamgr.tt3_3.t252474 TABLE:POST_INFO
1672763167226 inf [table] 1 tt3.tamgr.tt3_3.t252474 hand 2656607572324253697-10-1672763167
1672763167227 inf [table] 1 tt3.tamgr.tt3_3.t252474 action SB login="YL_ML_GL_42" amount="15"
1672763167228 inf [table] 1 tt3.tamgr.tt3_3.t252474 action BB login="Bignobru13" amount="30"
1672763167228 inf [network] > tt3.tamgr.tt3_3.t252474 TABLE:CARDS
1672763167229 inf [network] > tt3.tamgr.tt3_3.t252474 TABLE:STATUS
1672763167229 inf [network] > tt3.tamgr.tt3_3.t252474 TABLE:ACTIONSET
1672763167229 inf [table] 1 tt3.tamgr.tt3_3.t252474 cards login="YL_ML_GL_42" 6d,4s
1672763167230 inf [table] 1 tt3.tamgr.tt3_3.t252474 round pre-flop pot="0" totalPot="45"
1672763169147 inf [network] < tt3.tamgr.tt3_3.t252474 TABLE:ACTION
1672763169212 inf [network] > tt3.tamgr.tt3_3.t252474 TABLE:ACTION_OK
1672763169213 inf [network] > tt3.tamgr.tt3_3.t252474 TABLE:ACTION_INFO
1672763169213 inf [network] > tt3.tamgr.tt3_3.t252474 TABLE:SHOWDOWN_INFO
1672763169214 inf [network] > tt3.tamgr.tt3_3.t252474 TABLE:RESULT
1672763169214 inf [network] > tt3.tamgr.tt3_3.t252474 TRACKER:GET_INFO
1672763169215 inf [table] 1 tt3.tamgr.tt3_3.t252474 action fold login="YL_ML_GL_42" amount="15"
1672763169216 inf [table] 1 tt3.tamgr.tt3_3.t252474 showdown login="Bignobru13" mucks
1672763169216 inf [table] 1 tt3.tamgr.tt3_3.t252474 gain login="Bignobru13" amount="45"
1672763170811 inf [network] > wam.general.t1 CHATROOM:POST_INFO
1672763171291 inf [network] > tt3.tamgr.tt3_3.t252474 TABLE:POST_INFO
1672763171292 inf [network] > tt3.tamgr.tt3_3.t252474 TABLE:POST_INFO
1672763171293 inf [table] 1 tt3.tamgr.tt3_3.t252474 hand 2656607572324253697-11-1672763171
1672763171293 inf [table] 1 tt3.tamgr.tt3_3.t252474 action SB login="Bignobru13" amount="15"
1672763171294 inf [network] > tt3.tamgr.tt3_3.t252474 TABLE:CARDS
1672763171294 inf [network] > tt3.tamgr.tt3_3.t252474 TABLE:STATUS
1672763171295 inf [network] > tt3.tamgr.tt3_3.t252474 TABLE:PREACTION_LIST
1672763171295 inf [table] 1 tt3.tamgr.tt3_3.t252474 action BB login="YL_ML_GL_42" amount="30"
1672763171296 inf [table] 1 tt3.tamgr.tt3_3.t252474 cards login="YL_ML_GL_42" Ad,7d
1672763171296 inf [table] 1 tt3.tamgr.tt3_3.t252474 round pre-flop pot="0" totalPot="45"
1672763172695 inf [network] > tt3.tamgr.tt3_3.t252474 TABLE:ACTION_INFO
1672763172695 inf [network] > tt3.tamgr.tt3_3.t252474 TABLE:SHOWCARDS_INFO
1672763172696 inf [table] 1 tt3.tamgr.tt3_3.t252474 action fold login="Bignobru13" amount="15"
1672763172709 inf [network] < tt3.tamgr.tt3_3.t252474 TABLE:SHOWCARDS
1672763172779 inf [network] > tt3.tamgr.tt3_3.t252474 TABLE:SHOWDOWN_INFO
1672763172780 inf [network] > tt3.tamgr.tt3_3.t252474 TABLE:RESULT
1672763172781 inf [network] > tt3.tamgr.tt3_3.t252474 TRACKER:GET_INFO
1672763172782 inf [table] 1 tt3.tamgr.tt3_3.t252474 showdown login="YL_ML_GL_42" mucks
1672763172782 inf [table] 1 tt3.tamgr.tt3_3.t252474 gain login="YL_ML_GL_42" amount="45"
1672763172783 inf [network] > tt3.tamgr.tt3_3.t252474 TABLE:SHOWCARDS_OK
1672763173326 inf [network] > wam.general.t1 CHATROOM:POST_INFO
1672763174916 inf [network] > tt3.tamgr.tt3_3.t252474 TABLE:POST_INFO
1672763174917 inf [network] > tt3.tamgr.tt3_3.t252474 TABLE:POST_INFO
1672763174918 inf [network] > tt3.tamgr.tt3_3.t252474 TABLE:CARDS
1672763174918 inf [network] > tt3.tamgr.tt3_3.t252474 TABLE:STATUS
1672763174918 inf [network] > tt3.tamgr.tt3_3.t252474 TABLE:ACTIONSET
1672763174919 inf [table] 1 tt3.tamgr.tt3_3.t252474 hand 2656607572324253697-12-1672763174
1672763174919 inf [table] 1 tt3.tamgr.tt3_3.t252474 action SB login="YL_ML_GL_42" amount="15"
1672763174920 inf [table] 1 tt3.tamgr.tt3_3.t252474 action BB login="Bignobru13" amount="30"
1672763174920 inf [table] 1 tt3.tamgr.tt3_3.t252474 cards login="YL_ML_GL_42" 3s,5c
1672763174930 inf [table] 1 tt3.tamgr.tt3_3.t252474 round pre-flop pot="0" totalPot="45"
1672763175866 inf [network] < prefs TIME:GET
1672763176052 inf [network] > prefs TIME:GET_OK
1672763176635 inf [network] < tt3.tamgr.tt3_3.t252474 TABLE:ACTION
1672763176683 inf [network] > tt3.tamgr.tt3_3.t252474 TABLE:ACTION_OK
1672763176684 inf [network] > tt3.tamgr.tt3_3.t252474 TABLE:ACTION_INFO
1672763176691 inf [table] 1 tt3.tamgr.tt3_3.t252474 action call login="YL_ML_GL_42" amount="30"
1672763176894 inf [network] > wam.general.t1 CHATROOM:POST_INFO
1672763177692 inf [network] > tt3.tamgr.tt3_3.t252474 TABLE:ACTION_INFO
1672763177693 inf [network] > tt3.tamgr.tt3_3.t252474 TABLE:CARDS
1672763177693 inf [network] > tt3.tamgr.tt3_3.t252474 TABLE:STATUS
1672763177694 inf [network] > tt3.tamgr.tt3_3.t252474 TABLE:PREACTION_LIST
1672763177694 inf [table] 1 tt3.tamgr.tt3_3.t252474 action check login="Bignobru13" amount="30"
1672763177695 inf [table] 1 tt3.tamgr.tt3_3.t252474 round flop board="7d,4c,As" pot="60" totalPot="0"
1672763178331 inf [network] > wam.general.t1 CHATROOM:POST_INFO
1672763179332 inf [network] > tt3.tamgr.tt3_3.t252474 TABLE:ACTION_INFO
1672763179333 inf [network] > tt3.tamgr.tt3_3.t252474 TABLE:ACTIONSET
1672763179334 inf [table] 1 tt3.tamgr.tt3_3.t252474 action check login="Bignobru13"
1672763180932 inf [network] < tt3.tamgr.tt3_3.t252474 TABLE:ACTION
1672763181001 inf [network] > tt3.tamgr.tt3_3.t252474 TABLE:ACTION_OK
1672763181013 inf [network] > tt3.tamgr.tt3_3.t252474 TABLE:ACTION_INFO
1672763181014 inf [network] > tt3.tamgr.tt3_3.t252474 TABLE:CARDS
1672763181014 inf [network] > tt3.tamgr.tt3_3.t252474 TABLE:STATUS
1672763181015 inf [network] > tt3.tamgr.tt3_3.t252474 TABLE:PREACTION_LIST
1672763181015 inf [table] 1 tt3.tamgr.tt3_3.t252474 action check login="YL_ML_GL_42"
1672763181016 inf [table] 1 tt3.tamgr.tt3_3.t252474 round turn board="7d,4c,As,2d" pot="60" totalPot="0"
1672763182267 inf [network] > tt3.tamgr.tt3_3.t252474 TABLE:ACTION_INFO
1672763182268 inf [network] > tt3.tamgr.tt3_3.t252474 TABLE:ACTIONSET
1672763182268 inf [table] 1 tt3.tamgr.tt3_3.t252474 action check login="Bignobru13"
1672763184422 inf [network] > wam.general.t1 CHATROOM:POST_INFO
1672763184886 inf [network] > wam.general.t1 CHATROOM:POST_INFO
1672763185148 inf [network] < tt3.tamgr.tt3_3.t252474 TABLE:ACTION
1672763185201 inf [network] > tt3.tamgr.tt3_3.t252474 TABLE:ACTION_OK
1672763185202 inf [network] > tt3.tamgr.tt3_3.t252474 TABLE:ACTION_INFO
1672763185202 inf [table] 1 tt3.tamgr.tt3_3.t252474 action bet login="YL_ML_GL_42" amount="48"
1672763185879 inf [network] < prefs TIME:GET
1672763185967 inf [network] > prefs TIME:GET_OK
1672763187050 inf [network] > tt3.tamgr.tt3_3.t252474 TABLE:ACTION_INFO
1672763187050 inf [network] > tt3.tamgr.tt3_3.t252474 TABLE:SHOWCARDS_INFO
1672763187051 inf [table] 1 tt3.tamgr.tt3_3.t252474 action fold login="Bignobru13"
1672763187079 inf [network] < tt3.tamgr.tt3_3.t252474 TABLE:SHOWCARDS
1672763187168 inf [network] > tt3.tamgr.tt3_3.t252474 TABLE:SHOWDOWN_INFO
1672763187172 inf [network] > tt3.tamgr.tt3_3.t252474 TABLE:RESULT
1672763187172 inf [network] > tt3.tamgr.tt3_3.t252474 TRACKER:GET_INFO
1672763187173 inf [network] > tt3.tamgr.tt3_3.t252474 TABLE:SHOWCARDS_OK
1672763187174 inf [table] 1 tt3.tamgr.tt3_3.t252474 showdown login="YL_ML_GL_42" mucks
1672763187174 inf [table] 1 tt3.tamgr.tt3_3.t252474 gain login="YL_ML_GL_42" amount="108"
1672763189210 inf [network] > tt3.tamgr.tt3_3.t252474 TABLE:POST_INFO
1672763189211 inf [network] > tt3.tamgr.tt3_3.t252474 TABLE:POST_INFO
1672763189211 inf [table] 1 tt3.tamgr.tt3_3.t252474 hand 2656607572324253697-13-1672763189
1672763189212 inf [table] 1 tt3.tamgr.tt3_3.t252474 action SB login="Bignobru13" amount="15"
1672763189212 inf [table] 1 tt3.tamgr.tt3_3.t252474 action BB login="YL_ML_GL_42" amount="30"
1672763189213 inf [network] > tt3.tamgr.tt3_3.t252474 TABLE:CARDS
1672763189214 inf [network] > tt3.tamgr.tt3_3.t252474 TABLE:STATUS
1672763189214 inf [network] > tt3.tamgr.tt3_3.t252474 TABLE:PREACTION_LIST
1672763189214 inf [table] 1 tt3.tamgr.tt3_3.t252474 cards login="YL_ML_GL_42" 5s,Jh
1672763189215 inf [table] 1 tt3.tamgr.tt3_3.t252474 round pre-flop pot="0" totalPot="45"
1672763190488 inf [network] > tt3.tamgr.tt3_3.t252474 TABLE:ACTION_INFO
1672763190488 inf [network] > tt3.tamgr.tt3_3.t252474 TABLE:ACTIONSET
1672763190489 inf [table] 1 tt3.tamgr.tt3_3.t252474 action raise login="Bignobru13" amount="60"
1672763191529 inf [network] > wam.general.t1 CHATROOM:POST_INFO
1672763191634 inf [network] < tt3.tamgr.tt3_3.t252474 TABLE:ACTION
1672763191743 inf [network] > tt3.tamgr.tt3_3.t252474 TABLE:ACTION_OK
1672763191743 inf [network] > tt3.tamgr.tt3_3.t252474 TABLE:ACTION_INFO
1672763191744 inf [network] > tt3.tamgr.tt3_3.t252474 TABLE:CARDS
1672763191744 inf [network] > tt3.tamgr.tt3_3.t252474 TABLE:STATUS
1672763191744 inf [network] > tt3.tamgr.tt3_3.t252474 TABLE:ACTIONSET
1672763191745 inf [table] 1 tt3.tamgr.tt3_3.t252474 action call login="YL_ML_GL_42" amount="60"
1672763191746 inf [table] 1 tt3.tamgr.tt3_3.t252474 round flop board="4d,Tc,Kc" pot="120" totalPot="0"
1672763194491 inf [network] < tt3.tamgr.tt3_3.t252474 TABLE:ACTION
1672763194544 inf [network] > tt3.tamgr.tt3_3.t252474 TABLE:ACTION_OK
1672763194544 inf [network] > tt3.tamgr.tt3_3.t252474 TABLE:ACTION_INFO
1672763194545 inf [table] 1 tt3.tamgr.tt3_3.t252474 action check login="YL_ML_GL_42"
1672763195888 inf [network] < prefs TIME:GET
1672763195975 inf [network] > prefs TIME:GET_OK
1672763196069 inf [network] > tt3.tamgr.tt3_3.t252474 TABLE:ACTION_INFO
1672763196069 inf [network] > tt3.tamgr.tt3_3.t252474 TABLE:CARDS
1672763196070 inf [network] > tt3.tamgr.tt3_3.t252474 TABLE:STATUS
1672763196070 inf [network] > tt3.tamgr.tt3_3.t252474 TABLE:ACTIONSET
1672763196071 inf [table] 1 tt3.tamgr.tt3_3.t252474 action check login="Bignobru13"
1672763196071 inf [table] 1 tt3.tamgr.tt3_3.t252474 round turn board="4d,Tc,Kc,6s" pot="120" totalPot="0"
1672763198403 inf [network] < tt3.tamgr.tt3_3.t252474 TABLE:ACTION
1672763198465 inf [network] > tt3.tamgr.tt3_3.t252474 TABLE:ACTION_OK
1672763198465 inf [network] > tt3.tamgr.tt3_3.t252474 TABLE:ACTION_INFO
1672763198466 inf [table] 1 tt3.tamgr.tt3_3.t252474 action check login="YL_ML_GL_42"
1672763199690 inf [network] > tt3.tamgr.tt3_3.t252474 TABLE:ACTION_INFO
1672763199690 inf [network] > tt3.tamgr.tt3_3.t252474 TABLE:ACTIONSET
1672763199691 inf [table] 1 tt3.tamgr.tt3_3.t252474 action bet login="Bignobru13" amount="450"
1672763201099 inf [network] < tt3.tamgr.tt3_3.t252474 TABLE:ACTION
1672763201168 inf [network] > tt3.tamgr.tt3_3.t252474 TABLE:ACTION_OK
1672763201169 inf [network] > tt3.tamgr.tt3_3.t252474 TABLE:ACTION_INFO
1672763201169 inf [network] > tt3.tamgr.tt3_3.t252474 TABLE:SHOWDOWN_INFO
1672763201169 inf [network] > tt3.tamgr.tt3_3.t252474 TABLE:RESULT
1672763201170 inf [network] > tt3.tamgr.tt3_3.t252474 TRACKER:GET_INFO
1672763201170 inf [table] 1 tt3.tamgr.tt3_3.t252474 action fold login="YL_ML_GL_42"
1672763201171 inf [table] 1 tt3.tamgr.tt3_3.t252474 showdown login="Bignobru13" mucks
1672763201171 inf [table] 1 tt3.tamgr.tt3_3.t252474 gain login="Bignobru13" amount="570"
1672763203301 inf [network] > tt3.tamgr.tt3_3.t252474 TABLE:POST_INFO
1672763203301 inf [network] > tt3.tamgr.tt3_3.t252474 TABLE:POST_INFO
1672763203302 inf [network] > tt3.tamgr.tt3_3.t252474 TABLE:CARDS
1672763203302 inf [network] > tt3.tamgr.tt3_3.t252474 TABLE:STATUS
1672763203302 inf [network] > tt3.tamgr.tt3_3.t252474 TABLE:ACTIONSET
1672763203303 inf [table] 1 tt3.tamgr.tt3_3.t252474 hand 2656607572324253697-14-1672763203
1672763203303 inf [table] 1 tt3.tamgr.tt3_3.t252474 action SB login="YL_ML_GL_42" amount="15"
1672763203304 inf [table] 1 tt3.tamgr.tt3_3.t252474 action BB login="Bignobru13" amount="30"
1672763203304 inf [table] 1 tt3.tamgr.tt3_3.t252474 cards login="YL_ML_GL_42" 5h,4c
1672763203305 inf [table] 1 tt3.tamgr.tt3_3.t252474 round pre-flop pot="0" totalPot="45"
1672763205891 inf [network] < prefs TIME:GET
1672763205950 inf [network] > prefs TIME:GET_OK
1672763206058 inf [network] < tt3.tamgr.tt3_3.t252474 TABLE:ACTION
1672763206112 inf [network] > tt3.tamgr.tt3_3.t252474 TABLE:ACTION_OK
1672763206113 inf [network] > tt3.tamgr.tt3_3.t252474 TABLE:ACTION_INFO
1672763206114 inf [table] 1 tt3.tamgr.tt3_3.t252474 action call login="YL_ML_GL_42" amount="30"
1672763207770 inf [network] > tt3.tamgr.tt3_3.t252474 TABLE:ACTION_INFO
1672763207771 inf [network] > tt3.tamgr.tt3_3.t252474 TABLE:CARDS
1672763207771 inf [network] > tt3.tamgr.tt3_3.t252474 TABLE:STATUS
1672763207771 inf [network] > tt3.tamgr.tt3_3.t252474 TABLE:PREACTION_LIST
1672763207772 inf [table] 1 tt3.tamgr.tt3_3.t252474 action check login="Bignobru13" amount="30"
1672763207777 inf [table] 1 tt3.tamgr.tt3_3.t252474 round flop board="Jc,Jd,Kh" pot="60" totalPot="0"
1672763209210 inf [network] > tt3.tamgr.tt3_3.t252474 TABLE:ACTION_INFO
1672763209210 inf [network] > tt3.tamgr.tt3_3.t252474 TABLE:ACTIONSET
1672763209211 inf [table] 1 tt3.tamgr.tt3_3.t252474 action check login="Bignobru13"
1672763210514 inf [network] < tt3.tamgr.tt3_3.t252474 TABLE:ACTION
1672763210575 inf [network] > tt3.tamgr.tt3_3.t252474 TABLE:ACTION_OK
1672763210576 inf [network] > tt3.tamgr.tt3_3.t252474 TABLE:ACTION_INFO
1672763210577 inf [network] > tt3.tamgr.tt3_3.t252474 TABLE:CARDS
1672763210577 inf [network] > tt3.tamgr.tt3_3.t252474 TABLE:STATUS
1672763210578 inf [network] > tt3.tamgr.tt3_3.t252474 TABLE:PREACTION_LIST
1672763210578 inf [table] 1 tt3.tamgr.tt3_3.t252474 action check login="YL_ML_GL_42"
1672763210579 inf [table] 1 tt3.tamgr.tt3_3.t252474 round turn board="Jc,Jd,Kh,Jh" pot="60" totalPot="0"
1672763211836 inf [network] > tt3.tamgr.tt3_3.t252474 TABLE:ACTION_INFO
1672763211836 inf [network] > tt3.tamgr.tt3_3.t252474 TABLE:ACTIONSET
1672763211837 inf [table] 1 tt3.tamgr.tt3_3.t252474 action check login="Bignobru13"
1672763213276 inf [network] < tt3.tamgr.tt3_3.t252474 TABLE:ACTION
1672763213334 inf [network] > tt3.tamgr.tt3_3.t252474 TABLE:ACTION_OK
1672763213335 inf [network] > tt3.tamgr.tt3_3.t252474 TABLE:ACTION_INFO
1672763213335 inf [network] > tt3.tamgr.tt3_3.t252474 TABLE:CARDS
1672763213336 inf [network] > tt3.tamgr.tt3_3.t252474 TABLE:STATUS
1672763213337 inf [network] > tt3.tamgr.tt3_3.t252474 TABLE:PREACTION_LIST
1672763213337 inf [table] 1 tt3.tamgr.tt3_3.t252474 action check login="YL_ML_GL_42"
1672763213338 inf [table] 1 tt3.tamgr.tt3_3.t252474 round river board="Jc,Jd,Kh,Jh,7d" pot="60" totalPot="0"
1672763214773 inf [network] > tt3.tamgr.tt3_3.t252474 TABLE:ACTION_INFO
1672763214774 inf [network] > tt3.tamgr.tt3_3.t252474 TABLE:ACTIONSET
1672763214775 inf [table] 1 tt3.tamgr.tt3_3.t252474 action check login="Bignobru13"
1672763215878 inf [network] < prefs TIME:GET
1672763215967 inf [network] > prefs TIME:GET_OK
1672763216922 inf [network] < tt3.tamgr.tt3_3.t252474 TABLE:ACTION
1672763216976 inf [network] > tt3.tamgr.tt3_3.t252474 TABLE:ACTION_OK
1672763216977 inf [network] > tt3.tamgr.tt3_3.t252474 TABLE:ACTION_INFO
1672763216979 inf [table] 1 tt3.tamgr.tt3_3.t252474 action bet login="YL_ML_GL_42" amount="60"
1672763220247 inf [network] > tt3.tamgr.tt3_3.t252474 TABLE:ACTION_INFO
1672763220248 inf [network] > tt3.tamgr.tt3_3.t252474 TABLE:SHOWCARDS_INFO
1672763220248 inf [table] 1 tt3.tamgr.tt3_3.t252474 action fold login="Bignobru13"
1672763220264 inf [network] < tt3.tamgr.tt3_3.t252474 TABLE:SHOWCARDS
1672763220343 inf [network] > tt3.tamgr.tt3_3.t252474 TABLE:SHOWDOWN_INFO
1672763220344 inf [network] > tt3.tamgr.tt3_3.t252474 TABLE:RESULT
1672763220344 inf [network] > tt3.tamgr.tt3_3.t252474 TRACKER:GET_INFO
1672763220345 inf [network] > tt3.tamgr.tt3_3.t252474 TABLE:SHOWCARDS_OK
1672763220346 inf [table] 1 tt3.tamgr.tt3_3.t252474 showdown login="YL_ML_GL_42" mucks
1672763220346 inf [table] 1 tt3.tamgr.tt3_3.t252474 gain login="YL_ML_GL_42" amount="120"
1672763222425 inf [network] > tt3.tamgr.tt3_3.t252474 TABLE:POST_INFO
1672763222425 inf [network] > tt3.tamgr.tt3_3.t252474 TABLE:POST_INFO
1672763222426 inf [network] > tt3.tamgr.tt3_3.t252474 TABLE:CARDS
1672763222427 inf [network] > tt3.tamgr.tt3_3.t252474 TABLE:STATUS
1672763222427 inf [network] > tt3.tamgr.tt3_3.t252474 TABLE:PREACTION_LIST
1672763222427 inf [table] 1 tt3.tamgr.tt3_3.t252474 hand 2656607572324253697-15-1672763222
1672763222428 inf [table] 1 tt3.tamgr.tt3_3.t252474 action SB login="Bignobru13" amount="15"
1672763222428 inf [table] 1 tt3.tamgr.tt3_3.t252474 action BB login="YL_ML_GL_42" amount="30"
1672763222429 inf [table] 1 tt3.tamgr.tt3_3.t252474 cards login="YL_ML_GL_42" Ks,5c
1672763222429 inf [table] 1 tt3.tamgr.tt3_3.t252474 round pre-flop pot="0" totalPot="45"
1672763224570 inf [network] > tt3.tamgr.tt3_3.t252474 TABLE:ACTION_INFO
1672763224571 inf [network] > tt3.tamgr.tt3_3.t252474 TABLE:ACTIONSET
1672763224572 inf [table] 1 tt3.tamgr.tt3_3.t252474 action call login="Bignobru13" amount="30"
1672763225902 inf [network] < prefs TIME:GET
1672763225948 inf [network] < tt3.tamgr.tt3_3.t252474 TABLE:ACTION
1672763225967 inf [network] > prefs TIME:GET_OK
1672763226012 inf [network] > tt3.tamgr.tt3_3.t252474 TABLE:ACTION_OK
1672763226013 inf [network] > tt3.tamgr.tt3_3.t252474 TABLE:ACTION_INFO
1672763226025 inf [table] 1 tt3.tamgr.tt3_3.t252474 action check login="YL_ML_GL_42" amount="30"
1672763226026 inf [network] > tt3.tamgr.tt3_3.t252474 TABLE:CARDS
1672763226027 inf [network] > tt3.tamgr.tt3_3.t252474 TABLE:STATUS
1672763226027 inf [network] > tt3.tamgr.tt3_3.t252474 TABLE:ACTIONSET
1672763226042 inf [table] 1 tt3.tamgr.tt3_3.t252474 round flop board="6h,3s,9d" pot="60" totalPot="0"
1672763228572 inf [network] < tt3.tamgr.tt3_3.t252474 TABLE:ACTION
1672763228622 inf [network] > tt3.tamgr.tt3_3.t252474 TABLE:ACTION_OK
1672763228623 inf [network] > tt3.tamgr.tt3_3.t252474 TABLE:ACTION_INFO
1672763228627 inf [table] 1 tt3.tamgr.tt3_3.t252474 action check login="YL_ML_GL_42"
1672763230818 inf [network] > tt3.tamgr.tt3_3.t252474 TABLE:ACTION_INFO
1672763230819 inf [network] > tt3.tamgr.tt3_3.t252474 TABLE:CARDS
1672763230819 inf [network] > tt3.tamgr.tt3_3.t252474 TABLE:STATUS
1672763230819 inf [network] > tt3.tamgr.tt3_3.t252474 TABLE:ACTIONSET
1672763230820 inf [table] 1 tt3.tamgr.tt3_3.t252474 action check login="Bignobru13"
1672763230821 inf [table] 1 tt3.tamgr.tt3_3.t252474 round turn board="6h,3s,9d,6d" pot="60" totalPot="0"
1672763233252 inf [network] < tt3.tamgr.tt3_3.t252474 TABLE:ACTION
1672763233303 inf [network] > tt3.tamgr.tt3_3.t252474 TABLE:ACTION_OK
1672763233303 inf [network] > tt3.tamgr.tt3_3.t252474 TABLE:ACTION_INFO
1672763233304 inf [table] 1 tt3.tamgr.tt3_3.t252474 action check login="YL_ML_GL_42"
1672763234281 inf [network] > tt3.tamgr.tt3_3.t252474 TABLE:ACTION_INFO
1672763234282 inf [network] > tt3.tamgr.tt3_3.t252474 TABLE:ACTIONSET
1672763234282 inf [table] 1 tt3.tamgr.tt3_3.t252474 action bet login="Bignobru13" amount="30"
1672763235902 inf [network] < prefs TIME:GET
1672763235944 inf [network] > prefs TIME:GET_OK
1672763237650 inf [network] < tt3.tamgr.tt3_3.t252474 TABLE:ACTION
1672763237728 inf [network] > tt3.tamgr.tt3_3.t252474 TABLE:ACTION_OK
1672763237728 inf [network] > tt3.tamgr.tt3_3.t252474 TABLE:ACTION_INFO
1672763237729 inf [table] 1 tt3.tamgr.tt3_3.t252474 action fold login="YL_ML_GL_42"
1672763237743 inf [network] > tt3.tamgr.tt3_3.t252474 TABLE:SHOWDOWN_INFO
1672763237743 inf [network] > tt3.tamgr.tt3_3.t252474 TABLE:RESULT
1672763237744 inf [network] > tt3.tamgr.tt3_3.t252474 TRACKER:GET_INFO
1672763237745 inf [table] 1 tt3.tamgr.tt3_3.t252474 showdown login="Bignobru13" mucks
1672763237745 inf [table] 1 tt3.tamgr.tt3_3.t252474 gain login="Bignobru13" amount="90"
1672763238289 inf [network] > wam.general.t1 CHATROOM:POST_INFO
1672763239733 inf [network] > tt3.tamgr.tt3_3.t252474 TABLE:POST_INFO
1672763239734 inf [network] > tt3.tamgr.tt3_3.t252474 TABLE:POST_INFO
1672763239734 inf [network] > tt3.tamgr.tt3_3.t252474 TABLE:CARDS
1672763239734 inf [network] > tt3.tamgr.tt3_3.t252474 TABLE:STATUS
1672763239735 inf [network] > tt3.tamgr.tt3_3.t252474 TABLE:ACTIONSET
1672763239735 inf [table] 1 tt3.tamgr.tt3_3.t252474 hand 2656607572324253697-16-1672763239
1672763239736 inf [table] 1 tt3.tamgr.tt3_3.t252474 action SB login="YL_ML_GL_42" amount="15"
1672763239736 inf [table] 1 tt3.tamgr.tt3_3.t252474 action BB login="Bignobru13" amount="30"
1672763239737 inf [table] 1 tt3.tamgr.tt3_3.t252474 cards login="YL_ML_GL_42" 6c,3c
1672763239737 inf [table] 1 tt3.tamgr.tt3_3.t252474 round pre-flop pot="0" totalPot="45"
1672763242035 inf [network] < tt3.tamgr.tt3_3.t252474 TABLE:ACTION
1672763242090 inf [network] > tt3.tamgr.tt3_3.t252474 TABLE:ACTION_OK
1672763242091 inf [network] > tt3.tamgr.tt3_3.t252474 TABLE:ACTION_INFO
1672763242092 inf [table] 1 tt3.tamgr.tt3_3.t252474 action raise login="YL_ML_GL_42" amount="90"
1672763242539 inf [network] > tt3.ttmgr.tt3_3.t618539651 TOURNAMENT:STATUS
1672763243731 inf [network] > tt3.tamgr.tt3_3.t252474 TABLE:ACTION_INFO
1672763243732 inf [network] > tt3.tamgr.tt3_3.t252474 TABLE:ACTIONSET
1672763243732 inf [table] 1 tt3.tamgr.tt3_3.t252474 action raise login="Bignobru13" amount="570"
1672763245547 inf [network] < tt3.tamgr.tt3_3.t252474 TABLE:ACTION
1672763245613 inf [network] > tt3.tamgr.tt3_3.t252474 TABLE:ACTION_OK
1672763245616 inf [network] > tt3.tamgr.tt3_3.t252474 TABLE:ACTION_INFO
1672763245616 inf [network] > tt3.tamgr.tt3_3.t252474 TABLE:SHOWDOWN_INFO
1672763245617 inf [network] > tt3.tamgr.tt3_3.t252474 TABLE:RESULT
1672763245617 inf [network] > tt3.tamgr.tt3_3.t252474 TRACKER:GET_INFO
1672763245618 inf [table] 1 tt3.tamgr.tt3_3.t252474 action fold login="YL_ML_GL_42" amount="90"
1672763245625 inf [table] 1 tt3.tamgr.tt3_3.t252474 showdown login="Bignobru13" mucks
1672763245625 inf [table] 1 tt3.tamgr.tt3_3.t252474 gain login="Bignobru13" amount="660"
1672763245902 inf [network] < prefs TIME:GET
1672763245967 inf [network] > prefs TIME:GET_OK
1672763247689 inf [network] > tt3.tamgr.tt3_3.t252474 TABLE:POST_INFO
1672763247690 inf [network] > tt3.tamgr.tt3_3.t252474 TABLE:POST_INFO
1672763247690 inf [network] > tt3.tamgr.tt3_3.t252474 TABLE:CARDS
1672763247691 inf [table] 1 tt3.tamgr.tt3_3.t252474 hand 2656607572324253697-17-1672763247
1672763247691 inf [table] 1 tt3.tamgr.tt3_3.t252474 action SB login="Bignobru13" amount="20"
1672763247692 inf [table] 1 tt3.tamgr.tt3_3.t252474 action BB login="YL_ML_GL_42" amount="40"
1672763247692 inf [network] > tt3.tamgr.tt3_3.t252474 TABLE:STATUS
1672763247693 inf [network] > tt3.tamgr.tt3_3.t252474 TABLE:PREACTION_LIST
1672763247693 inf [table] 1 tt3.tamgr.tt3_3.t252474 cards login="YL_ML_GL_42" Kh,Tc
1672763247694 inf [table] 1 tt3.tamgr.tt3_3.t252474 round pre-flop pot="0" totalPot="60"
1672763249134 inf [network] > tt3.tamgr.tt3_3.t252474 TABLE:ACTION_INFO
1672763249134 inf [network] > tt3.tamgr.tt3_3.t252474 TABLE:SHOWCARDS_INFO
1672763249135 inf [table] 1 tt3.tamgr.tt3_3.t252474 action fold login="Bignobru13" amount="20"
1672763249159 inf [network] < tt3.tamgr.tt3_3.t252474 TABLE:SHOWCARDS
1672763249215 inf [network] > tt3.tamgr.tt3_3.t252474 TABLE:SHOWDOWN_INFO
1672763249216 inf [network] > tt3.tamgr.tt3_3.t252474 TABLE:RESULT
1672763249216 inf [network] > tt3.tamgr.tt3_3.t252474 TRACKER:GET_INFO
1672763249216 inf [network] > tt3.tamgr.tt3_3.t252474 TABLE:SHOWCARDS_OK
1672763249217 inf [table] 1 tt3.tamgr.tt3_3.t252474 showdown login="YL_ML_GL_42" mucks
1672763249218 inf [table] 1 tt3.tamgr.tt3_3.t252474 gain login="YL_ML_GL_42" amount="60"
1672763251300 inf [network] > tt3.tamgr.tt3_3.t252474 TABLE:POST_INFO
1672763251300 inf [network] > tt3.tamgr.tt3_3.t252474 TABLE:POST_INFO
1672763251301 inf [table] 1 tt3.tamgr.tt3_3.t252474 hand 2656607572324253697-18-1672763251
1672763251301 inf [table] 1 tt3.tamgr.tt3_3.t252474 action SB login="YL_ML_GL_42" amount="20"
1672763251302 inf [table] 1 tt3.tamgr.tt3_3.t252474 action BB login="Bignobru13" amount="40"
1672763251302 inf [network] > tt3.tamgr.tt3_3.t252474 TABLE:CARDS
1672763251303 inf [network] > tt3.tamgr.tt3_3.t252474 TABLE:STATUS
1672763251303 inf [network] > tt3.tamgr.tt3_3.t252474 TABLE:ACTIONSET
1672763251304 inf [table] 1 tt3.tamgr.tt3_3.t252474 cards login="YL_ML_GL_42" 9c,Qs
1672763251321 inf [table] 1 tt3.tamgr.tt3_3.t252474 round pre-flop pot="0" totalPot="60"
1672763253266 inf [network] < tt3.tamgr.tt3_3.t252474 TABLE:ACTION
1672763253321 inf [network] > tt3.tamgr.tt3_3.t252474 TABLE:ACTION_OK
1672763253322 inf [network] > tt3.tamgr.tt3_3.t252474 TABLE:ACTION_INFO
1672763253323 inf [table] 1 tt3.tamgr.tt3_3.t252474 action raise login="YL_ML_GL_42" amount="120"
1672763255083 inf [network] > tt3.tamgr.tt3_3.t252474 TABLE:ACTION_INFO
1672763255083 inf [network] > tt3.tamgr.tt3_3.t252474 TABLE:CARDS
1672763255084 inf [table] 1 tt3.tamgr.tt3_3.t252474 action call login="Bignobru13" amount="120"
1672763255090 inf [network] > tt3.tamgr.tt3_3.t252474 TABLE:STATUS
1672763255090 inf [network] > tt3.tamgr.tt3_3.t252474 TABLE:PREACTION_LIST
1672763255091 inf [table] 1 tt3.tamgr.tt3_3.t252474 round flop board="4c,Ah,Jh" pot="240" totalPot="0"
1672763255904 inf [network] < prefs TIME:GET
1672763255940 inf [network] > prefs TIME:GET_OK
1672763256655 inf [network] > tt3.tamgr.tt3_3.t252474 TABLE:ACTION_INFO
1672763256655 inf [network] > tt3.tamgr.tt3_3.t252474 TABLE:ACTIONSET
1672763256669 inf [table] 1 tt3.tamgr.tt3_3.t252474 action check login="Bignobru13"
1672763258620 inf [network] < tt3.tamgr.tt3_3.t252474 TABLE:ACTION
1672763258659 inf [network] > tt3.tamgr.tt3_3.t252474 TABLE:ACTION_OK
1672763258659 inf [network] > tt3.tamgr.tt3_3.t252474 TABLE:ACTION_INFO
1672763258660 inf [table] 1 tt3.tamgr.tt3_3.t252474 action bet login="YL_ML_GL_42" amount="240"
1672763260529 inf [network] > tt3.tamgr.tt3_3.t252474 TABLE:ACTION_INFO
1672763260530 inf [network] > tt3.tamgr.tt3_3.t252474 TABLE:SHOWCARDS_INFO
1672763260530 inf [table] 1 tt3.tamgr.tt3_3.t252474 action fold login="Bignobru13"
1672763260553 inf [network] < tt3.tamgr.tt3_3.t252474 TABLE:SHOWCARDS
1672763260607 inf [network] > tt3.tamgr.tt3_3.t252474 TABLE:SHOWDOWN_INFO
1672763260615 inf [network] > tt3.tamgr.tt3_3.t252474 TABLE:RESULT
1672763260615 inf [network] > tt3.tamgr.tt3_3.t252474 TRACKER:GET_INFO
1672763260615 inf [network] > tt3.tamgr.tt3_3.t252474 TABLE:SHOWCARDS_OK
1672763260616 inf [table] 1 tt3.tamgr.tt3_3.t252474 showdown login="YL_ML_GL_42" mucks
1672763260617 inf [table] 1 tt3.tamgr.tt3_3.t252474 gain login="YL_ML_GL_42" amount="480"
1672763262693 inf [network] > tt3.tamgr.tt3_3.t252474 TABLE:POST_INFO
1672763262694 inf [network] > tt3.tamgr.tt3_3.t252474 TABLE:POST_INFO
1672763262695 inf [network] > tt3.tamgr.tt3_3.t252474 TABLE:CARDS
1672763262695 inf [network] > tt3.tamgr.tt3_3.t252474 TABLE:STATUS
1672763262695 inf [table] 1 tt3.tamgr.tt3_3.t252474 hand 2656607572324253697-19-1672763262
1672763262696 inf [table] 1 tt3.tamgr.tt3_3.t252474 action SB login="Bignobru13" amount="20"
1672763262696 inf [table] 1 tt3.tamgr.tt3_3.t252474 action BB login="YL_ML_GL_42" amount="40"
1672763262697 inf [table] 1 tt3.tamgr.tt3_3.t252474 cards login="YL_ML_GL_42" Qc,Kd
1672763262697 inf [network] > tt3.tamgr.tt3_3.t252474 TABLE:PREACTION_LIST
1672763262698 inf [table] 1 tt3.tamgr.tt3_3.t252474 round pre-flop pot="0" totalPot="60"
1672763264450 inf [network] > tt3.tamgr.tt3_3.t252474 TABLE:ACTION_INFO
1672763264451 inf [network] > tt3.tamgr.tt3_3.t252474 TABLE:ACTIONSET
1672763264452 inf [table] 1 tt3.tamgr.tt3_3.t252474 action raise login="Bignobru13" amount="80"
1672763265917 inf [network] < prefs TIME:GET
1672763265967 inf [network] > prefs TIME:GET_OK
1672763268283 inf [network] < tt3.tamgr.tt3_3.t252474 TABLE:ACTION
1672763268352 inf [network] > tt3.tamgr.tt3_3.t252474 TABLE:ACTION_OK
1672763268353 inf [network] > tt3.tamgr.tt3_3.t252474 TABLE:ACTION_INFO
1672763268354 inf [table] 1 tt3.tamgr.tt3_3.t252474 action raise login="YL_ML_GL_42" amount="240"
1672763269930 inf [network] > tt3.tamgr.tt3_3.t252474 TABLE:ACTION_INFO
1672763269930 inf [network] > tt3.tamgr.tt3_3.t252474 TABLE:ACTIONSET
1672763269931 inf [table] 1 tt3.tamgr.tt3_3.t252474 action raise login="Bignobru13" amount="520"
1672763271267 inf [network] < tt3.tamgr.tt3_3.t252474 TABLE:ACTION
1672763271330 inf [network] > tt3.tamgr.tt3_3.t252474 TABLE:ACTION_OK
1672763271330 inf [network] > tt3.tamgr.tt3_3.t252474 TABLE:ACTION_INFO
1672763271331 inf [network] > tt3.tamgr.tt3_3.t252474 TABLE:STATUS
1672763271332 inf [table] 1 tt3.tamgr.tt3_3.t252474 action call login="YL_ML_GL_42" amount="520"
1672763272343 inf [network] > wam.general.t1 CHATROOM:POST_INFO
1672763272892 inf [network] > tt3.tamgr.tt3_3.t252474 TABLE:CARDS
1672763272892 inf [network] > tt3.tamgr.tt3_3.t252474 TABLE:STATUS
1672763272893 inf [table] 1 tt3.tamgr.tt3_3.t252474 round flop board="Kc,3d,Ad" pot="1040" totalPot="0"
1672763274379 inf [network] > tt3.tamgr.tt3_3.t252474 TABLE:CARDS
1672763274380 inf [network] > tt3.tamgr.tt3_3.t252474 TABLE:STATUS
1672763274381 inf [table] 1 tt3.tamgr.tt3_3.t252474 round turn board="Kc,3d,Ad,Ac" pot="1040" totalPot="0"
1672763275208 inf [network] > wam.general.t1 CHATROOM:POST_INFO
1672763275921 inf [network] < prefs TIME:GET
1672763275930 inf [network] > tt3.tamgr.tt3_3.t252474 TABLE:CARDS
1672763275931 inf [network] > tt3.tamgr.tt3_3.t252474 TABLE:STATUS
1672763275932 inf [table] 1 tt3.tamgr.tt3_3.t252474 round river board="Kc,3d,Ad,Ac,5h" pot="1040" totalPot="0"
1672763275969 inf [network] > prefs TIME:GET_OK
1672763277404 inf [network] > tt3.tamgr.tt3_3.t252474 TABLE:RESULT
1672763277404 inf [network] > tt3.tamgr.tt3_3.t252474 TRACKER:GET_INFO
1672763277405 inf [table] 1 tt3.tamgr.tt3_3.t252474 showdown login="YL_ML_GL_42" cards="Qc,Kd" board="Kc,3d,Ad,Ac,5h"
1672763277405 inf [table] 1 tt3.tamgr.tt3_3.t252474 showdown login="Bignobru13" cards="8c,Qd" board="Kc,3d,Ad,Ac,5h"
1672763277406 inf [table] 1 tt3.tamgr.tt3_3.t252474 gain login="YL_ML_GL_42" amount="1040"
1672763279375 inf [network] > tt3.tamgr.tt3_3.t252474 TABLE:STATUS
1672763279375 inf [network] > tt3.tamgr.tt3_3.t252474 TABLE:STATUS
1672763279383 inf [network] > tt3.ttmgr.tt3_3.t618539651 TOURNAMENT:STATUS
1672763279384 inf [network] > tt3.ttmgr.tt3_3.t618539651 TOURNAMENT:STATUS
1672763279384 inf [network] Leaving channel tt3.tamgr.tt3_3.t252474
1672763279385 inf [network] > tt3.tamgr.tt3_3.t252474 TABLE:CLOSE_INFO
1672763279407 inf [network] > tt3.ttmgr.tt3_3.t618539651 TOURNAMENT:STATUS
1672763279408 inf [network] > tt3.ttmgr.tt3_3.t618539651 TOURNAMENT:STATUS
1672763279408 inf [network] > tt3.tamgr.tt3_3.t252474 TABLE:CHAT_INFO
1672763279409 inf [network] > tt3.ttmgr.tt3_3.t618539651 TOURNAMENT:STATUS
1672763279409 inf [network] > prefs NOTIFICATION:POST_INFO
1672763279410 inf [network] > tt3.ttmgr.tt3_3.t618539651 TRACKER:GET_INFO
1672763279410 inf [network] > tt3.tamgr.tt3_3.t252474 TABLE:CHAT_INFO
1672763279410 inf [network] > tt3.ttmgr.tt3_3.t618539651 TOURNAMENT:RESULT
1672763279411 inf [network] > tt3.ttmgr.tt3_3.t618539651 TOURNAMENT:STATUS
1672763279411 inf [network] > prefs SRM:UPDATE_RULE_INFO
1672763279414 inf [router] Navigate: wam://popup?type=tournament-result&ttid=1&tblid=1
1672763279415 inf [router] Navigation done: wam://popup?type=tournament-result&ttid=1&tblid=1
1672763279463 inf [network] > prefs GAMESTATS:INFO
1672763279463 inf [network] > prefs NOTIFICATION:POST_INFO
1672763281289 inf [router] Execute: wam://tournament-result-close?ttid=1&scene=2
1672763281290 inf [router] Execution done: wam://tournament-result-close?ttid=1&scene=2
1672763281291 inf [router] Execute: wam://srm?action=delete&rid=268479811&ttrk=tt3.ttmgr.tt3_3.t618539651
1672763281291 inf [router] Execution done: wam://srm?action=delete&rid=268479811&ttrk=tt3.ttmgr.tt3_3.t618539651
1672763281292 inf [router] Execute: wam://table-close?tblid=1&ttid=1
1672763281293 inf [router] Execution done: wam://table-close?tblid=1&ttid=1
1672763281370 inf [network] > subscriptions FILTERLIST:UPDATE
1672763284373 inf [network] < tt3.ttmgr.tt3_3.t618539651 TOURNAMENT:LEAVE
1672763284374 inf [network] Leaving channel tt3.ttmgr.tt3_3.t618539651
1672763285929 inf [network] < prefs TIME:GET
1672763286009 inf [network] > prefs TIME:GET_OK
1672763287369 inf [router] Execute: wam://srm?action=create&template=expresso_nlhe&context=lo&withTicket=&buyin=0.5&money=real&attrs[]=exp&attrs[]=expstd
1672763287372 inf [network] < prefs SRM:ADD_RULE
1672763287448 inf [network] > prefs SRM:ADD_RULE_OK
1672763287449 inf [network] > prefs NOTIFICATION:POST_INFO
1672763287450 inf [network] > prefs SRM:UPDATE_RULE_INFO
1672763287450 inf [network] > prefs TOURNAMENT:RUN
1672763287450 inf [router] Navigate: wam://table?hash=2&label=Expresso&playgroundId=
1672763287454 inf [router] Navigation done: wam://table?hash=2&label=Expresso&playgroundId=
1672763287455 inf [router] Execution done: wam://srm?action=create&template=expresso_nlhe&context=lo&withTicket=&buyin=0.5&money=real&attrs[]=exp&attrs[]=expstd
1672763287458 inf [router] Execute: wam://table-open?rid=268484717&ttrk=tt6.ttmgr.tt6_2.t618541049&hash=2
1672763287459 inf [router] Execution done: wam://table-open?rid=268484717&ttrk=tt6.ttmgr.tt6_2.t618541049&hash=2
1672763287459 inf [router] Execute: wam://table-open?tblrk=tt6.tamgr.tt6_2.t248140&ttrk=tt6.ttmgr.tt6_2.t618541049
1672763287460 inf [router] Execution done: wam://table-open?tblrk=tt6.tamgr.tt6_2.t248140&ttrk=tt6.ttmgr.tt6_2.t618541049
1672763287461 inf [network] Registering channel tt6.ttmgr.tt6_2.t618541049
1672763287462 inf [network] Registering channel tt6.tamgr.tt6_2.t248140
1672763287464 inf [network] < tt6.ttmgr.tt6_2.t618541049 TOURNAMENT:JOIN
1672763287465 inf [network] < tt6.tamgr.tt6_2.t248140 TABLE:JOIN
1672763287485 inf [network] > prefs NOTIFICATION:POST_INFO
1672763287537 inf [network] > tt6.tamgr.tt6_2.t248140 TABLE:JOIN_OK
1672763287546 inf [network] > tt6.ttmgr.tt6_2.t618541049 TOURNAMENT:JOIN_OK
1672763287547 inf [network] > tt6.tamgr.tt6_2.t248140 CHATROOM:JOIN_OK
1672763287548 inf [network] > tt6.ttmgr.tt6_2.t618541049 CHATROOM:JOIN_OK
1672763287549 inf [network] < tt6.ttmgr.tt6_2.t618541049 TOURNAMENT:CONFIGURE
1672763287597 inf [network] > tt6.ttmgr.tt6_2.t618541049 TOURNAMENT:CONFIGURE_OK
1672763287611 inf [network] < tt6.ttmgr.tt6_2.t618541049 TOURNAMENT:CONFIGURE
1672763287679 inf [network] > tt6.ttmgr.tt6_2.t618541049 TOURNAMENT:CONFIGURE_OK
1672763291290 inf [network] > subscriptions FILTERLIST:SET
1672763291299 inf [router] Execute: wam://table-open?rid=268484717&tblrk=tt6.tamgr.tt6_2.t248140&ttrk=tt6.ttmgr.tt6_2.t618541049&gfsid=
1672763291299 inf [router] Execution done: wam://table-open?rid=268484717&tblrk=tt6.tamgr.tt6_2.t248140&ttrk=tt6.ttmgr.tt6_2.t618541049&gfsid=
1672763293486 inf [network] > wam.general.t1 CHATROOM:POST_INFO
1672763295940 inf [network] < prefs TIME:GET
1672763295989 inf [network] > prefs TIME:GET_OK
1672763296491 inf [network] > tt6.ttmgr.tt6_2.t618541049 TOURNAMENT:STATUS
1672763298498 inf [network] > tt6.tamgr.tt6_2.t248140 TABLE:STATUS
1672763301120 inf [network] > tt6.tamgr.tt6_2.t248140 TABLE:POST_INFO
1672763301121 inf [table] 2 tt6.tamgr.tt6_2.t248140 hand 2656613576688533505-1-1672763301
1672763301121 inf [table] 2 tt6.tamgr.tt6_2.t248140 action SB login="amicris62420" amount="10"
1672763301122 inf [network] > tt6.tamgr.tt6_2.t248140 TABLE:POST_INFO
1672763301122 inf [network] > tt6.tamgr.tt6_2.t248140 TABLE:CARDS
1672763301122 inf [network] > tt6.tamgr.tt6_2.t248140 TABLE:STATUS
1672763301123 inf [network] > tt6.tamgr.tt6_2.t248140 TABLE:PREACTION_LIST
1672763301123 inf [table] 2 tt6.tamgr.tt6_2.t248140 action BB login="YL_ML_GL_42" amount="20"
1672763301124 inf [table] 2 tt6.tamgr.tt6_2.t248140 cards login="YL_ML_GL_42" 5s,Jh
1672763301124 inf [table] 2 tt6.tamgr.tt6_2.t248140 round pre-flop pot="0" totalPot="30"
1672763302410 inf [network] > tt6.tamgr.tt6_2.t248140 TABLE:ACTION_INFO
1672763302410 inf [network] > tt6.tamgr.tt6_2.t248140 TABLE:PREACTION_LIST
1672763302411 inf [table] 2 tt6.tamgr.tt6_2.t248140 action call login="Forza131" amount="20"
1672763305943 inf [network] < prefs TIME:GET
1672763305989 inf [network] > prefs TIME:GET_OK
1672763306503 inf [network] > tt6.tamgr.tt6_2.t248140 TABLE:ACTION_INFO
1672763306503 inf [network] > tt6.tamgr.tt6_2.t248140 TABLE:ACTIONSET
1672763306504 inf [table] 2 tt6.tamgr.tt6_2.t248140 action raise login="amicris62420" amount="500"
1672763306966 inf [network] > wam.general.t1 CHATROOM:POST_INFO
1672763308988 inf [network] < tt6.tamgr.tt6_2.t248140 TABLE:ACTION
1672763309043 inf [network] > tt6.tamgr.tt6_2.t248140 TABLE:ACTION_OK
1672763309044 inf [network] > tt6.tamgr.tt6_2.t248140 TABLE:ACTION_INFO
1672763309044 inf [network] > tt6.tamgr.tt6_2.t248140 TABLE:ACTION_INFO
1672763309045 inf [table] 2 tt6.tamgr.tt6_2.t248140 action fold login="YL_ML_GL_42" amount="20"
1672763309046 inf [table] 2 tt6.tamgr.tt6_2.t248140 action fold login="Forza131" amount="20"
1672763311375 inf [network] > tt6.tamgr.tt6_2.t248140 TABLE:SHOWDOWN_INFO
1672763311375 inf [network] > tt6.tamgr.tt6_2.t248140 TABLE:RESULT
1672763311376 inf [network] > tt6.tamgr.tt6_2.t248140 TRACKER:GET_INFO
1672763311377 inf [table] 2 tt6.tamgr.tt6_2.t248140 showdown login="amicris62420" mucks
1672763311377 inf [table] 2 tt6.tamgr.tt6_2.t248140 gain login="amicris62420" amount="540"
1672763312087 inf [network] > wam.general.t1 CHATROOM:POST_INFO
1672763313451 inf [network] > tt6.tamgr.tt6_2.t248140 TABLE:POST_INFO
1672763313451 inf [network] > tt6.tamgr.tt6_2.t248140 TABLE:POST_INFO
1672763313452 inf [network] > tt6.tamgr.tt6_2.t248140 TABLE:CARDS
1672763313452 inf [network] > tt6.tamgr.tt6_2.t248140 TABLE:STATUS
1672763313452 inf [network] > tt6.tamgr.tt6_2.t248140 TABLE:PREACTION_LIST
1672763313453 inf [table] 2 tt6.tamgr.tt6_2.t248140 hand 2656613576688533505-2-1672763313
1672763313453 inf [table] 2 tt6.tamgr.tt6_2.t248140 action SB login="YL_ML_GL_42" amount="10"
1672763313454 inf [table] 2 tt6.tamgr.tt6_2.t248140 action BB login="Forza131" amount="20"
1672763313454 inf [table] 2 tt6.tamgr.tt6_2.t248140 cards login="YL_ML_GL_42" Jc,Kd
1672763313455 inf [table] 2 tt6.tamgr.tt6_2.t248140 round pre-flop pot="0" totalPot="30"
1672763315651 inf [network] > wam.general.t1 CHATROOM:POST_INFO
1672763315871 inf [network] > wam.general.t1 CHATROOM:POST_INFO
1672763315944 inf [network] < prefs TIME:GET
1672763316032 inf [network] > prefs TIME:GET_OK
1672763316690 inf [network] > tt6.tamgr.tt6_2.t248140 TABLE:ACTION_INFO
1672763316690 inf [network] > tt6.tamgr.tt6_2.t248140 TABLE:ACTIONSET
1672763316691 inf [table] 2 tt6.tamgr.tt6_2.t248140 action call login="amicris62420" amount="20"
1672763319146 inf [network] < tt6.tamgr.tt6_2.t248140 TABLE:ACTION
1672763319247 inf [network] > tt6.tamgr.tt6_2.t248140 TABLE:ACTION_OK
1672763319247 inf [network] > tt6.tamgr.tt6_2.t248140 TABLE:ACTION_INFO
1672763319249 inf [table] 2 tt6.tamgr.tt6_2.t248140 action raise login="YL_ML_GL_42" amount="80"
1672763320690 inf [network] > tt6.tamgr.tt6_2.t248140 TABLE:ACTION_INFO
1672763320691 inf [table] 2 tt6.tamgr.tt6_2.t248140 action fold login="Forza131" amount="20"
1672763323503 inf [network] > tt6.tamgr.tt6_2.t248140 TABLE:ACTION_INFO
1672763323503 inf [network] > tt6.tamgr.tt6_2.t248140 TABLE:ACTIONSET
1672763323504 inf [table] 2 tt6.tamgr.tt6_2.t248140 action raise login="amicris62420" amount="540"
1672763325051 inf [network] < tt6.tamgr.tt6_2.t248140 TABLE:ACTION
1672763325111 inf [network] > tt6.tamgr.tt6_2.t248140 TABLE:ACTION_OK
1672763325112 inf [network] > tt6.tamgr.tt6_2.t248140 TABLE:ACTION_INFO
1672763325115 inf [table] 2 tt6.tamgr.tt6_2.t248140 action call login="YL_ML_GL_42" amount="480"
1672763325116 inf [network] > tt6.tamgr.tt6_2.t248140 TABLE:STATUS
1672763325952 inf [network] < prefs TIME:GET
1672763326002 inf [network] > prefs TIME:GET_OK
1672763326650 inf [network] > tt6.tamgr.tt6_2.t248140 TABLE:CARDS
1672763326650 inf [network] > tt6.tamgr.tt6_2.t248140 TABLE:STATUS
1672763326651 inf [table] 2 tt6.tamgr.tt6_2.t248140 round flop board="2d,Ks,Js" pot="1040" totalPot="0"
1672763328141 inf [network] > tt6.tamgr.tt6_2.t248140 TABLE:CARDS
1672763328141 inf [network] > tt6.tamgr.tt6_2.t248140 TABLE:STATUS
1672763328142 inf [table] 2 tt6.tamgr.tt6_2.t248140 round turn board="2d,Ks,Js,3d" pot="1040" totalPot="0"
1672763329657 inf [network] > tt6.tamgr.tt6_2.t248140 TABLE:CARDS
1672763329657 inf [network] > tt6.tamgr.tt6_2.t248140 TABLE:STATUS
1672763329658 inf [table] 2 tt6.tamgr.tt6_2.t248140 round river board="2d,Ks,Js,3d,3s" pot="1040" totalPot="0"
1672763331139 inf [network] > tt6.tamgr.tt6_2.t248140 TABLE:RESULT
1672763331140 inf [network] > tt6.tamgr.tt6_2.t248140 TRACKER:GET_INFO
1672763331140 inf [table] 2 tt6.tamgr.tt6_2.t248140 showdown login="YL_ML_GL_42" cards="Jc,Kd" board="2d,Ks,Js,3d,3s"
1672763331141 inf [table] 2 tt6.tamgr.tt6_2.t248140 showdown login="amicris62420" cards="4s,6s" board="2d,Ks,Js,3d,3s"
1672763331141 inf [table] 2 tt6.tamgr.tt6_2.t248140 gain login="amicris62420" amount="1040"
1672763333131 inf [network] > tt6.tamgr.tt6_2.t248140 TABLE:STATUS
1672763333141 inf [network] > tt6.ttmgr.tt6_2.t618541049 TOURNAMENT:STATUS
1672763333145 inf [network] > tt6.ttmgr.tt6_2.t618541049 TOURNAMENT:STATUS
1672763333145 inf [network] > tt6.ttmgr.tt6_2.t618541049 TRACKER:GET_INFO
1672763333146 inf [network] > tt6.tamgr.tt6_2.t248140 TABLE:CHAT_INFO
1672763333146 inf [network] > tt6.ttmgr.tt6_2.t618541049 TOURNAMENT:RESULT
1672763333146 inf [network] > tt6.ttmgr.tt6_2.t618541049 TOURNAMENT:STATUS
1672763333148 inf [network] > prefs SRM:UPDATE_RULE_INFO
1672763333149 inf [router] Navigate: wam://popup?type=tournament-result&ttid=2&tblid=2
1672763333149 inf [router] Navigation done: wam://popup?type=tournament-result&ttid=2&tblid=2
1672763333190 inf [network] > prefs GAMESTATS:INFO
1672763333191 inf [network] > prefs NOTIFICATION:POST_INFO
1672763334857 inf [router] Execute: wam://tournament-result-close?ttid=2&scene=2
1672763334857 inf [router] Execution done: wam://tournament-result-close?ttid=2&scene=2
1672763334858 inf [router] Execute: wam://srm?action=delete&rid=268484717&ttrk=tt6.ttmgr.tt6_2.t618541049
1672763334858 inf [router] Execution done: wam://srm?action=delete&rid=268484717&ttrk=tt6.ttmgr.tt6_2.t618541049
1672763334860 inf [router] Execute: wam://table-close?tblid=2&ttid=2
1672763334860 inf [router] Execution done: wam://table-close?tblid=2&ttid=2
1672763334862 inf [network] < tt6.tamgr.tt6_2.t248140 TABLE:LEAVE
1672763334862 inf [network] Leaving channel tt6.tamgr.tt6_2.t248140
1672763335965 inf [network] < prefs TIME:GET
1672763336023 inf [network] > prefs TIME:GET_OK
1672763336257 inf [router] Execute: wam://playground-close?id=1
1672763336258 inf [router] Execution done: wam://playground-close?id=1
1672763336259 inf [router] Execute: wam://playground-close?id=1&scene=2
1672763336259 inf [router] Execution done: wam://playground-close?id=1&scene=2
1672763336409 inf [network] > subscriptions FILTERLIST:UPDATE
1672763337897 inf [app] Exit
1672763337899 inf [tracker] Closed
1672763337903 inf [network] Registering channel tt6.ttmgr.tt6_2.t618541049
1672763337904 inf [network] Leaving channel tt6.ttmgr.tt6_2.t618541049
