1673798575897 inf [app] Launch
1673798575931 inf [scene] Bridge initialize
1673798575940 inf [scene] Scene open
1673798575945 inf [scene.1] Scene create
1673798575958 inf [scene.1] Scene loading
1673798575964 inf [app] Checking for update
1673798576101 inf [app] Update for version 1.26.3 is not available (latest version: 1.26.3, downgrade is disallowed).
1673798576661 inf [scene.1] Browser loaded
1673798576668 inf [scene.1] Scene bridge loaded
1673798576692 inf [tracker] Listening on port: 8001
1673798578218 inf [api] < Service core/authentication/token/generate
1673798578220 inf [network] > Http https://wapi.winamax.fr/core/authentication/token/generate post
1673798578305 inf [network] > Http https://wapi.winamax.fr/core/authentication/token/generate ok
1673798578306 inf [api] > Service core/authentication/token/generate
1673798578307 inf [api] < Service poker/public/config/preauth {"client":"poker","application":"desktop","opid":"wam","device":"electron","ver":"1.26.3.1671552372","os":"win32","cid":"b94b276db79aabbcbfbe64cabbfea685"}
1673798578308 inf [network] > Http https://api.winamax.fr/poker/public/config/preauth?client=poker&application=desktop&opid=wam&device=electron&ver=1.26.3.1671552372&os=win32&cid=b94b276db79aabbcbfbe64cabbfea685 get
1673798578373 inf [network] > Http https://api.winamax.fr/poker/public/config/preauth?client=poker&application=desktop&opid=wam&device=electron&ver=1.26.3.1671552372&os=win32&cid=b94b276db79aabbcbfbe64cabbfea685 ok
1673798578375 inf [api] > Service poker/public/config/preauth {"core":{"type":"wss","retry":{"count":3,"timeout":10000,"delay":2000,"random":1000},"hosts":["wapi.winamax.fr:443/poker/front/ws/websocket"],"enable":true,"zombie":{"duration":45000},"socket":{"sleep":10,"buffer":16384},"monitor":{"interrupted":true}},"features":{"vm":false,"playground":{"threshold":1000},"time":{"duration":10}},"serverstatus":{"status":"up","polling":300,"i18n":{"de_DE":{"title":"","info":"Alle Dienste sind verfügbar"},"fr_FR":{"title":"","info":"Tous les services sont fonctionnels"},"en_GB":{"title":"","info":"All services are operational."},"*":{"title":"","info":"All services are operational."},"en_US":{"title":"","info":"All services are operational."},"es_ES":{"title":"","info":"All services are operational."},"pt_PT":{"title":"","info":"All services are operational."}}},"auth":{"version":2,"timeout":6000,"refresh":{"count":3,"delay":2500}},"wspush":{"connection":{"interval":31000,"timeout":25000},"request":{"retry":{"count":0},"timeout":5000},"monitor":{"interrupted":true}},"updater":{"download":{"delay":120000}}}
1673798578388 inf [network] Registering channel prefs
1673798578389 inf [network] Enqueuing AUTH:SIGNIN
1673798578389 inf [network] Creating socket wss://wapi.winamax.fr:443/poker/front/ws/websocket
1673798578390 inf [network] Connection status: 1
1673798578462 inf [network] Socket opened
1673798578463 inf [network] Connection status: 2
1673798578464 inf [network] Connection status: 3
1673798578464 inf [network] < prefs AUTH:SIGNIN
1673798578615 inf [network] > prefs AUTH:SIGNIN_OK
1673798578616 inf [network] Connection status: 4
1673798578636 inf [network] < prefs TIME:GET
1673798578637 inf [network] < prefs GAMESTATS:JOIN
1673798578654 inf [network] > prefs NOTIFICATION:POST_INFO
1673798578697 inf [network] > prefs TIME:GET_OK
1673798578709 inf [api] < Service poker/client/prefs
1673798578709 inf [network] > Http https://wapi.winamax.fr/poker/client/prefs post
1673798578711 inf [network] > prefs GAMESTATS:JOIN_OK
1673798578786 inf [network] > Http https://wapi.winamax.fr/poker/client/prefs ok
1673798578787 inf [api] > Service poker/client/prefs
1673798578793 inf [router] Execute: wam://preload-ok
1673798578795 inf [router] Navigate: wam://lobbies
1673798578796 inf [network] > Http https://dl.winamax.fr/client/attr/settings/wam/config.1624292306 get
1673798578797 inf [network] > Http https://dl.winamax.fr/client/attr/settings/wam/ressource.1624283658 get
1673798578799 inf [router] Navigation done: wam://lobbies
1673798578800 inf [router] Execution done: wam://preload-ok
1673798578801 inf [network] Registering channel subscriptions
1673798578802 inf [api] < Service operator/userdata
1673798578803 inf [network] > Http https://wapi.winamax.fr/operator/userdata post
1673798578804 inf [api] < Service operator/winamax-tv/public
1673798578805 inf [network] > Http https://wapi.winamax.fr/operator/winamax-tv/public post
1673798578806 inf [network] < prefs SRM:JOIN
1673798578807 inf [network] < prefs NEWS:GET
1673798578807 inf [network] < prefs DATA:GET
1673798578808 inf [network] < prefs BUDDY:GET
1673798578808 inf [network] < prefs BUDDYROOM:JOIN
1673798578811 inf [network] < prefs TIME:GET
1673798578812 inf [network] < prefs CASHIER:GET
1673798578813 inf [network] < prefs CASHIER:LIST
1673798578813 inf [network] < prefs CASHIER:GET
1673798578814 inf [network] < prefs CASHIER:LIST
1673798578815 inf [network] < subscriptions FILTERLIST:CREATE
1673798578816 inf [network] < subscriptions FILTERLIST:CREATE
1673798578816 inf [network] < subscriptions FILTERLIST:CREATE
1673798578825 inf [network] > prefs SRM:JOIN_OK
1673798578831 inf [network] > prefs TIME:GET_OK
1673798578832 inf [network] > prefs BUDDYROOM:JOIN_OK
1673798578835 inf [network] > prefs CASHIER:GET_OK
1673798578838 inf [network] > prefs CASHIER:LIST_OK
1673798578838 inf [network] > prefs CASHIER:GET_OK
1673798578855 inf [network] > prefs CASHIER:LIST_OK
1673798578856 inf [network] > subscriptions FILTERLIST:CREATE_OK
1673798578858 inf [network] > subscriptions FILTERLIST:SET
1673798578859 inf [network] > subscriptions FILTERLIST:CREATE_OK
1673798578860 inf [network] > subscriptions FILTERLIST:SET
1673798578860 inf [network] > subscriptions FILTERLIST:CREATE_OK
1673798578861 inf [network] > subscriptions FILTERLIST:SET
1673798578864 inf [network] > prefs DATA:GET_OK
1673798578869 inf [network] > prefs NEWS:GET_OK
1673798578870 inf [network] > Http https://dl.winamax.fr/client/attr/settings/wam/ressource.1624283658 ok
1673798578874 inf [network] > Http https://dl.winamax.fr/client/attr/settings/wam/config.1624292306 ok
1673798578884 inf [network] > Http https://wapi.winamax.fr/operator/winamax-tv/public ok
1673798578885 inf [api] > Service operator/winamax-tv/public
1673798578894 inf [network] > prefs BUDDY:GET_OK
1673798578894 inf [network] Registering channel wam.general.t1
1673798578895 inf [network] < wam.general.t1 CHATROOM:JOIN
1673798578899 inf [network] < prefs BUDDYROOM:JOIN
1673798578915 inf [network] > wam.general.t1 CHATROOM:JOIN_OK
1673798578942 inf [network] > Http https://wapi.winamax.fr/operator/userdata ok
1673798578944 inf [api] > Service operator/userdata
1673798578957 inf [network] > prefs BUDDYROOM:JOIN_OK
1673798580798 inf [api] < Service poker/client/prefs
1673798580798 inf [network] > Http https://wapi.winamax.fr/poker/client/prefs post
1673798580870 inf [network] > Http https://wapi.winamax.fr/poker/client/prefs ok
1673798580871 inf [api] > Service poker/client/prefs
1673798583644 inf [network] > wam.general.t1 CHATROOM:POST_INFO
1673798584291 inf [router] Navigate: wam://my-status
1673798584293 inf [network] < prefs OPTOKEN:GET
1673798584361 inf [network] > prefs OPTOKEN:GET_OK
1673798584361 inf [router] Open: https://www.winamax.fr/poker/redirect.php?service=mystatus&token=81a9bb8295cbeb9c32a15eaceb53454ef220fa94&client=electron&ver=1.26.3&oid=b94b276db79aabbcbfbe64cabbfea685&os=win32&opid=wam&lang=en_US&store=winamax&store_id=main&embed=false&pokerClient=web
1673798584362 inf [router] Navigation done: https://www.winamax.fr/poker/redirect.php?service=mystatus&token={$token}
1673798588817 inf [network] < prefs TIME:GET
1673798588833 inf [network] > prefs TIME:GET_OK
1673798591055 inf [router] Navigate: wam://options
1673798591056 inf [router] Navigation done: wam://options
1673798598808 inf [network] < prefs TIME:GET
1673798598825 inf [network] > prefs TIME:GET_OK
1673798608832 inf [network] < prefs TIME:GET
1673798608849 inf [network] > prefs TIME:GET_OK
1673798616911 inf [network] > wam.general.t1 CHATROOM:POST_INFO
1673798618833 inf [network] < prefs TIME:GET
1673798618850 inf [network] > prefs TIME:GET_OK
1673798628843 inf [network] < prefs TIME:GET
1673798628860 inf [network] > prefs TIME:GET_OK
1673798638850 inf [network] < prefs TIME:GET
1673798638867 inf [network] > prefs TIME:GET_OK
1673798641468 inf [network] > wam.general.t1 CHATROOM:POST_INFO
1673798648855 inf [network] < prefs TIME:GET
1673798648871 inf [network] > prefs TIME:GET_OK
1673798655501 inf [network] > wam.general.t1 CHATROOM:POST_INFO
1673798658863 inf [network] < prefs TIME:GET
1673798658865 inf [network] > wam.general.t1 CHATROOM:POST_INFO
1673798658974 inf [network] > prefs TIME:GET_OK
1673798666046 inf [network] > wam.general.t1 CHATROOM:POST_INFO
1673798668869 inf [network] < prefs TIME:GET
1673798668884 inf [network] > prefs TIME:GET_OK
1673798678878 inf [network] < prefs TIME:GET
1673798678894 inf [network] > prefs TIME:GET_OK
1673798687090 inf [network] > wam.general.t1 CHATROOM:POST_INFO
1673798688889 inf [network] < prefs TIME:GET
1673798688905 inf [network] > prefs TIME:GET_OK
1673798694946 inf [network] > wam.general.t1 CHATROOM:POST_INFO
1673798698881 inf [network] < prefs TIME:GET
1673798698898 inf [network] > prefs TIME:GET_OK
1673798704898 inf [network] > wam.general.t1 CHATROOM:POST_INFO
1673798705337 inf [network] > prefs NOTIFICATION:POST_INFO
1673798708906 inf [network] < prefs TIME:GET
1673798708924 inf [network] > prefs TIME:GET_OK
1673798718921 inf [network] < prefs TIME:GET
1673798718938 inf [network] > prefs TIME:GET_OK
1673798728256 inf [network] > wam.general.t1 CHATROOM:POST_INFO
1673798728930 inf [network] < prefs TIME:GET
1673798728948 inf [network] > prefs TIME:GET_OK
1673798732272 inf [network] > wam.general.t1 CHATROOM:POST_INFO
1673798738942 inf [network] < prefs TIME:GET
1673798738959 inf [network] > prefs TIME:GET_OK
1673798742389 inf [network] > wam.general.t1 CHATROOM:POST_INFO
1673798748942 inf [network] < prefs TIME:GET
1673798748959 inf [network] > prefs TIME:GET_OK
1673798749946 inf [network] > wam.general.t1 CHATROOM:POST_INFO
1673798754923 inf [network] > wam.general.t1 CHATROOM:POST_INFO
1673798758951 inf [network] < prefs TIME:GET
1673798758970 inf [network] > prefs TIME:GET_OK
1673798768951 inf [network] < prefs TIME:GET
1673798768968 inf [network] > prefs TIME:GET_OK
1673798778952 inf [network] < prefs TIME:GET
1673798778969 inf [network] > prefs TIME:GET_OK
1673798788941 inf [network] < prefs TIME:GET
1673798788959 inf [network] > prefs TIME:GET_OK
1673798798961 inf [network] < prefs TIME:GET
1673798798978 inf [network] > prefs TIME:GET_OK
1673798808964 inf [network] < prefs TIME:GET
1673798808983 inf [network] > prefs TIME:GET_OK
1673798810719 inf [network] > wam.general.t1 CHATROOM:POST_INFO
1673798817331 inf [network] > wam.general.t1 CHATROOM:POST_INFO
1673798818969 inf [network] < prefs TIME:GET
1673798818986 inf [network] > prefs TIME:GET_OK
1673798828963 inf [network] < prefs TIME:GET
1673798828979 inf [network] > prefs TIME:GET_OK
1673798831192 inf [network] > wam.general.t1 CHATROOM:POST_INFO
1673798838966 inf [network] < prefs TIME:GET
1673798838977 inf [network] > wam.general.t1 CHATROOM:POST_INFO
1673798839032 inf [network] > prefs TIME:GET_OK
1673798841259 inf [network] > wam.general.t1 CHATROOM:POST_INFO
1673798845221 inf [network] > wam.general.t1 CHATROOM:POST_INFO
1673798848988 inf [network] < prefs TIME:GET
1673798849128 inf [network] > prefs TIME:GET_OK
1673798852730 inf [network] > wam.general.t1 CHATROOM:POST_INFO
1673798854566 inf [network] > wam.general.t1 CHATROOM:POST_INFO
1673798858483 inf [network] > wam.general.t1 CHATROOM:POST_INFO
1673798858995 inf [network] < prefs TIME:GET
1673798859011 inf [network] > prefs TIME:GET_OK
1673798869003 inf [network] < prefs TIME:GET
1673798869019 inf [network] > prefs TIME:GET_OK
1673798879005 inf [network] < prefs TIME:GET
1673798879021 inf [network] > prefs TIME:GET_OK
1673798887003 inf [network] > wam.general.t1 CHATROOM:POST_INFO
1673798889004 inf [network] < prefs TIME:GET
1673798889021 inf [network] > prefs TIME:GET_OK
1673798899023 inf [network] < prefs TIME:GET
1673798899042 inf [network] > prefs TIME:GET_OK
1673798900378 inf [network] > wam.general.t1 CHATROOM:POST_INFO
1673798901735 inf [network] > wam.general.t1 CHATROOM:POST_INFO
1673798903537 inf [network] > wam.general.t1 CHATROOM:POST_INFO
1673798908695 inf [network] > wam.general.t1 CHATROOM:POST_INFO
1673798909022 inf [network] < prefs TIME:GET
1673798909038 inf [network] > prefs TIME:GET_OK
1673798914846 inf [network] > wam.general.t1 CHATROOM:POST_INFO
1673798919032 inf [network] < prefs TIME:GET
1673798919049 inf [network] > prefs TIME:GET_OK
1673798919960 inf [network] > wam.general.t1 CHATROOM:POST_INFO
1673798922507 inf [network] > wam.general.t1 CHATROOM:POST_INFO
1673798924092 inf [network] > wam.general.t1 CHATROOM:POST_INFO
1673798927625 inf [network] > wam.general.t1 CHATROOM:POST_INFO
1673798929060 inf [network] < prefs TIME:GET
1673798929076 inf [network] > prefs TIME:GET_OK
1673798931361 inf [network] > wam.general.t1 CHATROOM:POST_INFO
1673798935743 inf [network] > wam.general.t1 CHATROOM:POST_INFO
1673798937396 inf [network] > wam.general.t1 CHATROOM:POST_INFO
1673798939063 inf [network] < prefs TIME:GET
1673798939079 inf [network] > prefs TIME:GET_OK
1673798949064 inf [network] < prefs TIME:GET
1673798949080 inf [network] > prefs TIME:GET_OK
1673798953391 inf [network] > wam.general.t1 CHATROOM:POST_INFO
1673798959076 inf [network] < prefs TIME:GET
1673798959099 inf [network] > prefs TIME:GET_OK
1673798959508 inf [network] > wam.general.t1 CHATROOM:POST_INFO
1673798969085 inf [network] < prefs TIME:GET
1673798969101 inf [network] > prefs TIME:GET_OK
1673798973736 inf [network] > wam.general.t1 CHATROOM:POST_INFO
1673798974177 inf [network] > wam.general.t1 CHATROOM:POST_INFO
1673798979096 inf [network] < prefs TIME:GET
1673798979113 inf [network] > prefs TIME:GET_OK
1673798985879 inf [network] > wam.general.t1 CHATROOM:POST_INFO
1673798986083 inf [network] > wam.general.t1 CHATROOM:POST_INFO
1673798989112 inf [network] < prefs TIME:GET
1673798989128 inf [network] > prefs TIME:GET_OK
1673798999114 inf [network] < prefs TIME:GET
1673798999130 inf [network] > prefs TIME:GET_OK
1673799004103 inf [network] > wam.general.t1 CHATROOM:POST_INFO
1673799009115 inf [network] < prefs TIME:GET
1673799009131 inf [network] > prefs TIME:GET_OK
1673799009621 inf [network] > wam.general.t1 CHATROOM:POST_INFO
1673799019116 inf [network] < prefs TIME:GET
1673799019133 inf [network] > prefs TIME:GET_OK
1673799024192 inf [network] > wam.general.t1 CHATROOM:POST_INFO
1673799029124 inf [network] < prefs TIME:GET
1673799029141 inf [network] > prefs TIME:GET_OK
1673799031430 inf [network] > wam.general.t1 CHATROOM:POST_INFO
1673799035328 inf [network] > wam.general.t1 CHATROOM:POST_INFO
1673799039134 inf [network] < prefs TIME:GET
1673799039233 inf [network] > prefs TIME:GET_OK
1673799049146 inf [network] < prefs TIME:GET
1673799049162 inf [network] > prefs TIME:GET_OK
1673799058869 inf [network] > wam.general.t1 CHATROOM:POST_INFO
1673799059150 inf [network] < prefs TIME:GET
1673799059165 inf [network] > prefs TIME:GET_OK
1673799069153 inf [network] < prefs TIME:GET
1673799069170 inf [network] > prefs TIME:GET_OK
1673799070550 inf [network] > wam.general.t1 CHATROOM:POST_INFO
1673799079166 inf [network] < prefs TIME:GET
1673799079186 inf [network] > prefs TIME:GET_OK
1673799084714 inf [network] > wam.general.t1 CHATROOM:POST_INFO
1673799089167 inf [network] < prefs TIME:GET
1673799089184 inf [network] > prefs TIME:GET_OK
1673799099181 inf [network] < prefs TIME:GET
1673799099198 inf [network] > prefs TIME:GET_OK
1673799109183 inf [network] < prefs TIME:GET
1673799109199 inf [network] > prefs TIME:GET_OK
1673799111617 inf [network] > wam.general.t1 CHATROOM:POST_INFO
1673799119182 inf [network] < prefs TIME:GET
1673799119202 inf [network] > prefs TIME:GET_OK
1673799129182 inf [network] < prefs TIME:GET
1673799129201 inf [network] > prefs TIME:GET_OK
1673799130422 inf [network] > wam.general.t1 CHATROOM:POST_INFO
1673799139206 inf [network] < prefs TIME:GET
1673799139223 inf [network] > prefs TIME:GET_OK
1673799149219 inf [network] < prefs TIME:GET
1673799149235 inf [network] > prefs TIME:GET_OK
1673799157853 inf [network] > wam.general.t1 CHATROOM:POST_INFO
1673799159220 inf [network] < prefs TIME:GET
1673799159239 inf [network] > prefs TIME:GET_OK
1673799169204 inf [network] < prefs TIME:GET
1673799169221 inf [network] > prefs TIME:GET_OK
1673799169403 inf [network] > wam.general.t1 CHATROOM:POST_INFO
1673799178800 inf [api] < Service operator/userdata
1673799178801 inf [network] > Http https://wapi.winamax.fr/operator/userdata post
1673799178803 inf [network] < prefs CASHIER:GET
1673799178803 inf [network] < prefs CASHIER:LIST
1673799178804 inf [network] < prefs CASHIER:GET
1673799178804 inf [network] < prefs CASHIER:LIST
1673799178868 inf [network] > prefs CASHIER:GET_OK
1673799178871 inf [network] > prefs CASHIER:LIST_OK
1673799178872 inf [network] > prefs CASHIER:GET_OK
1673799178883 inf [network] > prefs CASHIER:LIST_OK
1673799178965 inf [network] > Http https://wapi.winamax.fr/operator/userdata ok
1673799178967 inf [api] > Service operator/userdata
1673799179220 inf [network] < prefs TIME:GET
1673799179254 inf [network] > prefs TIME:GET_OK
1673799185344 inf [network] > wam.general.t1 CHATROOM:POST_INFO
1673799189221 inf [network] < prefs TIME:GET
1673799189261 inf [network] > prefs TIME:GET_OK
1673799199222 inf [network] < prefs TIME:GET
1673799199240 inf [network] > prefs TIME:GET_OK
1673799199311 inf [network] > wam.general.t1 CHATROOM:POST_INFO
1673799204940 inf [network] > wam.general.t1 CHATROOM:POST_INFO
1673799208293 inf [network] > wam.general.t1 CHATROOM:POST_INFO
1673799209208 inf [network] < prefs TIME:GET
1673799209224 inf [network] > prefs TIME:GET_OK
1673799210328 inf [network] > wam.general.t1 CHATROOM:POST_INFO
1673799213198 inf [network] > wam.general.t1 CHATROOM:POST_INFO
1673799219225 inf [network] < prefs TIME:GET
1673799219461 inf [network] > prefs TIME:GET_OK
1673799227556 inf [network] > wam.general.t1 CHATROOM:POST_INFO
1673799229217 inf [network] < prefs TIME:GET
1673799229233 inf [network] > prefs TIME:GET_OK
1673799235486 inf [network] > wam.general.t1 CHATROOM:POST_INFO
1673799236763 inf [network] > wam.general.t1 CHATROOM:POST_INFO
1673799239245 inf [network] < prefs TIME:GET
1673799239261 inf [network] > prefs TIME:GET_OK
1673799244446 inf [network] > wam.general.t1 CHATROOM:POST_INFO
1673799249259 inf [network] < prefs TIME:GET
1673799249277 inf [network] > prefs TIME:GET_OK
1673799253008 inf [network] > wam.general.t1 CHATROOM:POST_INFO
1673799253148 inf [network] > wam.general.t1 CHATROOM:POST_INFO
1673799259261 inf [network] < prefs TIME:GET
1673799259263 inf [network] > wam.general.t1 CHATROOM:POST_INFO
1673799259339 inf [network] > prefs TIME:GET_OK
1673799269286 inf [network] < prefs TIME:GET
1673799269305 inf [network] > prefs TIME:GET_OK
1673799274477 inf [network] > wam.general.t1 CHATROOM:POST_INFO
1673799278208 inf [network] > wam.general.t1 CHATROOM:POST_INFO
1673799279286 inf [network] < prefs TIME:GET
1673799279319 inf [network] > prefs TIME:GET_OK
1673799288865 inf [network] > wam.general.t1 CHATROOM:POST_INFO
1673799289298 inf [network] < prefs TIME:GET
1673799289531 inf [network] > prefs TIME:GET_OK
1673799297593 inf [network] > wam.general.t1 CHATROOM:POST_INFO
1673799299302 inf [network] < prefs TIME:GET
1673799299335 inf [network] > prefs TIME:GET_OK
1673799299736 inf [network] > wam.general.t1 CHATROOM:POST_INFO
1673799301217 inf [network] > wam.general.t1 CHATROOM:POST_INFO
1673799302923 inf [network] > wam.general.t1 CHATROOM:POST_INFO
1673799308437 inf [network] > wam.general.t1 CHATROOM:POST_INFO
1673799309316 inf [network] < prefs TIME:GET
1673799309348 inf [network] > prefs TIME:GET_OK
1673799309787 inf [network] > wam.general.t1 CHATROOM:POST_INFO
1673799316985 inf [network] > wam.general.t1 CHATROOM:POST_INFO
1673799318938 inf [network] > wam.general.t1 CHATROOM:POST_INFO
1673799319327 inf [network] < prefs TIME:GET
1673799319346 inf [network] > prefs TIME:GET_OK
1673799321362 inf [network] > wam.general.t1 CHATROOM:POST_INFO
1673799323401 inf [network] > wam.general.t1 CHATROOM:POST_INFO
1673799327989 inf [network] > wam.general.t1 CHATROOM:POST_INFO
1673799328241 inf [network] > wam.general.t1 CHATROOM:POST_INFO
1673799329327 inf [network] < prefs TIME:GET
1673799329345 inf [network] > prefs TIME:GET_OK
1673799331149 inf [network] > wam.general.t1 CHATROOM:POST_INFO
1673799338022 inf [network] > wam.general.t1 CHATROOM:POST_INFO
1673799339331 inf [network] < prefs TIME:GET
1673799339349 inf [network] > prefs TIME:GET_OK
1673799349334 inf [network] < prefs TIME:GET
1673799349351 inf [network] > prefs TIME:GET_OK
1673799350333 inf [network] > wam.general.t1 CHATROOM:POST_INFO
1673799350414 inf [network] > wam.general.t1 CHATROOM:POST_INFO
1673799359329 inf [network] < prefs TIME:GET
1673799359348 inf [network] > prefs TIME:GET_OK
1673799361443 inf [network] > wam.general.t1 CHATROOM:POST_INFO
1673799367939 inf [network] > wam.general.t1 CHATROOM:POST_INFO
1673799369346 inf [network] < prefs TIME:GET
1673799369364 inf [network] > prefs TIME:GET_OK
1673799369991 inf [network] > wam.general.t1 CHATROOM:POST_INFO
1673799376521 inf [network] > wam.general.t1 CHATROOM:POST_INFO
1673799379357 inf [network] < prefs TIME:GET
1673799379375 inf [network] > prefs TIME:GET_OK
1673799389365 inf [network] < prefs TIME:GET
1673799389385 inf [network] > prefs TIME:GET_OK
1673799399378 inf [network] < prefs TIME:GET
1673799399396 inf [network] > prefs TIME:GET_OK
1673799409390 inf [network] < prefs TIME:GET
1673799409638 inf [network] > prefs TIME:GET_OK
1673799411412 inf [network] > wam.general.t1 CHATROOM:POST_INFO
1673799419113 inf [network] > wam.general.t1 CHATROOM:POST_INFO
1673799419400 inf [network] < prefs TIME:GET
1673799419434 inf [network] > prefs TIME:GET_OK
1673799423509 inf [network] > wam.general.t1 CHATROOM:POST_INFO
1673799429403 inf [network] < prefs TIME:GET
1673799429421 inf [network] > prefs TIME:GET_OK
1673799434281 inf [network] > wam.general.t1 CHATROOM:POST_INFO
1673799434517 inf [network] > wam.general.t1 CHATROOM:POST_INFO
1673799436129 inf [network] > wam.general.t1 CHATROOM:POST_INFO
1673799439038 inf [network] > wam.general.t1 CHATROOM:POST_INFO
1673799439409 inf [network] < prefs TIME:GET
1673799439426 inf [network] > prefs TIME:GET_OK
1673799441006 inf [network] > wam.general.t1 CHATROOM:POST_INFO
1673799449421 inf [network] < prefs TIME:GET
1673799449437 inf [network] > prefs TIME:GET_OK
1673799457020 inf [network] > wam.general.t1 CHATROOM:POST_INFO
1673799459416 inf [network] < prefs TIME:GET
1673799459434 inf [network] > prefs TIME:GET_OK
1673799461962 inf [network] > wam.general.t1 CHATROOM:POST_INFO
1673799463463 inf [network] > wam.general.t1 CHATROOM:POST_INFO
1673799467328 inf [network] > wam.general.t1 CHATROOM:POST_INFO
1673799469438 inf [network] < prefs TIME:GET
1673799469455 inf [network] > prefs TIME:GET_OK
1673799478803 inf [api] < Service operator/winamax-tv/public
1673799478803 inf [network] > Http https://wapi.winamax.fr/operator/winamax-tv/public post
1673799478929 inf [network] > Http https://wapi.winamax.fr/operator/winamax-tv/public ok
1673799478931 inf [api] > Service operator/winamax-tv/public
1673799479440 inf [network] < prefs TIME:GET
1673799479457 inf [network] > prefs TIME:GET_OK
1673799489453 inf [network] < prefs TIME:GET
1673799489470 inf [network] > prefs TIME:GET_OK
1673799495873 inf [network] > wam.general.t1 CHATROOM:POST_INFO
1673799499454 inf [network] < prefs TIME:GET
1673799499472 inf [network] > prefs TIME:GET_OK
1673799509456 inf [network] < prefs TIME:GET
1673799509474 inf [network] > prefs TIME:GET_OK
1673799516045 inf [network] > wam.general.t1 CHATROOM:POST_INFO
1673799519472 inf [network] < prefs TIME:GET
1673799519490 inf [network] > prefs TIME:GET_OK
1673799529480 inf [network] < prefs TIME:GET
1673799529498 inf [network] > prefs TIME:GET_OK
1673799530603 inf [network] > wam.general.t1 CHATROOM:POST_INFO
1673799539488 inf [network] < prefs TIME:GET
1673799539507 inf [network] > prefs TIME:GET_OK
1673799548737 inf [network] > wam.general.t1 CHATROOM:POST_INFO
1673799549502 inf [network] < prefs TIME:GET
1673799549520 inf [network] > prefs TIME:GET_OK
1673799552008 inf [network] > wam.general.t1 CHATROOM:POST_INFO
1673799553539 inf [network] > wam.general.t1 CHATROOM:POST_INFO
1673799559506 inf [network] < prefs TIME:GET
1673799559544 inf [network] > prefs TIME:GET_OK
1673799561291 inf [network] > wam.general.t1 CHATROOM:POST_INFO
1673799565708 inf [network] > wam.general.t1 CHATROOM:POST_INFO
1673799569518 inf [network] < prefs TIME:GET
1673799569535 inf [network] > prefs TIME:GET_OK
1673799571739 inf [network] > wam.general.t1 CHATROOM:POST_INFO
1673799572779 inf [network] > wam.general.t1 CHATROOM:POST_INFO
1673799578436 inf [network] > wam.general.t1 CHATROOM:POST_INFO
1673799579519 inf [network] < prefs TIME:GET
1673799579535 inf [network] > prefs TIME:GET_OK
1673799589527 inf [network] < prefs TIME:GET
1673799589562 inf [network] > prefs TIME:GET_OK
1673799599534 inf [network] < prefs TIME:GET
1673799599535 inf [network] > wam.general.t1 CHATROOM:POST_INFO
1673799599767 inf [network] > prefs TIME:GET_OK
1673799601344 inf [network] > wam.general.t1 CHATROOM:POST_INFO
1673799608163 inf [network] > wam.general.t1 CHATROOM:POST_INFO
1673799609541 inf [network] < prefs TIME:GET
1673799609559 inf [network] > prefs TIME:GET_OK
1673799619349 inf [network] > wam.general.t1 CHATROOM:POST_INFO
1673799619534 inf [network] < prefs TIME:GET
1673799619550 inf [network] > prefs TIME:GET_OK
1673799629559 inf [network] < prefs TIME:GET
1673799629577 inf [network] > prefs TIME:GET_OK
1673799633113 inf [network] > wam.general.t1 CHATROOM:POST_INFO
1673799639564 inf [network] < prefs TIME:GET
1673799639583 inf [network] > prefs TIME:GET_OK
1673799645627 inf [network] > wam.general.t1 CHATROOM:POST_INFO
1673799649566 inf [network] < prefs TIME:GET
1673799649583 inf [network] > prefs TIME:GET_OK
1673799659577 inf [network] < prefs TIME:GET
1673799659594 inf [network] > prefs TIME:GET_OK
1673799662651 inf [network] > wam.general.t1 CHATROOM:POST_INFO
1673799667168 inf [network] > wam.general.t1 CHATROOM:POST_INFO
1673799669581 inf [network] < prefs TIME:GET
1673799669600 inf [network] > prefs TIME:GET_OK
1673799672720 inf [network] > wam.general.t1 CHATROOM:POST_INFO
1673799674663 inf [network] > wam.general.t1 CHATROOM:POST_INFO
1673799679596 inf [network] < prefs TIME:GET
1673799679612 inf [network] > prefs TIME:GET_OK
1673799689609 inf [network] < prefs TIME:GET
1673799689627 inf [network] > prefs TIME:GET_OK
1673799694854 inf [network] > wam.general.t1 CHATROOM:POST_INFO
1673799699622 inf [network] < prefs TIME:GET
1673799699639 inf [network] > prefs TIME:GET_OK
1673799709626 inf [network] < prefs TIME:GET
1673799709642 inf [network] > prefs TIME:GET_OK
1673799719636 inf [network] < prefs TIME:GET
1673799719708 inf [network] > prefs TIME:GET_OK
1673799722376 inf [network] > wam.general.t1 CHATROOM:POST_INFO
1673799725185 inf [network] > wam.general.t1 CHATROOM:POST_INFO
1673799729641 inf [network] < prefs TIME:GET
1673799729658 inf [network] > prefs TIME:GET_OK
1673799733003 inf [network] > wam.general.t1 CHATROOM:POST_INFO
1673799739645 inf [network] < prefs TIME:GET
1673799739661 inf [network] > prefs TIME:GET_OK
1673799744630 inf [network] > wam.general.t1 CHATROOM:POST_INFO
1673799749652 inf [network] < prefs TIME:GET
1673799749670 inf [network] > prefs TIME:GET_OK
1673799752434 inf [network] > wam.general.t1 CHATROOM:POST_INFO
1673799759653 inf [network] < prefs TIME:GET
1673799759669 inf [network] > prefs TIME:GET_OK
1673799764514 inf [network] > wam.general.t1 CHATROOM:POST_INFO
1673799769173 inf [network] > wam.general.t1 CHATROOM:POST_INFO
1673799769647 inf [network] < prefs TIME:GET
1673799769665 inf [network] > prefs TIME:GET_OK
1673799778764 inf [network] > wam.general.t1 CHATROOM:POST_INFO
1673799778808 inf [api] < Service operator/userdata
1673799778809 inf [network] > Http https://wapi.winamax.fr/operator/userdata post
1673799778812 inf [network] < prefs CASHIER:GET
1673799778812 inf [network] < prefs CASHIER:LIST
1673799778813 inf [network] < prefs CASHIER:GET
1673799778813 inf [network] < prefs CASHIER:LIST
1673799778831 inf [network] > prefs CASHIER:GET_OK
1673799778832 inf [network] > prefs CASHIER:LIST_OK
1673799778833 inf [network] > prefs CASHIER:GET_OK
1673799778838 inf [network] > prefs CASHIER:LIST_OK
1673799778950 inf [network] > Http https://wapi.winamax.fr/operator/userdata ok
1673799778952 inf [api] > Service operator/userdata
1673799779666 inf [network] < prefs TIME:GET
1673799779684 inf [network] > prefs TIME:GET_OK
1673799789680 inf [network] < prefs TIME:GET
1673799789867 inf [network] > prefs TIME:GET_OK
1673799791048 inf [network] > wam.general.t1 CHATROOM:POST_INFO
1673799799671 inf [network] < prefs TIME:GET
1673799799692 inf [network] > prefs TIME:GET_OK
1673799809688 inf [network] < prefs TIME:GET
1673799809705 inf [network] > prefs TIME:GET_OK
1673799819691 inf [network] < prefs TIME:GET
1673799819709 inf [network] > prefs TIME:GET_OK
1673799829701 inf [network] < prefs TIME:GET
1673799829718 inf [network] > prefs TIME:GET_OK
1673799838275 inf [network] > wam.general.t1 CHATROOM:POST_INFO
1673799839701 inf [network] < prefs TIME:GET
1673799839718 inf [network] > prefs TIME:GET_OK
1673799849704 inf [network] < prefs TIME:GET
1673799849722 inf [network] > prefs TIME:GET_OK
1673799856756 inf [network] > wam.general.t1 CHATROOM:POST_INFO
1673799859612 inf [network] > wam.general.t1 CHATROOM:POST_INFO
1673799859711 inf [network] < prefs TIME:GET
1673799859729 inf [network] > prefs TIME:GET_OK
1673799869528 inf [network] > wam.general.t1 CHATROOM:POST_INFO
1673799869726 inf [network] < prefs TIME:GET
1673799869743 inf [network] > prefs TIME:GET_OK
1673799873105 inf [network] > wam.general.t1 CHATROOM:POST_INFO
1673799879735 inf [network] < prefs TIME:GET
1673799879751 inf [network] > prefs TIME:GET_OK
1673799880000 inf [network] > wam.general.t1 CHATROOM:POST_INFO
1673799887984 inf [network] > wam.general.t1 CHATROOM:POST_INFO
1673799889746 inf [network] < prefs TIME:GET
1673799889762 inf [network] > prefs TIME:GET_OK
1673799891230 inf [network] > wam.general.t1 CHATROOM:POST_INFO
1673799899737 inf [network] < prefs TIME:GET
1673799899754 inf [network] > prefs TIME:GET_OK
1673799906301 inf [network] > wam.general.t1 CHATROOM:POST_INFO
1673799909658 inf [network] > wam.general.t1 CHATROOM:POST_INFO
1673799909758 inf [network] < prefs TIME:GET
1673799909776 inf [network] > prefs TIME:GET_OK
1673799910111 inf [network] > wam.general.t1 CHATROOM:POST_INFO
1673799913963 inf [network] > wam.general.t1 CHATROOM:POST_INFO
1673799917469 inf [network] > wam.general.t1 CHATROOM:POST_INFO
1673799918456 inf [network] > wam.general.t1 CHATROOM:POST_INFO
1673799919767 inf [network] < prefs TIME:GET
1673799919808 inf [network] > prefs TIME:GET_OK
1673799929780 inf [network] < prefs TIME:GET
1673799929798 inf [network] > prefs TIME:GET_OK
1673799939621 inf [network] > wam.general.t1 CHATROOM:POST_INFO
1673799939787 inf [network] < prefs TIME:GET
1673799939804 inf [network] > prefs TIME:GET_OK
1673799941756 inf [network] > wam.general.t1 CHATROOM:POST_INFO
1673799949793 inf [network] < prefs TIME:GET
1673799949808 inf [network] > prefs TIME:GET_OK
1673799952131 inf [network] > wam.general.t1 CHATROOM:POST_INFO
1673799957136 inf [app] Exit
1673799957138 inf [tracker] Closed
