1673824993466 inf [app] Launch
1673824993501 inf [scene] Bridge initialize
1673824993510 inf [scene] Scene open
1673824993515 inf [scene.1] Scene create
1673824993527 inf [scene.1] Scene loading
1673824993533 inf [app] Checking for update
1673824993676 inf [app] Update for version 1.26.3 is not available (latest version: 1.26.3, downgrade is disallowed).
1673824994234 inf [scene.1] Browser loaded
1673824994241 inf [scene.1] Scene bridge loaded
1673824994266 inf [tracker] Listening on port: 8000
1673824996175 inf [api] < Service core/authentication/token/generate
1673824996176 inf [network] > Http https://wapi.winamax.fr/core/authentication/token/generate post
1673824996265 inf [network] > Http https://wapi.winamax.fr/core/authentication/token/generate ok
1673824996266 inf [api] > Service core/authentication/token/generate
1673824996268 inf [api] < Service poker/public/config/preauth {"client":"poker","application":"desktop","opid":"wam","device":"electron","ver":"1.26.3.1671552372","os":"win32","cid":"b94b276db79aabbcbfbe64cabbfea685"}
1673824996269 inf [network] > Http https://api.winamax.fr/poker/public/config/preauth?client=poker&application=desktop&opid=wam&device=electron&ver=1.26.3.1671552372&os=win32&cid=b94b276db79aabbcbfbe64cabbfea685 get
1673824996377 inf [network] > Http https://api.winamax.fr/poker/public/config/preauth?client=poker&application=desktop&opid=wam&device=electron&ver=1.26.3.1671552372&os=win32&cid=b94b276db79aabbcbfbe64cabbfea685 ok
1673824996378 inf [api] > Service poker/public/config/preauth {"core":{"type":"wss","retry":{"count":3,"timeout":10000,"delay":2000,"random":1000},"hosts":["wapi.winamax.fr:443/poker/front/ws/websocket"],"enable":true,"zombie":{"duration":45000},"socket":{"sleep":10,"buffer":16384},"monitor":{"interrupted":true}},"features":{"vm":false,"playground":{"threshold":1000},"time":{"duration":10}},"serverstatus":{"status":"up","polling":300,"i18n":{"de_DE":{"title":"","info":"Alle Dienste sind verfügbar"},"fr_FR":{"title":"","info":"Tous les services sont fonctionnels"},"en_GB":{"title":"","info":"All services are operational."},"*":{"title":"","info":"All services are operational."},"en_US":{"title":"","info":"All services are operational."},"es_ES":{"title":"","info":"All services are operational."},"pt_PT":{"title":"","info":"All services are operational."}}},"auth":{"version":2,"timeout":6000,"refresh":{"count":3,"delay":2500}},"wspush":{"connection":{"interval":31000,"timeout":25000},"request":{"retry":{"count":0},"timeout":5000},"monitor":{"interrupted":true}},"updater":{"download":{"delay":120000}}}
1673824996380 inf [network] Registering channel prefs
1673824996381 inf [network] Enqueuing AUTH:SIGNIN
1673824996381 inf [network] Creating socket wss://wapi.winamax.fr:443/poker/front/ws/websocket
1673824996382 inf [network] Connection status: 1
1673824996466 inf [network] Socket opened
1673824996466 inf [network] Connection status: 2
1673824996467 inf [network] Connection status: 3
1673824996468 inf [network] < prefs AUTH:SIGNIN
1673824996642 inf [network] > prefs AUTH:SIGNIN_OK
1673824996643 inf [network] Connection status: 4
1673824996648 inf [network] < prefs TIME:GET
1673824996648 inf [network] < prefs GAMESTATS:JOIN
1673824996665 inf [network] > prefs TIME:GET_OK
1673824996674 inf [api] < Service poker/client/prefs
1673824996674 inf [network] > Http https://wapi.winamax.fr/poker/client/prefs post
1673824996708 inf [network] > prefs NOTIFICATION:POST_INFO
1673824996715 inf [network] > prefs GAMESTATS:JOIN_OK
1673824996759 inf [network] > Http https://wapi.winamax.fr/poker/client/prefs ok
1673824996760 inf [api] > Service poker/client/prefs
1673824996767 inf [router] Execute: wam://preload-ok
1673824996768 inf [router] Navigate: wam://lobbies
1673824996770 inf [network] > Http https://dl.winamax.fr/client/attr/settings/wam/config.1624292306 get
1673824996771 inf [network] > Http https://dl.winamax.fr/client/attr/settings/wam/ressource.1624283658 get
1673824996773 inf [router] Navigation done: wam://lobbies
1673824996773 inf [router] Execution done: wam://preload-ok
1673824996774 inf [network] Registering channel subscriptions
1673824996775 inf [api] < Service operator/userdata
1673824996775 inf [network] > Http https://wapi.winamax.fr/operator/userdata post
1673824996777 inf [api] < Service operator/winamax-tv/public
1673824996777 inf [network] > Http https://wapi.winamax.fr/operator/winamax-tv/public post
1673824996779 inf [network] < prefs SRM:JOIN
1673824996779 inf [network] < prefs NEWS:GET
1673824996780 inf [network] < prefs DATA:GET
1673824996780 inf [network] < prefs BUDDY:GET
1673824996781 inf [network] < prefs BUDDYROOM:JOIN
1673824996783 inf [network] < prefs TIME:GET
1673824996784 inf [network] < prefs CASHIER:GET
1673824996784 inf [network] < prefs CASHIER:LIST
1673824996785 inf [network] < prefs CASHIER:GET
1673824996785 inf [network] < prefs CASHIER:LIST
1673824996786 inf [network] < subscriptions FILTERLIST:CREATE
1673824996787 inf [network] < subscriptions FILTERLIST:CREATE
1673824996788 inf [network] < subscriptions FILTERLIST:CREATE
1673824996800 inf [network] > prefs TIME:GET_OK
1673824996801 inf [network] > prefs SRM:JOIN_OK
1673824996803 inf [network] > prefs BUDDYROOM:JOIN_OK
1673824996809 inf [network] > prefs CASHIER:GET_OK
1673824996810 inf [network] > prefs CASHIER:LIST_OK
1673824996810 inf [network] > prefs CASHIER:GET_OK
1673824996826 inf [network] > prefs CASHIER:LIST_OK
1673824996827 inf [network] > subscriptions FILTERLIST:CREATE_OK
1673824996828 inf [network] > subscriptions FILTERLIST:SET
1673824996828 inf [network] > subscriptions FILTERLIST:CREATE_OK
1673824996828 inf [network] > subscriptions FILTERLIST:SET
1673824996829 inf [network] > subscriptions FILTERLIST:CREATE_OK
1673824996830 inf [network] > subscriptions FILTERLIST:SET
1673824996836 inf [network] > prefs NEWS:GET_OK
1673824996839 inf [network] > prefs DATA:GET_OK
1673824996844 inf [network] > prefs BUDDY:GET_OK
1673824996845 inf [network] < prefs BUDDYROOM:JOIN
1673824996854 inf [network] > Http https://dl.winamax.fr/client/attr/settings/wam/config.1624292306 ok
1673824996867 inf [network] Registering channel wam.general.t1
1673824996868 inf [network] < wam.general.t1 CHATROOM:JOIN
1673824996869 inf [network] > Http https://dl.winamax.fr/client/attr/settings/wam/ressource.1624283658 ok
1673824996876 inf [network] > prefs BUDDYROOM:JOIN_OK
1673824996877 inf [network] > Http https://wapi.winamax.fr/operator/winamax-tv/public ok
1673824996877 inf [api] > Service operator/winamax-tv/public
1673824996890 inf [network] > wam.general.t1 CHATROOM:JOIN_OK
1673824996968 inf [network] > Http https://wapi.winamax.fr/operator/userdata ok
1673824996970 inf [api] > Service operator/userdata
1673824997117 inf [network] > prefs NOTIFICATION:POST_INFO
1673824997128 inf [network] > prefs NOTIFICATION:POST_INFO
1673824997760 inf [network] > wam.general.t1 CHATROOM:POST_INFO
1673824998777 inf [api] < Service poker/client/prefs
1673824998777 inf [network] > Http https://wapi.winamax.fr/poker/client/prefs post
1673824998846 inf [network] > Http https://wapi.winamax.fr/poker/client/prefs ok
1673824998847 inf [api] > Service poker/client/prefs
1673825003545 inf [network] > wam.general.t1 CHATROOM:POST_INFO
1673825004265 inf [network] > wam.general.t1 CHATROOM:POST_INFO
1673825004825 inf [network] > wam.general.t1 CHATROOM:POST_INFO
1673825006784 inf [network] < prefs TIME:GET
1673825006805 inf [network] > prefs TIME:GET_OK
1673825007952 inf [router] Navigate: wam://lobby-mtt
1673825007953 inf [router] Navigation done: wam://lobby-mtt
1673825007979 inf [network] Registering channel lo
1673825007980 inf [router] Execute: wam://lobby-preview?rk=&type=
1673825007981 inf [router] Execution done: wam://lobby-preview?rk=&type=
1673825008011 inf [network] < lo FILTERLIST:CREATE
1673825008036 inf [network] > lo FILTERLIST:CREATE_OK
1673825008045 inf [network] > lo FILTERLIST:SET
1673825008057 inf [router] Execute: wam://lobby-preview?rk=tt2.ttmgr.tt2_1.t612331545&type=tournament
1673825008058 inf [router] Execution done: wam://lobby-preview?rk=tt2.ttmgr.tt2_1.t612331545&type=tournament
1673825008059 inf [network] Registering channel tt2.ttmgr.tt2_1.t612331545
1673825008075 inf [network] < tt2.ttmgr.tt2_1.t612331545 TOURNAMENT:JOIN
1673825008108 inf [network] > tt2.ttmgr.tt2_1.t612331545 TOURNAMENT:JOIN_OK
1673825008110 inf [network] > tt2.ttmgr.tt2_1.t612331545 CHATROOM:JOIN_OK
1673825011744 inf [network] > lo FILTERLIST:UPDATE
1673825014018 inf [network] > wam.general.t1 CHATROOM:POST_INFO
1673825016632 inf [network] > wam.general.t1 CHATROOM:POST_INFO
1673825016795 inf [network] < prefs TIME:GET
1673825016814 inf [network] > prefs TIME:GET_OK
1673825021750 inf [network] > lo FILTERLIST:UPDATE
1673825021988 inf [network] > wam.general.t1 CHATROOM:POST_INFO
1673825024030 inf [network] > wam.general.t1 CHATROOM:POST_INFO
1673825024940 inf [network] > wam.general.t1 CHATROOM:POST_INFO
1673825026795 inf [network] < prefs TIME:GET
1673825026815 inf [network] > prefs TIME:GET_OK
1673825028286 inf [network] > wam.general.t1 CHATROOM:POST_INFO
1673825029208 inf [network] > wam.general.t1 CHATROOM:POST_INFO
1673825031110 inf [network] > wam.general.t1 CHATROOM:POST_INFO
1673825031692 inf [network] > wam.general.t1 CHATROOM:POST_INFO
1673825031749 inf [network] > lo FILTERLIST:UPDATE
1673825036805 inf [network] < prefs TIME:GET
1673825036822 inf [network] > prefs TIME:GET_OK
1673825037805 inf [network] > wam.general.t1 CHATROOM:POST_INFO
1673825039699 inf [network] > wam.general.t1 CHATROOM:POST_INFO
1673825039846 inf [network] > wam.general.t1 CHATROOM:POST_INFO
1673825040531 inf [router] Navigate: wam://lobby-mtt
1673825040533 inf [router] Navigation done: wam://lobby-mtt
1673825041764 inf [network] > lo FILTERLIST:UPDATE
1673825042740 inf [router] Navigate: wam://lobby-expresso
1673825042741 inf [router] Navigation done: wam://lobby-expresso
1673825044262 inf [network] > wam.general.t1 CHATROOM:POST_INFO
1673825046815 inf [network] < prefs TIME:GET
1673825046833 inf [network] > prefs TIME:GET_OK
1673825048113 inf [router] Navigate: wam://lobby-home
1673825048114 inf [router] Navigation done: wam://lobby-home
1673825050007 inf [network] < lo FILTERLIST:DELETE
1673825050007 inf [network] < lo FILTERLIST:CREATE
1673825050008 inf [router] Execute: wam://lobby-preview?rk=&type=
1673825050008 inf [router] Execution done: wam://lobby-preview?rk=&type=
1673825050027 inf [network] > lo FILTERLIST:DELETE_OK
1673825050028 inf [network] > lo FILTERLIST:CREATE_OK
1673825050033 inf [network] > lo FILTERLIST:SET
1673825050051 inf [router] Execute: wam://lobby-preview?rk=tt4.ttmgr.tt4_3.t612333250&type=tournament
1673825050052 inf [router] Execution done: wam://lobby-preview?rk=tt4.ttmgr.tt4_3.t612333250&type=tournament
1673825050067 inf [network] Registering channel tt4.ttmgr.tt4_3.t612333250
1673825050082 inf [network] < tt4.ttmgr.tt4_3.t612333250 TOURNAMENT:JOIN
1673825050106 inf [network] > tt4.ttmgr.tt4_3.t612333250 TOURNAMENT:JOIN_OK
1673825050108 inf [network] > tt4.ttmgr.tt4_3.t612333250 CHATROOM:JOIN_OK
1673825051822 inf [network] > wam.general.t1 CHATROOM:POST_INFO
1673825052012 inf [api] < Service poker/client/prefs
1673825052012 inf [network] > Http https://wapi.winamax.fr/poker/client/prefs post
1673825052021 inf [network] > wam.general.t1 CHATROOM:POST_INFO
1673825052074 inf [network] > Http https://wapi.winamax.fr/poker/client/prefs ok
1673825052074 inf [api] > Service poker/client/prefs
1673825052621 inf [router] Navigate: wam://lobby-expresso
1673825052621 inf [router] Navigation done: wam://lobby-expresso
1673825053024 inf [network] < tt2.ttmgr.tt2_1.t612331545 TOURNAMENT:LEAVE
1673825053025 inf [network] Leaving channel tt2.ttmgr.tt2_1.t612331545
1673825056823 inf [network] < prefs TIME:GET
1673825056841 inf [network] > prefs TIME:GET_OK
1673825059379 inf [network] > wam.general.t1 CHATROOM:POST_INFO
1673825062768 inf [network] < lo FILTERLIST:DELETE
1673825062769 inf [router] Execute: wam://lobby-preview?rk=&type=
1673825062771 inf [router] Execution done: wam://lobby-preview?rk=&type=
1673825062789 inf [network] > lo FILTERLIST:DELETE_OK
1673825065791 inf [network] < tt4.ttmgr.tt4_3.t612333250 TOURNAMENT:LEAVE
1673825065792 inf [network] Leaving channel tt4.ttmgr.tt4_3.t612333250
1673825066824 inf [network] < prefs TIME:GET
1673825066841 inf [network] > prefs TIME:GET_OK
1673825076595 inf [network] > wam.general.t1 CHATROOM:POST_INFO
1673825076833 inf [network] < prefs TIME:GET
1673825077068 inf [network] > prefs TIME:GET_OK
1673825086838 inf [network] < prefs TIME:GET
1673825086855 inf [network] > prefs TIME:GET_OK
1673825087823 inf [router] Execute: wam://srm?action=create&template=expresso_nlhe&context=lo&withTicket=&buyin=2&money=play&attrs[]=exp&attrs[]=expstd
1673825087825 inf [network] < prefs SRM:ADD_RULE
1673825087850 inf [network] > prefs SRM:ADD_RULE_OK
1673825087858 inf [router] Navigate: wam://table?hash=1&label=Expresso&playgroundId=
1673825087861 inf [scene] Scene open
1673825087862 inf [scene.2] Scene create
1673825087866 inf [scene.2] Scene loading
1673825087870 inf [router] Navigation done: wam://table?hash=1&label=Expresso&playgroundId=
1673825087871 inf [router] Execution done: wam://srm?action=create&template=expresso_nlhe&context=lo&withTicket=&buyin=2&money=play&attrs[]=exp&attrs[]=expstd
1673825087873 inf [network] > prefs NOTIFICATION:POST_INFO
1673825087873 inf [network] > prefs SRM:UPDATE_RULE_INFO
1673825087876 inf [router] Execute: wam://table-open?rid=284005820&ttrk=tt4.ttmgr.tt4_3.t623162203&hash=1
1673825087879 inf [router] Execution done: wam://table-open?rid=284005820&ttrk=tt4.ttmgr.tt4_3.t623162203&hash=1
1673825087880 inf [network] Registering channel tt4.ttmgr.tt4_3.t623162203
1673825087899 inf [network] < tt4.ttmgr.tt4_3.t623162203 TOURNAMENT:JOIN
1673825087925 inf [network] > tt4.ttmgr.tt4_3.t623162203 TOURNAMENT:JOIN_OK
1673825087926 inf [network] > tt4.ttmgr.tt4_3.t623162203 CHATROOM:JOIN_OK
1673825087927 inf [network] < tt4.ttmgr.tt4_3.t623162203 TOURNAMENT:CONFIGURE
1673825087947 inf [network] > tt4.ttmgr.tt4_3.t623162203 TOURNAMENT:CONFIGURE_OK
1673825087959 inf [network] < tt4.ttmgr.tt4_3.t623162203 TOURNAMENT:CONFIGURE
1673825087980 inf [network] > tt4.ttmgr.tt4_3.t623162203 TOURNAMENT:CONFIGURE_OK
1673825088246 inf [network] > wam.general.t1 CHATROOM:POST_INFO
1673825088439 inf [scene.2] Browser loaded
1673825088446 inf [scene.2] Scene bridge loaded
1673825089869 inf [network] > tt4.ttmgr.tt4_3.t623162203 TOURNAMENT:STATUS
1673825089872 inf [network] > tt4.ttmgr.tt4_3.t623162203 TOURNAMENT:STATUS
1673825089879 inf [network] > tt4.ttmgr.tt4_3.t623162203 TOURNAMENT:RUN
1673825089880 inf [network] > tt4.ttmgr.tt4_3.t623162203 TOURNAMENT:STATUS
1673825089890 inf [network] Registering channel tt4.tamgr.tt4_3.t90356
1673825089921 inf [network] < tt4.tamgr.tt4_3.t90356 TABLE:JOIN
1673825089943 inf [network] > tt4.tamgr.tt4_3.t90356 TABLE:JOIN_OK
1673825089945 inf [network] > tt4.tamgr.tt4_3.t90356 CHATROOM:JOIN_OK
1673825090503 inf [network] > wam.general.t1 CHATROOM:POST_INFO
1673825092223 inf [network] > subscriptions FILTERLIST:UPDATE
1673825092225 inf [network] < subscriptions FILTERLIST:CHANGE
1673825092245 inf [network] > subscriptions FILTERLIST:SET
1673825092246 inf [network] > subscriptions FILTERLIST:CHANGE_OK
1673825092256 inf [router] Execute: wam://table-open?rid=284005820&tblrk=tt4.tamgr.tt4_3.t90356&ttrk=tt4.ttmgr.tt4_3.t623162203&gfsid=
1673825092256 inf [router] Execution done: wam://table-open?rid=284005820&tblrk=tt4.tamgr.tt4_3.t90356&ttrk=tt4.ttmgr.tt4_3.t623162203&gfsid=
1673825096228 inf [network] > wam.general.t1 CHATROOM:POST_INFO
1673825096525 inf [network] > wam.general.t1 CHATROOM:POST_INFO
1673825096847 inf [network] < prefs TIME:GET
1673825096864 inf [network] > prefs TIME:GET_OK
1673825098945 inf [network] > tt4.ttmgr.tt4_3.t623162203 TOURNAMENT:STATUS
1673825099176 inf [network] > wam.general.t1 CHATROOM:POST_INFO
1673825100951 inf [network] > tt4.tamgr.tt4_3.t90356 TABLE:STATUS
1673825103481 inf [network] > tt4.tamgr.tt4_3.t90356 TABLE:POST_INFO
1673825103482 inf [network] > tt4.tamgr.tt4_3.t90356 TABLE:POST_INFO
1673825103483 inf [network] > tt4.tamgr.tt4_3.t90356 TABLE:CARDS
1673825103483 inf [network] > tt4.tamgr.tt4_3.t90356 TABLE:STATUS
1673825103484 inf [network] > tt4.tamgr.tt4_3.t90356 TABLE:ACTIONSET
1673825103484 inf [table] 1 tt4.tamgr.tt4_3.t90356 hand 2676461281988313089-1-1673825103
1673825103485 inf [table] 1 tt4.tamgr.tt4_3.t90356 action SB login="Mulet575935" amount="10"
1673825103486 inf [table] 1 tt4.tamgr.tt4_3.t90356 action BB login="ImTitouuu" amount="20"
1673825103487 inf [table] 1 tt4.tamgr.tt4_3.t90356 cards login="YL_ML_GL_42" 7h,5c
1673825103488 inf [table] 1 tt4.tamgr.tt4_3.t90356 round pre-flop pot="0" totalPot="30"
1673825106842 inf [network] < prefs TIME:GET
1673825106860 inf [network] > prefs TIME:GET_OK
1673825110799 inf [network] > wam.general.t1 CHATROOM:POST_INFO
1673825112493 inf [network] < prefs CLIENT:PING_OK
1673825112493 inf [network] > prefs CLIENT:PING
1673825114609 inf [network] > wam.general.t1 CHATROOM:POST_INFO
1673825114903 inf [network] > wam.general.t1 CHATROOM:POST_INFO
1673825115514 inf [network] > tt4.tamgr.tt4_3.t90356 TABLE:CHAT_INFO
1673825115515 inf [network] > tt4.tamgr.tt4_3.t90356 TABLE:STATUS
1673825115919 inf [router] Navigate: wam://table?tblid=1&scene=2
1673825115921 inf [router] Navigation done: wam://table?tblid=1&scene=2
1673825116868 inf [network] < prefs TIME:GET
1673825116885 inf [network] > prefs TIME:GET_OK
1673825126872 inf [network] < prefs TIME:GET
1673825126889 inf [network] > prefs TIME:GET_OK
1673825127515 inf [network] < prefs CLIENT:PING_OK
1673825127516 inf [network] > prefs CLIENT:PING
1673825130521 inf [network] > tt4.tamgr.tt4_3.t90356 TABLE:ACTION_INFO
1673825130533 inf [table] 1 tt4.tamgr.tt4_3.t90356 action fold login="YL_ML_GL_42"
1673825130922 inf [network] > wam.general.t1 CHATROOM:POST_INFO
1673825134135 inf [network] > tt4.tamgr.tt4_3.t90356 TABLE:ACTION_INFO
1673825134135 inf [network] > tt4.tamgr.tt4_3.t90356 TABLE:ACTION_INFO
1673825134136 inf [network] > tt4.tamgr.tt4_3.t90356 TABLE:STATUS
1673825134136 inf [table] 1 tt4.tamgr.tt4_3.t90356 action call login="Mulet575935" amount="20"
1673825134137 inf [table] 1 tt4.tamgr.tt4_3.t90356 action check login="ImTitouuu" amount="20"
1673825134143 inf [table] 1 tt4.tamgr.tt4_3.t90356 round flop board="3c,9h,2s" pot="40" totalPot="0"
1673825135854 inf [network] > tt4.tamgr.tt4_3.t90356 TABLE:ACTION_INFO
1673825135855 inf [table] 1 tt4.tamgr.tt4_3.t90356 action check login="Mulet575935"
1673825136862 inf [network] < prefs TIME:GET
1673825136881 inf [network] > prefs TIME:GET_OK
1673825138856 inf [router] Navigate: wam://table?tblid=1&scene=2
1673825138857 inf [router] Navigation done: wam://table?tblid=1&scene=2
1673825139083 inf [network] < tt4.tamgr.tt4_3.t90356 TABLE:SITIN
1673825139106 inf [network] > tt4.tamgr.tt4_3.t90356 TABLE:SITIN_OK
1673825139108 inf [network] > tt4.tamgr.tt4_3.t90356 TABLE:SITIN_INFO
1673825139864 inf [network] > tt4.tamgr.tt4_3.t90356 TABLE:ACTION_INFO
1673825139865 inf [network] > tt4.tamgr.tt4_3.t90356 TABLE:STATUS
1673825139866 inf [table] 1 tt4.tamgr.tt4_3.t90356 action check login="ImTitouuu"
1673825139878 inf [table] 1 tt4.tamgr.tt4_3.t90356 round turn board="3c,9h,2s,6d" pot="40" totalPot="0"
1673825141644 inf [network] > tt4.tamgr.tt4_3.t90356 TABLE:ACTION_INFO
1673825141645 inf [table] 1 tt4.tamgr.tt4_3.t90356 action check login="Mulet575935"
1673825142658 inf [network] > tt4.tamgr.tt4_3.t90356 TABLE:ACTION_INFO
1673825142659 inf [table] 1 tt4.tamgr.tt4_3.t90356 action check login="ImTitouuu"
1673825142660 inf [network] > tt4.tamgr.tt4_3.t90356 TABLE:STATUS
1673825142670 inf [table] 1 tt4.tamgr.tt4_3.t90356 round river board="3c,9h,2s,6d,Ts" pot="40" totalPot="0"
1673825144043 inf [network] > tt4.tamgr.tt4_3.t90356 TABLE:ACTION_INFO
1673825144044 inf [table] 1 tt4.tamgr.tt4_3.t90356 action check login="Mulet575935"
1673825144637 inf [network] > wam.general.t1 CHATROOM:POST_INFO
1673825145058 inf [network] > tt4.tamgr.tt4_3.t90356 TABLE:ACTION_INFO
1673825145059 inf [network] > tt4.tamgr.tt4_3.t90356 TABLE:SHOWDOWN_INFO
1673825145059 inf [table] 1 tt4.tamgr.tt4_3.t90356 action check login="ImTitouuu"
1673825146872 inf [network] < prefs TIME:GET
1673825146890 inf [network] > prefs TIME:GET_OK
1673825147444 inf [network] > wam.general.t1 CHATROOM:POST_INFO
1673825148149 inf [network] > tt4.tamgr.tt4_3.t90356 TABLE:SHOWDOWN_INFO
1673825148151 inf [network] > tt4.tamgr.tt4_3.t90356 TABLE:RESULT
1673825148151 inf [network] > tt4.tamgr.tt4_3.t90356 TRACKER:GET_INFO
1673825148153 inf [table] 1 tt4.tamgr.tt4_3.t90356 showdown login="Mulet575935" cards="Ad,6c" board="3c,9h,2s,6d,Ts"
1673825148153 inf [table] 1 tt4.tamgr.tt4_3.t90356 showdown login="ImTitouuu" cards="Ah,2h" board="3c,9h,2s,6d,Ts"
1673825148153 inf [table] 1 tt4.tamgr.tt4_3.t90356 gain login="Mulet575935" amount="40"
1673825149799 inf [network] > wam.general.t1 CHATROOM:POST_INFO
1673825150129 inf [router] Navigate: wam://table?tblid=1&scene=2
1673825150130 inf [router] Navigation done: wam://table?tblid=1&scene=2
1673825152227 inf [network] > tt4.tamgr.tt4_3.t90356 TABLE:POST_INFO
1673825152228 inf [network] > tt4.tamgr.tt4_3.t90356 TABLE:POST_INFO
1673825152228 inf [network] > tt4.tamgr.tt4_3.t90356 TABLE:CARDS
1673825152229 inf [network] > tt4.tamgr.tt4_3.t90356 TABLE:STATUS
1673825152229 inf [network] > tt4.tamgr.tt4_3.t90356 TABLE:PREACTION_LIST
1673825152230 inf [table] 1 tt4.tamgr.tt4_3.t90356 hand 2676461281988313089-2-1673825151
1673825152230 inf [table] 1 tt4.tamgr.tt4_3.t90356 action SB login="ImTitouuu" amount="10"
1673825152231 inf [table] 1 tt4.tamgr.tt4_3.t90356 action BB login="YL_ML_GL_42" amount="20"
1673825152232 inf [table] 1 tt4.tamgr.tt4_3.t90356 cards login="YL_ML_GL_42" 6c,Qc
1673825152232 inf [table] 1 tt4.tamgr.tt4_3.t90356 round pre-flop pot="0" totalPot="30"
1673825153702 inf [network] > tt4.tamgr.tt4_3.t90356 TABLE:ACTION_INFO
1673825153703 inf [network] > tt4.tamgr.tt4_3.t90356 TABLE:PREACTION_LIST
1673825153703 inf [table] 1 tt4.tamgr.tt4_3.t90356 action call login="Mulet575935" amount="20"
1673825154903 inf [network] > tt4.tamgr.tt4_3.t90356 TABLE:ACTION_INFO
1673825154904 inf [network] > tt4.tamgr.tt4_3.t90356 TABLE:ACTIONSET
1673825154905 inf [table] 1 tt4.tamgr.tt4_3.t90356 action call login="ImTitouuu" amount="20"
1673825156892 inf [network] < prefs TIME:GET
1673825156910 inf [network] > prefs TIME:GET_OK
1673825163573 inf [router] Navigate: wam://table?tblid=1&scene=2
1673825163573 inf [router] Navigation done: wam://table?tblid=1&scene=2
1673825163970 inf [network] < prefs CLIENT:PING_OK
1673825163970 inf [network] > prefs CLIENT:PING
1673825165166 inf [network] > wam.general.t1 CHATROOM:POST_INFO
1673825166530 inf [router] Navigate: wam://table?tblid=1&scene=2
1673825166531 inf [router] Navigation done: wam://table?tblid=1&scene=2
1673825166897 inf [network] < prefs TIME:GET
1673825166915 inf [network] > prefs TIME:GET_OK
1673825166989 inf [network] > tt4.tamgr.tt4_3.t90356 TABLE:ACTION_INFO
1673825166990 inf [network] > tt4.tamgr.tt4_3.t90356 TABLE:CARDS
1673825166990 inf [network] > tt4.tamgr.tt4_3.t90356 TABLE:STATUS
1673825166991 inf [table] 1 tt4.tamgr.tt4_3.t90356 action check login="YL_ML_GL_42" amount="20"
1673825167005 inf [table] 1 tt4.tamgr.tt4_3.t90356 round flop board="Kd,Ts,4d" pot="60" totalPot="0"
1673825168817 inf [network] > wam.general.t1 CHATROOM:POST_INFO
1673825171285 inf [network] < tt4.tamgr.tt4_3.t90356 TABLE:SITIN
1673825171346 inf [network] > tt4.tamgr.tt4_3.t90356 TABLE:SITIN_OK
1673825171346 inf [network] > tt4.tamgr.tt4_3.t90356 TABLE:SITIN_INFO
1673825171347 inf [network] > tt4.tamgr.tt4_3.t90356 TABLE:PREACTION_LIST
1673825171665 inf [network] > wam.general.t1 CHATROOM:POST_INFO
1673825172898 inf [network] > tt4.tamgr.tt4_3.t90356 TABLE:ACTION_INFO
1673825172899 inf [network] > tt4.tamgr.tt4_3.t90356 TABLE:ACTIONSET
1673825172900 inf [table] 1 tt4.tamgr.tt4_3.t90356 action check login="ImTitouuu"
1673825176896 inf [network] < prefs TIME:GET
1673825176913 inf [network] > prefs TIME:GET_OK
1673825177977 inf [network] > wam.general.t1 CHATROOM:POST_INFO
1673825181998 inf [network] < prefs CLIENT:PING_OK
1673825181999 inf [network] > prefs CLIENT:PING
1673825182140 inf [network] < tt4.tamgr.tt4_3.t90356 TABLE:ACTION
1673825182161 inf [network] > tt4.tamgr.tt4_3.t90356 TABLE:ACTION_OK
1673825182162 inf [network] > tt4.tamgr.tt4_3.t90356 TABLE:ACTION_INFO
1673825182169 inf [table] 1 tt4.tamgr.tt4_3.t90356 action check login="YL_ML_GL_42"
1673825183564 inf [network] > tt4.tamgr.tt4_3.t90356 TABLE:ACTION_INFO
1673825183564 inf [table] 1 tt4.tamgr.tt4_3.t90356 action check login="Mulet575935"
1673825183565 inf [network] > tt4.tamgr.tt4_3.t90356 TABLE:CARDS
1673825183566 inf [network] > tt4.tamgr.tt4_3.t90356 TABLE:STATUS
1673825183566 inf [network] > tt4.tamgr.tt4_3.t90356 TABLE:PREACTION_LIST
1673825183567 inf [table] 1 tt4.tamgr.tt4_3.t90356 round turn board="Kd,Ts,4d,6h" pot="60" totalPot="0"
1673825185379 inf [network] > tt4.tamgr.tt4_3.t90356 TABLE:ACTION_INFO
1673825185380 inf [network] > tt4.tamgr.tt4_3.t90356 TABLE:ACTIONSET
1673825185381 inf [table] 1 tt4.tamgr.tt4_3.t90356 action check login="ImTitouuu"
1673825186925 inf [network] < prefs TIME:GET
1673825186942 inf [network] > prefs TIME:GET_OK
1673825187980 inf [router] Navigate: wam://table?tblid=1&scene=2
1673825187981 inf [router] Navigation done: wam://table?tblid=1&scene=2
1673825188198 inf [network] < tt4.tamgr.tt4_3.t90356 TABLE:ACTION
1673825188219 inf [network] > tt4.tamgr.tt4_3.t90356 TABLE:ACTION_OK
1673825188220 inf [network] > tt4.tamgr.tt4_3.t90356 TABLE:ACTION_INFO
1673825188220 inf [table] 1 tt4.tamgr.tt4_3.t90356 action check login="YL_ML_GL_42"
1673825188974 inf [network] > tt4.ttmgr.tt4_3.t623162203 TOURNAMENT:STATUS
1673825189472 inf [network] > tt4.tamgr.tt4_3.t90356 TABLE:ACTION_INFO
1673825189473 inf [network] > tt4.tamgr.tt4_3.t90356 TABLE:CARDS
1673825189473 inf [network] > tt4.tamgr.tt4_3.t90356 TABLE:STATUS
1673825189474 inf [network] > tt4.tamgr.tt4_3.t90356 TABLE:PREACTION_LIST
1673825189474 inf [table] 1 tt4.tamgr.tt4_3.t90356 action check login="Mulet575935"
1673825189475 inf [table] 1 tt4.tamgr.tt4_3.t90356 round river board="Kd,Ts,4d,6h,3d" pot="60" totalPot="0"
1673825191501 inf [network] > tt4.tamgr.tt4_3.t90356 TABLE:ACTION_INFO
1673825191502 inf [network] > tt4.tamgr.tt4_3.t90356 TABLE:ACTIONSET
1673825191502 inf [table] 1 tt4.tamgr.tt4_3.t90356 action check login="ImTitouuu"
1673825194091 inf [network] < tt4.tamgr.tt4_3.t90356 TABLE:ACTION
1673825194112 inf [network] > tt4.tamgr.tt4_3.t90356 TABLE:ACTION_OK
1673825194113 inf [network] > tt4.tamgr.tt4_3.t90356 TABLE:ACTION_INFO
1673825194119 inf [table] 1 tt4.tamgr.tt4_3.t90356 action check login="YL_ML_GL_42"
1673825195128 inf [network] > tt4.tamgr.tt4_3.t90356 TABLE:ACTION_INFO
1673825195129 inf [network] > tt4.tamgr.tt4_3.t90356 TABLE:SHOWDOWN_INFO
1673825195129 inf [network] > tt4.tamgr.tt4_3.t90356 TABLE:SHOWDOWN_INFO
1673825195130 inf [table] 1 tt4.tamgr.tt4_3.t90356 action check login="Mulet575935"
1673825196934 inf [network] < prefs TIME:GET
1673825196951 inf [network] > prefs TIME:GET_OK
1673825198226 inf [network] > tt4.tamgr.tt4_3.t90356 TABLE:SHOWDOWN_INFO
1673825198227 inf [network] > tt4.tamgr.tt4_3.t90356 TABLE:RESULT
1673825198228 inf [network] > tt4.tamgr.tt4_3.t90356 TRACKER:GET_INFO
1673825198229 inf [table] 1 tt4.tamgr.tt4_3.t90356 showdown login="ImTitouuu" cards="9c,Qh" board="Kd,Ts,4d,6h,3d"
1673825198229 inf [table] 1 tt4.tamgr.tt4_3.t90356 showdown login="YL_ML_GL_42" cards="6c,Qc" board="Kd,Ts,4d,6h,3d"
1673825198229 inf [table] 1 tt4.tamgr.tt4_3.t90356 showdown login="Mulet575935" cards="As,3s" board="Kd,Ts,4d,6h,3d"
1673825198229 inf [table] 1 tt4.tamgr.tt4_3.t90356 gain login="YL_ML_GL_42" amount="60"
1673825201641 inf [router] Navigate: wam://table?tblid=1&scene=2
1673825201642 inf [router] Navigation done: wam://table?tblid=1&scene=2
1673825202296 inf [network] > tt4.tamgr.tt4_3.t90356 TABLE:POST_INFO
1673825202297 inf [network] > tt4.tamgr.tt4_3.t90356 TABLE:POST_INFO
1673825202297 inf [network] > tt4.tamgr.tt4_3.t90356 TABLE:CARDS
1673825202298 inf [network] > tt4.tamgr.tt4_3.t90356 TABLE:STATUS
1673825202298 inf [network] > tt4.tamgr.tt4_3.t90356 TABLE:PREACTION_LIST
1673825202299 inf [table] 1 tt4.tamgr.tt4_3.t90356 hand 2676461281988313089-3-1673825201
1673825202299 inf [table] 1 tt4.tamgr.tt4_3.t90356 action SB login="YL_ML_GL_42" amount="15"
1673825202300 inf [table] 1 tt4.tamgr.tt4_3.t90356 action BB login="Mulet575935" amount="30"
1673825202301 inf [table] 1 tt4.tamgr.tt4_3.t90356 cards login="YL_ML_GL_42" Tc,6h
1673825202301 inf [table] 1 tt4.tamgr.tt4_3.t90356 round pre-flop pot="0" totalPot="45"
1673825204834 inf [network] > tt4.tamgr.tt4_3.t90356 TABLE:ACTION_INFO
1673825204836 inf [network] > tt4.tamgr.tt4_3.t90356 TABLE:ACTIONSET
1673825204837 inf [table] 1 tt4.tamgr.tt4_3.t90356 action call login="ImTitouuu" amount="30"
1673825206878 inf [network] > wam.general.t1 CHATROOM:POST_INFO
1673825206929 inf [network] < prefs TIME:GET
1673825206947 inf [network] > prefs TIME:GET_OK
1673825208678 inf [network] > wam.general.t1 CHATROOM:POST_INFO
1673825211461 inf [network] > wam.general.t1 CHATROOM:POST_INFO
1673825213845 inf [network] < prefs CLIENT:PING_OK
1673825213845 inf [network] > prefs CLIENT:PING
1673825216947 inf [network] < prefs TIME:GET
1673825216949 inf [network] > tt4.tamgr.tt4_3.t90356 TABLE:ACTION_INFO
1673825216949 inf [table] 1 tt4.tamgr.tt4_3.t90356 action fold login="YL_ML_GL_42" amount="15"
1673825218048 inf [network] > prefs TIME:GET_OK
1673825220310 inf [network] > tt4.tamgr.tt4_3.t90356 TABLE:ACTION_INFO
1673825220311 inf [network] > tt4.tamgr.tt4_3.t90356 TABLE:STATUS
1673825220311 inf [table] 1 tt4.tamgr.tt4_3.t90356 action check login="Mulet575935" amount="30"
1673825220312 inf [table] 1 tt4.tamgr.tt4_3.t90356 round flop board="2h,3s,8h" pot="75" totalPot="0"
1673825221455 inf [network] > tt4.tamgr.tt4_3.t90356 TABLE:ACTION_INFO
1673825221456 inf [table] 1 tt4.tamgr.tt4_3.t90356 action check login="Mulet575935"
1673825222204 inf [network] > tt4.tamgr.tt4_3.t90356 TABLE:ACTION_INFO
1673825222205 inf [network] > tt4.tamgr.tt4_3.t90356 TABLE:STATUS
1673825222205 inf [table] 1 tt4.tamgr.tt4_3.t90356 action check login="ImTitouuu"
1673825222206 inf [table] 1 tt4.tamgr.tt4_3.t90356 round turn board="2h,3s,8h,5d" pot="75" totalPot="0"
1673825223563 inf [network] > tt4.tamgr.tt4_3.t90356 TABLE:ACTION_INFO
1673825223564 inf [table] 1 tt4.tamgr.tt4_3.t90356 action check login="Mulet575935"
1673825224491 inf [network] > tt4.tamgr.tt4_3.t90356 TABLE:ACTION_INFO
1673825224492 inf [network] > tt4.tamgr.tt4_3.t90356 TABLE:STATUS
1673825224492 inf [table] 1 tt4.tamgr.tt4_3.t90356 action check login="ImTitouuu"
1673825224501 inf [table] 1 tt4.tamgr.tt4_3.t90356 round river board="2h,3s,8h,5d,5h" pot="75" totalPot="0"
1673825225834 inf [network] > tt4.tamgr.tt4_3.t90356 TABLE:ACTION_INFO
1673825225843 inf [table] 1 tt4.tamgr.tt4_3.t90356 action check login="Mulet575935"
1673825226963 inf [network] < prefs TIME:GET
1673825226980 inf [network] > prefs TIME:GET_OK
1673825227167 inf [network] > tt4.tamgr.tt4_3.t90356 TABLE:ACTION_INFO
1673825227167 inf [network] > tt4.tamgr.tt4_3.t90356 TABLE:SHOWDOWN_INFO
1673825227167 inf [network] > tt4.tamgr.tt4_3.t90356 TABLE:SHOWDOWN_INFO
1673825227168 inf [network] > tt4.tamgr.tt4_3.t90356 TABLE:RESULT
1673825227168 inf [network] > tt4.tamgr.tt4_3.t90356 TRACKER:GET_INFO
1673825227169 inf [table] 1 tt4.tamgr.tt4_3.t90356 action check login="ImTitouuu"
1673825227170 inf [table] 1 tt4.tamgr.tt4_3.t90356 showdown login="Mulet575935" cards="Ts,4c" board="2h,3s,8h,5d,5h"
1673825227170 inf [table] 1 tt4.tamgr.tt4_3.t90356 showdown login="ImTitouuu" cards="3c,Kc" board="2h,3s,8h,5d,5h"
1673825227170 inf [table] 1 tt4.tamgr.tt4_3.t90356 gain login="ImTitouuu" amount="75"
1673825229150 inf [network] > wam.general.t1 CHATROOM:POST_INFO
1673825231099 inf [network] > wam.general.t1 CHATROOM:POST_INFO
1673825231237 inf [network] > tt4.tamgr.tt4_3.t90356 TABLE:POST_INFO
1673825231238 inf [network] > tt4.tamgr.tt4_3.t90356 TABLE:POST_INFO
1673825231238 inf [network] > tt4.tamgr.tt4_3.t90356 TABLE:CARDS
1673825231239 inf [network] > tt4.tamgr.tt4_3.t90356 TABLE:STATUS
1673825231239 inf [table] 1 tt4.tamgr.tt4_3.t90356 hand 2676461281988313089-4-1673825230
1673825231239 inf [table] 1 tt4.tamgr.tt4_3.t90356 action SB login="Mulet575935" amount="15"
1673825231240 inf [table] 1 tt4.tamgr.tt4_3.t90356 action BB login="ImTitouuu" amount="30"
1673825231240 inf [table] 1 tt4.tamgr.tt4_3.t90356 cards login="YL_ML_GL_42" Tc,8h
1673825231241 inf [table] 1 tt4.tamgr.tt4_3.t90356 round pre-flop pot="0" totalPot="45"
1673825232048 inf [network] > wam.general.t1 CHATROOM:POST_INFO
1673825232131 inf [network] > wam.general.t1 CHATROOM:POST_INFO
1673825236966 inf [network] < prefs TIME:GET
1673825236983 inf [network] > prefs TIME:GET_OK
1673825237285 inf [network] > tt4.tamgr.tt4_3.t90356 TABLE:ACTION_INFO
1673825237286 inf [network] > tt4.tamgr.tt4_3.t90356 TABLE:ACTION_INFO
1673825237286 inf [network] > tt4.tamgr.tt4_3.t90356 TABLE:SHOWDOWN_INFO
1673825237287 inf [network] > tt4.tamgr.tt4_3.t90356 TABLE:RESULT
1673825237287 inf [network] > tt4.tamgr.tt4_3.t90356 TRACKER:GET_INFO
1673825237288 inf [table] 1 tt4.tamgr.tt4_3.t90356 action fold login="YL_ML_GL_42"
1673825237288 inf [table] 1 tt4.tamgr.tt4_3.t90356 action fold login="Mulet575935" amount="15"
1673825237289 inf [table] 1 tt4.tamgr.tt4_3.t90356 showdown login="ImTitouuu" mucks
1673825237289 inf [table] 1 tt4.tamgr.tt4_3.t90356 gain login="ImTitouuu" amount="45"
1673825239351 inf [network] > tt4.tamgr.tt4_3.t90356 TABLE:POST_INFO
1673825239352 inf [network] > tt4.tamgr.tt4_3.t90356 TABLE:POST_INFO
1673825239352 inf [network] > tt4.tamgr.tt4_3.t90356 TABLE:CARDS
1673825239353 inf [network] > tt4.tamgr.tt4_3.t90356 TABLE:STATUS
1673825239353 inf [table] 1 tt4.tamgr.tt4_3.t90356 hand 2676461281988313089-5-1673825238
1673825239353 inf [table] 1 tt4.tamgr.tt4_3.t90356 action SB login="ImTitouuu" amount="15"
1673825239354 inf [table] 1 tt4.tamgr.tt4_3.t90356 action BB login="YL_ML_GL_42" amount="30"
1673825239356 inf [table] 1 tt4.tamgr.tt4_3.t90356 cards login="YL_ML_GL_42" 5c,2h
1673825239357 inf [table] 1 tt4.tamgr.tt4_3.t90356 round pre-flop pot="0" totalPot="45"
1673825241256 inf [network] > tt4.tamgr.tt4_3.t90356 TABLE:ACTION_INFO
1673825241258 inf [table] 1 tt4.tamgr.tt4_3.t90356 action call login="Mulet575935" amount="30"
1673825242512 inf [network] > tt4.tamgr.tt4_3.t90356 TABLE:ACTION_INFO
1673825242516 inf [table] 1 tt4.tamgr.tt4_3.t90356 action call login="ImTitouuu" amount="30"
1673825246980 inf [network] < prefs TIME:GET
1673825246997 inf [network] > prefs TIME:GET_OK
1673825248600 inf [network] > tt4.tamgr.tt4_3.t90356 TABLE:ACTION_INFO
1673825248600 inf [network] > tt4.tamgr.tt4_3.t90356 TABLE:CARDS
1673825248601 inf [table] 1 tt4.tamgr.tt4_3.t90356 action check login="YL_ML_GL_42" amount="30"
1673825248601 inf [network] > tt4.tamgr.tt4_3.t90356 TABLE:STATUS
1673825248609 inf [table] 1 tt4.tamgr.tt4_3.t90356 round flop board="5s,Kh,6s" pot="90" totalPot="0"
1673825252126 inf [network] > tt4.tamgr.tt4_3.t90356 TABLE:ACTION_INFO
1673825252132 inf [table] 1 tt4.tamgr.tt4_3.t90356 action bet login="ImTitouuu" amount="59"
1673825256994 inf [network] < prefs TIME:GET
1673825257011 inf [network] > prefs TIME:GET_OK
1673825257201 inf [network] > wam.general.t1 CHATROOM:POST_INFO
1673825258213 inf [network] > tt4.tamgr.tt4_3.t90356 TABLE:ACTION_INFO
1673825258214 inf [table] 1 tt4.tamgr.tt4_3.t90356 action fold login="YL_ML_GL_42"
1673825259769 inf [network] > tt4.tamgr.tt4_3.t90356 TABLE:ACTION_INFO
1673825259769 inf [network] > tt4.tamgr.tt4_3.t90356 TABLE:STATUS
1673825259770 inf [table] 1 tt4.tamgr.tt4_3.t90356 action call login="Mulet575935" amount="59"
1673825259775 inf [table] 1 tt4.tamgr.tt4_3.t90356 round turn board="5s,Kh,6s,7s" pot="208" totalPot="0"
1673825262224 inf [network] > tt4.tamgr.tt4_3.t90356 TABLE:ACTION_INFO
1673825262224 inf [table] 1 tt4.tamgr.tt4_3.t90356 action bet login="ImTitouuu" amount="431"
1673825263678 inf [network] > tt4.tamgr.tt4_3.t90356 TABLE:ACTION_INFO
1673825263679 inf [network] > tt4.tamgr.tt4_3.t90356 TABLE:STATUS
1673825263680 inf [table] 1 tt4.tamgr.tt4_3.t90356 action call login="Mulet575935" amount="366"
1673825265224 inf [network] > tt4.tamgr.tt4_3.t90356 TABLE:STATUS
1673825265232 inf [table] 1 tt4.tamgr.tt4_3.t90356 round river board="5s,Kh,6s,7s,8c" pot="1005" totalPot="0"
1673825266773 inf [network] > tt4.tamgr.tt4_3.t90356 TABLE:RESULT
1673825266773 inf [network] > tt4.tamgr.tt4_3.t90356 TRACKER:GET_INFO
1673825266774 inf [table] 1 tt4.tamgr.tt4_3.t90356 showdown login="ImTitouuu" cards="Kc,5h" board="5s,Kh,6s,7s,8c"
1673825266774 inf [table] 1 tt4.tamgr.tt4_3.t90356 showdown login="Mulet575935" cards="9s,2s" board="5s,Kh,6s,7s,8c"
1673825266774 inf [table] 1 tt4.tamgr.tt4_3.t90356 gain login="ImTitouuu" amount="65"
1673825266775 inf [table] 1 tt4.tamgr.tt4_3.t90356 gain login="Mulet575935" amount="940"
1673825267005 inf [network] < prefs TIME:GET
1673825267021 inf [network] > prefs TIME:GET_OK
1673825268791 inf [network] > tt4.tamgr.tt4_3.t90356 TABLE:POST_INFO
1673825268792 inf [network] > tt4.tamgr.tt4_3.t90356 TABLE:POST_INFO
1673825268792 inf [network] > tt4.tamgr.tt4_3.t90356 TABLE:CARDS
1673825268793 inf [network] > tt4.tamgr.tt4_3.t90356 TABLE:STATUS
1673825268793 inf [table] 1 tt4.tamgr.tt4_3.t90356 hand 2676461281988313089-6-1673825268
1673825268794 inf [table] 1 tt4.tamgr.tt4_3.t90356 action SB login="YL_ML_GL_42" amount="15"
1673825268794 inf [table] 1 tt4.tamgr.tt4_3.t90356 action BB login="Mulet575935" amount="30"
1673825268795 inf [table] 1 tt4.tamgr.tt4_3.t90356 cards login="YL_ML_GL_42" 9d,4h
1673825268795 inf [table] 1 tt4.tamgr.tt4_3.t90356 round pre-flop pot="0" totalPot="45"
1673825271494 inf [network] > tt4.tamgr.tt4_3.t90356 TABLE:ACTION_INFO
1673825271495 inf [table] 1 tt4.tamgr.tt4_3.t90356 action raise login="ImTitouuu" amount="65"
1673825273390 inf [network] > wam.general.t1 CHATROOM:POST_INFO
1673825277006 inf [network] < prefs TIME:GET
1673825277022 inf [network] > prefs TIME:GET_OK
1673825277542 inf [network] > tt4.tamgr.tt4_3.t90356 TABLE:ACTION_INFO
1673825277542 inf [table] 1 tt4.tamgr.tt4_3.t90356 action fold login="YL_ML_GL_42" amount="15"
1673825278935 inf [network] > tt4.tamgr.tt4_3.t90356 TABLE:ACTION_INFO
1673825278936 inf [network] > tt4.tamgr.tt4_3.t90356 TABLE:STATUS
1673825278937 inf [table] 1 tt4.tamgr.tt4_3.t90356 action call login="Mulet575935" amount="65"
1673825279001 inf [network] > tt4.ttmgr.tt4_3.t623162203 TOURNAMENT:STATUS
1673825280448 inf [network] > tt4.tamgr.tt4_3.t90356 TABLE:STATUS
1673825280448 inf [table] 1 tt4.tamgr.tt4_3.t90356 round flop board="2s,Kc,Ad" pot="145" totalPot="0"
1673825281949 inf [network] > tt4.tamgr.tt4_3.t90356 TABLE:STATUS
1673825281950 inf [table] 1 tt4.tamgr.tt4_3.t90356 round turn board="2s,Kc,Ad,Kh" pot="145" totalPot="0"
1673825283450 inf [network] > tt4.tamgr.tt4_3.t90356 TABLE:STATUS
1673825283465 inf [table] 1 tt4.tamgr.tt4_3.t90356 round river board="2s,Kc,Ad,Kh,As" pot="145" totalPot="0"
1673825284955 inf [network] > tt4.tamgr.tt4_3.t90356 TABLE:RESULT
1673825284955 inf [network] > tt4.tamgr.tt4_3.t90356 TRACKER:GET_INFO
1673825284956 inf [table] 1 tt4.tamgr.tt4_3.t90356 showdown login="Mulet575935" cards="4s,6d" board="2s,Kc,Ad,Kh,As"
1673825284957 inf [table] 1 tt4.tamgr.tt4_3.t90356 showdown login="ImTitouuu" cards="Qs,6h" board="2s,Kc,Ad,Kh,As"
1673825284957 inf [table] 1 tt4.tamgr.tt4_3.t90356 gain login="ImTitouuu" amount="145"
1673825287011 inf [network] < prefs TIME:GET
1673825287047 inf [network] > prefs TIME:GET_OK
1673825289019 inf [network] > tt4.tamgr.tt4_3.t90356 TABLE:POST_INFO
1673825289019 inf [network] > tt4.tamgr.tt4_3.t90356 TABLE:POST_INFO
1673825289020 inf [network] > tt4.tamgr.tt4_3.t90356 TABLE:CARDS
1673825289020 inf [network] > tt4.tamgr.tt4_3.t90356 TABLE:STATUS
1673825289021 inf [table] 1 tt4.tamgr.tt4_3.t90356 hand 2676461281988313089-7-1673825288
1673825289021 inf [table] 1 tt4.tamgr.tt4_3.t90356 action SB login="Mulet575935" amount="20"
1673825289021 inf [table] 1 tt4.tamgr.tt4_3.t90356 action BB login="ImTitouuu" amount="40"
1673825289022 inf [table] 1 tt4.tamgr.tt4_3.t90356 cards login="YL_ML_GL_42" Jd,6h
1673825289029 inf [table] 1 tt4.tamgr.tt4_3.t90356 round pre-flop pot="0" totalPot="60"
1673825295067 inf [network] > tt4.tamgr.tt4_3.t90356 TABLE:ACTION_INFO
1673825295076 inf [table] 1 tt4.tamgr.tt4_3.t90356 action fold login="YL_ML_GL_42"
1673825296314 inf [network] > tt4.tamgr.tt4_3.t90356 TABLE:ACTION_INFO
1673825296331 inf [table] 1 tt4.tamgr.tt4_3.t90356 action call login="Mulet575935" amount="40"
1673825297015 inf [network] < prefs TIME:GET
1673825297033 inf [network] > prefs TIME:GET_OK
1673825297612 inf [network] > tt4.tamgr.tt4_3.t90356 TABLE:ACTION_INFO
1673825297612 inf [table] 1 tt4.tamgr.tt4_3.t90356 action raise login="ImTitouuu" amount="145"
1673825298915 inf [network] > tt4.tamgr.tt4_3.t90356 TABLE:ACTION_INFO
1673825298916 inf [network] > tt4.tamgr.tt4_3.t90356 TABLE:STATUS
1673825298916 inf [table] 1 tt4.tamgr.tt4_3.t90356 action call login="Mulet575935" amount="145"
1673825300477 inf [network] > tt4.tamgr.tt4_3.t90356 TABLE:STATUS
1673825300478 inf [table] 1 tt4.tamgr.tt4_3.t90356 round flop board="7s,Ts,3h" pot="290" totalPot="0"
1673825301979 inf [network] > tt4.tamgr.tt4_3.t90356 TABLE:STATUS
1673825301980 inf [table] 1 tt4.tamgr.tt4_3.t90356 round turn board="7s,Ts,3h,9s" pot="290" totalPot="0"
1673825303480 inf [network] > tt4.tamgr.tt4_3.t90356 TABLE:STATUS
1673825303481 inf [table] 1 tt4.tamgr.tt4_3.t90356 round river board="7s,Ts,3h,9s,Js" pot="290" totalPot="0"
1673825304985 inf [network] > tt4.tamgr.tt4_3.t90356 TABLE:RESULT
1673825304986 inf [network] > tt4.tamgr.tt4_3.t90356 TRACKER:GET_INFO
1673825304986 inf [table] 1 tt4.tamgr.tt4_3.t90356 showdown login="Mulet575935" cards="Ks,4h" board="7s,Ts,3h,9s,Js"
1673825304987 inf [table] 1 tt4.tamgr.tt4_3.t90356 showdown login="ImTitouuu" cards="Qd,4d" board="7s,Ts,3h,9s,Js"
1673825304987 inf [table] 1 tt4.tamgr.tt4_3.t90356 gain login="Mulet575935" amount="290"
1673825305688 inf [network] > wam.general.t1 CHATROOM:POST_INFO
1673825306990 inf [network] > tt4.tamgr.tt4_3.t90356 TABLE:STATUS
1673825306990 inf [network] > tt4.ttmgr.tt4_3.t623162203 TOURNAMENT:STATUS
1673825306995 inf [network] > tt4.ttmgr.tt4_3.t623162203 TOURNAMENT:STATUS
1673825306995 inf [network] > tt4.tamgr.tt4_3.t90356 TABLE:CHAT_INFO
1673825306996 inf [network] > tt4.ttmgr.tt4_3.t623162203 TOURNAMENT:STATUS
1673825307026 inf [network] < prefs TIME:GET
1673825307042 inf [network] > prefs TIME:GET_OK
1673825307125 inf [network] > wam.general.t1 CHATROOM:POST_INFO
1673825308378 inf [network] > wam.general.t1 CHATROOM:POST_INFO
1673825309080 inf [network] > tt4.tamgr.tt4_3.t90356 TABLE:POST_INFO
1673825309081 inf [network] > tt4.tamgr.tt4_3.t90356 TABLE:POST_INFO
1673825309081 inf [network] > tt4.tamgr.tt4_3.t90356 TABLE:CARDS
1673825309082 inf [network] > tt4.tamgr.tt4_3.t90356 TABLE:STATUS
1673825309082 inf [table] 1 tt4.tamgr.tt4_3.t90356 hand 2676461281988313089-8-1673825308
1673825309082 inf [table] 1 tt4.tamgr.tt4_3.t90356 action SB login="YL_ML_GL_42" amount="20"
1673825309083 inf [table] 1 tt4.tamgr.tt4_3.t90356 action BB login="Mulet575935" amount="40"
1673825309095 inf [table] 1 tt4.tamgr.tt4_3.t90356 cards login="YL_ML_GL_42" 9c,Ad
1673825309096 inf [table] 1 tt4.tamgr.tt4_3.t90356 round pre-flop pot="0" totalPot="60"
1673825312459 inf [network] > wam.general.t1 CHATROOM:POST_INFO
1673825314916 inf [network] > wam.general.t1 CHATROOM:POST_INFO
1673825315098 inf [network] > tt4.tamgr.tt4_3.t90356 TABLE:ACTION_INFO
1673825315099 inf [table] 1 tt4.tamgr.tt4_3.t90356 action fold login="YL_ML_GL_42" amount="20"
1673825316687 inf [network] > wam.general.t1 CHATROOM:POST_INFO
1673825317031 inf [network] < prefs TIME:GET
1673825317048 inf [network] > prefs TIME:GET_OK
1673825317642 inf [network] > wam.general.t1 CHATROOM:POST_INFO
1673825318104 inf [network] > tt4.tamgr.tt4_3.t90356 TABLE:SHOWDOWN_INFO
1673825318104 inf [network] > tt4.tamgr.tt4_3.t90356 TABLE:RESULT
1673825318105 inf [network] > tt4.tamgr.tt4_3.t90356 TRACKER:GET_INFO
1673825318106 inf [table] 1 tt4.tamgr.tt4_3.t90356 showdown login="Mulet575935" mucks
1673825318106 inf [table] 1 tt4.tamgr.tt4_3.t90356 gain login="Mulet575935" amount="60"
1673825318644 inf [network] > wam.general.t1 CHATROOM:POST_INFO
1673825320163 inf [network] > tt4.tamgr.tt4_3.t90356 TABLE:POST_INFO
1673825320165 inf [network] > tt4.tamgr.tt4_3.t90356 TABLE:POST_INFO
1673825320166 inf [network] > tt4.tamgr.tt4_3.t90356 TABLE:CARDS
1673825320167 inf [network] > tt4.tamgr.tt4_3.t90356 TABLE:STATUS
1673825320168 inf [table] 1 tt4.tamgr.tt4_3.t90356 hand 2676461281988313089-9-1673825319
1673825320168 inf [table] 1 tt4.tamgr.tt4_3.t90356 action SB login="Mulet575935" amount="20"
1673825320169 inf [table] 1 tt4.tamgr.tt4_3.t90356 action BB login="YL_ML_GL_42" amount="40"
1673825320170 inf [table] 1 tt4.tamgr.tt4_3.t90356 cards login="YL_ML_GL_42" 6h,Kh
1673825320170 inf [table] 1 tt4.tamgr.tt4_3.t90356 round pre-flop pot="0" totalPot="60"
1673825321948 inf [network] > wam.general.t1 CHATROOM:POST_INFO
1673825323055 inf [network] > wam.general.t1 CHATROOM:POST_INFO
1673825323245 inf [network] > tt4.tamgr.tt4_3.t90356 TABLE:ACTION_INFO
1673825323245 inf [table] 1 tt4.tamgr.tt4_3.t90356 action call login="Mulet575935" amount="40"
1673825325350 inf [network] > wam.general.t1 CHATROOM:POST_INFO
1673825327041 inf [network] < prefs TIME:GET
1673825327278 inf [network] > prefs TIME:GET_OK
1673825328421 inf [network] > wam.general.t1 CHATROOM:POST_INFO
1673825329878 inf [network] > tt4.tamgr.tt4_3.t90356 TABLE:ACTION_INFO
1673825329880 inf [network] > tt4.tamgr.tt4_3.t90356 TABLE:CARDS
1673825329882 inf [network] > tt4.tamgr.tt4_3.t90356 TABLE:STATUS
1673825329883 inf [network] > wam.general.t1 CHATROOM:POST_INFO
1673825329884 inf [table] 1 tt4.tamgr.tt4_3.t90356 action check login="YL_ML_GL_42" amount="40"
1673825329887 inf [table] 1 tt4.tamgr.tt4_3.t90356 round flop board="Jc,7s,As" pot="80" totalPot="0"
1673825331068 inf [network] > wam.general.t1 CHATROOM:POST_INFO
1673825332463 inf [network] > wam.general.t1 CHATROOM:POST_INFO
1673825335328 inf [network] > tt4.tamgr.tt4_3.t90356 TABLE:ACTION_INFO
1673825335328 inf [table] 1 tt4.tamgr.tt4_3.t90356 action check login="YL_ML_GL_42"
1673825336522 inf [network] > wam.general.t1 CHATROOM:POST_INFO
1673825337055 inf [network] < prefs TIME:GET
1673825337072 inf [network] > prefs TIME:GET_OK
1673825338185 inf [network] > tt4.tamgr.tt4_3.t90356 TABLE:ACTION_INFO
1673825338188 inf [table] 1 tt4.tamgr.tt4_3.t90356 action bet login="Mulet575935" amount="80"
1673825342030 inf [network] > wam.general.t1 CHATROOM:POST_INFO
1673825344241 inf [network] > tt4.tamgr.tt4_3.t90356 TABLE:ACTION_INFO
1673825344241 inf [table] 1 tt4.tamgr.tt4_3.t90356 action fold login="YL_ML_GL_42"
1673825347067 inf [network] < prefs TIME:GET
1673825347084 inf [network] > prefs TIME:GET_OK
1673825347248 inf [network] > tt4.tamgr.tt4_3.t90356 TABLE:SHOWDOWN_INFO
1673825347249 inf [network] > tt4.tamgr.tt4_3.t90356 TABLE:RESULT
1673825347249 inf [network] > tt4.tamgr.tt4_3.t90356 TRACKER:GET_INFO
1673825347250 inf [table] 1 tt4.tamgr.tt4_3.t90356 showdown login="Mulet575935" mucks
1673825347250 inf [table] 1 tt4.tamgr.tt4_3.t90356 gain login="Mulet575935" amount="160"
1673825349325 inf [network] > tt4.tamgr.tt4_3.t90356 TABLE:POST_INFO
1673825349326 inf [network] > tt4.tamgr.tt4_3.t90356 TABLE:POST_INFO
1673825349326 inf [network] > tt4.tamgr.tt4_3.t90356 TABLE:CARDS
1673825349326 inf [network] > tt4.tamgr.tt4_3.t90356 TABLE:STATUS
1673825349327 inf [table] 1 tt4.tamgr.tt4_3.t90356 hand 2676461281988313089-10-1673825348
1673825349327 inf [table] 1 tt4.tamgr.tt4_3.t90356 action SB login="YL_ML_GL_42" amount="20"
1673825349328 inf [table] 1 tt4.tamgr.tt4_3.t90356 action BB login="Mulet575935" amount="40"
1673825349328 inf [table] 1 tt4.tamgr.tt4_3.t90356 cards login="YL_ML_GL_42" 8s,5s
1673825349344 inf [table] 1 tt4.tamgr.tt4_3.t90356 round pre-flop pot="0" totalPot="60"
1673825355356 inf [network] > tt4.tamgr.tt4_3.t90356 TABLE:ACTION_INFO
1673825355357 inf [table] 1 tt4.tamgr.tt4_3.t90356 action fold login="YL_ML_GL_42" amount="20"
1673825357078 inf [network] < prefs TIME:GET
1673825357095 inf [network] > prefs TIME:GET_OK
1673825358366 inf [network] > tt4.tamgr.tt4_3.t90356 TABLE:SHOWDOWN_INFO
1673825358367 inf [network] > tt4.tamgr.tt4_3.t90356 TABLE:RESULT
1673825358367 inf [network] > tt4.tamgr.tt4_3.t90356 TRACKER:GET_INFO
1673825358368 inf [table] 1 tt4.tamgr.tt4_3.t90356 showdown login="Mulet575935" mucks
1673825358368 inf [table] 1 tt4.tamgr.tt4_3.t90356 gain login="Mulet575935" amount="60"
1673825359846 inf [network] > wam.general.t1 CHATROOM:POST_INFO
1673825360462 inf [network] > tt4.tamgr.tt4_3.t90356 TABLE:POST_INFO
1673825360463 inf [network] > tt4.tamgr.tt4_3.t90356 TABLE:POST_INFO
1673825360464 inf [network] > tt4.tamgr.tt4_3.t90356 TABLE:CARDS
1673825360466 inf [network] > tt4.tamgr.tt4_3.t90356 TABLE:STATUS
1673825360467 inf [table] 1 tt4.tamgr.tt4_3.t90356 hand 2676461281988313089-11-1673825360
1673825360468 inf [table] 1 tt4.tamgr.tt4_3.t90356 action SB login="Mulet575935" amount="20"
1673825360469 inf [table] 1 tt4.tamgr.tt4_3.t90356 action BB login="YL_ML_GL_42" amount="40"
1673825360469 inf [table] 1 tt4.tamgr.tt4_3.t90356 cards login="YL_ML_GL_42" 7c,3s
1673825360470 inf [table] 1 tt4.tamgr.tt4_3.t90356 round pre-flop pot="0" totalPot="60"
1673825362569 inf [network] > tt4.tamgr.tt4_3.t90356 TABLE:ACTION_INFO
1673825362570 inf [table] 1 tt4.tamgr.tt4_3.t90356 action call login="Mulet575935" amount="40"
1673825367087 inf [network] < prefs TIME:GET
1673825367105 inf [network] > prefs TIME:GET_OK
1673825367250 inf [network] > wam.general.t1 CHATROOM:POST_INFO
1673825367657 inf [network] > wam.general.t1 CHATROOM:POST_INFO
1673825368577 inf [network] > tt4.tamgr.tt4_3.t90356 TABLE:ACTION_INFO
1673825368577 inf [table] 1 tt4.tamgr.tt4_3.t90356 action check login="YL_ML_GL_42" amount="40"
1673825368590 inf [network] > tt4.tamgr.tt4_3.t90356 TABLE:CARDS
1673825368590 inf [network] > tt4.tamgr.tt4_3.t90356 TABLE:STATUS
1673825368600 inf [table] 1 tt4.tamgr.tt4_3.t90356 round flop board="9h,8c,6h" pot="80" totalPot="0"
1673825369029 inf [network] > tt4.ttmgr.tt4_3.t623162203 TOURNAMENT:STATUS
1673825369549 inf [network] > wam.general.t1 CHATROOM:POST_INFO
1673825371509 inf [network] > wam.general.t1 CHATROOM:POST_INFO
1673825374586 inf [network] > tt4.tamgr.tt4_3.t90356 TABLE:ACTION_INFO
1673825374587 inf [table] 1 tt4.tamgr.tt4_3.t90356 action check login="YL_ML_GL_42"
1673825376915 inf [network] > tt4.tamgr.tt4_3.t90356 TABLE:ACTION_INFO
1673825376915 inf [table] 1 tt4.tamgr.tt4_3.t90356 action bet login="Mulet575935" amount="80"
1673825377102 inf [network] < prefs TIME:GET
1673825377118 inf [network] > prefs TIME:GET_OK
1673825379484 inf [network] > wam.general.t1 CHATROOM:POST_INFO
1673825383000 inf [network] > tt4.tamgr.tt4_3.t90356 TABLE:ACTION_INFO
1673825383000 inf [table] 1 tt4.tamgr.tt4_3.t90356 action fold login="YL_ML_GL_42"
1673825385184 inf [network] > wam.general.t1 CHATROOM:POST_INFO
1673825386005 inf [network] > tt4.tamgr.tt4_3.t90356 TABLE:SHOWDOWN_INFO
1673825386006 inf [network] > tt4.tamgr.tt4_3.t90356 TABLE:RESULT
1673825386006 inf [network] > tt4.tamgr.tt4_3.t90356 TRACKER:GET_INFO
1673825386007 inf [table] 1 tt4.tamgr.tt4_3.t90356 showdown login="Mulet575935" mucks
1673825386007 inf [table] 1 tt4.tamgr.tt4_3.t90356 gain login="Mulet575935" amount="160"
1673825387106 inf [network] < prefs TIME:GET
1673825387132 inf [network] > prefs TIME:GET_OK
1673825387985 inf [network] > wam.general.t1 CHATROOM:POST_INFO
1673825388059 inf [network] > tt4.tamgr.tt4_3.t90356 TABLE:POST_INFO
1673825388061 inf [network] > tt4.tamgr.tt4_3.t90356 TABLE:POST_INFO
1673825388062 inf [network] > tt4.tamgr.tt4_3.t90356 TABLE:CARDS
1673825388064 inf [network] > tt4.tamgr.tt4_3.t90356 TABLE:STATUS
1673825388065 inf [table] 1 tt4.tamgr.tt4_3.t90356 hand 2676461281988313089-12-1673825387
1673825388066 inf [table] 1 tt4.tamgr.tt4_3.t90356 action SB login="YL_ML_GL_42" amount="30"
1673825388066 inf [table] 1 tt4.tamgr.tt4_3.t90356 action BB login="Mulet575935" amount="60"
1673825388067 inf [table] 1 tt4.tamgr.tt4_3.t90356 cards login="YL_ML_GL_42" 7s,6d
1673825388070 inf [table] 1 tt4.tamgr.tt4_3.t90356 round pre-flop pot="0" totalPot="90"
1673825389787 inf [network] > wam.general.t1 CHATROOM:POST_INFO
1673825390382 inf [network] > wam.general.t1 CHATROOM:POST_INFO
1673825394115 inf [network] > tt4.tamgr.tt4_3.t90356 TABLE:ACTION_INFO
1673825394116 inf [table] 1 tt4.tamgr.tt4_3.t90356 action fold login="YL_ML_GL_42" amount="30"
1673825397098 inf [network] > wam.general.t1 CHATROOM:POST_INFO
1673825397114 inf [network] < prefs TIME:GET
1673825397128 inf [network] > tt4.tamgr.tt4_3.t90356 TABLE:SHOWDOWN_INFO
1673825397128 inf [network] > tt4.tamgr.tt4_3.t90356 TABLE:RESULT
1673825397129 inf [network] > tt4.tamgr.tt4_3.t90356 TRACKER:GET_INFO
1673825397132 inf [table] 1 tt4.tamgr.tt4_3.t90356 showdown login="Mulet575935" mucks
1673825397132 inf [table] 1 tt4.tamgr.tt4_3.t90356 gain login="Mulet575935" amount="90"
1673825397139 inf [network] > prefs TIME:GET_OK
1673825399174 inf [network] > tt4.tamgr.tt4_3.t90356 TABLE:POST_INFO
1673825399175 inf [network] > tt4.tamgr.tt4_3.t90356 TABLE:POST_INFO
1673825399175 inf [network] > tt4.tamgr.tt4_3.t90356 TABLE:CARDS
1673825399176 inf [network] > tt4.tamgr.tt4_3.t90356 TABLE:STATUS
1673825399176 inf [table] 1 tt4.tamgr.tt4_3.t90356 hand 2676461281988313089-13-1673825398
1673825399176 inf [table] 1 tt4.tamgr.tt4_3.t90356 action SB login="Mulet575935" amount="30"
1673825399177 inf [table] 1 tt4.tamgr.tt4_3.t90356 action BB login="YL_ML_GL_42" amount="60"
1673825399178 inf [table] 1 tt4.tamgr.tt4_3.t90356 cards login="YL_ML_GL_42" Td,9d
1673825399178 inf [table] 1 tt4.tamgr.tt4_3.t90356 round pre-flop pot="0" totalPot="90"
1673825401653 inf [network] > tt4.tamgr.tt4_3.t90356 TABLE:ACTION_INFO
1673825401664 inf [table] 1 tt4.tamgr.tt4_3.t90356 action raise login="Mulet575935" amount="180"
1673825407109 inf [network] < prefs TIME:GET
1673825407127 inf [network] > prefs TIME:GET_OK
1673825407735 inf [network] > tt4.tamgr.tt4_3.t90356 TABLE:ACTION_INFO
1673825407736 inf [table] 1 tt4.tamgr.tt4_3.t90356 action fold login="YL_ML_GL_42" amount="60"
1673825410742 inf [network] > tt4.tamgr.tt4_3.t90356 TABLE:SHOWDOWN_INFO
1673825410743 inf [network] > tt4.tamgr.tt4_3.t90356 TABLE:RESULT
1673825410743 inf [network] > tt4.tamgr.tt4_3.t90356 TRACKER:GET_INFO
1673825410758 inf [table] 1 tt4.tamgr.tt4_3.t90356 showdown login="Mulet575935" mucks
1673825410759 inf [table] 1 tt4.tamgr.tt4_3.t90356 gain login="Mulet575935" amount="240"
1673825411300 inf [network] > wam.general.t1 CHATROOM:POST_INFO
1673825412794 inf [network] > tt4.tamgr.tt4_3.t90356 TABLE:POST_INFO
1673825412795 inf [network] > tt4.tamgr.tt4_3.t90356 TABLE:POST_INFO
1673825412795 inf [network] > tt4.tamgr.tt4_3.t90356 TABLE:CARDS
1673825412795 inf [network] > tt4.tamgr.tt4_3.t90356 TABLE:STATUS
1673825412796 inf [table] 1 tt4.tamgr.tt4_3.t90356 hand 2676461281988313089-14-1673825412
1673825412796 inf [table] 1 tt4.tamgr.tt4_3.t90356 action SB login="YL_ML_GL_42" amount="30"
1673825412797 inf [table] 1 tt4.tamgr.tt4_3.t90356 action BB login="Mulet575935" amount="60"
1673825412809 inf [table] 1 tt4.tamgr.tt4_3.t90356 cards login="YL_ML_GL_42" 9c,5h
1673825412810 inf [table] 1 tt4.tamgr.tt4_3.t90356 round pre-flop pot="0" totalPot="90"
1673825417133 inf [network] < prefs TIME:GET
1673825417150 inf [network] > prefs TIME:GET_OK
1673825418852 inf [network] > tt4.tamgr.tt4_3.t90356 TABLE:ACTION_INFO
1673825418854 inf [table] 1 tt4.tamgr.tt4_3.t90356 action fold login="YL_ML_GL_42" amount="30"
1673825420770 inf [network] > wam.general.t1 CHATROOM:POST_INFO
1673825422652 inf [network] > tt4.tamgr.tt4_3.t90356 TABLE:SHOWDOWN_INFO
1673825422653 inf [network] > tt4.tamgr.tt4_3.t90356 TABLE:RESULT
1673825422654 inf [network] > tt4.tamgr.tt4_3.t90356 TRACKER:GET_INFO
1673825422655 inf [table] 1 tt4.tamgr.tt4_3.t90356 showdown login="Mulet575935" mucks
1673825422655 inf [table] 1 tt4.tamgr.tt4_3.t90356 gain login="Mulet575935" amount="90"
1673825423911 inf [network] > tt4.tamgr.tt4_3.t90356 TABLE:POST_INFO
1673825423912 inf [network] > tt4.tamgr.tt4_3.t90356 TABLE:POST_INFO
1673825423912 inf [network] > tt4.tamgr.tt4_3.t90356 TABLE:CARDS
1673825423913 inf [network] > tt4.tamgr.tt4_3.t90356 TABLE:STATUS
1673825423913 inf [table] 1 tt4.tamgr.tt4_3.t90356 hand 2676461281988313089-15-1673825423
1673825423914 inf [table] 1 tt4.tamgr.tt4_3.t90356 action SB login="Mulet575935" amount="30"
1673825423914 inf [table] 1 tt4.tamgr.tt4_3.t90356 action BB login="YL_ML_GL_42" amount="60"
1673825423915 inf [table] 1 tt4.tamgr.tt4_3.t90356 cards login="YL_ML_GL_42" 3c,6h
1673825423915 inf [table] 1 tt4.tamgr.tt4_3.t90356 round pre-flop pot="0" totalPot="90"
1673825424779 inf [network] > wam.general.t1 CHATROOM:POST_INFO
1673825425515 inf [network] > tt4.tamgr.tt4_3.t90356 TABLE:ACTION_INFO
1673825425515 inf [table] 1 tt4.tamgr.tt4_3.t90356 action call login="Mulet575935" amount="60"
1673825427134 inf [network] < prefs TIME:GET
1673825427151 inf [network] > prefs TIME:GET_OK
1673825431571 inf [network] > tt4.tamgr.tt4_3.t90356 TABLE:ACTION_INFO
1673825431572 inf [network] > tt4.tamgr.tt4_3.t90356 TABLE:CARDS
1673825431572 inf [network] > tt4.tamgr.tt4_3.t90356 TABLE:STATUS
1673825431573 inf [table] 1 tt4.tamgr.tt4_3.t90356 action check login="YL_ML_GL_42" amount="60"
1673825431574 inf [table] 1 tt4.tamgr.tt4_3.t90356 round flop board="Kc,9s,6d" pot="120" totalPot="0"
1673825437147 inf [network] < prefs TIME:GET
1673825437169 inf [network] > prefs TIME:GET_OK
1673825437580 inf [network] > tt4.tamgr.tt4_3.t90356 TABLE:ACTION_INFO
1673825437582 inf [table] 1 tt4.tamgr.tt4_3.t90356 action check login="YL_ML_GL_42"
1673825439423 inf [network] > tt4.tamgr.tt4_3.t90356 TABLE:ACTION_INFO
1673825439425 inf [table] 1 tt4.tamgr.tt4_3.t90356 action bet login="Mulet575935" amount="120"
1673825445490 inf [network] > tt4.tamgr.tt4_3.t90356 TABLE:ACTION_INFO
1673825445500 inf [table] 1 tt4.tamgr.tt4_3.t90356 action fold login="YL_ML_GL_42"
1673825447160 inf [network] < prefs TIME:GET
1673825447178 inf [network] > prefs TIME:GET_OK
1673825447295 inf [network] > wam.general.t1 CHATROOM:POST_INFO
1673825448498 inf [network] > tt4.tamgr.tt4_3.t90356 TABLE:SHOWDOWN_INFO
1673825448499 inf [network] > tt4.tamgr.tt4_3.t90356 TABLE:RESULT
1673825448499 inf [network] > tt4.tamgr.tt4_3.t90356 TRACKER:GET_INFO
1673825448500 inf [table] 1 tt4.tamgr.tt4_3.t90356 showdown login="Mulet575935" mucks
1673825448500 inf [table] 1 tt4.tamgr.tt4_3.t90356 gain login="Mulet575935" amount="240"
1673825450549 inf [network] > tt4.tamgr.tt4_3.t90356 TABLE:POST_INFO
1673825450550 inf [network] > tt4.tamgr.tt4_3.t90356 TABLE:POST_INFO
1673825450550 inf [network] > tt4.tamgr.tt4_3.t90356 TABLE:CARDS
1673825450551 inf [network] > tt4.tamgr.tt4_3.t90356 TABLE:STATUS
1673825450551 inf [table] 1 tt4.tamgr.tt4_3.t90356 hand 2676461281988313089-16-1673825450
1673825450552 inf [table] 1 tt4.tamgr.tt4_3.t90356 action SB login="YL_ML_GL_42" amount="30"
1673825450552 inf [table] 1 tt4.tamgr.tt4_3.t90356 action BB login="Mulet575935" amount="60"
1673825450568 inf [table] 1 tt4.tamgr.tt4_3.t90356 cards login="YL_ML_GL_42" Ad,8c
1673825450568 inf [table] 1 tt4.tamgr.tt4_3.t90356 round pre-flop pot="0" totalPot="90"
1673825456610 inf [network] > tt4.tamgr.tt4_3.t90356 TABLE:ACTION_INFO
1673825456612 inf [table] 1 tt4.tamgr.tt4_3.t90356 action fold login="YL_ML_GL_42" amount="30"
1673825457170 inf [network] < prefs TIME:GET
1673825457187 inf [network] > prefs TIME:GET_OK
1673825459056 inf [network] > tt4.ttmgr.tt4_3.t623162203 TOURNAMENT:STATUS
1673825459563 inf [network] > wam.general.t1 CHATROOM:POST_INFO
1673825459614 inf [network] > tt4.tamgr.tt4_3.t90356 TABLE:SHOWDOWN_INFO
1673825459614 inf [network] > tt4.tamgr.tt4_3.t90356 TABLE:RESULT
1673825459615 inf [network] > tt4.tamgr.tt4_3.t90356 TRACKER:GET_INFO
1673825459616 inf [table] 1 tt4.tamgr.tt4_3.t90356 showdown login="Mulet575935" mucks
1673825459616 inf [table] 1 tt4.tamgr.tt4_3.t90356 gain login="Mulet575935" amount="90"
1673825461665 inf [network] > tt4.tamgr.tt4_3.t90356 TABLE:POST_INFO
1673825461665 inf [network] > tt4.tamgr.tt4_3.t90356 TABLE:POST_INFO
1673825461666 inf [network] > tt4.tamgr.tt4_3.t90356 TABLE:CARDS
1673825461666 inf [network] > tt4.tamgr.tt4_3.t90356 TABLE:STATUS
1673825461667 inf [table] 1 tt4.tamgr.tt4_3.t90356 hand 2676461281988313089-17-1673825461
1673825461667 inf [table] 1 tt4.tamgr.tt4_3.t90356 action SB login="Mulet575935" amount="40"
1673825461667 inf [table] 1 tt4.tamgr.tt4_3.t90356 action BB login="YL_ML_GL_42" amount="80"
1673825461668 inf [table] 1 tt4.tamgr.tt4_3.t90356 cards login="YL_ML_GL_42" 3d,8c
1673825461674 inf [table] 1 tt4.tamgr.tt4_3.t90356 round pre-flop pot="0" totalPot="120"
1673825464297 inf [network] > tt4.tamgr.tt4_3.t90356 TABLE:ACTION_INFO
1673825464298 inf [table] 1 tt4.tamgr.tt4_3.t90356 action raise login="Mulet575935" amount="160"
1673825467169 inf [network] < prefs TIME:GET
1673825467188 inf [network] > prefs TIME:GET_OK
1673825468366 inf [network] > wam.general.t1 CHATROOM:POST_INFO
1673825470329 inf [network] > tt4.tamgr.tt4_3.t90356 TABLE:ACTION_INFO
1673825470330 inf [table] 1 tt4.tamgr.tt4_3.t90356 action fold login="YL_ML_GL_42" amount="80"
1673825473334 inf [network] > tt4.tamgr.tt4_3.t90356 TABLE:SHOWDOWN_INFO
1673825473335 inf [network] > tt4.tamgr.tt4_3.t90356 TABLE:RESULT
1673825473335 inf [network] > tt4.tamgr.tt4_3.t90356 TRACKER:GET_INFO
1673825473336 inf [table] 1 tt4.tamgr.tt4_3.t90356 showdown login="Mulet575935" mucks
1673825473336 inf [table] 1 tt4.tamgr.tt4_3.t90356 gain login="Mulet575935" amount="240"
1673825474832 inf [network] > wam.general.t1 CHATROOM:POST_INFO
1673825475384 inf [network] > tt4.tamgr.tt4_3.t90356 TABLE:POST_INFO
1673825475384 inf [network] > tt4.tamgr.tt4_3.t90356 TABLE:POST_INFO
1673825475385 inf [network] > tt4.tamgr.tt4_3.t90356 TABLE:CARDS
1673825475385 inf [network] > tt4.tamgr.tt4_3.t90356 TABLE:STATUS
1673825475386 inf [table] 1 tt4.tamgr.tt4_3.t90356 hand 2676461281988313089-18-1673825474
1673825475386 inf [table] 1 tt4.tamgr.tt4_3.t90356 action SB login="YL_ML_GL_42" amount="40"
1673825475387 inf [table] 1 tt4.tamgr.tt4_3.t90356 action BB login="Mulet575935" amount="80"
1673825475388 inf [table] 1 tt4.tamgr.tt4_3.t90356 cards login="YL_ML_GL_42" Ts,Qd
1673825475393 inf [table] 1 tt4.tamgr.tt4_3.t90356 round pre-flop pot="0" totalPot="120"
1673825477182 inf [network] < prefs TIME:GET
1673825477226 inf [network] > wam.general.t1 CHATROOM:POST_INFO
1673825477249 inf [network] > prefs TIME:GET_OK
1673825481444 inf [network] > tt4.tamgr.tt4_3.t90356 TABLE:ACTION_INFO
1673825481455 inf [table] 1 tt4.tamgr.tt4_3.t90356 action fold login="YL_ML_GL_42" amount="40"
1673825483249 inf [network] > wam.general.t1 CHATROOM:POST_INFO
1673825484572 inf [network] > tt4.tamgr.tt4_3.t90356 TABLE:SHOWDOWN_INFO
1673825484572 inf [network] > tt4.tamgr.tt4_3.t90356 TABLE:RESULT
1673825484572 inf [network] > tt4.tamgr.tt4_3.t90356 TRACKER:GET_INFO
1673825484580 inf [table] 1 tt4.tamgr.tt4_3.t90356 showdown login="Mulet575935" mucks
1673825484580 inf [table] 1 tt4.tamgr.tt4_3.t90356 gain login="Mulet575935" amount="120"
1673825486756 inf [network] > tt4.tamgr.tt4_3.t90356 TABLE:POST_INFO
1673825486756 inf [network] > tt4.tamgr.tt4_3.t90356 TABLE:POST_INFO
1673825486757 inf [network] > tt4.tamgr.tt4_3.t90356 TABLE:CARDS
1673825486757 inf [network] > tt4.tamgr.tt4_3.t90356 TABLE:STATUS
1673825486758 inf [table] 1 tt4.tamgr.tt4_3.t90356 hand 2676461281988313089-19-1673825486
1673825486758 inf [table] 1 tt4.tamgr.tt4_3.t90356 action SB login="Mulet575935" amount="40"
1673825486758 inf [table] 1 tt4.tamgr.tt4_3.t90356 action BB login="YL_ML_GL_42" amount="30"
1673825486759 inf [table] 1 tt4.tamgr.tt4_3.t90356 cards login="YL_ML_GL_42" Qd,Td
1673825486774 inf [table] 1 tt4.tamgr.tt4_3.t90356 round pre-flop pot="0" totalPot="70"
1673825487032 inf [network] > wam.general.t1 CHATROOM:POST_INFO
1673825487181 inf [network] < prefs TIME:GET
1673825487416 inf [network] > prefs TIME:GET_OK
1673825488802 inf [network] > tt4.tamgr.tt4_3.t90356 TABLE:CARDS
1673825488804 inf [network] > tt4.tamgr.tt4_3.t90356 TABLE:STATUS
1673825488805 inf [table] 1 tt4.tamgr.tt4_3.t90356 round flop board="Jd,6d,3c" pot="70" totalPot="0"
1673825489557 inf [network] > tt4.tamgr.tt4_3.t90356 TABLE:CARDS
1673825489558 inf [network] > tt4.tamgr.tt4_3.t90356 TABLE:STATUS
1673825489563 inf [table] 1 tt4.tamgr.tt4_3.t90356 round turn board="Jd,6d,3c,Kh" pot="70" totalPot="0"
1673825491034 inf [network] > wam.general.t1 CHATROOM:POST_INFO
1673825491090 inf [network] > tt4.tamgr.tt4_3.t90356 TABLE:CARDS
1673825491091 inf [network] > tt4.tamgr.tt4_3.t90356 TABLE:STATUS
1673825491092 inf [table] 1 tt4.tamgr.tt4_3.t90356 round river board="Jd,6d,3c,Kh,4c" pot="70" totalPot="0"
1673825492564 inf [network] > tt4.tamgr.tt4_3.t90356 TABLE:RESULT
1673825492564 inf [network] > tt4.tamgr.tt4_3.t90356 TRACKER:GET_INFO
1673825492572 inf [table] 1 tt4.tamgr.tt4_3.t90356 showdown login="YL_ML_GL_42" cards="Qd,Td" board="Jd,6d,3c,Kh,4c"
1673825492572 inf [table] 1 tt4.tamgr.tt4_3.t90356 showdown login="Mulet575935" cards="7d,4s" board="Jd,6d,3c,Kh,4c"
1673825492572 inf [table] 1 tt4.tamgr.tt4_3.t90356 gain login="Mulet575935" amount="70"
1673825494568 inf [network] > tt4.tamgr.tt4_3.t90356 TABLE:STATUS
1673825494569 inf [network] > tt4.ttmgr.tt4_3.t623162203 TOURNAMENT:STATUS
1673825494570 inf [network] > tt4.tamgr.tt4_3.t90356 TABLE:STATUS
1673825494571 inf [network] > tt4.ttmgr.tt4_3.t623162203 TOURNAMENT:STATUS
1673825494572 inf [network] > tt4.ttmgr.tt4_3.t623162203 TOURNAMENT:STATUS
1673825494572 inf [network] Leaving channel tt4.tamgr.tt4_3.t90356
1673825494573 inf [network] > tt4.tamgr.tt4_3.t90356 TABLE:CLOSE_INFO
1673825494574 inf [network] > tt4.ttmgr.tt4_3.t623162203 TOURNAMENT:STATUS
1673825494575 inf [network] > tt4.ttmgr.tt4_3.t623162203 TRACKER:GET_INFO
1673825494576 inf [network] > tt4.tamgr.tt4_3.t90356 TABLE:CHAT_INFO
1673825494576 inf [network] > tt4.ttmgr.tt4_3.t623162203 TOURNAMENT:RESULT
1673825494577 inf [network] > tt4.ttmgr.tt4_3.t623162203 TOURNAMENT:STATUS
1673825494578 inf [network] > tt4.tamgr.tt4_3.t90356 TABLE:CHAT_INFO
1673825494578 inf [network] > prefs SRM:UPDATE_RULE_INFO
1673825494585 inf [network] > tt4.ttmgr.tt4_3.t623162203 TOURNAMENT:STATUS
1673825494588 inf [router] Navigate: wam://popup?type=tournament-result&ttid=3&tblid=1
1673825494589 inf [router] Navigation done: wam://popup?type=tournament-result&ttid=3&tblid=1
1673825494663 inf [network] > prefs GAMESTATS:INFO
1673825497185 inf [network] < prefs TIME:GET
1673825497201 inf [network] > prefs TIME:GET_OK
1673825497758 inf [network] > subscriptions FILTERLIST:UPDATE
1673825507186 inf [network] < prefs TIME:GET
1673825507224 inf [network] > wam.general.t1 CHATROOM:POST_INFO
1673825507239 inf [network] > prefs TIME:GET_OK
1673825515775 inf [network] > wam.general.t1 CHATROOM:POST_INFO
1673825516525 inf [network] > wam.general.t1 CHATROOM:POST_INFO
1673825517200 inf [network] < prefs TIME:GET
1673825517216 inf [network] > prefs TIME:GET_OK
1673825523012 inf [network] > wam.general.t1 CHATROOM:POST_INFO
1673825527212 inf [network] < prefs TIME:GET
1673825527229 inf [network] > prefs TIME:GET_OK
1673825531108 inf [network] > wam.general.t1 CHATROOM:POST_INFO
1673825537216 inf [network] < prefs TIME:GET
1673825537233 inf [network] > prefs TIME:GET_OK
1673825540159 inf [network] > wam.general.t1 CHATROOM:POST_INFO
1673825545522 inf [network] > wam.general.t1 CHATROOM:POST_INFO
1673825547205 inf [network] < prefs TIME:GET
1673825547222 inf [network] > prefs TIME:GET_OK
1673825549628 inf [network] > wam.general.t1 CHATROOM:POST_INFO
1673825552546 inf [system] Screen locked
1673825552547 inf [app] Paused
1673825552549 inf [network] Connection status: 5
1673825552551 inf [tracker] Closed
1673825552586 inf [network] Socket closed
1673825804436 inf [system] Suspended
1673825830785 inf [system] Resumed
1673825831232 inf [system] Suspended
1673825836638 inf [system] Resumed
1673825836778 inf [system] Suspended
1673829104012 inf [system] Resumed
1673829104612 inf [system] Suspended
1673829110019 inf [system] Resumed
1673829110191 inf [system] Suspended
1673843599569 inf [system] Resumed
1673843612936 inf [system] Suspended
1673843618348 inf [system] Resumed
1673843618541 inf [system] Suspended
1673843623940 inf [system] Resumed
1673843624115 inf [system] Suspended
1673843631998 inf [system] Resumed
1673843632159 inf [system] Suspended
1673843637554 inf [system] Resumed
1673843637714 inf [system] Suspended
1673850255583 inf [system] Resumed
1673850255855 inf [system] Suspended
1673850261264 inf [system] Resumed
1673850274857 inf [system] Suspended
1673850280247 inf [system] Resumed
1673850281571 inf [system] Suspended
1673850286959 inf [system] Resumed
1673850344759 inf [system] Suspended
1673859487889 inf [system] On battery
1673859487898 inf [system] Resumed
1673859492875 inf [system] Suspended
1673859522227 inf [system] Resumed
1673859533539 inf [system] Screen unlocked
1673859533541 inf [app] Resumed
1673859533559 inf [router] Execute: wam://logout?reason=idle
1673859533621 inf [network] Disconnecting
1673859533623 inf [network] Connection status: 7
1673859533626 inf [network] Connection status: 8
1673859533651 inf [router] Execution done: wam://logout?reason=idle
1673859533659 inf [network] Ignoring TOURNAMENT:LEAVE
1673859533662 inf [router] Navigate: wam://popup?type=error&message=You%20have%20been%20disconnected%20due%20to%20inactivity.
1673859533666 inf [router] Navigation done: wam://popup?type=error&message=You%20have%20been%20disconnected%20due%20to%20inactivity.
1673859533669 inf [tracker] Listening on port: 8000
1673859538151 inf [app] Exit
1673859538153 inf [tracker] Closed
